[E 20:12:47 296107] CodeQL C/C++ Extractor 2.18.4
[E 20:12:47 296107] Current directory: /home/haojie/zephyrproject/zephyr/build
[E 20:12:47 296107] Command: /home/haojie/test/codeql/cpp/tools/linux64/extractor --mimic /home/haojie/zephyr-sdk-0.16.3/x86_64-zephyr-elf/libexec/gcc/x86_64-zephyr-elf/12.2.0/cc1 -quiet -I /home/haojie/zephyrproject/zephyr/kernel/include -I /home/haojie/zephyrproject/zephyr/arch/x86/include -I /home/haojie/zephyrproject/zephyr/include -I /home/haojie/zephyrproject/zephyr/build/zephyr/include/generated -I /home/haojie/zephyrproject/zephyr/soc/x86/ia32 -imultilib 32/soft-float -iprefix /home/haojie/zephyr-sdk-0.16.3/x86_64-zephyr-elf/bin/../lib/gcc/x86_64-zephyr-elf/12.2.0/ -isysroot /home/haojie/zephyr-sdk-0.16.3/x86_64-zephyr-elf/x86_64-zephyr-elf -MD zephyr/arch/arch/x86/core/CMakeFiles/arch__x86__core.dir/cpuhalt.c.d -MF zephyr/arch/arch/x86/core/CMakeFiles/arch__x86__core.dir/cpuhalt.c.obj.d -MT zephyr/arch/arch/x86/core/CMakeFiles/arch__x86__core.dir/cpuhalt.c.obj -isystem /home/haojie/zephyr-sdk-0.16.3/x86_64-zephyr-elf/bin/../lib/gcc/../../picolibc/include -D KERNEL -D PICOLIBC_INTEGER_PRINTF_SCANF -D _FORTIFY_SOURCE=1 -D _POSIX_C_SOURCE=200809 -D __LINUX_ERRNO_EXTENSIONS__ -D __ZEPHYR_SUPERVISOR__ -D __ZEPHYR__=1 -imacros /home/haojie/zephyrproject/zephyr/build/zephyr/include/generated/autoconf.h -imacros /home/haojie/zephyrproject/zephyr/include/zephyr/toolchain/zephyr_stdint.h /home/haojie/zephyrproject/zephyr/arch/x86/core/cpuhalt.c -ftls-model=local-exec -quiet -dumpdir zephyr/arch/arch/x86/core/CMakeFiles/arch__x86__core.dir/ -dumpbase cpuhalt.c.c -dumpbase-ext .c -m32 -msoft-float -mpreferred-stack-boundary=2 -mno-mmx -mno-sse -mtune=i586 -march=i586 -g -gdwarf-4 -Os -Wshadow -Wall -Wformat=1 -Wformat-security -Wno-format-zero-length -Wno-pointer-sign -Wpointer-arith -Wexpansion-to-defined -Wno-unused-but-set-variable -Werror=implicit-int -std=c99 -fdiagnostics-color=always -fno-strict-aliasing -fno-printf-return-value -fno-common -fno-pie -fno-asynchronous-unwind-tables -ftls-model=local-exec -fno-reorder-functions -fno-defer-pop -fmacro-prefix-map=/home/haojie/zephyrproject/zephyr/samples/hello_world=CMAKE_SOURCE_DIR -fmacro-prefix-map=/home/haojie/zephyrproject/zephyr=ZEPHYR_BASE -fmacro-prefix-map=/home/haojie/zephyrproject=WEST_TOPDIR -ffunction-sections -fdata-sections --param=min-pagesize=0 -o /tmp/ccYoiUNx.s
[E 20:12:47 296107] Checking whether C compilation already happened.
[E 20:12:47 296107] Checking for tag c-compilation-happened
[E 20:12:47 296107] Checking CODEQL_TRACER_DB_ID 00000000000483A3_0000000000000001
[E 20:12:47 296107] Locking DB /home/haojie/posixGEN/posixGen-codeql/_output_infos/DATABASE_zephyrproject/working/tags.db
[E 20:12:47 296107] Locked DB /home/haojie/posixGEN/posixGen-codeql/_output_infos/DATABASE_zephyrproject/working/tags.db
[E 20:12:47 296107] Unlocking DB
[E 20:12:47 296107] Unlocked DB
[E 20:12:47 296107] Looks like C compilation didn't already happen.
[E 20:12:47 296107] Checking whether C compilation has been attempted.
[E 20:12:47 296107] Checking for tag c-compilation-attempted
[E 20:12:47 296107] Checking CODEQL_TRACER_DB_ID 00000000000483A3_0000000000000001
[E 20:12:47 296107] Locking DB /home/haojie/posixGEN/posixGen-codeql/_output_infos/DATABASE_zephyrproject/working/tags.db
[E 20:12:47 296107] Locked DB /home/haojie/posixGEN/posixGen-codeql/_output_infos/DATABASE_zephyrproject/working/tags.db
[E 20:12:47 296107] Unlocking DB
[E 20:12:47 296107] Unlocked DB
[E 20:12:47 296107] Marking C compilation as attempted.
[E 20:12:47 296107] Setting tag c-compilation-attempted
[E 20:12:47 296107] Starting from CODEQL_TRACER_DB_ID 00000000000483A3_0000000000000001
[E 20:12:47 296107] Locking DB /home/haojie/posixGEN/posixGen-codeql/_output_infos/DATABASE_zephyrproject/working/tags.db
[E 20:12:47 296107] Locked DB /home/haojie/posixGEN/posixGen-codeql/_output_infos/DATABASE_zephyrproject/working/tags.db
[E 20:12:47 296107] Set tag for 00000000000483A3_0000000000000001
[E 20:12:47 296107] Set tag for 0000000000048343_0000000000000001
[E 20:12:47 296107] Set tag for 00000000000482FE_0000000000000001
[E 20:12:47 296107] Set tag for 0000000000048121_0000000000000001
[E 20:12:47 296107] Set tag for 0000000000048120_0000000000000001
[E 20:12:47 296107] Set tag for 0000000000047C77_0000000000000003
[E 20:12:47 296107] Set tag for 0000000000047C77_0000000000000002
[E 20:12:47 296107] Set tag for root
[E 20:12:47 296107] Unlocking DB
[E 20:12:47 296107] Unlocked DB
[E 20:12:47 296107] Processed command line: /home/haojie/test/codeql/cpp/tools/linux64/extractor --trapfolder /home/haojie/posixGEN/posixGen-codeql/_output_infos/DATABASE_zephyrproject/trap/cpp --src_archive /home/haojie/posixGEN/posixGen-codeql/_output_infos/DATABASE_zephyrproject/src --object_filename /tmp/ccYoiUNx.s --no_warnings_and_discretionary_errors --error_limit 1000 --disable_system_macros --variadic_macros --incognito --c99 --gcc --gnu_version 120200 --target linux_i686 '-D__DBL_MIN_EXP__=(-1021)' -D__UINT_LEAST16_MAX__=0xffff -D__ATOMIC_ACQUIRE=2 -D__FLT128_MAX_10_EXP__=4932 -D__FLT_MIN__=1.17549435082228750796873653722224568e-38F -D__GCC_IEC_559_COMPLEX=0 '-D__UINT_LEAST8_TYPE__=unsigned char' -D__SIZEOF_FLOAT80__=12 '-D__INTMAX_C(c)=c ## LL' -D__CHAR_BIT__=8 -D__UINT8_MAX__=0xff -D__i586=1 -D__WINT_MAX__=0xffffffffU '-D__FLT32_MIN_EXP__=(-125)' -D__ORDER_LITTLE_ENDIAN__=1234 -D__SIZE_MAX__=0xffffffffU -D__WCHAR_MAX__=0x7fffffff -D__GCC_HAVE_SYNC_COMPARE_AND_SWAP_1=1 -D__GCC_HAVE_SYNC_COMPARE_AND_SWAP_2=1 -D__GCC_HAVE_SYNC_COMPARE_AND_SWAP_4=1 '-D__DBL_DENORM_MIN__=((double)4.94065645841246544176568792868221372e-324L)' -D__GCC_HAVE_SYNC_COMPARE_AND_SWAP_8=1 -D__GCC_ATOMIC_CHAR_LOCK_FREE=2 -D__GCC_IEC_559=0 -D__FLT32X_DECIMAL_DIG__=17 -D__FLT_EVAL_METHOD__=0 -D__FLT64_DECIMAL_DIG__=17 -D__GCC_ATOMIC_CHAR32_T_LOCK_FREE=2 -D__UINT_FAST64_MAX__=0xffffffffffffffffULL -D__SIG_ATOMIC_TYPE__=int '-D__DBL_MIN_10_EXP__=(-307)' -D__FINITE_MATH_ONLY__=0 -D__FLT32X_MAX_EXP__=1024 -D__FLT32_HAS_DENORM__=1 -D__UINT_FAST8_MAX__=0xffffffffU -D__FLT32_MAX_10_EXP__=38 -D__DEC64_MAX_EXP__=385 '-D__INT8_C(c)=c' -D__INT_LEAST8_WIDTH__=8 -D__UINT_LEAST64_MAX__=0xffffffffffffffffULL -D__SHRT_MAX__=0x7fff '-D__LDBL_MAX__=1.18973149535723176502126385303097021e+4932L' -D__FLT64X_MAX_10_EXP__=4932 -D__LDBL_IS_IEC_60559__=2 -D__FLT64X_HAS_QUIET_NAN__=1 -D__UINT_LEAST8_MAX__=0xff -D__GCC_ATOMIC_BOOL_LOCK_FREE=2 -D__LAHF_SAHF__=1 -D__FLT128_DENORM_MIN__=6.47517511943802511092443895822764655e-4966F128 '-D__UINTMAX_TYPE__=long long unsigned int' -D__DEC32_EPSILON__=1E-6DF -D__FLT_EVAL_METHOD_TS_18661_3__=0 -D__OPTIMIZE__=1 -D__UINT32_MAX__=0xffffffffUL -D__LDBL_MAX_EXP__=16384 '-D__FLT128_MIN_EXP__=(-16381)' -D__WINT_MIN__=0U '-D__FLT128_MIN_10_EXP__=(-4931)' -D__FLT32X_IS_IEC_60559__=2 -D__INT_LEAST16_WIDTH__=16 -D__SCHAR_MAX__=0x7f -D__FLT128_MANT_DIG__=113 '-D__WCHAR_MIN__=(-__WCHAR_MAX__ - 1)' '-D__INT64_C(c)=c ## LL' -D__GCC_ATOMIC_POINTER_LOCK_FREE=2 -D__FLT32X_MANT_DIG__=53 -D_SOFT_FLOAT=1 -D__FLT64X_EPSILON__=1.08420217248550443400745280086994171e-19F64x '-D__DEC64_MIN_EXP__=(-382)' -D__DBL_DIG__=15 -D__FLT32_DIG__=6 -D__FLT_EPSILON__=1.19209289550781250000000000000000000e-7F -D__SHRT_WIDTH__=16 -D__FLT32_IS_IEC_60559__=2 -D__LDBL_MIN__=3.36210314311209350626267781732175260e-4932L -D__DBL_IS_IEC_60559__=2 -D__DEC32_MAX__=9.999999E96DF -D__FLT64X_DENORM_MIN__=3.64519953188247460252840593361941982e-4951F64x -D__FLT32X_HAS_INFINITY__=1 -D__INT32_MAX__=0x7fffffffL -D__INT_WIDTH__=32 -D__SIZEOF_LONG__=4 '-D__UINT16_C(c)=c' -D__DECIMAL_DIG__=21 -D__FLT64_EPSILON__=2.22044604925031308084726333618164062e-16F64 -D__FLT128_IS_IEC_60559__=2 '-D__FLT64X_MIN_10_EXP__=(-4931)' -D__LDBL_HAS_QUIET_NAN__=1 -D__FLT64_MANT_DIG__=53 -D__FLT64X_MANT_DIG__=64 -D__FLT_HAS_DENORM__=1 -D__SIZEOF_LONG_DOUBLE__=12 -D__tune_i586__=1 -D__BIGGEST_ALIGNMENT__=16 -D__FLT64_MAX_10_EXP__=308 -D__FLT32_HAS_INFINITY__=1 '-D__DBL_MAX__=((double)1.79769313486231570814527423731704357e+308L)' -D__INT_FAST32_MAX__=0x7fffffff -D__DBL_HAS_INFINITY__=1 -D__HAVE_SPECULATION_SAFE_VALUE=1 '-D__DEC32_MIN_EXP__=(-94)' -D__INTPTR_WIDTH__=32 -D__FLT64X_HAS_INFINITY__=1 -D__UINT_LEAST32_MAX__=0xffffffffUL -D__FLT32X_HAS_DENORM__=1 -D__INT_FAST16_TYPE__=int -D__STRICT_ANSI__=1 -D__LDBL_HAS_DENORM__=1 -D__SEG_GS=1 -D__FLT128_HAS_INFINITY__=1 -D__DEC128_MAX__=9.999999999999999999999999999999999E6144DL -D__DEC32_MIN__=1E-95DF -D__pentium=1 -D__DBL_MAX_EXP__=1024 -D__WCHAR_WIDTH__=32 '-D__FLT32_MAX__=3.40282346638528859811704183484516925e+38F32' -D__DEC128_EPSILON__=1E-33DL -D__GCC_ATOMIC_LONG_LOCK_FREE=2 -D__ATOMIC_HLE_RELEASE=131072 -D__PTRDIFF_MAX__=0x7fffffff -D__ATOMIC_HLE_ACQUIRE=65536 -D__FLT32_HAS_QUIET_NAN__=1 -D__LONG_LONG_MAX__=0x7fffffffffffffffLL -D__SIZEOF_SIZE_T__=4 '-D__FLT64X_MIN_EXP__=(-16381)' -D__SIZEOF_WINT_T__=4 -D__LONG_LONG_WIDTH__=64 -D__FLT32_MAX_EXP__=128 -D__GXX_ABI_VERSION=1017 '-D__FLT_MIN_EXP__=(-125)' -D__INT16_MAX__=0x7fff '-D__INT_FAST64_TYPE__=long long int' '-D__FLT128_NORM_MAX__=1.18973149535723176508575932662800702e+4932F128' -D__FLT64_DENORM_MIN__=4.94065645841246544176568792868221372e-324F64 '-D__DBL_MIN__=((double)2.22507385850720138309023271733240406e-308L)' '-D__FLT64X_NORM_MAX__=1.18973149535723176502126385303097021e+4932F64x' -D__SIZEOF_POINTER__=4 -D__DBL_HAS_QUIET_NAN__=1 -D__FLT32X_EPSILON__=2.22044604925031308084726333618164062e-16F32x -D__DECIMAL_BID_FORMAT__=1 '-D__FLT64_MIN_EXP__=(-1021)' '-D__FLT64_MIN_10_EXP__=(-307)' -D__FLT64X_DECIMAL_DIG__=21 -D__DEC128_MIN__=1E-6143DL -D__REGISTER_PREFIX__= -D__UINT16_MAX__=0xffff -D__DBL_HAS_DENORM__=1 -D__FLT32_MIN__=1.17549435082228750796873653722224568e-38F32 '-D__UINT8_TYPE__=unsigned char' -D__FLT_DIG__=6 -D__DEC_EVAL_METHOD__=2 -D__i386=1 -D__FLT_MANT_DIG__=24 -D__LDBL_DECIMAL_DIG__=21 -D__i586__=1 '-D__UINT64_C(c)=c ## ULL' -D__INT_LEAST32_MAX__=0x7fffffffL -D__GCC_ATOMIC_INT_LOCK_FREE=2 -D__FLT128_MAX_EXP__=16384 -D__FLT32_MANT_DIG__=24 -D__FLOAT_WORD_ORDER__=__ORDER_LITTLE_ENDIAN__ -D__FLT128_HAS_DENORM__=1 -D__FLT128_DIG__=33 -D__SCHAR_WIDTH__=8 '-D__INT32_C(c)=c ## L' -D__DEC64_EPSILON__=1E-15DD -D__ORDER_PDP_ENDIAN__=3412 '-D__DEC128_MIN_EXP__=(-6142)' -D__code_model_32__=1 -D__INT_FAST32_TYPE__=int '-D__UINT_LEAST16_TYPE__=short unsigned int' -D__i386__=1 '-D__SIZE_TYPE__=unsigned int' -D__UINT64_MAX__=0xffffffffffffffffULL -D__FLT_IS_IEC_60559__=2 '-D__GNUC_WIDE_EXECUTION_CHARSET_NAME="UTF-32LE"' -D__FLT64X_DIG__=18 '-D__INT8_TYPE__=signed char' -D__ELF__=1 -D__GCC_ASM_FLAG_OUTPUTS__=1 -D__FLT_RADIX__=2 '-D__INT_LEAST16_TYPE__=short int' -D__LDBL_EPSILON__=1.08420217248550443400745280086994171e-19L '-D__UINTMAX_C(c)=c ## ULL' -D__FLT32X_MIN__=2.22507385850720138309023271733240406e-308F32x -D__SIG_ATOMIC_MAX__=0x7fffffff -D__GCC_ATOMIC_WCHAR_T_LOCK_FREE=2 -D__USER_LABEL_PREFIX__= -D__SIZEOF_PTRDIFF_T__=4 -D__pentium__=1 -D__LDBL_DIG__=18 -D__FLT64_IS_IEC_60559__=2 '-D__FLT32X_MIN_EXP__=(-1021)' -D__DEC32_SUBNORMAL_MIN__=0.000001E-95DF -D__INT_FAST16_MAX__=0x7fffffff -D__GCC_CONSTRUCTIVE_SIZE=64 -D__FLT64_DIG__=15 -D__UINT_FAST32_MAX__=0xffffffffU '-D__UINT_LEAST64_TYPE__=long long unsigned int' -D__ILP32__=1 -D__FLT_HAS_QUIET_NAN__=1 -D__FLT_MAX_10_EXP__=38 -D__LONG_MAX__=0x7fffffffL -D__FLT64X_HAS_DENORM__=1 -D__DEC128_SUBNORMAL_MIN__=0.000000000000000000000000000000001E-6143DL -D__FLT_HAS_INFINITY__=1 '-D__GNUC_EXECUTION_CHARSET_NAME="UTF-8"' -D_ILP32=1 '-D__UINT_FAST16_TYPE__=unsigned int' -D__DEC64_MAX__=9.999999999999999E384DD -D__INT_FAST32_WIDTH__=32 -D__PRAGMA_REDEFINE_EXTNAME=1 -D__SIZE_WIDTH__=32 -D__SEG_FS=1 -D__INT_LEAST16_MAX__=0x7fff -D__DEC64_MANT_DIG__=16 -D__INT64_MAX__=0x7fffffffffffffffLL -D__FLT32_DENORM_MIN__=1.40129846432481707092372958328991613e-45F32 -D__SIG_ATOMIC_WIDTH__=32 '-D__INT_LEAST64_TYPE__=long long int' '-D__INT16_TYPE__=short int' '-D__INT_LEAST8_TYPE__=signed char' -D__SIZEOF_INT__=4 -D__DEC32_MAX_EXP__=97 -D__INT_FAST8_MAX__=0x7fffffff '-D__FLT128_MAX__=1.18973149535723176508575932662800702e+4932F128' -D__INTPTR_MAX__=0x7fffffff -D__tune_pentium__=1 -D__FLT64_HAS_QUIET_NAN__=1 '-D__FLT32_MIN_10_EXP__=(-37)' -D__FLT32X_DIG__=15 -D__PTRDIFF_WIDTH__=32 -D__LDBL_MANT_DIG__=64 -D__FLT64_HAS_INFINITY__=1 '-D__FLT64X_MAX__=1.18973149535723176502126385303097021e+4932F64x' '-D__SIG_ATOMIC_MIN__=(-__SIG_ATOMIC_MAX__ - 1)' -D__INTPTR_TYPE__=int '-D__UINT16_TYPE__=short unsigned int' -D__WCHAR_TYPE__=int -D__SIZEOF_FLOAT__=4 -D__UINTPTR_MAX__=0xffffffffU -D__INT_FAST64_WIDTH__=64 -D__FLT32_DECIMAL_DIG__=9 -D__INT_FAST64_MAX__=0x7fffffffffffffffLL -D__GCC_ATOMIC_TEST_AND_SET_TRUEVAL=1 '-D__FLT_NORM_MAX__=3.40282346638528859811704183484516925e+38F' -D__FLT64X_MAX_EXP__=16384 '-D__UINT_FAST64_TYPE__=long long unsigned int' -D__INT_MAX__=0x7fffffff '-D__INT64_TYPE__=long long int' -D__FLT_MAX_EXP__=128 -D__DBL_MANT_DIG__=53 -D__SIZEOF_FLOAT128__=16 -D__INT_LEAST64_MAX__=0x7fffffffffffffffLL -D__GCC_ATOMIC_CHAR16_T_LOCK_FREE=2 -D__DEC64_MIN__=1E-383DD '-D__WINT_TYPE__=unsigned int' '-D__UINT_LEAST32_TYPE__=long unsigned int' -D__SIZEOF_SHORT__=2 '-D__FLT32_NORM_MAX__=3.40282346638528859811704183484516925e+38F32' '-D__LDBL_MIN_EXP__=(-16381)' '-D__FLT64_MAX__=1.79769313486231570814527423731704357e+308F64' -D__WINT_WIDTH__=32 -D__INT_LEAST8_MAX__=0x7f -D__INT_LEAST64_WIDTH__=64 -D__FLT32X_MAX_10_EXP__=308 -D__FLT64X_IS_IEC_60559__=2 -D__LDBL_MAX_10_EXP__=4932 -D__ATOMIC_RELAXED=0 '-D__DBL_EPSILON__=((double)2.22044604925031308084726333618164062e-16L)' -D__FLT128_MIN__=3.36210314311209350626267781732175260e-4932F128 '-D__UINT8_C(c)=c' -D__FLT64_MAX_EXP__=1024 '-D__INT_LEAST32_TYPE__=long int' -D__SIZEOF_WCHAR_T__=4 '-D__UINT64_TYPE__=long long unsigned int' -D__OPTIMIZE_SIZE__=1 '-D__FLT64_NORM_MAX__=1.79769313486231570814527423731704357e+308F64' -D__FLT128_HAS_QUIET_NAN__=1 -D__INTMAX_MAX__=0x7fffffffffffffffLL -D__INT_FAST8_TYPE__=int -D__FLT64X_MIN__=3.36210314311209350626267781732175260e-4932F64x -D__LDBL_HAS_INFINITY__=1 -D__FLT64_HAS_DENORM__=1 -D__FLT32_EPSILON__=1.19209289550781250000000000000000000e-7F32 -D__DBL_DECIMAL_DIG__=17 -D__INT_FAST8_WIDTH__=32 '-D__FLT32X_MAX__=1.79769313486231570814527423731704357e+308F32x' '-D__DBL_NORM_MAX__=((double)1.79769313486231570814527423731704357e+308L)' -D__BYTE_ORDER__=__ORDER_LITTLE_ENDIAN__ -D__GCC_DESTRUCTIVE_SIZE=64 -D__INTMAX_WIDTH__=64 -D__ORDER_BIG_ENDIAN__=4321 '-D__UINT32_C(c)=c ## UL' -D__FLT_DENORM_MIN__=1.40129846432481707092372958328991613e-45F -D__INT8_MAX__=0x7f -D__LONG_WIDTH__=32 '-D__UINT_FAST32_TYPE__=unsigned int' '-D__FLT32X_NORM_MAX__=1.79769313486231570814527423731704357e+308F32x' '-D__FLT_MAX__=3.40282346638528859811704183484516925e+38F' '-D__INT32_TYPE__=long int' -D__SIZEOF_DOUBLE__=8 '-D__FLT_MIN_10_EXP__=(-37)' -D__FLT64_MIN__=2.22507385850720138309023271733240406e-308F64 -D__INT_LEAST32_WIDTH__=32 '-D__INTMAX_TYPE__=long long int' -D__DEC128_MAX_EXP__=6145 -D__FLT32X_HAS_QUIET_NAN__=1 -D__ATOMIC_CONSUME=1 -D__INT_FAST16_WIDTH__=32 -D__UINTMAX_MAX__=0xffffffffffffffffULL -D__DEC32_MANT_DIG__=7 -D__FLT32X_DENORM_MIN__=4.94065645841246544176568792868221372e-324F32x -D__DBL_MAX_10_EXP__=308 -D__LDBL_DENORM_MIN__=3.64519953188247460252840593361941982e-4951L '-D__INT16_C(c)=c' -D__PTRDIFF_TYPE__=int -D__ATOMIC_SEQ_CST=5 '-D__UINT32_TYPE__=long unsigned int' '-D__FLT32X_MIN_10_EXP__=(-307)' '-D__UINTPTR_TYPE__=unsigned int' -D__DEC64_SUBNORMAL_MIN__=0.000000000000001E-383DD -D__DEC128_MANT_DIG__=34 '-D__LDBL_MIN_10_EXP__=(-4931)' -D__FLT128_EPSILON__=1.92592994438723585305597794258492732e-34F128 -D__SIZEOF_LONG_LONG__=8 -D__FLT128_DECIMAL_DIG__=36 -D__GCC_ATOMIC_LLONG_LOCK_FREE=2 -D__FLT_DECIMAL_DIG__=9 -D__UINT_FAST16_MAX__=0xffffffffU '-D__LDBL_NORM_MAX__=1.18973149535723176502126385303097021e+4932L' -D__GCC_ATOMIC_SHORT_LOCK_FREE=2 '-D__UINT_FAST8_TYPE__=unsigned int' -D__ATOMIC_ACQ_REL=4 -D__ATOMIC_RELEASE=3 -I/home/haojie/zephyrproject/zephyr/kernel/include -I/home/haojie/zephyrproject/zephyr/arch/x86/include -I/home/haojie/zephyrproject/zephyr/include -I/home/haojie/zephyrproject/zephyr/build/zephyr/include/generated -I/home/haojie/zephyrproject/zephyr/soc/x86/ia32 --isysroot /home/haojie/zephyr-sdk-0.16.3/x86_64-zephyr-elf/x86_64-zephyr-elf -DKERNEL -DPICOLIBC_INTEGER_PRINTF_SCANF -D_FORTIFY_SOURCE=1 -D_POSIX_C_SOURCE=200809 -D__LINUX_ERRNO_EXTENSIONS__ -D__ZEPHYR_SUPERVISOR__ -D__ZEPHYR__=1 --preinclude_macros /home/haojie/zephyrproject/zephyr/build/zephyr/include/generated/autoconf.h --preinclude_macros /home/haojie/zephyrproject/zephyr/include/zephyr/toolchain/zephyr_stdint.h --sys_include /home/haojie/zephyr-sdk-0.16.3/x86_64-zephyr-elf/bin/../lib/gcc/../../picolibc/include -I/home/haojie/zephyr-sdk-0.16.3/x86_64-zephyr-elf/bin/../lib/gcc/../../lib/gcc/x86_64-zephyr-elf/12.2.0/include -I/home/haojie/zephyr-sdk-0.16.3/x86_64-zephyr-elf/bin/../lib/gcc/../../lib/gcc/x86_64-zephyr-elf/12.2.0/include-fixed -I/home/haojie/zephyr-sdk-0.16.3/x86_64-zephyr-elf/bin/../lib/gcc/../../lib/gcc/x86_64-zephyr-elf/12.2.0/../../../../x86_64-zephyr-elf/sys-include -I/home/haojie/zephyr-sdk-0.16.3/x86_64-zephyr-elf/bin/../lib/gcc/../../lib/gcc/x86_64-zephyr-elf/12.2.0/../../../../x86_64-zephyr-elf/include -- /home/haojie/zephyrproject/zephyr/arch/x86/core/cpuhalt.c
[E 20:12:47 296107] CODEQL_EXTRACTOR_CPP_TRAP_CACHING is not set
[E 20:12:47 296107] CODEQL_EXTRACTOR_CPP_OPTION_TRAP_CACHE_WRITE is not set
[E 20:12:47 296107] CODEQL_EXTRACTOR_CPP_OPTION_TRAP_CACHE_DIR is not set
[E 20:12:47 296107] Initialising TRAP cache at path: d6/a53a/3ae979b3797e73659761e4b711f8
[E 20:12:47 296107] Not using TRAP cache
[E 20:12:47 296107] TRAP cache miss
[E 20:12:47 296107] Starting compilation TRAP /home/haojie/posixGEN/posixGen-codeql/_output_infos/DATABASE_zephyrproject/trap/cpp/compilations/44/38306068_0.trap.zst
[E 20:12:47 296107] Archiving /home/haojie/posixGEN/posixGen-codeql/_output_infos/DATABASE_zephyrproject/src/home/haojie/zephyrproject/zephyr/arch/x86/core/cpuhalt.c
[E 20:12:47 296107] Already archived /home/haojie/posixGEN/posixGen-codeql/_output_infos/DATABASE_zephyrproject/src/home/haojie/zephyrproject/zephyr/build/zephyr/include/generated/autoconf.h
[E 20:12:47 296107] Already archived /home/haojie/posixGEN/posixGen-codeql/_output_infos/DATABASE_zephyrproject/src/home/haojie/zephyrproject/zephyr/include/zephyr/toolchain/zephyr_stdint.h
[E 20:12:47 296107] Already archived /home/haojie/posixGEN/posixGen-codeql/_output_infos/DATABASE_zephyrproject/src/home/haojie/zephyrproject/zephyr/include/zephyr/kernel.h
[E 20:12:47 296107] Already archived /home/haojie/posixGEN/posixGen-codeql/_output_infos/DATABASE_zephyrproject/src/home/haojie/zephyrproject/zephyr/include/zephyr/kernel_includes.h
[E 20:12:47 296107] Already archived /home/haojie/posixGEN/posixGen-codeql/_output_infos/DATABASE_zephyrproject/src/home/haojie/zephyr-sdk-0.16.3/x86_64-zephyr-elf/lib/gcc/x86_64-zephyr-elf/12.2.0/include/stddef.h
[E 20:12:47 296107] Already archived /home/haojie/posixGEN/posixGen-codeql/_output_infos/DATABASE_zephyrproject/src/home/haojie/zephyrproject/zephyr/include/zephyr/types.h
[E 20:12:47 296107] Already archived /home/haojie/posixGEN/posixGen-codeql/_output_infos/DATABASE_zephyrproject/src/home/haojie/zephyr-sdk-0.16.3/x86_64-zephyr-elf/lib/gcc/x86_64-zephyr-elf/12.2.0/include/stddef.h
[E 20:12:47 296107] Already archived /home/haojie/posixGEN/posixGen-codeql/_output_infos/DATABASE_zephyrproject/src/home/haojie/zephyr-sdk-0.16.3/x86_64-zephyr-elf/picolibc/include/stdint.h
[E 20:12:47 296107] Already archived /home/haojie/posixGEN/posixGen-codeql/_output_infos/DATABASE_zephyrproject/src/home/haojie/zephyr-sdk-0.16.3/x86_64-zephyr-elf/picolibc/include/machine/_default_types.h
[E 20:12:47 296107] Already archived /home/haojie/posixGEN/posixGen-codeql/_output_infos/DATABASE_zephyrproject/src/home/haojie/zephyr-sdk-0.16.3/x86_64-zephyr-elf/picolibc/include/sys/features.h
[E 20:12:47 296107] Already archived /home/haojie/posixGEN/posixGen-codeql/_output_infos/DATABASE_zephyrproject/src/home/haojie/zephyr-sdk-0.16.3/x86_64-zephyr-elf/picolibc/include/picolibc.h
[E 20:12:47 296107] Already archived /home/haojie/posixGEN/posixGen-codeql/_output_infos/DATABASE_zephyrproject/src/home/haojie/zephyr-sdk-0.16.3/x86_64-zephyr-elf/picolibc/include/sys/_intsup.h
[E 20:12:47 296107] Already archived /home/haojie/posixGEN/posixGen-codeql/_output_infos/DATABASE_zephyrproject/src/home/haojie/zephyr-sdk-0.16.3/x86_64-zephyr-elf/picolibc/include/sys/_stdint.h
[E 20:12:47 296107] Already archived /home/haojie/posixGEN/posixGen-codeql/_output_infos/DATABASE_zephyrproject/src/home/haojie/zephyr-sdk-0.16.3/x86_64-zephyr-elf/picolibc/include/limits.h
[E 20:12:47 296107] Already archived /home/haojie/posixGEN/posixGen-codeql/_output_infos/DATABASE_zephyrproject/src/home/haojie/zephyr-sdk-0.16.3/x86_64-zephyr-elf/picolibc/include/newlib.h
[E 20:12:47 296107] Already archived /home/haojie/posixGEN/posixGen-codeql/_output_infos/DATABASE_zephyrproject/src/home/haojie/zephyr-sdk-0.16.3/x86_64-zephyr-elf/picolibc/include/sys/cdefs.h
[E 20:12:47 296107] Already archived /home/haojie/posixGEN/posixGen-codeql/_output_infos/DATABASE_zephyrproject/src/home/haojie/zephyr-sdk-0.16.3/x86_64-zephyr-elf/lib/gcc/x86_64-zephyr-elf/12.2.0/include/stddef.h
[E 20:12:47 296107] Already archived /home/haojie/posixGEN/posixGen-codeql/_output_infos/DATABASE_zephyrproject/src/home/haojie/zephyr-sdk-0.16.3/x86_64-zephyr-elf/picolibc/include/sys/syslimits.h
[E 20:12:47 296107] Already archived /home/haojie/posixGEN/posixGen-codeql/_output_infos/DATABASE_zephyrproject/src/home/haojie/zephyr-sdk-0.16.3/x86_64-zephyr-elf/lib/gcc/x86_64-zephyr-elf/12.2.0/include-fixed/limits.h
[E 20:12:47 296107] Already archived /home/haojie/posixGEN/posixGen-codeql/_output_infos/DATABASE_zephyrproject/src/home/haojie/zephyrproject/zephyr/include/zephyr/toolchain.h
[E 20:12:47 296107] Already archived /home/haojie/posixGEN/posixGen-codeql/_output_infos/DATABASE_zephyrproject/src/home/haojie/zephyrproject/zephyr/include/zephyr/toolchain/gcc.h
[E 20:12:47 296107] Already archived /home/haojie/posixGEN/posixGen-codeql/_output_infos/DATABASE_zephyrproject/src/home/haojie/zephyrproject/zephyr/include/zephyr/toolchain/common.h
[E 20:12:47 296107] Already archived /home/haojie/posixGEN/posixGen-codeql/_output_infos/DATABASE_zephyrproject/src/home/haojie/zephyr-sdk-0.16.3/x86_64-zephyr-elf/lib/gcc/x86_64-zephyr-elf/12.2.0/include/stdbool.h
[E 20:12:47 296107] Already archived /home/haojie/posixGEN/posixGen-codeql/_output_infos/DATABASE_zephyrproject/src/home/haojie/zephyrproject/zephyr/include/zephyr/linker/sections.h
[E 20:12:47 296107] Already archived /home/haojie/posixGEN/posixGen-codeql/_output_infos/DATABASE_zephyrproject/src/home/haojie/zephyrproject/zephyr/include/zephyr/linker/section_tags.h
[E 20:12:47 296107] Already archived /home/haojie/posixGEN/posixGen-codeql/_output_infos/DATABASE_zephyrproject/src/home/haojie/zephyrproject/zephyr/include/zephyr/sys/atomic.h
[E 20:12:47 296107] Already archived /home/haojie/posixGEN/posixGen-codeql/_output_infos/DATABASE_zephyrproject/src/home/haojie/zephyr-sdk-0.16.3/x86_64-zephyr-elf/lib/gcc/x86_64-zephyr-elf/12.2.0/include/stddef.h
[E 20:12:47 296107] Already archived /home/haojie/posixGEN/posixGen-codeql/_output_infos/DATABASE_zephyrproject/src/home/haojie/zephyrproject/zephyr/include/zephyr/sys/util_macro.h
[E 20:12:47 296107] Already archived /home/haojie/posixGEN/posixGen-codeql/_output_infos/DATABASE_zephyrproject/src/home/haojie/zephyrproject/zephyr/include/zephyr/sys/util_internal.h
[E 20:12:47 296107] Already archived /home/haojie/posixGEN/posixGen-codeql/_output_infos/DATABASE_zephyrproject/src/home/haojie/zephyrproject/zephyr/include/zephyr/sys/util_loops.h
[E 20:12:47 296107] Already archived /home/haojie/posixGEN/posixGen-codeql/_output_infos/DATABASE_zephyrproject/src/home/haojie/zephyrproject/zephyr/include/zephyr/sys/util_listify.h
[E 20:12:47 296107] Already archived /home/haojie/posixGEN/posixGen-codeql/_output_infos/DATABASE_zephyrproject/src/home/haojie/zephyrproject/zephyr/include/zephyr/sys/util_internal_is_eq.h
[E 20:12:47 296107] Already archived /home/haojie/posixGEN/posixGen-codeql/_output_infos/DATABASE_zephyrproject/src/home/haojie/zephyrproject/zephyr/include/zephyr/sys/util_internal_util_inc.h
[E 20:12:47 296107] Already archived /home/haojie/posixGEN/posixGen-codeql/_output_infos/DATABASE_zephyrproject/src/home/haojie/zephyrproject/zephyr/include/zephyr/sys/util_internal_util_dec.h
[E 20:12:47 296107] Already archived /home/haojie/posixGEN/posixGen-codeql/_output_infos/DATABASE_zephyrproject/src/home/haojie/zephyrproject/zephyr/include/zephyr/sys/util_internal_util_x2.h
[E 20:12:47 296107] Already archived /home/haojie/posixGEN/posixGen-codeql/_output_infos/DATABASE_zephyrproject/src/home/haojie/zephyrproject/zephyr/include/zephyr/sys/atomic_builtin.h
[E 20:12:47 296107] Already archived /home/haojie/posixGEN/posixGen-codeql/_output_infos/DATABASE_zephyrproject/src/home/haojie/zephyrproject/zephyr/include/zephyr/sys/__assert.h
[E 20:12:47 296107] Already archived /home/haojie/posixGEN/posixGen-codeql/_output_infos/DATABASE_zephyrproject/src/home/haojie/zephyrproject/zephyr/include/zephyr/kernel/internal/sched_priq.h
[E 20:12:47 296107] Already archived /home/haojie/posixGEN/posixGen-codeql/_output_infos/DATABASE_zephyrproject/src/home/haojie/zephyrproject/zephyr/include/zephyr/sys/util.h
[E 20:12:47 296107] Already archived /home/haojie/posixGEN/posixGen-codeql/_output_infos/DATABASE_zephyrproject/src/home/haojie/zephyr-sdk-0.16.3/x86_64-zephyr-elf/lib/gcc/x86_64-zephyr-elf/12.2.0/include/stddef.h
[E 20:12:47 296107] Already archived /home/haojie/posixGEN/posixGen-codeql/_output_infos/DATABASE_zephyrproject/src/home/haojie/zephyrproject/zephyr/include/zephyr/sys/time_units.h
[E 20:12:47 296107] Already archived /home/haojie/posixGEN/posixGen-codeql/_output_infos/DATABASE_zephyrproject/src/home/haojie/zephyrproject/zephyr/include/zephyr/sys/util.h
[E 20:12:47 296107] Already archived /home/haojie/posixGEN/posixGen-codeql/_output_infos/DATABASE_zephyrproject/src/home/haojie/zephyrproject/zephyr/build/zephyr/include/generated/syscalls/time_units.h
[E 20:12:47 296107] Already archived /home/haojie/posixGEN/posixGen-codeql/_output_infos/DATABASE_zephyrproject/src/home/haojie/zephyrproject/zephyr/include/zephyr/tracing/tracing_syscall.h
[E 20:12:47 296107] Already archived /home/haojie/posixGEN/posixGen-codeql/_output_infos/DATABASE_zephyrproject/src/home/haojie/zephyr-sdk-0.16.3/x86_64-zephyr-elf/lib/gcc/x86_64-zephyr-elf/12.2.0/include/stdarg.h
[E 20:12:47 296107] Already archived /home/haojie/posixGEN/posixGen-codeql/_output_infos/DATABASE_zephyrproject/src/home/haojie/zephyrproject/zephyr/build/zephyr/include/generated/syscall_list.h
[E 20:12:47 296107] Already archived /home/haojie/posixGEN/posixGen-codeql/_output_infos/DATABASE_zephyrproject/src/home/haojie/zephyrproject/zephyr/include/zephyr/syscall.h
[E 20:12:47 296107] Already archived /home/haojie/posixGEN/posixGen-codeql/_output_infos/DATABASE_zephyrproject/src/home/haojie/zephyrproject/zephyr/include/zephyr/arch/syscall.h
[E 20:12:47 296107] Already archived /home/haojie/posixGEN/posixGen-codeql/_output_infos/DATABASE_zephyrproject/src/home/haojie/zephyrproject/zephyr/include/zephyr/arch/x86/ia32/syscall.h
[E 20:12:47 296107] Already archived /home/haojie/posixGEN/posixGen-codeql/_output_infos/DATABASE_zephyrproject/src/home/haojie/zephyrproject/zephyr/include/zephyr/sys/dlist.h
[E 20:12:47 296107] Already archived /home/haojie/posixGEN/posixGen-codeql/_output_infos/DATABASE_zephyrproject/src/home/haojie/zephyr-sdk-0.16.3/x86_64-zephyr-elf/lib/gcc/x86_64-zephyr-elf/12.2.0/include/stddef.h
[E 20:12:47 296107] Already archived /home/haojie/posixGEN/posixGen-codeql/_output_infos/DATABASE_zephyrproject/src/home/haojie/zephyrproject/zephyr/include/zephyr/sys/rb.h
[E 20:12:47 296107] Already archived /home/haojie/posixGEN/posixGen-codeql/_output_infos/DATABASE_zephyrproject/src/home/haojie/zephyrproject/zephyr/include/zephyr/sys/slist.h
[E 20:12:47 296107] Already archived /home/haojie/posixGEN/posixGen-codeql/_output_infos/DATABASE_zephyrproject/src/home/haojie/zephyr-sdk-0.16.3/x86_64-zephyr-elf/lib/gcc/x86_64-zephyr-elf/12.2.0/include/stddef.h
[E 20:12:47 296107] Already archived /home/haojie/posixGEN/posixGen-codeql/_output_infos/DATABASE_zephyrproject/src/home/haojie/zephyrproject/zephyr/include/zephyr/sys/list_gen.h
[E 20:12:47 296107] Already archived /home/haojie/posixGEN/posixGen-codeql/_output_infos/DATABASE_zephyrproject/src/home/haojie/zephyr-sdk-0.16.3/x86_64-zephyr-elf/lib/gcc/x86_64-zephyr-elf/12.2.0/include/stddef.h
[E 20:12:47 296107] Already archived /home/haojie/posixGEN/posixGen-codeql/_output_infos/DATABASE_zephyrproject/src/home/haojie/zephyrproject/zephyr/include/zephyr/sys/sflist.h
[E 20:12:47 296107] Already archived /home/haojie/posixGEN/posixGen-codeql/_output_infos/DATABASE_zephyrproject/src/home/haojie/zephyr-sdk-0.16.3/x86_64-zephyr-elf/lib/gcc/x86_64-zephyr-elf/12.2.0/include/stddef.h
[E 20:12:47 296107] Already archived /home/haojie/posixGEN/posixGen-codeql/_output_infos/DATABASE_zephyrproject/src/home/haojie/zephyrproject/zephyr/include/zephyr/kernel/obj_core.h
[E 20:12:47 296107] Already archived /home/haojie/posixGEN/posixGen-codeql/_output_infos/DATABASE_zephyrproject/src/home/haojie/zephyrproject/zephyr/include/zephyr/kernel_structs.h
[E 20:12:47 296107] Already archived /home/haojie/posixGEN/posixGen-codeql/_output_infos/DATABASE_zephyrproject/src/home/haojie/zephyrproject/zephyr/include/zephyr/sys/sys_heap.h
[E 20:12:47 296107] Already archived /home/haojie/posixGEN/posixGen-codeql/_output_infos/DATABASE_zephyrproject/src/home/haojie/zephyr-sdk-0.16.3/x86_64-zephyr-elf/lib/gcc/x86_64-zephyr-elf/12.2.0/include/stddef.h
[E 20:12:47 296107] Already archived /home/haojie/posixGEN/posixGen-codeql/_output_infos/DATABASE_zephyrproject/src/home/haojie/zephyrproject/zephyr/include/zephyr/sys/mem_stats.h
[E 20:12:47 296107] Already archived /home/haojie/posixGEN/posixGen-codeql/_output_infos/DATABASE_zephyrproject/src/home/haojie/zephyr-sdk-0.16.3/x86_64-zephyr-elf/lib/gcc/x86_64-zephyr-elf/12.2.0/include/stddef.h
[E 20:12:47 296107] Already archived /home/haojie/posixGEN/posixGen-codeql/_output_infos/DATABASE_zephyrproject/src/home/haojie/zephyrproject/zephyr/include/zephyr/arch/structs.h
[E 20:12:47 296107] Already archived /home/haojie/posixGEN/posixGen-codeql/_output_infos/DATABASE_zephyrproject/src/home/haojie/zephyrproject/zephyr/include/zephyr/kernel/stats.h
[E 20:12:47 296107] Already archived /home/haojie/posixGEN/posixGen-codeql/_output_infos/DATABASE_zephyrproject/src/home/haojie/zephyrproject/zephyr/include/zephyr/kernel_version.h
[E 20:12:47 296107] Already archived /home/haojie/posixGEN/posixGen-codeql/_output_infos/DATABASE_zephyrproject/src/home/haojie/zephyrproject/zephyr/include/zephyr/sys/printk.h
[E 20:12:47 296107] Already archived /home/haojie/posixGEN/posixGen-codeql/_output_infos/DATABASE_zephyrproject/src/home/haojie/zephyr-sdk-0.16.3/x86_64-zephyr-elf/lib/gcc/x86_64-zephyr-elf/12.2.0/include/stddef.h
[E 20:12:47 296107] Already archived /home/haojie/posixGEN/posixGen-codeql/_output_infos/DATABASE_zephyrproject/src/home/haojie/zephyr-sdk-0.16.3/x86_64-zephyr-elf/picolibc/include/inttypes.h
[E 20:12:47 296107] Already archived /home/haojie/posixGEN/posixGen-codeql/_output_infos/DATABASE_zephyrproject/src/home/haojie/zephyr-sdk-0.16.3/x86_64-zephyr-elf/picolibc/include/newlib.h
[E 20:12:47 296107] Already archived /home/haojie/posixGEN/posixGen-codeql/_output_infos/DATABASE_zephyrproject/src/home/haojie/zephyr-sdk-0.16.3/x86_64-zephyr-elf/picolibc/include/sys/config.h
[E 20:12:47 296107] Already archived /home/haojie/posixGEN/posixGen-codeql/_output_infos/DATABASE_zephyrproject/src/home/haojie/zephyr-sdk-0.16.3/x86_64-zephyr-elf/picolibc/include/machine/ieeefp.h
[E 20:12:47 296107] Already archived /home/haojie/posixGEN/posixGen-codeql/_output_infos/DATABASE_zephyrproject/src/home/haojie/zephyr-sdk-0.16.3/x86_64-zephyr-elf/lib/gcc/x86_64-zephyr-elf/12.2.0/include/float.h
[E 20:12:47 296107] Already archived /home/haojie/posixGEN/posixGen-codeql/_output_infos/DATABASE_zephyrproject/src/home/haojie/zephyr-sdk-0.16.3/x86_64-zephyr-elf/picolibc/include/newlib.h
[E 20:12:47 296107] Already archived /home/haojie/posixGEN/posixGen-codeql/_output_infos/DATABASE_zephyrproject/src/home/haojie/zephyr-sdk-0.16.3/x86_64-zephyr-elf/picolibc/include/_ansi.h
[E 20:12:47 296107] Already archived /home/haojie/posixGEN/posixGen-codeql/_output_infos/DATABASE_zephyrproject/src/home/haojie/zephyr-sdk-0.16.3/x86_64-zephyr-elf/picolibc/include/newlib.h
[E 20:12:47 296107] Already archived /home/haojie/posixGEN/posixGen-codeql/_output_infos/DATABASE_zephyrproject/src/home/haojie/zephyr-sdk-0.16.3/x86_64-zephyr-elf/lib/gcc/x86_64-zephyr-elf/12.2.0/include/stddef.h
[E 20:12:47 296107] Already archived /home/haojie/posixGEN/posixGen-codeql/_output_infos/DATABASE_zephyrproject/src/home/haojie/zephyr-sdk-0.16.3/x86_64-zephyr-elf/picolibc/include/stdio.h
[E 20:12:47 296107] Already archived /home/haojie/posixGEN/posixGen-codeql/_output_infos/DATABASE_zephyrproject/src/home/haojie/zephyr-sdk-0.16.3/x86_64-zephyr-elf/lib/gcc/x86_64-zephyr-elf/12.2.0/include/stddef.h
[E 20:12:47 296107] Already archived /home/haojie/posixGEN/posixGen-codeql/_output_infos/DATABASE_zephyrproject/src/home/haojie/zephyr-sdk-0.16.3/x86_64-zephyr-elf/picolibc/include/sys/types.h
[E 20:12:47 296107] Already archived /home/haojie/posixGEN/posixGen-codeql/_output_infos/DATABASE_zephyrproject/src/home/haojie/zephyr-sdk-0.16.3/x86_64-zephyr-elf/picolibc/include/machine/_types.h
[E 20:12:47 296107] Already archived /home/haojie/posixGEN/posixGen-codeql/_output_infos/DATABASE_zephyrproject/src/home/haojie/zephyr-sdk-0.16.3/x86_64-zephyr-elf/picolibc/include/sys/_types.h
[E 20:12:47 296107] Already archived /home/haojie/posixGEN/posixGen-codeql/_output_infos/DATABASE_zephyrproject/src/home/haojie/zephyr-sdk-0.16.3/x86_64-zephyr-elf/lib/gcc/x86_64-zephyr-elf/12.2.0/include/stddef.h
[E 20:12:47 296107] Already archived /home/haojie/posixGEN/posixGen-codeql/_output_infos/DATABASE_zephyrproject/src/home/haojie/zephyr-sdk-0.16.3/x86_64-zephyr-elf/picolibc/include/newlib.h
[E 20:12:47 296107] Already archived /home/haojie/posixGEN/posixGen-codeql/_output_infos/DATABASE_zephyrproject/src/home/haojie/zephyr-sdk-0.16.3/x86_64-zephyr-elf/picolibc/include/machine/types.h
[E 20:12:47 296107] Already archived /home/haojie/posixGEN/posixGen-codeql/_output_infos/DATABASE_zephyrproject/src/home/haojie/zephyrproject/zephyr/include/zephyr/arch/cpu.h
[E 20:12:47 296107] Already archived /home/haojie/posixGEN/posixGen-codeql/_output_infos/DATABASE_zephyrproject/src/home/haojie/zephyrproject/zephyr/include/zephyr/sys/arch_interface.h
[E 20:12:47 296107] Already archived /home/haojie/posixGEN/posixGen-codeql/_output_infos/DATABASE_zephyrproject/src/home/haojie/zephyr-sdk-0.16.3/x86_64-zephyr-elf/lib/gcc/x86_64-zephyr-elf/12.2.0/include/stddef.h
[E 20:12:47 296107] Already archived /home/haojie/posixGEN/posixGen-codeql/_output_infos/DATABASE_zephyrproject/src/home/haojie/zephyrproject/zephyr/include/zephyr/arch/cpu.h
[E 20:12:47 296107] Already archived /home/haojie/posixGEN/posixGen-codeql/_output_infos/DATABASE_zephyrproject/src/home/haojie/zephyrproject/zephyr/include/zephyr/irq_offload.h
[E 20:12:47 296107] Already archived /home/haojie/posixGEN/posixGen-codeql/_output_infos/DATABASE_zephyrproject/src/home/haojie/zephyrproject/zephyr/include/zephyr/arch/arch_inlines.h
[E 20:12:47 296107] Already archived /home/haojie/posixGEN/posixGen-codeql/_output_infos/DATABASE_zephyrproject/src/home/haojie/zephyrproject/zephyr/include/zephyr/arch/x86/arch_inlines.h
[E 20:12:47 296107] Already archived /home/haojie/posixGEN/posixGen-codeql/_output_infos/DATABASE_zephyrproject/src/home/haojie/zephyrproject/zephyr/include/zephyr/arch/x86/arch.h
[E 20:12:47 296107] Already archived /home/haojie/posixGEN/posixGen-codeql/_output_infos/DATABASE_zephyrproject/src/home/haojie/zephyrproject/zephyr/include/zephyr/devicetree.h
[E 20:12:47 296107] Already archived /home/haojie/posixGEN/posixGen-codeql/_output_infos/DATABASE_zephyrproject/src/home/haojie/zephyrproject/zephyr/build/zephyr/include/generated/devicetree_generated.h
[E 20:12:47 296107] Already archived /home/haojie/posixGEN/posixGen-codeql/_output_infos/DATABASE_zephyrproject/src/home/haojie/zephyrproject/zephyr/include/zephyr/irq_multilevel.h
[E 20:12:47 296107] Already archived /home/haojie/posixGEN/posixGen-codeql/_output_infos/DATABASE_zephyrproject/src/home/haojie/zephyrproject/zephyr/include/zephyr/devicetree/io-channels.h
[E 20:12:47 296107] Already archived /home/haojie/posixGEN/posixGen-codeql/_output_infos/DATABASE_zephyrproject/src/home/haojie/zephyrproject/zephyr/include/zephyr/devicetree/clocks.h
[E 20:12:47 296107] Already archived /home/haojie/posixGEN/posixGen-codeql/_output_infos/DATABASE_zephyrproject/src/home/haojie/zephyrproject/zephyr/include/zephyr/devicetree/gpio.h
[E 20:12:47 296107] Already archived /home/haojie/posixGEN/posixGen-codeql/_output_infos/DATABASE_zephyrproject/src/home/haojie/zephyrproject/zephyr/include/zephyr/devicetree/spi.h
[E 20:12:47 296107] Already archived /home/haojie/posixGEN/posixGen-codeql/_output_infos/DATABASE_zephyrproject/src/home/haojie/zephyrproject/zephyr/include/zephyr/devicetree/dma.h
[E 20:12:47 296107] Already archived /home/haojie/posixGEN/posixGen-codeql/_output_infos/DATABASE_zephyrproject/src/home/haojie/zephyrproject/zephyr/include/zephyr/devicetree/pwms.h
[E 20:12:47 296107] Already archived /home/haojie/posixGEN/posixGen-codeql/_output_infos/DATABASE_zephyrproject/src/home/haojie/zephyrproject/zephyr/include/zephyr/devicetree/fixed-partitions.h
[E 20:12:47 296107] Already archived /home/haojie/posixGEN/posixGen-codeql/_output_infos/DATABASE_zephyrproject/src/home/haojie/zephyrproject/zephyr/include/zephyr/devicetree/ordinals.h
[E 20:12:47 296107] Already archived /home/haojie/posixGEN/posixGen-codeql/_output_infos/DATABASE_zephyrproject/src/home/haojie/zephyrproject/zephyr/include/zephyr/devicetree/pinctrl.h
[E 20:12:47 296107] Already archived /home/haojie/posixGEN/posixGen-codeql/_output_infos/DATABASE_zephyrproject/src/home/haojie/zephyrproject/zephyr/include/zephyr/devicetree/can.h
[E 20:12:47 296107] Already archived /home/haojie/posixGEN/posixGen-codeql/_output_infos/DATABASE_zephyrproject/src/home/haojie/zephyrproject/zephyr/include/zephyr/devicetree/reset.h
[E 20:12:47 296107] Already archived /home/haojie/posixGEN/posixGen-codeql/_output_infos/DATABASE_zephyrproject/src/home/haojie/zephyrproject/zephyr/include/zephyr/devicetree/mbox.h
[E 20:12:47 296107] Already archived /home/haojie/posixGEN/posixGen-codeql/_output_infos/DATABASE_zephyrproject/src/home/haojie/zephyrproject/zephyr/include/zephyr/sys/sys_io.h
[E 20:12:47 296107] Already archived /home/haojie/posixGEN/posixGen-codeql/_output_infos/DATABASE_zephyrproject/src/home/haojie/zephyr-sdk-0.16.3/x86_64-zephyr-elf/lib/gcc/x86_64-zephyr-elf/12.2.0/include/stddef.h
[E 20:12:47 296107] Already archived /home/haojie/posixGEN/posixGen-codeql/_output_infos/DATABASE_zephyrproject/src/home/haojie/zephyr-sdk-0.16.3/x86_64-zephyr-elf/lib/gcc/x86_64-zephyr-elf/12.2.0/include/stddef.h
[E 20:12:47 296107] Already archived /home/haojie/posixGEN/posixGen-codeql/_output_infos/DATABASE_zephyrproject/src/home/haojie/zephyrproject/zephyr/include/zephyr/irq.h
[E 20:12:47 296107] Already archived /home/haojie/posixGEN/posixGen-codeql/_output_infos/DATABASE_zephyrproject/src/home/haojie/zephyrproject/zephyr/include/zephyr/arch/x86/mmustructs.h
[E 20:12:47 296107] Already archived /home/haojie/posixGEN/posixGen-codeql/_output_infos/DATABASE_zephyrproject/src/home/haojie/zephyrproject/zephyr/include/zephyr/arch/x86/thread_stack.h
[E 20:12:47 296107] Already archived /home/haojie/posixGEN/posixGen-codeql/_output_infos/DATABASE_zephyrproject/src/home/haojie/zephyrproject/zephyr/include/zephyr/drivers/interrupt_controller/sysapic.h
[E 20:12:47 296107] Already archived /home/haojie/posixGEN/posixGen-codeql/_output_infos/DATABASE_zephyrproject/src/home/haojie/zephyrproject/zephyr/include/zephyr/drivers/interrupt_controller/loapic.h
[E 20:12:47 296107] Already archived /home/haojie/posixGEN/posixGen-codeql/_output_infos/DATABASE_zephyrproject/src/home/haojie/zephyrproject/zephyr/include/zephyr/arch/x86/msr.h
[E 20:12:47 296107] Already archived /home/haojie/posixGEN/posixGen-codeql/_output_infos/DATABASE_zephyrproject/src/home/haojie/zephyrproject/zephyr/include/zephyr/sys/device_mmio.h
[E 20:12:47 296107] Already archived /home/haojie/posixGEN/posixGen-codeql/_output_infos/DATABASE_zephyrproject/src/home/haojie/zephyr-sdk-0.16.3/x86_64-zephyr-elf/lib/gcc/x86_64-zephyr-elf/12.2.0/include/stddef.h
[E 20:12:47 296107] Already archived /home/haojie/posixGEN/posixGen-codeql/_output_infos/DATABASE_zephyrproject/src/home/haojie/zephyrproject/zephyr/include/zephyr/sys/mem_manage.h
[E 20:12:47 296107] Already archived /home/haojie/posixGEN/posixGen-codeql/_output_infos/DATABASE_zephyrproject/src/home/haojie/zephyr-sdk-0.16.3/x86_64-zephyr-elf/lib/gcc/x86_64-zephyr-elf/12.2.0/include/stddef.h
[E 20:12:47 296107] Already archived /home/haojie/posixGEN/posixGen-codeql/_output_infos/DATABASE_zephyrproject/src/home/haojie/zephyrproject/zephyr/build/zephyr/include/generated/syscalls/mem_manage.h
[E 20:12:47 296107] Already archived /home/haojie/posixGEN/posixGen-codeql/_output_infos/DATABASE_zephyrproject/src/home/haojie/zephyrproject/zephyr/include/zephyr/arch/x86/ia32/arch.h
[E 20:12:47 296107] Already archived /home/haojie/posixGEN/posixGen-codeql/_output_infos/DATABASE_zephyrproject/src/home/haojie/zephyrproject/zephyr/include/zephyr/arch/x86/ia32/sys_io.h
[E 20:12:47 296107] Already archived /home/haojie/posixGEN/posixGen-codeql/_output_infos/DATABASE_zephyrproject/src/home/haojie/zephyr-sdk-0.16.3/x86_64-zephyr-elf/lib/gcc/x86_64-zephyr-elf/12.2.0/include/stddef.h
[E 20:12:47 296107] Already archived /home/haojie/posixGEN/posixGen-codeql/_output_infos/DATABASE_zephyrproject/src/home/haojie/zephyrproject/zephyr/include/zephyr/arch/common/ffs.h
[E 20:12:47 296107] Already archived /home/haojie/posixGEN/posixGen-codeql/_output_infos/DATABASE_zephyrproject/src/home/haojie/zephyrproject/zephyr/include/zephyr/arch/x86/ia32/gdbstub.h
[E 20:12:47 296107] Already archived /home/haojie/posixGEN/posixGen-codeql/_output_infos/DATABASE_zephyrproject/src/home/haojie/zephyrproject/zephyr/include/zephyr/arch/x86/ia32/thread.h
[E 20:12:47 296107] Already archived /home/haojie/posixGEN/posixGen-codeql/_output_infos/DATABASE_zephyrproject/src/home/haojie/zephyr-sdk-0.16.3/x86_64-zephyr-elf/lib/gcc/x86_64-zephyr-elf/12.2.0/include/stddef.h
[E 20:12:47 296107] Already archived /home/haojie/posixGEN/posixGen-codeql/_output_infos/DATABASE_zephyrproject/src/home/haojie/zephyrproject/zephyr/include/zephyr/arch/common/addr_types.h
[E 20:12:47 296107] Already archived /home/haojie/posixGEN/posixGen-codeql/_output_infos/DATABASE_zephyrproject/src/home/haojie/zephyrproject/zephyr/include/zephyr/arch/x86/ia32/segmentation.h
[E 20:12:47 296107] Already archived /home/haojie/posixGEN/posixGen-codeql/_output_infos/DATABASE_zephyrproject/src/home/haojie/zephyrproject/zephyr/include/zephyr/pm/pm.h
[E 20:12:47 296107] Already archived /home/haojie/posixGEN/posixGen-codeql/_output_infos/DATABASE_zephyrproject/src/home/haojie/zephyrproject/zephyr/include/zephyr/pm/state.h
[E 20:12:47 296107] Already archived /home/haojie/posixGEN/posixGen-codeql/_output_infos/DATABASE_zephyrproject/src/home/haojie/zephyr-sdk-0.16.3/x86_64-zephyr-elf/picolibc/include/errno.h
[E 20:12:47 296107] Already archived /home/haojie/posixGEN/posixGen-codeql/_output_infos/DATABASE_zephyrproject/src/home/haojie/zephyr-sdk-0.16.3/x86_64-zephyr-elf/picolibc/include/sys/errno.h
[E 20:12:47 296107] Already archived /home/haojie/posixGEN/posixGen-codeql/_output_infos/DATABASE_zephyrproject/src/home/haojie/zephyrproject/zephyr/include/zephyr/sys_clock.h
[E 20:12:47 296107] Already archived /home/haojie/posixGEN/posixGen-codeql/_output_infos/DATABASE_zephyrproject/src/home/haojie/zephyrproject/zephyr/include/zephyr/spinlock.h
[E 20:12:47 296107] Already archived /home/haojie/posixGEN/posixGen-codeql/_output_infos/DATABASE_zephyrproject/src/home/haojie/zephyrproject/zephyr/include/zephyr/fatal.h
[E 20:12:47 296107] Already archived /home/haojie/posixGEN/posixGen-codeql/_output_infos/DATABASE_zephyrproject/src/home/haojie/zephyrproject/zephyr/include/zephyr/fatal_types.h
[E 20:12:47 296107] Already archived /home/haojie/posixGEN/posixGen-codeql/_output_infos/DATABASE_zephyrproject/src/home/haojie/zephyrproject/zephyr/include/zephyr/kernel/thread_stack.h
[E 20:12:47 296107] Already archived /home/haojie/posixGEN/posixGen-codeql/_output_infos/DATABASE_zephyrproject/src/home/haojie/zephyrproject/zephyr/include/zephyr/app_memory/mem_domain.h
[E 20:12:47 296107] Already archived /home/haojie/posixGEN/posixGen-codeql/_output_infos/DATABASE_zephyrproject/src/home/haojie/zephyr-sdk-0.16.3/x86_64-zephyr-elf/lib/gcc/x86_64-zephyr-elf/12.2.0/include/stddef.h
[E 20:12:47 296107] Already archived /home/haojie/posixGEN/posixGen-codeql/_output_infos/DATABASE_zephyrproject/src/home/haojie/zephyrproject/zephyr/include/zephyr/kernel/thread.h
[E 20:12:47 296107] Already archived /home/haojie/posixGEN/posixGen-codeql/_output_infos/DATABASE_zephyrproject/src/home/haojie/zephyrproject/zephyr/include/zephyr/sys/kobject.h
[E 20:12:47 296107] Already archived /home/haojie/posixGEN/posixGen-codeql/_output_infos/DATABASE_zephyrproject/src/home/haojie/zephyr-sdk-0.16.3/x86_64-zephyr-elf/lib/gcc/x86_64-zephyr-elf/12.2.0/include/stddef.h
[E 20:12:47 296107] Already archived /home/haojie/posixGEN/posixGen-codeql/_output_infos/DATABASE_zephyrproject/src/home/haojie/zephyrproject/zephyr/include/zephyr/sys/iterable_sections.h
[E 20:12:47 296107] Already archived /home/haojie/posixGEN/posixGen-codeql/_output_infos/DATABASE_zephyrproject/src/home/haojie/zephyrproject/zephyr/include/zephyr/sys/internal/kobject_internal.h
[E 20:12:47 296107] Already archived /home/haojie/posixGEN/posixGen-codeql/_output_infos/DATABASE_zephyrproject/src/home/haojie/zephyrproject/zephyr/build/zephyr/include/generated/kobj-types-enum.h
[E 20:12:47 296107] Already archived /home/haojie/posixGEN/posixGen-codeql/_output_infos/DATABASE_zephyrproject/src/home/haojie/zephyrproject/zephyr/build/zephyr/include/generated/syscalls/kobject.h
[E 20:12:47 296107] Already archived /home/haojie/posixGEN/posixGen-codeql/_output_infos/DATABASE_zephyrproject/src/home/haojie/zephyrproject/zephyr/include/zephyr/kernel/internal/smp.h
[E 20:12:47 296107] Already archived /home/haojie/posixGEN/posixGen-codeql/_output_infos/DATABASE_zephyrproject/src/home/haojie/zephyr-sdk-0.16.3/x86_64-zephyr-elf/picolibc/include/limits.h
[E 20:12:47 296107] Already archived /home/haojie/posixGEN/posixGen-codeql/_output_infos/DATABASE_zephyrproject/src/home/haojie/zephyrproject/zephyr/include/zephyr/tracing/tracing_macros.h
[E 20:12:47 296107] Already archived /home/haojie/posixGEN/posixGen-codeql/_output_infos/DATABASE_zephyrproject/src/home/haojie/zephyrproject/zephyr/include/zephyr/tracing/tracing.h
[E 20:12:47 296107] Already archived /home/haojie/posixGEN/posixGen-codeql/_output_infos/DATABASE_zephyrproject/src/home/haojie/zephyrproject/zephyr/include/zephyr/kernel.h
[E 20:12:47 296107] Already archived /home/haojie/posixGEN/posixGen-codeql/_output_infos/DATABASE_zephyrproject/src/home/haojie/zephyrproject/zephyr/include/zephyr/tracing/tracking.h
[E 20:12:47 296107] Already archived /home/haojie/posixGEN/posixGen-codeql/_output_infos/DATABASE_zephyrproject/src/home/haojie/zephyrproject/zephyr/build/zephyr/include/generated/syscalls/kernel.h
[E 20:12:47 296107] Creating trap tarball /home/haojie/posixGEN/posixGen-codeql/_output_infos/DATABASE_zephyrproject/trap/cpp/tarballs/home/haojie/zephyrproject/zephyr/arch/x86/core/cpuhalt.c.03d3cb5f_0.trap.tar.zst
[E 20:12:47 296107] Emitting trap files for /home/haojie/zephyrproject/zephyr/arch/x86/core/cpuhalt.c
[E 20:12:47 296107] Opening existencedb in /home/haojie/posixGEN/posixGen-codeql/_output_infos/DATABASE_zephyrproject/working/existencedb/db
[E 20:12:47 296107] Wrote 1 files to /home/haojie/posixGEN/posixGen-codeql/_output_infos/DATABASE_zephyrproject/trap/cpp/tarballs/home/haojie/zephyrproject/zephyr/arch/x86/core/cpuhalt.c.03d3cb5f_0.trap.tar.zst
[E 20:12:47 296107] Finished compilation TRAP /home/haojie/posixGEN/posixGen-codeql/_output_infos/DATABASE_zephyrproject/trap/cpp/compilations/44/38306068_0.trap.zst
[E 20:12:47 296107] Marking C compilation as happened.
[E 20:12:47 296107] Setting tag c-compilation-happened
[E 20:12:47 296107] Starting from CODEQL_TRACER_DB_ID 00000000000483A3_0000000000000001
[E 20:12:47 296107] Locking DB /home/haojie/posixGEN/posixGen-codeql/_output_infos/DATABASE_zephyrproject/working/tags.db
[E 20:12:47 296107] Locked DB /home/haojie/posixGEN/posixGen-codeql/_output_infos/DATABASE_zephyrproject/working/tags.db
[E 20:12:47 296107] Set tag for 00000000000483A3_0000000000000001
[E 20:12:47 296107] Set tag for 0000000000048343_0000000000000001
[E 20:12:47 296107] Set tag for 00000000000482FE_0000000000000001
[E 20:12:47 296107] Set tag for 0000000000048121_0000000000000001
[E 20:12:47 296107] Set tag for 0000000000048120_0000000000000001
[E 20:12:47 296107] Set tag for 0000000000047C77_0000000000000003
[E 20:12:47 296107] Set tag for 0000000000047C77_0000000000000002
[E 20:12:47 296107] Set tag for root
[E 20:12:47 296107] Unlocking DB
[E 20:12:47 296107] Unlocked DB
[E 20:12:47 296107] Extractor exited successfully
