[2025-10-02 15:33:15] This is codeql execute queries -J-Xmx12982M --off-heap-ram=16156 --verbosity=progress --logdir=/home/haojie/workspace/DBS/DATABASE_FreeRTOSLwIP_StreamingServer/log --evaluator-log-level=5 --warnings=show --qlconfig-file=/home/haojie/workspace/lcmhalmcp/qlconfig.yml --output=/home/haojie/workspace/lcmhalmcp/_output_infos/output.bqrs -- /home/haojie/workspace/DBS/DATABASE_FreeRTOSLwIP_StreamingServer/db-cpp path:/home/haojie/workspace/lcmhalmcp/queries/collectors/mmio/info_driver_function_collector.ql
[2025-10-02 15:33:15] Calling plumbing command: codeql resolve queries --qlconfig-file=/home/haojie/workspace/lcmhalmcp/qlconfig.yml --format=json -- path:/home/haojie/workspace/lcmhalmcp/queries/collectors/mmio/info_driver_function_collector.ql
[2025-10-02 15:33:15] [PROGRESS] resolve queries> Recording pack reference getting-started/codeql-extra-queries-cpp at /home/haojie/workspace/lcmhalmcp/queries.
[2025-10-02 15:33:15] Plumbing command codeql resolve queries completed:
                      [
                        "/home/haojie/workspace/lcmhalmcp/queries/collectors/mmio/info_driver_function_collector.ql"
                      ]
[2025-10-02 15:33:15] Refusing fancy output: $CODEQL_ISATTY terminal indication is missing
[2025-10-02 15:33:15] Creating executor with 1 threads.
[2025-10-02 15:33:15] Calling plumbing command: codeql resolve extensions --qlconfig-file=/home/haojie/workspace/lcmhalmcp/qlconfig.yml --include-extension-row-locations path:/home/haojie/workspace/lcmhalmcp/queries/collectors/mmio/info_driver_function_collector.ql
[2025-10-02 15:33:15] Calling plumbing command: codeql resolve queries --qlconfig-file=/home/haojie/workspace/lcmhalmcp/qlconfig.yml --allow-library-packs --format startingpacks -- path:/home/haojie/workspace/lcmhalmcp/queries/collectors/mmio/info_driver_function_collector.ql
[2025-10-02 15:33:15] [PROGRESS] resolve queries> Recording pack reference getting-started/codeql-extra-queries-cpp at /home/haojie/workspace/lcmhalmcp/queries.
[2025-10-02 15:33:15] Plumbing command codeql resolve queries completed:
                      [
                        "/home/haojie/workspace/lcmhalmcp/queries"
                      ]
[2025-10-02 15:33:15] Calling plumbing command: codeql resolve extensions-by-pack --qlconfig-file=/home/haojie/workspace/lcmhalmcp/qlconfig.yml --include-extension-row-locations -- /home/haojie/workspace/lcmhalmcp/queries
[2025-10-02 15:33:15] [SPAMMY] resolve extensions-by-pack> [INCOMPATIBILITY] getting-started/codeql-extra-queries-cpp: not 1.0.0 {root: getting-started/codeql-extra-queries-cpp@1.0.0}
[2025-10-02 15:33:15] [SPAMMY] resolve extensions-by-pack> [DERIVATION] getting-started/codeql-extra-queries-cpp: 1.0.0 {getting-started/codeql-extra-queries-cpp: not 1.0.0 {root: getting-started/codeql-extra-queries-cpp@1.0.0}}
[2025-10-02 15:33:15] [SPAMMY] resolve extensions-by-pack> [INCOMPATIBILITY] getting-started/codeql-extra-queries-cpp: * [*], codeql/cpp-all: not * [*] {dependency: getting-started/codeql-extra-queries-cpp@* [*] requires codeql/cpp-all@^1.4.1}
[2025-10-02 15:33:15] [SPAMMY] resolve extensions-by-pack> [DECISION 1] getting-started/codeql-extra-queries-cpp: 1.0.0
[2025-10-02 15:33:15] [SPAMMY] resolve extensions-by-pack> [DERIVATION] codeql/cpp-all: * [*] {getting-started/codeql-extra-queries-cpp: * [*], codeql/cpp-all: not * [*] {dependency: getting-started/codeql-extra-queries-cpp@* [*] requires codeql/cpp-all@^1.4.1}}
[2025-10-02 15:33:15] [SPAMMY] resolve extensions-by-pack> [INCOMPATIBILITY] codeql/cpp-all: * [*], codeql/dataflow: not * [*] {dependency: codeql/cpp-all@* [*] requires codeql/dataflow@1.1.1}
[2025-10-02 15:33:15] [SPAMMY] resolve extensions-by-pack> [INCOMPATIBILITY] codeql/cpp-all: * [*], codeql/mad: not * [*] {dependency: codeql/cpp-all@* [*] requires codeql/mad@1.0.7}
[2025-10-02 15:33:15] [SPAMMY] resolve extensions-by-pack> [INCOMPATIBILITY] codeql/cpp-all: * [*], codeql/rangeanalysis: not * [*] {dependency: codeql/cpp-all@* [*] requires codeql/rangeanalysis@1.0.7}
[2025-10-02 15:33:15] [SPAMMY] resolve extensions-by-pack> [INCOMPATIBILITY] codeql/cpp-all: * [*], codeql/ssa: not * [*] {dependency: codeql/cpp-all@* [*] requires codeql/ssa@1.0.7}
[2025-10-02 15:33:15] [SPAMMY] resolve extensions-by-pack> [INCOMPATIBILITY] codeql/cpp-all: * [*], codeql/tutorial: not * [*] {dependency: codeql/cpp-all@* [*] requires codeql/tutorial@1.0.7}
[2025-10-02 15:33:15] [SPAMMY] resolve extensions-by-pack> [INCOMPATIBILITY] codeql/cpp-all: * [*], codeql/typeflow: not * [*] {dependency: codeql/cpp-all@* [*] requires codeql/typeflow@1.0.7}
[2025-10-02 15:33:15] [SPAMMY] resolve extensions-by-pack> [INCOMPATIBILITY] codeql/cpp-all: * [*], codeql/util: not * [*] {dependency: codeql/cpp-all@* [*] requires codeql/util@1.0.7}
[2025-10-02 15:33:15] [SPAMMY] resolve extensions-by-pack> [INCOMPATIBILITY] codeql/cpp-all: * [*], codeql/xml: not * [*] {dependency: codeql/cpp-all@* [*] requires codeql/xml@1.0.7}
[2025-10-02 15:33:15] [SPAMMY] resolve extensions-by-pack> [DECISION 2] codeql/cpp-all: 1.4.2
[2025-10-02 15:33:15] [SPAMMY] resolve extensions-by-pack> [DERIVATION] codeql/xml: * [*] {codeql/cpp-all: * [*], codeql/xml: not * [*] {dependency: codeql/cpp-all@* [*] requires codeql/xml@1.0.7}}
[2025-10-02 15:33:15] [SPAMMY] resolve extensions-by-pack> [DERIVATION] codeql/util: * [*] {codeql/cpp-all: * [*], codeql/util: not * [*] {dependency: codeql/cpp-all@* [*] requires codeql/util@1.0.7}}
[2025-10-02 15:33:15] [SPAMMY] resolve extensions-by-pack> [DERIVATION] codeql/typeflow: * [*] {codeql/cpp-all: * [*], codeql/typeflow: not * [*] {dependency: codeql/cpp-all@* [*] requires codeql/typeflow@1.0.7}}
[2025-10-02 15:33:15] [SPAMMY] resolve extensions-by-pack> [DERIVATION] codeql/tutorial: * [*] {codeql/cpp-all: * [*], codeql/tutorial: not * [*] {dependency: codeql/cpp-all@* [*] requires codeql/tutorial@1.0.7}}
[2025-10-02 15:33:15] [SPAMMY] resolve extensions-by-pack> [DERIVATION] codeql/ssa: * [*] {codeql/cpp-all: * [*], codeql/ssa: not * [*] {dependency: codeql/cpp-all@* [*] requires codeql/ssa@1.0.7}}
[2025-10-02 15:33:15] [SPAMMY] resolve extensions-by-pack> [DERIVATION] codeql/rangeanalysis: * [*] {codeql/cpp-all: * [*], codeql/rangeanalysis: not * [*] {dependency: codeql/cpp-all@* [*] requires codeql/rangeanalysis@1.0.7}}
[2025-10-02 15:33:15] [SPAMMY] resolve extensions-by-pack> [DERIVATION] codeql/mad: * [*] {codeql/cpp-all: * [*], codeql/mad: not * [*] {dependency: codeql/cpp-all@* [*] requires codeql/mad@1.0.7}}
[2025-10-02 15:33:15] [SPAMMY] resolve extensions-by-pack> [DERIVATION] codeql/dataflow: * [*] {codeql/cpp-all: * [*], codeql/dataflow: not * [*] {dependency: codeql/cpp-all@* [*] requires codeql/dataflow@1.1.1}}
[2025-10-02 15:33:15] [SPAMMY] resolve extensions-by-pack> [INCOMPATIBILITY] codeql/dataflow: * [*], codeql/ssa: not * [*] {dependency: codeql/dataflow@* [*] requires codeql/ssa@1.0.7}
[2025-10-02 15:33:15] [SPAMMY] resolve extensions-by-pack> [INCOMPATIBILITY] codeql/dataflow: * [*], codeql/typetracking: not * [*] {dependency: codeql/dataflow@* [*] requires codeql/typetracking@1.0.7}
[2025-10-02 15:33:15] [SPAMMY] resolve extensions-by-pack> [INCOMPATIBILITY] codeql/dataflow: * [*], codeql/util: not * [*] {dependency: codeql/dataflow@* [*] requires codeql/util@1.0.7}
[2025-10-02 15:33:15] [SPAMMY] resolve extensions-by-pack> [DECISION 3] codeql/dataflow: 1.1.1
[2025-10-02 15:33:15] [SPAMMY] resolve extensions-by-pack> [DERIVATION] codeql/typetracking: * [*] {codeql/dataflow: * [*], codeql/typetracking: not * [*] {dependency: codeql/dataflow@* [*] requires codeql/typetracking@1.0.7}}
[2025-10-02 15:33:15] [SPAMMY] resolve extensions-by-pack> [INCOMPATIBILITY] codeql/mad: * [*], codeql/util: not * [*] {dependency: codeql/mad@* [*] requires codeql/util@1.0.7}
[2025-10-02 15:33:15] [SPAMMY] resolve extensions-by-pack> [DECISION 4] codeql/mad: 1.0.7
[2025-10-02 15:33:15] [SPAMMY] resolve extensions-by-pack> [INCOMPATIBILITY] codeql/rangeanalysis: * [*], codeql/util: not * [*] {dependency: codeql/rangeanalysis@* [*] requires codeql/util@1.0.7}
[2025-10-02 15:33:15] [SPAMMY] resolve extensions-by-pack> [DECISION 5] codeql/rangeanalysis: 1.0.7
[2025-10-02 15:33:15] [SPAMMY] resolve extensions-by-pack> [INCOMPATIBILITY] codeql/ssa: * [*], codeql/util: not * [*] {dependency: codeql/ssa@* [*] requires codeql/util@1.0.7}
[2025-10-02 15:33:15] [SPAMMY] resolve extensions-by-pack> [DECISION 6] codeql/ssa: 1.0.7
[2025-10-02 15:33:15] [SPAMMY] resolve extensions-by-pack> [DECISION 7] codeql/tutorial: 1.0.7
[2025-10-02 15:33:15] [SPAMMY] resolve extensions-by-pack> [INCOMPATIBILITY] codeql/typeflow: * [*], codeql/util: not * [*] {dependency: codeql/typeflow@* [*] requires codeql/util@1.0.7}
[2025-10-02 15:33:15] [SPAMMY] resolve extensions-by-pack> [DECISION 8] codeql/typeflow: 1.0.7
[2025-10-02 15:33:15] [SPAMMY] resolve extensions-by-pack> [INCOMPATIBILITY] codeql/typetracking: * [*], codeql/util: not * [*] {dependency: codeql/typetracking@* [*] requires codeql/util@1.0.7}
[2025-10-02 15:33:15] [SPAMMY] resolve extensions-by-pack> [DECISION 9] codeql/typetracking: 1.0.7
[2025-10-02 15:33:15] [SPAMMY] resolve extensions-by-pack> [DECISION 10] codeql/util: 1.0.7
[2025-10-02 15:33:15] [SPAMMY] resolve extensions-by-pack> [INCOMPATIBILITY] codeql/xml: * [*], codeql/util: not * [*] {dependency: codeql/xml@* [*] requires codeql/util@1.0.7}
[2025-10-02 15:33:15] [SPAMMY] resolve extensions-by-pack> [DECISION 11] codeql/xml: 1.0.7
[2025-10-02 15:33:15] [PROGRESS] resolve extensions-by-pack> Loading data extensions in /home/haojie/test/codeql/qlpacks/codeql/cpp-all/1.4.2/ext/Boost.Asio.model.yml.
[2025-10-02 15:33:15] [DETAILS] resolve extensions-by-pack>   Found extension targeting codeql/cpp-all:sourceModel: 6 tuples.
[2025-10-02 15:33:15] [DETAILS] resolve extensions-by-pack>   Found extension targeting codeql/cpp-all:sinkModel: 4 tuples.
[2025-10-02 15:33:15] [DETAILS] resolve extensions-by-pack>   Found extension targeting codeql/cpp-all:summaryModel: 1 tuples.
[2025-10-02 15:33:15] [PROGRESS] resolve extensions-by-pack> Loading data extensions in /home/haojie/test/codeql/qlpacks/codeql/cpp-all/1.4.2/ext/allocation/Bsd.allocation.model.yml.
[2025-10-02 15:33:15] [DETAILS] resolve extensions-by-pack>   Found extension targeting codeql/cpp-all:allocationFunctionModel: 2 tuples.
[2025-10-02 15:33:15] [PROGRESS] resolve extensions-by-pack> Loading data extensions in /home/haojie/test/codeql/qlpacks/codeql/cpp-all/1.4.2/ext/allocation/Glibc.allocation.model.yml.
[2025-10-02 15:33:15] [DETAILS] resolve extensions-by-pack>   Found extension targeting codeql/cpp-all:allocationFunctionModel: 2 tuples.
[2025-10-02 15:33:15] [PROGRESS] resolve extensions-by-pack> Loading data extensions in /home/haojie/test/codeql/qlpacks/codeql/cpp-all/1.4.2/ext/allocation/OpenSSL.allocation.model.yml.
[2025-10-02 15:33:15] [DETAILS] resolve extensions-by-pack>   Found extension targeting codeql/cpp-all:allocationFunctionModel: 4 tuples.
[2025-10-02 15:33:15] [PROGRESS] resolve extensions-by-pack> Loading data extensions in /home/haojie/test/codeql/qlpacks/codeql/cpp-all/1.4.2/ext/allocation/Std.allocation.model.yml.
[2025-10-02 15:33:15] [DETAILS] resolve extensions-by-pack>   Found extension targeting codeql/cpp-all:allocationFunctionModel: 10 tuples.
[2025-10-02 15:33:15] [PROGRESS] resolve extensions-by-pack> Loading data extensions in /home/haojie/test/codeql/qlpacks/codeql/cpp-all/1.4.2/ext/allocation/Windows.allocation.model.yml.
[2025-10-02 15:33:15] [DETAILS] resolve extensions-by-pack>   Found extension targeting codeql/cpp-all:allocationFunctionModel: 24 tuples.
[2025-10-02 15:33:15] [PROGRESS] resolve extensions-by-pack> Loading data extensions in /home/haojie/test/codeql/qlpacks/codeql/cpp-all/1.4.2/ext/allocation/empty.allocation.model.yml.
[2025-10-02 15:33:15] [DETAILS] resolve extensions-by-pack>   Found extension targeting codeql/cpp-all:allocationFunctionModel: 0 tuples.
[2025-10-02 15:33:15] [PROGRESS] resolve extensions-by-pack> Loading data extensions in /home/haojie/test/codeql/qlpacks/codeql/cpp-all/1.4.2/ext/bsl.array.model.yml.
[2025-10-02 15:33:15] [DETAILS] resolve extensions-by-pack>   Found extension targeting codeql/cpp-all:summaryModel: 9 tuples.
[2025-10-02 15:33:15] [PROGRESS] resolve extensions-by-pack> Loading data extensions in /home/haojie/test/codeql/qlpacks/codeql/cpp-all/1.4.2/ext/bsl.deque.model.yml.
[2025-10-02 15:33:15] [DETAILS] resolve extensions-by-pack>   Found extension targeting codeql/cpp-all:summaryModel: 68 tuples.
[2025-10-02 15:33:15] [PROGRESS] resolve extensions-by-pack> Loading data extensions in /home/haojie/test/codeql/qlpacks/codeql/cpp-all/1.4.2/ext/bsl.forward_list.model.yml.
[2025-10-02 15:33:15] [DETAILS] resolve extensions-by-pack>   Found extension targeting codeql/cpp-all:summaryModel: 51 tuples.
[2025-10-02 15:33:15] [PROGRESS] resolve extensions-by-pack> Loading data extensions in /home/haojie/test/codeql/qlpacks/codeql/cpp-all/1.4.2/ext/bsl.list.model.yml.
[2025-10-02 15:33:15] [DETAILS] resolve extensions-by-pack>   Found extension targeting codeql/cpp-all:summaryModel: 66 tuples.
[2025-10-02 15:33:15] [PROGRESS] resolve extensions-by-pack> Loading data extensions in /home/haojie/test/codeql/qlpacks/codeql/cpp-all/1.4.2/ext/bsl.vector.model.yml.
[2025-10-02 15:33:15] [DETAILS] resolve extensions-by-pack>   Found extension targeting codeql/cpp-all:summaryModel: 55 tuples.
[2025-10-02 15:33:15] [PROGRESS] resolve extensions-by-pack> Loading data extensions in /home/haojie/test/codeql/qlpacks/codeql/cpp-all/1.4.2/ext/deallocation/Bsd.deallocation.model.yml.
[2025-10-02 15:33:15] [DETAILS] resolve extensions-by-pack>   Found extension targeting codeql/cpp-all:deallocationFunctionModel: 3 tuples.
[2025-10-02 15:33:15] [PROGRESS] resolve extensions-by-pack> Loading data extensions in /home/haojie/test/codeql/qlpacks/codeql/cpp-all/1.4.2/ext/deallocation/Std.deallocation.model.yml.
[2025-10-02 15:33:15] [DETAILS] resolve extensions-by-pack>   Found extension targeting codeql/cpp-all:deallocationFunctionModel: 37 tuples.
[2025-10-02 15:33:15] [PROGRESS] resolve extensions-by-pack> Loading data extensions in /home/haojie/test/codeql/qlpacks/codeql/cpp-all/1.4.2/ext/deallocation/Windows.deallocation.model.yml.
[2025-10-02 15:33:15] [DETAILS] resolve extensions-by-pack>   Found extension targeting codeql/cpp-all:deallocationFunctionModel: 36 tuples.
[2025-10-02 15:33:15] [PROGRESS] resolve extensions-by-pack> Loading data extensions in /home/haojie/test/codeql/qlpacks/codeql/cpp-all/1.4.2/ext/deallocation/empty.deallocation.model.yml.
[2025-10-02 15:33:15] [DETAILS] resolve extensions-by-pack>   Found extension targeting codeql/cpp-all:deallocationFunctionModel: 0 tuples.
[2025-10-02 15:33:15] [PROGRESS] resolve extensions-by-pack> Loading data extensions in /home/haojie/test/codeql/qlpacks/codeql/cpp-all/1.4.2/ext/empty.model.yml.
[2025-10-02 15:33:15] [DETAILS] resolve extensions-by-pack>   Found extension targeting codeql/cpp-all:sourceModel: 0 tuples.
[2025-10-02 15:33:15] [DETAILS] resolve extensions-by-pack>   Found extension targeting codeql/cpp-all:sinkModel: 0 tuples.
[2025-10-02 15:33:15] [DETAILS] resolve extensions-by-pack>   Found extension targeting codeql/cpp-all:summaryModel: 0 tuples.
[2025-10-02 15:33:15] [PROGRESS] resolve extensions-by-pack> Loading data extensions in /home/haojie/test/codeql/qlpacks/codeql/cpp-all/1.4.2/ext/std.array.model.yml.
[2025-10-02 15:33:15] [DETAILS] resolve extensions-by-pack>   Found extension targeting codeql/cpp-all:summaryModel: 9 tuples.
[2025-10-02 15:33:15] [PROGRESS] resolve extensions-by-pack> Loading data extensions in /home/haojie/test/codeql/qlpacks/codeql/cpp-all/1.4.2/ext/std.deque.model.yml.
[2025-10-02 15:33:15] [DETAILS] resolve extensions-by-pack>   Found extension targeting codeql/cpp-all:summaryModel: 68 tuples.
[2025-10-02 15:33:15] [PROGRESS] resolve extensions-by-pack> Loading data extensions in /home/haojie/test/codeql/qlpacks/codeql/cpp-all/1.4.2/ext/std.format.model.yml.
[2025-10-02 15:33:15] [DETAILS] resolve extensions-by-pack>   Found extension targeting codeql/cpp-all:summaryModel: 9 tuples.
[2025-10-02 15:33:15] [PROGRESS] resolve extensions-by-pack> Loading data extensions in /home/haojie/test/codeql/qlpacks/codeql/cpp-all/1.4.2/ext/std.forward_list.model.yml.
[2025-10-02 15:33:15] [DETAILS] resolve extensions-by-pack>   Found extension targeting codeql/cpp-all:summaryModel: 51 tuples.
[2025-10-02 15:33:15] [PROGRESS] resolve extensions-by-pack> Loading data extensions in /home/haojie/test/codeql/qlpacks/codeql/cpp-all/1.4.2/ext/std.iterator.model.yml.
[2025-10-02 15:33:15] [DETAILS] resolve extensions-by-pack>   Found extension targeting codeql/cpp-all:summaryModel: 6 tuples.
[2025-10-02 15:33:15] [PROGRESS] resolve extensions-by-pack> Loading data extensions in /home/haojie/test/codeql/qlpacks/codeql/cpp-all/1.4.2/ext/std.list.model.yml.
[2025-10-02 15:33:15] [DETAILS] resolve extensions-by-pack>   Found extension targeting codeql/cpp-all:summaryModel: 66 tuples.
[2025-10-02 15:33:15] [PROGRESS] resolve extensions-by-pack> Loading data extensions in /home/haojie/test/codeql/qlpacks/codeql/cpp-all/1.4.2/ext/std.vector.model.yml.
[2025-10-02 15:33:15] [DETAILS] resolve extensions-by-pack>   Found extension targeting codeql/cpp-all:summaryModel: 55 tuples.
[2025-10-02 15:33:15] Plumbing command codeql resolve extensions-by-pack completed:
                      {
                        "models" : [ ],
                        "data" : {
                          "/home/haojie/workspace/lcmhalmcp/queries" : [
                            {
                              "predicate" : "sourceModel",
                              "file" : "/home/haojie/test/codeql/qlpacks/codeql/cpp-all/1.4.2/ext/Boost.Asio.model.yml",
                              "index" : 0,
                              "firstRowId" : 0,
                              "rowCount" : 6,
                              "predicateHasOrigin" : true,
                              "locations" : {
                                "lineNumbers" : "A=7+1*5",
                                "columnNumbers" : "A=9*6"
                              }
                            },
                            {
                              "predicate" : "sinkModel",
                              "file" : "/home/haojie/test/codeql/qlpacks/codeql/cpp-all/1.4.2/ext/Boost.Asio.model.yml",
                              "index" : 1,
                              "firstRowId" : 6,
                              "rowCount" : 4,
                              "predicateHasOrigin" : true,
                              "locations" : {
                                "lineNumbers" : "A=17+1*3",
                                "columnNumbers" : "A=9*4"
                              }
                            },
                            {
                              "predicate" : "summaryModel",
                              "file" : "/home/haojie/test/codeql/qlpacks/codeql/cpp-all/1.4.2/ext/Boost.Asio.model.yml",
                              "index" : 2,
                              "firstRowId" : 10,
                              "rowCount" : 1,
                              "predicateHasOrigin" : true,
                              "locations" : {
                                "lineNumbers" : "A=25",
                                "columnNumbers" : "A=9"
                              }
                            },
                            {
                              "predicate" : "allocationFunctionModel",
                              "file" : "/home/haojie/test/codeql/qlpacks/codeql/cpp-all/1.4.2/ext/allocation/Bsd.allocation.model.yml",
                              "index" : 0,
                              "firstRowId" : 11,
                              "rowCount" : 2,
                              "predicateHasOrigin" : false,
                              "locations" : {
                                "lineNumbers" : "A=6+1",
                                "columnNumbers" : "A=9*2"
                              }
                            },
                            {
                              "predicate" : "allocationFunctionModel",
                              "file" : "/home/haojie/test/codeql/qlpacks/codeql/cpp-all/1.4.2/ext/allocation/Glibc.allocation.model.yml",
                              "index" : 0,
                              "firstRowId" : 13,
                              "rowCount" : 2,
                              "predicateHasOrigin" : false,
                              "locations" : {
                                "lineNumbers" : "A=6+1",
                                "columnNumbers" : "A=9*2"
                              }
                            },
                            {
                              "predicate" : "allocationFunctionModel",
                              "file" : "/home/haojie/test/codeql/qlpacks/codeql/cpp-all/1.4.2/ext/allocation/OpenSSL.allocation.model.yml",
                              "index" : 0,
                              "firstRowId" : 15,
                              "rowCount" : 4,
                              "predicateHasOrigin" : false,
                              "locations" : {
                                "lineNumbers" : "A=6+1*3",
                                "columnNumbers" : "A=9*4"
                              }
                            },
                            {
                              "predicate" : "allocationFunctionModel",
                              "file" : "/home/haojie/test/codeql/qlpacks/codeql/cpp-all/1.4.2/ext/allocation/Std.allocation.model.yml",
                              "index" : 0,
                              "firstRowId" : 19,
                              "rowCount" : 10,
                              "predicateHasOrigin" : false,
                              "locations" : {
                                "lineNumbers" : "A=6+1*9",
                                "columnNumbers" : "A=9*10"
                              }
                            },
                            {
                              "predicate" : "allocationFunctionModel",
                              "file" : "/home/haojie/test/codeql/qlpacks/codeql/cpp-all/1.4.2/ext/allocation/Windows.allocation.model.yml",
                              "index" : 0,
                              "firstRowId" : 29,
                              "rowCount" : 24,
                              "predicateHasOrigin" : false,
                              "locations" : {
                                "lineNumbers" : "A=6+1*23",
                                "columnNumbers" : "A=9*24"
                              }
                            },
                            {
                              "predicate" : "allocationFunctionModel",
                              "file" : "/home/haojie/test/codeql/qlpacks/codeql/cpp-all/1.4.2/ext/allocation/empty.allocation.model.yml",
                              "index" : 0,
                              "firstRowId" : 53,
                              "rowCount" : 0,
                              "predicateHasOrigin" : false,
                              "locations" : {
                                "lineNumbers" : "A",
                                "columnNumbers" : "A"
                              }
                            },
                            {
                              "predicate" : "summaryModel",
                              "file" : "/home/haojie/test/codeql/qlpacks/codeql/cpp-all/1.4.2/ext/bsl.array.model.yml",
                              "index" : 0,
                              "firstRowId" : 53,
                              "rowCount" : 9,
                              "predicateHasOrigin" : true,
                              "locations" : {
                                "lineNumbers" : "A=6+1*8",
                                "columnNumbers" : "A=9*9"
                              }
                            },
                            {
                              "predicate" : "summaryModel",
                              "file" : "/home/haojie/test/codeql/qlpacks/codeql/cpp-all/1.4.2/ext/bsl.deque.model.yml",
                              "index" : 0,
                              "firstRowId" : 62,
                              "rowCount" : 68,
                              "predicateHasOrigin" : true,
                              "locations" : {
                                "lineNumbers" : "A=6+1*67",
                                "columnNumbers" : "A=9*68"
                              }
                            },
                            {
                              "predicate" : "summaryModel",
                              "file" : "/home/haojie/test/codeql/qlpacks/codeql/cpp-all/1.4.2/ext/bsl.forward_list.model.yml",
                              "index" : 0,
                              "firstRowId" : 130,
                              "rowCount" : 51,
                              "predicateHasOrigin" : true,
                              "locations" : {
                                "lineNumbers" : "A=6+1*50",
                                "columnNumbers" : "A=9*51"
                              }
                            },
                            {
                              "predicate" : "summaryModel",
                              "file" : "/home/haojie/test/codeql/qlpacks/codeql/cpp-all/1.4.2/ext/bsl.list.model.yml",
                              "index" : 0,
                              "firstRowId" : 181,
                              "rowCount" : 66,
                              "predicateHasOrigin" : true,
                              "locations" : {
                                "lineNumbers" : "A=6+1*65",
                                "columnNumbers" : "A=9*66"
                              }
                            },
                            {
                              "predicate" : "summaryModel",
                              "file" : "/home/haojie/test/codeql/qlpacks/codeql/cpp-all/1.4.2/ext/bsl.vector.model.yml",
                              "index" : 0,
                              "firstRowId" : 247,
                              "rowCount" : 55,
                              "predicateHasOrigin" : true,
                              "locations" : {
                                "lineNumbers" : "A=6+1*54",
                                "columnNumbers" : "A=9*55"
                              }
                            },
                            {
                              "predicate" : "deallocationFunctionModel",
                              "file" : "/home/haojie/test/codeql/qlpacks/codeql/cpp-all/1.4.2/ext/deallocation/Bsd.deallocation.model.yml",
                              "index" : 0,
                              "firstRowId" : 302,
                              "rowCount" : 3,
                              "predicateHasOrigin" : false,
                              "locations" : {
                                "lineNumbers" : "A=6+1*2",
                                "columnNumbers" : "A=9*3"
                              }
                            },
                            {
                              "predicate" : "deallocationFunctionModel",
                              "file" : "/home/haojie/test/codeql/qlpacks/codeql/cpp-all/1.4.2/ext/deallocation/Std.deallocation.model.yml",
                              "index" : 0,
                              "firstRowId" : 305,
                              "rowCount" : 37,
                              "predicateHasOrigin" : false,
                              "locations" : {
                                "lineNumbers" : "A=6+1*36",
                                "columnNumbers" : "A=9*37"
                              }
                            },
                            {
                              "predicate" : "deallocationFunctionModel",
                              "file" : "/home/haojie/test/codeql/qlpacks/codeql/cpp-all/1.4.2/ext/deallocation/Windows.deallocation.model.yml",
                              "index" : 0,
                              "firstRowId" : 342,
                              "rowCount" : 36,
                              "predicateHasOrigin" : false,
                              "locations" : {
                                "lineNumbers" : "A=6+1*35",
                                "columnNumbers" : "A=9*36"
                              }
                            },
                            {
                              "predicate" : "deallocationFunctionModel",
                              "file" : "/home/haojie/test/codeql/qlpacks/codeql/cpp-all/1.4.2/ext/deallocation/empty.deallocation.model.yml",
                              "index" : 0,
                              "firstRowId" : 378,
                              "rowCount" : 0,
                              "predicateHasOrigin" : false,
                              "locations" : {
                                "lineNumbers" : "A",
                                "columnNumbers" : "A"
                              }
                            },
                            {
                              "predicate" : "sourceModel",
                              "file" : "/home/haojie/test/codeql/qlpacks/codeql/cpp-all/1.4.2/ext/empty.model.yml",
                              "index" : 0,
                              "firstRowId" : 378,
                              "rowCount" : 0,
                              "predicateHasOrigin" : true,
                              "locations" : {
                                "lineNumbers" : "A",
                                "columnNumbers" : "A"
                              }
                            },
                            {
                              "predicate" : "sinkModel",
                              "file" : "/home/haojie/test/codeql/qlpacks/codeql/cpp-all/1.4.2/ext/empty.model.yml",
                              "index" : 1,
                              "firstRowId" : 378,
                              "rowCount" : 0,
                              "predicateHasOrigin" : true,
                              "locations" : {
                                "lineNumbers" : "A",
                                "columnNumbers" : "A"
                              }
                            },
                            {
                              "predicate" : "summaryModel",
                              "file" : "/home/haojie/test/codeql/qlpacks/codeql/cpp-all/1.4.2/ext/empty.model.yml",
                              "index" : 2,
                              "firstRowId" : 378,
                              "rowCount" : 0,
                              "predicateHasOrigin" : true,
                              "locations" : {
                                "lineNumbers" : "A",
                                "columnNumbers" : "A"
                              }
                            },
                            {
                              "predicate" : "summaryModel",
                              "file" : "/home/haojie/test/codeql/qlpacks/codeql/cpp-all/1.4.2/ext/std.array.model.yml",
                              "index" : 0,
                              "firstRowId" : 378,
                              "rowCount" : 9,
                              "predicateHasOrigin" : true,
                              "locations" : {
                                "lineNumbers" : "A=6+1*8",
                                "columnNumbers" : "A=9*9"
                              }
                            },
                            {
                              "predicate" : "summaryModel",
                              "file" : "/home/haojie/test/codeql/qlpacks/codeql/cpp-all/1.4.2/ext/std.deque.model.yml",
                              "index" : 0,
                              "firstRowId" : 387,
                              "rowCount" : 68,
                              "predicateHasOrigin" : true,
                              "locations" : {
                                "lineNumbers" : "A=6+1*67",
                                "columnNumbers" : "A=9*68"
                              }
                            },
                            {
                              "predicate" : "summaryModel",
                              "file" : "/home/haojie/test/codeql/qlpacks/codeql/cpp-all/1.4.2/ext/std.format.model.yml",
                              "index" : 0,
                              "firstRowId" : 455,
                              "rowCount" : 9,
                              "predicateHasOrigin" : true,
                              "locations" : {
                                "lineNumbers" : "A=6+1*8",
                                "columnNumbers" : "A=9*9"
                              }
                            },
                            {
                              "predicate" : "summaryModel",
                              "file" : "/home/haojie/test/codeql/qlpacks/codeql/cpp-all/1.4.2/ext/std.forward_list.model.yml",
                              "index" : 0,
                              "firstRowId" : 464,
                              "rowCount" : 51,
                              "predicateHasOrigin" : true,
                              "locations" : {
                                "lineNumbers" : "A=6+1*50",
                                "columnNumbers" : "A=9*51"
                              }
                            },
                            {
                              "predicate" : "summaryModel",
                              "file" : "/home/haojie/test/codeql/qlpacks/codeql/cpp-all/1.4.2/ext/std.iterator.model.yml",
                              "index" : 0,
                              "firstRowId" : 515,
                              "rowCount" : 6,
                              "predicateHasOrigin" : true,
                              "locations" : {
                                "lineNumbers" : "A=6+1*5",
                                "columnNumbers" : "A=9*6"
                              }
                            },
                            {
                              "predicate" : "summaryModel",
                              "file" : "/home/haojie/test/codeql/qlpacks/codeql/cpp-all/1.4.2/ext/std.list.model.yml",
                              "index" : 0,
                              "firstRowId" : 521,
                              "rowCount" : 66,
                              "predicateHasOrigin" : true,
                              "locations" : {
                                "lineNumbers" : "A=6+1*65",
                                "columnNumbers" : "A=9*66"
                              }
                            },
                            {
                              "predicate" : "summaryModel",
                              "file" : "/home/haojie/test/codeql/qlpacks/codeql/cpp-all/1.4.2/ext/std.vector.model.yml",
                              "index" : 0,
                              "firstRowId" : 587,
                              "rowCount" : 55,
                              "predicateHasOrigin" : true,
                              "locations" : {
                                "lineNumbers" : "A=6+1*54",
                                "columnNumbers" : "A=9*55"
                              }
                            }
                          ]
                        },
                        "threatModels" : { },
                        "extensionPacks" : [ ]
                      }
[2025-10-02 15:33:15] Plumbing command codeql resolve extensions completed:
                      {
                        "models" : [ ],
                        "data" : {
                          "/home/haojie/workspace/lcmhalmcp/queries" : [
                            {
                              "predicate" : "sourceModel",
                              "file" : "/home/haojie/test/codeql/qlpacks/codeql/cpp-all/1.4.2/ext/Boost.Asio.model.yml",
                              "index" : 0,
                              "firstRowId" : 0,
                              "rowCount" : 6,
                              "predicateHasOrigin" : true,
                              "locations" : {
                                "lineNumbers" : "A=7+1*5",
                                "columnNumbers" : "A=9*6"
                              }
                            },
                            {
                              "predicate" : "sinkModel",
                              "file" : "/home/haojie/test/codeql/qlpacks/codeql/cpp-all/1.4.2/ext/Boost.Asio.model.yml",
                              "index" : 1,
                              "firstRowId" : 6,
                              "rowCount" : 4,
                              "predicateHasOrigin" : true,
                              "locations" : {
                                "lineNumbers" : "A=17+1*3",
                                "columnNumbers" : "A=9*4"
                              }
                            },
                            {
                              "predicate" : "summaryModel",
                              "file" : "/home/haojie/test/codeql/qlpacks/codeql/cpp-all/1.4.2/ext/Boost.Asio.model.yml",
                              "index" : 2,
                              "firstRowId" : 10,
                              "rowCount" : 1,
                              "predicateHasOrigin" : true,
                              "locations" : {
                                "lineNumbers" : "A=25",
                                "columnNumbers" : "A=9"
                              }
                            },
                            {
                              "predicate" : "allocationFunctionModel",
                              "file" : "/home/haojie/test/codeql/qlpacks/codeql/cpp-all/1.4.2/ext/allocation/Bsd.allocation.model.yml",
                              "index" : 0,
                              "firstRowId" : 11,
                              "rowCount" : 2,
                              "predicateHasOrigin" : false,
                              "locations" : {
                                "lineNumbers" : "A=6+1",
                                "columnNumbers" : "A=9*2"
                              }
                            },
                            {
                              "predicate" : "allocationFunctionModel",
                              "file" : "/home/haojie/test/codeql/qlpacks/codeql/cpp-all/1.4.2/ext/allocation/Glibc.allocation.model.yml",
                              "index" : 0,
                              "firstRowId" : 13,
                              "rowCount" : 2,
                              "predicateHasOrigin" : false,
                              "locations" : {
                                "lineNumbers" : "A=6+1",
                                "columnNumbers" : "A=9*2"
                              }
                            },
                            {
                              "predicate" : "allocationFunctionModel",
                              "file" : "/home/haojie/test/codeql/qlpacks/codeql/cpp-all/1.4.2/ext/allocation/OpenSSL.allocation.model.yml",
                              "index" : 0,
                              "firstRowId" : 15,
                              "rowCount" : 4,
                              "predicateHasOrigin" : false,
                              "locations" : {
                                "lineNumbers" : "A=6+1*3",
                                "columnNumbers" : "A=9*4"
                              }
                            },
                            {
                              "predicate" : "allocationFunctionModel",
                              "file" : "/home/haojie/test/codeql/qlpacks/codeql/cpp-all/1.4.2/ext/allocation/Std.allocation.model.yml",
                              "index" : 0,
                              "firstRowId" : 19,
                              "rowCount" : 10,
                              "predicateHasOrigin" : false,
                              "locations" : {
                                "lineNumbers" : "A=6+1*9",
                                "columnNumbers" : "A=9*10"
                              }
                            },
                            {
                              "predicate" : "allocationFunctionModel",
                              "file" : "/home/haojie/test/codeql/qlpacks/codeql/cpp-all/1.4.2/ext/allocation/Windows.allocation.model.yml",
                              "index" : 0,
                              "firstRowId" : 29,
                              "rowCount" : 24,
                              "predicateHasOrigin" : false,
                              "locations" : {
                                "lineNumbers" : "A=6+1*23",
                                "columnNumbers" : "A=9*24"
                              }
                            },
                            {
                              "predicate" : "allocationFunctionModel",
                              "file" : "/home/haojie/test/codeql/qlpacks/codeql/cpp-all/1.4.2/ext/allocation/empty.allocation.model.yml",
                              "index" : 0,
                              "firstRowId" : 53,
                              "rowCount" : 0,
                              "predicateHasOrigin" : false,
                              "locations" : {
                                "lineNumbers" : "A",
                                "columnNumbers" : "A"
                              }
                            },
                            {
                              "predicate" : "summaryModel",
                              "file" : "/home/haojie/test/codeql/qlpacks/codeql/cpp-all/1.4.2/ext/bsl.array.model.yml",
                              "index" : 0,
                              "firstRowId" : 53,
                              "rowCount" : 9,
                              "predicateHasOrigin" : true,
                              "locations" : {
                                "lineNumbers" : "A=6+1*8",
                                "columnNumbers" : "A=9*9"
                              }
                            },
                            {
                              "predicate" : "summaryModel",
                              "file" : "/home/haojie/test/codeql/qlpacks/codeql/cpp-all/1.4.2/ext/bsl.deque.model.yml",
                              "index" : 0,
                              "firstRowId" : 62,
                              "rowCount" : 68,
                              "predicateHasOrigin" : true,
                              "locations" : {
                                "lineNumbers" : "A=6+1*67",
                                "columnNumbers" : "A=9*68"
                              }
                            },
                            {
                              "predicate" : "summaryModel",
                              "file" : "/home/haojie/test/codeql/qlpacks/codeql/cpp-all/1.4.2/ext/bsl.forward_list.model.yml",
                              "index" : 0,
                              "firstRowId" : 130,
                              "rowCount" : 51,
                              "predicateHasOrigin" : true,
                              "locations" : {
                                "lineNumbers" : "A=6+1*50",
                                "columnNumbers" : "A=9*51"
                              }
                            },
                            {
                              "predicate" : "summaryModel",
                              "file" : "/home/haojie/test/codeql/qlpacks/codeql/cpp-all/1.4.2/ext/bsl.list.model.yml",
                              "index" : 0,
                              "firstRowId" : 181,
                              "rowCount" : 66,
                              "predicateHasOrigin" : true,
                              "locations" : {
                                "lineNumbers" : "A=6+1*65",
                                "columnNumbers" : "A=9*66"
                              }
                            },
                            {
                              "predicate" : "summaryModel",
                              "file" : "/home/haojie/test/codeql/qlpacks/codeql/cpp-all/1.4.2/ext/bsl.vector.model.yml",
                              "index" : 0,
                              "firstRowId" : 247,
                              "rowCount" : 55,
                              "predicateHasOrigin" : true,
                              "locations" : {
                                "lineNumbers" : "A=6+1*54",
                                "columnNumbers" : "A=9*55"
                              }
                            },
                            {
                              "predicate" : "deallocationFunctionModel",
                              "file" : "/home/haojie/test/codeql/qlpacks/codeql/cpp-all/1.4.2/ext/deallocation/Bsd.deallocation.model.yml",
                              "index" : 0,
                              "firstRowId" : 302,
                              "rowCount" : 3,
                              "predicateHasOrigin" : false,
                              "locations" : {
                                "lineNumbers" : "A=6+1*2",
                                "columnNumbers" : "A=9*3"
                              }
                            },
                            {
                              "predicate" : "deallocationFunctionModel",
                              "file" : "/home/haojie/test/codeql/qlpacks/codeql/cpp-all/1.4.2/ext/deallocation/Std.deallocation.model.yml",
                              "index" : 0,
                              "firstRowId" : 305,
                              "rowCount" : 37,
                              "predicateHasOrigin" : false,
                              "locations" : {
                                "lineNumbers" : "A=6+1*36",
                                "columnNumbers" : "A=9*37"
                              }
                            },
                            {
                              "predicate" : "deallocationFunctionModel",
                              "file" : "/home/haojie/test/codeql/qlpacks/codeql/cpp-all/1.4.2/ext/deallocation/Windows.deallocation.model.yml",
                              "index" : 0,
                              "firstRowId" : 342,
                              "rowCount" : 36,
                              "predicateHasOrigin" : false,
                              "locations" : {
                                "lineNumbers" : "A=6+1*35",
                                "columnNumbers" : "A=9*36"
                              }
                            },
                            {
                              "predicate" : "deallocationFunctionModel",
                              "file" : "/home/haojie/test/codeql/qlpacks/codeql/cpp-all/1.4.2/ext/deallocation/empty.deallocation.model.yml",
                              "index" : 0,
                              "firstRowId" : 378,
                              "rowCount" : 0,
                              "predicateHasOrigin" : false,
                              "locations" : {
                                "lineNumbers" : "A",
                                "columnNumbers" : "A"
                              }
                            },
                            {
                              "predicate" : "sourceModel",
                              "file" : "/home/haojie/test/codeql/qlpacks/codeql/cpp-all/1.4.2/ext/empty.model.yml",
                              "index" : 0,
                              "firstRowId" : 378,
                              "rowCount" : 0,
                              "predicateHasOrigin" : true,
                              "locations" : {
                                "lineNumbers" : "A",
                                "columnNumbers" : "A"
                              }
                            },
                            {
                              "predicate" : "sinkModel",
                              "file" : "/home/haojie/test/codeql/qlpacks/codeql/cpp-all/1.4.2/ext/empty.model.yml",
                              "index" : 1,
                              "firstRowId" : 378,
                              "rowCount" : 0,
                              "predicateHasOrigin" : true,
                              "locations" : {
                                "lineNumbers" : "A",
                                "columnNumbers" : "A"
                              }
                            },
                            {
                              "predicate" : "summaryModel",
                              "file" : "/home/haojie/test/codeql/qlpacks/codeql/cpp-all/1.4.2/ext/empty.model.yml",
                              "index" : 2,
                              "firstRowId" : 378,
                              "rowCount" : 0,
                              "predicateHasOrigin" : true,
                              "locations" : {
                                "lineNumbers" : "A",
                                "columnNumbers" : "A"
                              }
                            },
                            {
                              "predicate" : "summaryModel",
                              "file" : "/home/haojie/test/codeql/qlpacks/codeql/cpp-all/1.4.2/ext/std.array.model.yml",
                              "index" : 0,
                              "firstRowId" : 378,
                              "rowCount" : 9,
                              "predicateHasOrigin" : true,
                              "locations" : {
                                "lineNumbers" : "A=6+1*8",
                                "columnNumbers" : "A=9*9"
                              }
                            },
                            {
                              "predicate" : "summaryModel",
                              "file" : "/home/haojie/test/codeql/qlpacks/codeql/cpp-all/1.4.2/ext/std.deque.model.yml",
                              "index" : 0,
                              "firstRowId" : 387,
                              "rowCount" : 68,
                              "predicateHasOrigin" : true,
                              "locations" : {
                                "lineNumbers" : "A=6+1*67",
                                "columnNumbers" : "A=9*68"
                              }
                            },
                            {
                              "predicate" : "summaryModel",
                              "file" : "/home/haojie/test/codeql/qlpacks/codeql/cpp-all/1.4.2/ext/std.format.model.yml",
                              "index" : 0,
                              "firstRowId" : 455,
                              "rowCount" : 9,
                              "predicateHasOrigin" : true,
                              "locations" : {
                                "lineNumbers" : "A=6+1*8",
                                "columnNumbers" : "A=9*9"
                              }
                            },
                            {
                              "predicate" : "summaryModel",
                              "file" : "/home/haojie/test/codeql/qlpacks/codeql/cpp-all/1.4.2/ext/std.forward_list.model.yml",
                              "index" : 0,
                              "firstRowId" : 464,
                              "rowCount" : 51,
                              "predicateHasOrigin" : true,
                              "locations" : {
                                "lineNumbers" : "A=6+1*50",
                                "columnNumbers" : "A=9*51"
                              }
                            },
                            {
                              "predicate" : "summaryModel",
                              "file" : "/home/haojie/test/codeql/qlpacks/codeql/cpp-all/1.4.2/ext/std.iterator.model.yml",
                              "index" : 0,
                              "firstRowId" : 515,
                              "rowCount" : 6,
                              "predicateHasOrigin" : true,
                              "locations" : {
                                "lineNumbers" : "A=6+1*5",
                                "columnNumbers" : "A=9*6"
                              }
                            },
                            {
                              "predicate" : "summaryModel",
                              "file" : "/home/haojie/test/codeql/qlpacks/codeql/cpp-all/1.4.2/ext/std.list.model.yml",
                              "index" : 0,
                              "firstRowId" : 521,
                              "rowCount" : 66,
                              "predicateHasOrigin" : true,
                              "locations" : {
                                "lineNumbers" : "A=6+1*65",
                                "columnNumbers" : "A=9*66"
                              }
                            },
                            {
                              "predicate" : "summaryModel",
                              "file" : "/home/haojie/test/codeql/qlpacks/codeql/cpp-all/1.4.2/ext/std.vector.model.yml",
                              "index" : 0,
                              "firstRowId" : 587,
                              "rowCount" : 55,
                              "predicateHasOrigin" : true,
                              "locations" : {
                                "lineNumbers" : "A=6+1*54",
                                "columnNumbers" : "A=9*55"
                              }
                            }
                          ]
                        },
                        "threatModels" : { },
                        "extensionPacks" : [ ]
                      }
[2025-10-02 15:33:16] Calling plumbing command: codeql resolve library-path --qlconfig-file=/home/haojie/workspace/lcmhalmcp/qlconfig.yml --query=/home/haojie/workspace/lcmhalmcp/queries/collectors/mmio/info_driver_function_collector.ql --format=json
[2025-10-02 15:33:16] [DETAILS] resolve library-path> Resolving query at normalized path /home/haojie/workspace/lcmhalmcp/queries/collectors/mmio/info_driver_function_collector.ql.
[2025-10-02 15:33:16] [DETAILS] resolve library-path> Found enclosing pack 'getting-started/codeql-extra-queries-cpp' at /home/haojie/workspace/lcmhalmcp/queries.
[2025-10-02 15:33:16] [DETAILS] resolve library-path> Adding compilation cache at /home/haojie/.codeql/compile-cache.
[2025-10-02 15:33:16] [DETAILS] resolve library-path> Resolving library dependencies from /home/haojie/workspace/lcmhalmcp/queries/codeql-pack.yml.
[2025-10-02 15:33:16] [SPAMMY] resolve library-path> [INCOMPATIBILITY] getting-started/codeql-extra-queries-cpp: not 1.0.0 {root: getting-started/codeql-extra-queries-cpp@1.0.0}
[2025-10-02 15:33:16] [SPAMMY] resolve library-path> [DERIVATION] getting-started/codeql-extra-queries-cpp: 1.0.0 {getting-started/codeql-extra-queries-cpp: not 1.0.0 {root: getting-started/codeql-extra-queries-cpp@1.0.0}}
[2025-10-02 15:33:16] [SPAMMY] resolve library-path> [INCOMPATIBILITY] getting-started/codeql-extra-queries-cpp: * [*], codeql/cpp-all: not * [*] {dependency: getting-started/codeql-extra-queries-cpp@* [*] requires codeql/cpp-all@^1.4.1}
[2025-10-02 15:33:16] [SPAMMY] resolve library-path> [DECISION 1] getting-started/codeql-extra-queries-cpp: 1.0.0
[2025-10-02 15:33:16] [SPAMMY] resolve library-path> [DERIVATION] codeql/cpp-all: * [*] {getting-started/codeql-extra-queries-cpp: * [*], codeql/cpp-all: not * [*] {dependency: getting-started/codeql-extra-queries-cpp@* [*] requires codeql/cpp-all@^1.4.1}}
[2025-10-02 15:33:16] [SPAMMY] resolve library-path> [INCOMPATIBILITY] codeql/cpp-all: * [*], codeql/dataflow: not * [*] {dependency: codeql/cpp-all@* [*] requires codeql/dataflow@1.1.1}
[2025-10-02 15:33:16] [SPAMMY] resolve library-path> [INCOMPATIBILITY] codeql/cpp-all: * [*], codeql/mad: not * [*] {dependency: codeql/cpp-all@* [*] requires codeql/mad@1.0.7}
[2025-10-02 15:33:16] [SPAMMY] resolve library-path> [INCOMPATIBILITY] codeql/cpp-all: * [*], codeql/rangeanalysis: not * [*] {dependency: codeql/cpp-all@* [*] requires codeql/rangeanalysis@1.0.7}
[2025-10-02 15:33:16] [SPAMMY] resolve library-path> [INCOMPATIBILITY] codeql/cpp-all: * [*], codeql/ssa: not * [*] {dependency: codeql/cpp-all@* [*] requires codeql/ssa@1.0.7}
[2025-10-02 15:33:16] [SPAMMY] resolve library-path> [INCOMPATIBILITY] codeql/cpp-all: * [*], codeql/tutorial: not * [*] {dependency: codeql/cpp-all@* [*] requires codeql/tutorial@1.0.7}
[2025-10-02 15:33:16] [SPAMMY] resolve library-path> [INCOMPATIBILITY] codeql/cpp-all: * [*], codeql/typeflow: not * [*] {dependency: codeql/cpp-all@* [*] requires codeql/typeflow@1.0.7}
[2025-10-02 15:33:16] [SPAMMY] resolve library-path> [INCOMPATIBILITY] codeql/cpp-all: * [*], codeql/util: not * [*] {dependency: codeql/cpp-all@* [*] requires codeql/util@1.0.7}
[2025-10-02 15:33:16] [SPAMMY] resolve library-path> [INCOMPATIBILITY] codeql/cpp-all: * [*], codeql/xml: not * [*] {dependency: codeql/cpp-all@* [*] requires codeql/xml@1.0.7}
[2025-10-02 15:33:16] [SPAMMY] resolve library-path> [DECISION 2] codeql/cpp-all: 1.4.2
[2025-10-02 15:33:16] [SPAMMY] resolve library-path> [DERIVATION] codeql/xml: * [*] {codeql/cpp-all: * [*], codeql/xml: not * [*] {dependency: codeql/cpp-all@* [*] requires codeql/xml@1.0.7}}
[2025-10-02 15:33:16] [SPAMMY] resolve library-path> [DERIVATION] codeql/util: * [*] {codeql/cpp-all: * [*], codeql/util: not * [*] {dependency: codeql/cpp-all@* [*] requires codeql/util@1.0.7}}
[2025-10-02 15:33:16] [SPAMMY] resolve library-path> [DERIVATION] codeql/typeflow: * [*] {codeql/cpp-all: * [*], codeql/typeflow: not * [*] {dependency: codeql/cpp-all@* [*] requires codeql/typeflow@1.0.7}}
[2025-10-02 15:33:16] [SPAMMY] resolve library-path> [DERIVATION] codeql/tutorial: * [*] {codeql/cpp-all: * [*], codeql/tutorial: not * [*] {dependency: codeql/cpp-all@* [*] requires codeql/tutorial@1.0.7}}
[2025-10-02 15:33:16] [SPAMMY] resolve library-path> [DERIVATION] codeql/ssa: * [*] {codeql/cpp-all: * [*], codeql/ssa: not * [*] {dependency: codeql/cpp-all@* [*] requires codeql/ssa@1.0.7}}
[2025-10-02 15:33:16] [SPAMMY] resolve library-path> [DERIVATION] codeql/rangeanalysis: * [*] {codeql/cpp-all: * [*], codeql/rangeanalysis: not * [*] {dependency: codeql/cpp-all@* [*] requires codeql/rangeanalysis@1.0.7}}
[2025-10-02 15:33:16] [SPAMMY] resolve library-path> [DERIVATION] codeql/mad: * [*] {codeql/cpp-all: * [*], codeql/mad: not * [*] {dependency: codeql/cpp-all@* [*] requires codeql/mad@1.0.7}}
[2025-10-02 15:33:16] [SPAMMY] resolve library-path> [DERIVATION] codeql/dataflow: * [*] {codeql/cpp-all: * [*], codeql/dataflow: not * [*] {dependency: codeql/cpp-all@* [*] requires codeql/dataflow@1.1.1}}
[2025-10-02 15:33:16] [SPAMMY] resolve library-path> [INCOMPATIBILITY] codeql/dataflow: * [*], codeql/ssa: not * [*] {dependency: codeql/dataflow@* [*] requires codeql/ssa@1.0.7}
[2025-10-02 15:33:16] [SPAMMY] resolve library-path> [INCOMPATIBILITY] codeql/dataflow: * [*], codeql/typetracking: not * [*] {dependency: codeql/dataflow@* [*] requires codeql/typetracking@1.0.7}
[2025-10-02 15:33:16] [SPAMMY] resolve library-path> [INCOMPATIBILITY] codeql/dataflow: * [*], codeql/util: not * [*] {dependency: codeql/dataflow@* [*] requires codeql/util@1.0.7}
[2025-10-02 15:33:16] [SPAMMY] resolve library-path> [DECISION 3] codeql/dataflow: 1.1.1
[2025-10-02 15:33:16] [SPAMMY] resolve library-path> [DERIVATION] codeql/typetracking: * [*] {codeql/dataflow: * [*], codeql/typetracking: not * [*] {dependency: codeql/dataflow@* [*] requires codeql/typetracking@1.0.7}}
[2025-10-02 15:33:16] [SPAMMY] resolve library-path> [INCOMPATIBILITY] codeql/mad: * [*], codeql/util: not * [*] {dependency: codeql/mad@* [*] requires codeql/util@1.0.7}
[2025-10-02 15:33:16] [SPAMMY] resolve library-path> [DECISION 4] codeql/mad: 1.0.7
[2025-10-02 15:33:16] [SPAMMY] resolve library-path> [INCOMPATIBILITY] codeql/rangeanalysis: * [*], codeql/util: not * [*] {dependency: codeql/rangeanalysis@* [*] requires codeql/util@1.0.7}
[2025-10-02 15:33:16] [SPAMMY] resolve library-path> [DECISION 5] codeql/rangeanalysis: 1.0.7
[2025-10-02 15:33:16] [SPAMMY] resolve library-path> [INCOMPATIBILITY] codeql/ssa: * [*], codeql/util: not * [*] {dependency: codeql/ssa@* [*] requires codeql/util@1.0.7}
[2025-10-02 15:33:16] [SPAMMY] resolve library-path> [DECISION 6] codeql/ssa: 1.0.7
[2025-10-02 15:33:16] [SPAMMY] resolve library-path> [DECISION 7] codeql/tutorial: 1.0.7
[2025-10-02 15:33:16] [SPAMMY] resolve library-path> [INCOMPATIBILITY] codeql/typeflow: * [*], codeql/util: not * [*] {dependency: codeql/typeflow@* [*] requires codeql/util@1.0.7}
[2025-10-02 15:33:16] [SPAMMY] resolve library-path> [DECISION 8] codeql/typeflow: 1.0.7
[2025-10-02 15:33:16] [SPAMMY] resolve library-path> [INCOMPATIBILITY] codeql/typetracking: * [*], codeql/util: not * [*] {dependency: codeql/typetracking@* [*] requires codeql/util@1.0.7}
[2025-10-02 15:33:16] [SPAMMY] resolve library-path> [DECISION 9] codeql/typetracking: 1.0.7
[2025-10-02 15:33:16] [SPAMMY] resolve library-path> [DECISION 10] codeql/util: 1.0.7
[2025-10-02 15:33:16] [SPAMMY] resolve library-path> [INCOMPATIBILITY] codeql/xml: * [*], codeql/util: not * [*] {dependency: codeql/xml@* [*] requires codeql/util@1.0.7}
[2025-10-02 15:33:16] [SPAMMY] resolve library-path> [DECISION 11] codeql/xml: 1.0.7
[2025-10-02 15:33:16] [DETAILS] resolve library-path> QL pack dependencies for /home/haojie/workspace/lcmhalmcp/queries resolved OK.
[2025-10-02 15:33:16] [DETAILS] resolve library-path> Found dbscheme through QL packs: /home/haojie/test/codeql/qlpacks/codeql/cpp-all/1.4.2/semmlecode.cpp.dbscheme.
[2025-10-02 15:33:16] Plumbing command codeql resolve library-path completed:
                      {
                        "libraryPath" : [
                          "/home/haojie/workspace/lcmhalmcp/queries",
                          "/home/haojie/test/codeql/qlpacks/codeql/cpp-all/1.4.2",
                          "/home/haojie/test/codeql/qlpacks/codeql/dataflow/1.1.1",
                          "/home/haojie/test/codeql/qlpacks/codeql/mad/1.0.7",
                          "/home/haojie/test/codeql/qlpacks/codeql/rangeanalysis/1.0.7",
                          "/home/haojie/test/codeql/qlpacks/codeql/ssa/1.0.7",
                          "/home/haojie/test/codeql/qlpacks/codeql/tutorial/1.0.7",
                          "/home/haojie/test/codeql/qlpacks/codeql/typeflow/1.0.7",
                          "/home/haojie/test/codeql/qlpacks/codeql/typetracking/1.0.7",
                          "/home/haojie/test/codeql/qlpacks/codeql/util/1.0.7",
                          "/home/haojie/test/codeql/qlpacks/codeql/xml/1.0.7"
                        ],
                        "dbscheme" : "/home/haojie/test/codeql/qlpacks/codeql/cpp-all/1.4.2/semmlecode.cpp.dbscheme",
                        "compilationCache" : [
                          "/home/haojie/.codeql/compile-cache"
                        ],
                        "relativeName" : "getting-started/codeql-extra-queries-cpp/collectors/mmio/info_driver_function_collector.ql",
                        "qlPackName" : "getting-started/codeql-extra-queries-cpp"
                      }
[2025-10-02 15:33:16] [PROGRESS] execute queries> Compiling query plan for /home/haojie/workspace/lcmhalmcp/queries/collectors/mmio/info_driver_function_collector.ql.
[2025-10-02 15:33:16] [DETAILS] execute queries> Resolving imports for /home/haojie/workspace/lcmhalmcp/queries/collectors/mmio/info_driver_function_collector.ql.
[2025-10-02 15:33:16] Resolved file set for /home/haojie/workspace/lcmhalmcp/queries/collectors/mmio/info_driver_function_collector.ql hashes to 170a0e67d8f4f7206aa57d24dcac84073cde69c7.
[2025-10-02 15:33:16] [DETAILS] execute queries> Checking QL for /home/haojie/workspace/lcmhalmcp/queries/collectors/mmio/info_driver_function_collector.ql.
[2025-10-02 15:33:16] Stale frontend caches are invalidated based on import graph reachability.
[2025-10-02 15:33:16] ExternalModuleBindingPass ...
[2025-10-02 15:33:17] ExternalModuleBindingPass time: 00:00.796
[2025-10-02 15:33:17] CollectInstantiationsPass ...
[2025-10-02 15:33:17] CollectInstantiationsPass time: 00:00.179
[2025-10-02 15:33:17] Ql checks ...
[2025-10-02 15:33:21] Ql checks time: 00:03.214
[2025-10-02 15:33:28] Compilation pipeline
[2025-10-02 15:33:28] Type Inference ...
[2025-10-02 15:33:28] CSV_TYPE_HIERARCHY: Best number of iterations,Maximum number of runs,Number of BDD variables,Size of BDD for typefacts
[2025-10-02 15:33:28] CSV_TYPE_HIERARCHY: 0,0,12,12
[2025-10-02 15:33:28] CSV_TYPE_HIERARCHY: 0,0,0,0
[2025-10-02 15:33:28] CSV_TYPE_HIERARCHY: 0,0,0,0
[2025-10-02 15:33:28] CSV_TYPE_HIERARCHY: 0,0,30,31
[2025-10-02 15:33:28] CSV_TYPE_HIERARCHY: 0,0,13,13
[2025-10-02 15:33:28] CSV_TYPE_HIERARCHY: 0,0,0,0
[2025-10-02 15:33:29] CSV_TYPE_HIERARCHY: 0,0,965,3708
[2025-10-02 15:33:29] CSV_TYPE_HIERARCHY: 0,0,0,0
[2025-10-02 15:33:29] CSV_TYPE_HIERARCHY: 0,0,2,2
[2025-10-02 15:33:29] CSV_TYPE_HIERARCHY: 0,0,2,2
[2025-10-02 15:33:29] CSV_TYPE_HIERARCHY: 0,0,66,184
[2025-10-02 15:33:29] CSV_TYPE_HIERARCHY: 0,0,2,2
[2025-10-02 15:33:29] CSV_TYPE_HIERARCHY: 0,0,3,3
[2025-10-02 15:33:29] CSV_TYPE_HIERARCHY: 0,0,9,14
[2025-10-02 15:33:29] CSV_TYPE_HIERARCHY: 0,0,357,1055
[2025-10-02 15:33:29] CSV_TYPE_HIERARCHY: 0,0,85,85
[2025-10-02 15:33:29] CSV_TYPE_HIERARCHY: 0,0,186,539
[2025-10-02 15:33:29] CSV_TYPE_HIERARCHY: 0,0,84,84
[2025-10-02 15:33:29] CSV_TYPE_HIERARCHY: 0,0,7,8
[2025-10-02 15:33:29] CSV_TYPE_HIERARCHY: 0,0,1,1
[2025-10-02 15:33:29] CSV_TYPE_HIERARCHY: 0,0,5,6
[2025-10-02 15:33:29] CSV_TYPE_HIERARCHY: 0,0,7,7
[2025-10-02 15:33:29] CSV_TYPE_HIERARCHY: 0,0,15,25
[2025-10-02 15:33:29] CSV_TYPE_HIERARCHY: 0,0,3,3
[2025-10-02 15:33:29] CSV_TYPE_HIERARCHY: 0,0,43,90
[2025-10-02 15:33:29] CSV_TYPE_HIERARCHY: 0,0,7,7
[2025-10-02 15:33:29] CSV_TYPE_HIERARCHY: 0,0,2,2
[2025-10-02 15:33:29] CSV_TYPE_HIERARCHY: 0,0,2,2
[2025-10-02 15:33:29] CSV_TYPE_HIERARCHY: 0,0,3,3
[2025-10-02 15:33:29] CSV_TYPE_HIERARCHY: 0,0,7,7
[2025-10-02 15:33:29] CSV_TYPE_HIERARCHY: 0,0,73,130
[2025-10-02 15:33:29] CSV_TYPE_HIERARCHY: 0,0,18,21
[2025-10-02 15:33:29] CSV_TYPE_HIERARCHY: 0,0,3,3
[2025-10-02 15:33:29] CSV_TYPE_HIERARCHY: 0,0,4,4
[2025-10-02 15:33:29] CSV_TYPE_HIERARCHY: 0,0,10,10
[2025-10-02 15:33:29] CSV_TYPE_HIERARCHY: 0,0,6,6
[2025-10-02 15:33:29] CSV_TYPE_HIERARCHY: 0,0,1,1
[2025-10-02 15:33:29] CSV_TYPE_HIERARCHY: 0,0,18,30
[2025-10-02 15:33:29] CSV_TYPE_HIERARCHY: 0,0,6,7
[2025-10-02 15:33:29] CSV_TYPE_HIERARCHY: 0,0,1,1
[2025-10-02 15:33:29] CSV_TYPE_HIERARCHY: 0,0,2,2
[2025-10-02 15:33:29] CSV_TYPE_HIERARCHY: 0,0,2,2
[2025-10-02 15:33:29] CSV_TYPE_HIERARCHY: 0,0,8,10
[2025-10-02 15:33:29] CSV_TYPE_HIERARCHY: 0,0,3,3
[2025-10-02 15:33:29] CSV_TYPE_HIERARCHY: 0,0,9,11
[2025-10-02 15:33:29] CSV_TYPE_HIERARCHY: 0,0,4,4
[2025-10-02 15:33:29] CSV_TYPE_HIERARCHY: 0,0,4,4
[2025-10-02 15:33:29] CSV_TYPE_HIERARCHY: 0,0,3,3
[2025-10-02 15:33:29] CSV_TYPE_HIERARCHY: 0,0,1,1
[2025-10-02 15:33:29] CSV_TYPE_HIERARCHY: 0,0,2,2
[2025-10-02 15:33:29] CSV_TYPE_HIERARCHY: 0,0,1,1
[2025-10-02 15:33:29] CSV_TYPE_HIERARCHY: 0,0,7,9
[2025-10-02 15:33:29] CSV_TYPE_HIERARCHY: 0,0,3,3
[2025-10-02 15:33:29] CSV_TYPE_HIERARCHY: 0,0,1,1
[2025-10-02 15:33:29] CSV_TYPE_HIERARCHY: 0,0,8,10
[2025-10-02 15:33:29] CSV_TYPE_HIERARCHY: 0,0,6,6
[2025-10-02 15:33:29] CSV_TYPE_HIERARCHY: 0,0,2,2
[2025-10-02 15:33:29] CSV_TYPE_HIERARCHY: 0,0,1,1
[2025-10-02 15:33:29] CSV_TYPE_HIERARCHY: 0,0,4,4
[2025-10-02 15:33:29] CSV_TYPE_HIERARCHY: 0,0,2,2
[2025-10-02 15:33:29] CSV_TYPE_HIERARCHY: 0,0,2,2
[2025-10-02 15:33:29] CSV_TYPE_HIERARCHY: 0,0,7,7
[2025-10-02 15:33:29] CSV_TYPE_HIERARCHY: 0,0,7,7
[2025-10-02 15:33:29] CSV_TYPE_HIERARCHY: 0,0,4,4
[2025-10-02 15:33:29] CSV_TYPE_HIERARCHY: 0,0,4,4
[2025-10-02 15:33:29] CSV_TYPE_HIERARCHY: 0,0,4,4
[2025-10-02 15:33:29] CSV_TYPE_HIERARCHY: 0,0,6,6
[2025-10-02 15:33:29] CSV_TYPE_HIERARCHY: 0,0,4,4
[2025-10-02 15:33:29] CSV_TYPE_HIERARCHY: 0,0,3,3
[2025-10-02 15:33:29] CSV_TYPE_HIERARCHY: 0,0,1,1
[2025-10-02 15:33:29] CSV_TYPE_HIERARCHY: 0,0,4,4
[2025-10-02 15:33:29] CSV_TYPE_HIERARCHY: 0,0,2,2
[2025-10-02 15:33:29] CSV_TYPE_HIERARCHY: 0,0,1,1
[2025-10-02 15:33:29] CSV_TYPE_HIERARCHY: 0,0,2,2
[2025-10-02 15:33:29] CSV_TYPE_HIERARCHY: 0,0,5,5
[2025-10-02 15:33:29] CSV_TYPE_HIERARCHY: 0,0,11,11
[2025-10-02 15:33:29] CSV_TYPE_HIERARCHY: 0,0,2,2
[2025-10-02 15:33:29] CSV_TYPE_HIERARCHY: 0,0,3,3
[2025-10-02 15:33:29] CSV_TYPE_HIERARCHY: 0,0,2,2
[2025-10-02 15:33:29] CSV_TYPE_HIERARCHY: 0,0,3,3
[2025-10-02 15:33:29] CSV_TYPE_HIERARCHY: 0,0,2,2
[2025-10-02 15:33:29] CSV_TYPE_HIERARCHY: 0,0,2,2
[2025-10-02 15:33:29] CSV_TYPE_HIERARCHY: 0,0,3,3
[2025-10-02 15:33:29] CSV_TYPE_HIERARCHY: 0,0,2,2
[2025-10-02 15:33:29] CSV_TYPE_HIERARCHY: 0,0,2,2
[2025-10-02 15:33:29] CSV_TYPE_HIERARCHY: 0,0,2,2
[2025-10-02 15:33:29] CSV_TYPE_HIERARCHY: 0,0,2,2
[2025-10-02 15:33:29] CSV_TYPE_HIERARCHY: 0,0,1,1
[2025-10-02 15:33:29] CSV_TYPE_HIERARCHY: 0,0,3,3
[2025-10-02 15:33:29] CSV_TYPE_HIERARCHY: 0,0,1,1
[2025-10-02 15:33:29] CSV_TYPE_HIERARCHY: 0,0,4,4
[2025-10-02 15:33:29] CSV_TYPE_HIERARCHY: 0,0,2,2
[2025-10-02 15:33:29] CSV_TYPE_HIERARCHY: 0,0,2,2
[2025-10-02 15:33:29] CSV_TYPE_HIERARCHY: 0,0,2,2
[2025-10-02 15:33:29] CSV_TYPE_HIERARCHY: 0,0,1,1
[2025-10-02 15:33:29] CSV_TYPE_HIERARCHY: 0,0,1,1
[2025-10-02 15:33:29] CSV_TYPE_HIERARCHY: 0,0,2,2
[2025-10-02 15:33:29] CSV_TYPE_HIERARCHY: 0,0,2,2
[2025-10-02 15:33:29] CSV_TYPE_HIERARCHY: 0,0,2,2
[2025-10-02 15:33:29] CSV_TYPE_HIERARCHY: 0,0,9,9
[2025-10-02 15:33:29] CSV_TYPE_HIERARCHY: 0,0,5,6
[2025-10-02 15:33:29] CSV_TYPE_HIERARCHY: 0,0,7,7
[2025-10-02 15:33:29] CSV_TYPE_HIERARCHY: 0,0,4,4
[2025-10-02 15:33:29] CSV_TYPE_HIERARCHY: 0,0,3,3
[2025-10-02 15:33:29] CSV_TYPE_HIERARCHY: 0,0,7,7
[2025-10-02 15:33:29] CSV_TYPE_HIERARCHY: 0,0,2,2
[2025-10-02 15:33:29] CSV_TYPE_HIERARCHY: 0,0,7,9
[2025-10-02 15:33:29] CSV_TYPE_HIERARCHY: 0,0,4,4
[2025-10-02 15:33:29] CSV_TYPE_HIERARCHY: 0,0,2,2
[2025-10-02 15:33:29] CSV_TYPE_HIERARCHY: 0,0,3,3
[2025-10-02 15:33:29] CSV_TYPE_HIERARCHY: 0,0,2,2
[2025-10-02 15:33:29] CSV_TYPE_HIERARCHY: 0,0,2,2
[2025-10-02 15:33:29] CSV_TYPE_HIERARCHY: 0,0,1,1
[2025-10-02 15:33:29] CSV_TYPE_HIERARCHY: 0,0,2,2
[2025-10-02 15:33:29] CSV_TYPE_HIERARCHY: 0,0,4,4
[2025-10-02 15:33:29] CSV_TYPE_HIERARCHY: 0,0,2,2
[2025-10-02 15:33:29] CSV_TYPE_HIERARCHY: 0,0,2,2
[2025-10-02 15:33:29] CSV_TYPE_HIERARCHY: 0,0,1,1
[2025-10-02 15:33:29] CSV_TYPE_HIERARCHY: 0,0,1,1
[2025-10-02 15:33:29] CSV_TYPE_HIERARCHY: 0,0,1,1
[2025-10-02 15:33:29] CSV_TYPE_HIERARCHY: 0,0,2,2
[2025-10-02 15:33:29] CSV_TYPE_HIERARCHY: 0,0,2,2
[2025-10-02 15:33:29] CSV_TYPE_HIERARCHY: 0,0,1,1
[2025-10-02 15:33:29] CSV_TYPE_HIERARCHY: 0,0,1,1
[2025-10-02 15:33:29] CSV_TYPE_HIERARCHY: 0,0,4,4
[2025-10-02 15:33:29] CSV_TYPE_HIERARCHY: 0,0,1,1
[2025-10-02 15:33:29] CSV_TYPE_HIERARCHY: 0,0,1,1
[2025-10-02 15:33:29] CSV_TYPE_HIERARCHY: 0,0,1,1
[2025-10-02 15:33:29] CSV_TYPE_HIERARCHY: 0,0,5,6
[2025-10-02 15:33:29] CSV_TYPE_HIERARCHY: 0,0,1,1
[2025-10-02 15:33:29] CSV_TYPE_HIERARCHY: 0,0,5,6
[2025-10-02 15:33:29] CSV_TYPE_HIERARCHY: 0,0,1,1
[2025-10-02 15:33:29] CSV_TYPE_HIERARCHY: 0,0,7,7
[2025-10-02 15:33:29] CSV_TYPE_HIERARCHY: 0,0,7,9
[2025-10-02 15:33:29] CSV_TYPE_HIERARCHY: 0,0,2,2
[2025-10-02 15:33:29] CSV_TYPE_HIERARCHY: 0,0,3,3
[2025-10-02 15:33:29] CSV_TYPE_HIERARCHY: 0,0,7,7
[2025-10-02 15:33:29] CSV_TYPE_HIERARCHY: 0,0,7,7
[2025-10-02 15:33:29] CSV_TYPE_HIERARCHY: 0,0,7,9
[2025-10-02 15:33:29] CSV_TYPE_HIERARCHY: 0,0,2,2
[2025-10-02 15:33:29] CSV_TYPE_HIERARCHY: 0,0,3,3
[2025-10-02 15:33:29] CSV_TYPE_HIERARCHY: 0,0,7,7
[2025-10-02 15:33:29] CSV_TYPE_HIERARCHY: 0,0,2,2
[2025-10-02 15:33:29] CSV_TYPE_HIERARCHY: 0,0,2,2
[2025-10-02 15:33:29] CSV_TYPE_HIERARCHY: 0,0,2,2
[2025-10-02 15:33:29] CSV_TYPE_HIERARCHY: 0,0,2,2
[2025-10-02 15:33:29] CSV_TYPE_HIERARCHY: 0,0,2,2
[2025-10-02 15:33:29] CSV_TYPE_HIERARCHY: 0,0,2,2
[2025-10-02 15:33:29] CSV_TYPE_HIERARCHY: 0,0,2,2
[2025-10-02 15:33:29] CSV_TYPE_HIERARCHY: 0,0,2,2
[2025-10-02 15:33:29] CSV_TYPE_HIERARCHY: 0,0,2,2
[2025-10-02 15:33:29] CSV_TYPE_HIERARCHY: 0,0,2,2
[2025-10-02 15:33:29] CSV_TYPE_HIERARCHY: 0,0,2,2
[2025-10-02 15:33:29] CSV_TYPE_HIERARCHY: 0,0,2,2
[2025-10-02 15:33:29] CSV_TYPE_HIERARCHY: 0,0,2,2
[2025-10-02 15:33:29] CSV_TYPE_HIERARCHY: 0,0,2,2
[2025-10-02 15:33:29] CSV_TYPE_HIERARCHY: 0,0,2,2
[2025-10-02 15:33:29] CSV_TYPE_HIERARCHY: 0,0,2,2
[2025-10-02 15:33:29] CSV_TYPE_HIERARCHY: 0,0,2,2
[2025-10-02 15:33:29] CSV_TYPE_HIERARCHY: 0,0,2,2
[2025-10-02 15:33:29] CSV_TYPE_HIERARCHY: 0,0,4,4
[2025-10-02 15:33:29] CSV_TYPE_HIERARCHY: 0,0,4,4
[2025-10-02 15:33:29] CSV_TYPE_HIERARCHY: 0,0,4,4
[2025-10-02 15:33:29] CSV_TYPE_HIERARCHY: 0,0,4,4
[2025-10-02 15:33:29] CSV_TYPE_HIERARCHY: 0,0,4,4
[2025-10-02 15:33:29] CSV_TYPE_HIERARCHY: 0,0,4,4
[2025-10-02 15:33:29] CSV_TYPE_HIERARCHY: 0,0,4,4
[2025-10-02 15:33:29] CSV_TYPE_HIERARCHY: 0,0,4,4
[2025-10-02 15:33:29] CSV_TYPE_HIERARCHY: 0,0,1,1
[2025-10-02 15:33:29] CSV_TYPE_HIERARCHY: 0,0,1,1
[2025-10-02 15:33:29] CSV_TYPE_HIERARCHY: 0,0,4,4
[2025-10-02 15:33:29] CSV_TYPE_HIERARCHY: 0,0,1,1
[2025-10-02 15:33:29] CSV_TYPE_HIERARCHY: 0,0,1,1
[2025-10-02 15:33:29] CSV_TYPE_HIERARCHY: 0,0,4,4
[2025-10-02 15:33:29] CSV_TYPE_HIERARCHY: 0,0,1,1
[2025-10-02 15:33:29] CSV_TYPE_HIERARCHY: 0,0,1,1
[2025-10-02 15:33:29] CSV_TYPE_HIERARCHY: 0,0,4,4
[2025-10-02 15:33:29] CSV_TYPE_HIERARCHY: 0,0,1,1
[2025-10-02 15:33:29] CSV_TYPE_HIERARCHY: 0,0,1,1
[2025-10-02 15:33:29] CSV_TYPE_HIERARCHY: 0,0,4,4
[2025-10-02 15:33:29] CSV_TYPE_HIERARCHY: 0,0,1,1
[2025-10-02 15:33:29] CSV_TYPE_HIERARCHY: 0,0,1,1
[2025-10-02 15:33:29] CSV_TYPE_HIERARCHY: 0,0,4,4
[2025-10-02 15:33:29] CSV_TYPE_HIERARCHY: 0,0,1,1
[2025-10-02 15:33:29] CSV_TYPE_HIERARCHY: 0,0,1,1
[2025-10-02 15:33:29] CSV_TYPE_HIERARCHY: 0,0,4,4
[2025-10-02 15:33:29] CSV_TYPE_HIERARCHY: 0,0,1,1
[2025-10-02 15:33:29] CSV_TYPE_HIERARCHY: 0,0,1,1
[2025-10-02 15:33:29] CSV_TYPE_HIERARCHY: 0,0,4,4
[2025-10-02 15:33:29] CSV_TYPE_HIERARCHY: 0,0,1,1
[2025-10-02 15:33:29] CSV_TYPE_HIERARCHY: 0,0,1,1
[2025-10-02 15:33:29] CSV_TYPE_HIERARCHY: 0,0,4,4
[2025-10-02 15:33:29] CSV_TYPE_HIERARCHY: 0,0,1,1
[2025-10-02 15:33:29] CSV_TYPE_HIERARCHY: 0,0,1,1
[2025-10-02 15:33:29] CSV_TYPE_HIERARCHY: 0,0,4,4
[2025-10-02 15:33:29] CSV_TYPE_HIERARCHY: 0,0,7,7
[2025-10-02 15:33:29] CSV_TYPE_HIERARCHY: 0,0,7,9
[2025-10-02 15:33:29] CSV_TYPE_HIERARCHY: 0,0,2,2
[2025-10-02 15:33:29] CSV_TYPE_HIERARCHY: 0,0,3,3
[2025-10-02 15:33:29] CSV_TYPE_HIERARCHY: 0,0,7,7
[2025-10-02 15:33:29] CSV_TYPE_HIERARCHY: 0,0,5,6
[2025-10-02 15:33:29] CSV_TYPE_HIERARCHY: 0,0,4,4
[2025-10-02 15:33:29] CSV_TYPE_HIERARCHY: 0,0,4,4
[2025-10-02 15:33:29] CSV_TYPE_HIERARCHY: 0,0,4,4
[2025-10-02 15:33:29] CSV_TYPE_HIERARCHY: 0,0,4,4
[2025-10-02 15:33:29] CSV_TYPE_HIERARCHY: 0,0,4,4
[2025-10-02 15:33:29] CSV_TYPE_HIERARCHY: 0,0,4,4
[2025-10-02 15:33:29] CSV_TYPE_HIERARCHY: 0,0,4,4
[2025-10-02 15:33:29] CSV_TYPE_HIERARCHY: 0,0,4,4
