[2025-02-14 03:51:49] This is codeql execute queries -J-Xmx12982M --off-heap-ram=16156 --verbosity=progress --logdir=/home/haojie/proj_tests/posixGen-codeql-freertos/_output_infos/DATABASE_LwIP_StreamingServer/log --evaluator-log-level=5 --warnings=show --qlconfig-file=/home/haojie/proj_tests/posixGen-codeql-freertos/qlconfig.yml --output=/home/haojie/proj_tests/posixGen-codeql-freertos/_output_infos/output.bqrs -- /home/haojie/proj_tests/posixGen-codeql-freertos/_output_infos/DATABASE_LwIP_StreamingServer/db-cpp path:/home/haojie/proj_tests/posixGen-codeql-freertos/codeql_scripts/info_function_collector.ql
[2025-02-14 03:51:49] Calling plumbing command: codeql resolve queries --qlconfig-file=/home/haojie/proj_tests/posixGen-codeql-freertos/qlconfig.yml --format=json -- path:/home/haojie/proj_tests/posixGen-codeql-freertos/codeql_scripts/info_function_collector.ql
[2025-02-14 03:51:49] [PROGRESS] resolve queries> Recording pack reference getting-started/codeql-extra-queries-cpp at /home/haojie/proj_tests/posixGen-codeql-freertos/codeql_scripts.
[2025-02-14 03:51:49] Plumbing command codeql resolve queries completed:
                      [
                        "/home/haojie/proj_tests/posixGen-codeql-freertos/codeql_scripts/info_function_collector.ql"
                      ]
[2025-02-14 03:51:49] Creating executor with 1 threads.
[2025-02-14 03:51:49] Calling plumbing command: codeql resolve extensions --qlconfig-file=/home/haojie/proj_tests/posixGen-codeql-freertos/qlconfig.yml --include-extension-row-locations path:/home/haojie/proj_tests/posixGen-codeql-freertos/codeql_scripts/info_function_collector.ql
[2025-02-14 03:51:49] Calling plumbing command: codeql resolve queries --qlconfig-file=/home/haojie/proj_tests/posixGen-codeql-freertos/qlconfig.yml --allow-library-packs --format startingpacks -- path:/home/haojie/proj_tests/posixGen-codeql-freertos/codeql_scripts/info_function_collector.ql
[2025-02-14 03:51:49] [PROGRESS] resolve queries> Recording pack reference getting-started/codeql-extra-queries-cpp at /home/haojie/proj_tests/posixGen-codeql-freertos/codeql_scripts.
[2025-02-14 03:51:49] Plumbing command codeql resolve queries completed:
                      [
                        "/home/haojie/proj_tests/posixGen-codeql-freertos/codeql_scripts"
                      ]
[2025-02-14 03:51:49] Calling plumbing command: codeql resolve extensions-by-pack --qlconfig-file=/home/haojie/proj_tests/posixGen-codeql-freertos/qlconfig.yml --include-extension-row-locations -- /home/haojie/proj_tests/posixGen-codeql-freertos/codeql_scripts
[2025-02-14 03:51:49] [SPAMMY] resolve extensions-by-pack> [INCOMPATIBILITY] getting-started/codeql-extra-queries-cpp: not 1.0.0 {root: getting-started/codeql-extra-queries-cpp@1.0.0}
[2025-02-14 03:51:49] [SPAMMY] resolve extensions-by-pack> [DERIVATION] getting-started/codeql-extra-queries-cpp: 1.0.0 {getting-started/codeql-extra-queries-cpp: not 1.0.0 {root: getting-started/codeql-extra-queries-cpp@1.0.0}}
[2025-02-14 03:51:50] [SPAMMY] resolve extensions-by-pack> [INCOMPATIBILITY] getting-started/codeql-extra-queries-cpp: * [*], codeql/cpp-all: not * [*] {dependency: getting-started/codeql-extra-queries-cpp@* [*] requires codeql/cpp-all@^1.4.1}
[2025-02-14 03:51:50] [SPAMMY] resolve extensions-by-pack> [DECISION 1] getting-started/codeql-extra-queries-cpp: 1.0.0
[2025-02-14 03:51:50] [SPAMMY] resolve extensions-by-pack> [DERIVATION] codeql/cpp-all: * [*] {getting-started/codeql-extra-queries-cpp: * [*], codeql/cpp-all: not * [*] {dependency: getting-started/codeql-extra-queries-cpp@* [*] requires codeql/cpp-all@^1.4.1}}
[2025-02-14 03:51:50] [SPAMMY] resolve extensions-by-pack> [INCOMPATIBILITY] codeql/cpp-all: * [*], codeql/dataflow: not * [*] {dependency: codeql/cpp-all@* [*] requires codeql/dataflow@1.1.1}
[2025-02-14 03:51:50] [SPAMMY] resolve extensions-by-pack> [INCOMPATIBILITY] codeql/cpp-all: * [*], codeql/mad: not * [*] {dependency: codeql/cpp-all@* [*] requires codeql/mad@1.0.7}
[2025-02-14 03:51:50] [SPAMMY] resolve extensions-by-pack> [INCOMPATIBILITY] codeql/cpp-all: * [*], codeql/rangeanalysis: not * [*] {dependency: codeql/cpp-all@* [*] requires codeql/rangeanalysis@1.0.7}
[2025-02-14 03:51:50] [SPAMMY] resolve extensions-by-pack> [INCOMPATIBILITY] codeql/cpp-all: * [*], codeql/ssa: not * [*] {dependency: codeql/cpp-all@* [*] requires codeql/ssa@1.0.7}
[2025-02-14 03:51:50] [SPAMMY] resolve extensions-by-pack> [INCOMPATIBILITY] codeql/cpp-all: * [*], codeql/tutorial: not * [*] {dependency: codeql/cpp-all@* [*] requires codeql/tutorial@1.0.7}
[2025-02-14 03:51:50] [SPAMMY] resolve extensions-by-pack> [INCOMPATIBILITY] codeql/cpp-all: * [*], codeql/typeflow: not * [*] {dependency: codeql/cpp-all@* [*] requires codeql/typeflow@1.0.7}
[2025-02-14 03:51:50] [SPAMMY] resolve extensions-by-pack> [INCOMPATIBILITY] codeql/cpp-all: * [*], codeql/util: not * [*] {dependency: codeql/cpp-all@* [*] requires codeql/util@1.0.7}
[2025-02-14 03:51:50] [SPAMMY] resolve extensions-by-pack> [INCOMPATIBILITY] codeql/cpp-all: * [*], codeql/xml: not * [*] {dependency: codeql/cpp-all@* [*] requires codeql/xml@1.0.7}
[2025-02-14 03:51:50] [SPAMMY] resolve extensions-by-pack> [DECISION 2] codeql/cpp-all: 1.4.2
[2025-02-14 03:51:50] [SPAMMY] resolve extensions-by-pack> [DERIVATION] codeql/xml: * [*] {codeql/cpp-all: * [*], codeql/xml: not * [*] {dependency: codeql/cpp-all@* [*] requires codeql/xml@1.0.7}}
[2025-02-14 03:51:50] [SPAMMY] resolve extensions-by-pack> [DERIVATION] codeql/util: * [*] {codeql/cpp-all: * [*], codeql/util: not * [*] {dependency: codeql/cpp-all@* [*] requires codeql/util@1.0.7}}
[2025-02-14 03:51:50] [SPAMMY] resolve extensions-by-pack> [DERIVATION] codeql/typeflow: * [*] {codeql/cpp-all: * [*], codeql/typeflow: not * [*] {dependency: codeql/cpp-all@* [*] requires codeql/typeflow@1.0.7}}
[2025-02-14 03:51:50] [SPAMMY] resolve extensions-by-pack> [DERIVATION] codeql/tutorial: * [*] {codeql/cpp-all: * [*], codeql/tutorial: not * [*] {dependency: codeql/cpp-all@* [*] requires codeql/tutorial@1.0.7}}
[2025-02-14 03:51:50] [SPAMMY] resolve extensions-by-pack> [DERIVATION] codeql/ssa: * [*] {codeql/cpp-all: * [*], codeql/ssa: not * [*] {dependency: codeql/cpp-all@* [*] requires codeql/ssa@1.0.7}}
[2025-02-14 03:51:50] [SPAMMY] resolve extensions-by-pack> [DERIVATION] codeql/rangeanalysis: * [*] {codeql/cpp-all: * [*], codeql/rangeanalysis: not * [*] {dependency: codeql/cpp-all@* [*] requires codeql/rangeanalysis@1.0.7}}
[2025-02-14 03:51:50] [SPAMMY] resolve extensions-by-pack> [DERIVATION] codeql/mad: * [*] {codeql/cpp-all: * [*], codeql/mad: not * [*] {dependency: codeql/cpp-all@* [*] requires codeql/mad@1.0.7}}
[2025-02-14 03:51:50] [SPAMMY] resolve extensions-by-pack> [DERIVATION] codeql/dataflow: * [*] {codeql/cpp-all: * [*], codeql/dataflow: not * [*] {dependency: codeql/cpp-all@* [*] requires codeql/dataflow@1.1.1}}
[2025-02-14 03:51:50] [SPAMMY] resolve extensions-by-pack> [INCOMPATIBILITY] codeql/dataflow: * [*], codeql/ssa: not * [*] {dependency: codeql/dataflow@* [*] requires codeql/ssa@1.0.7}
[2025-02-14 03:51:50] [SPAMMY] resolve extensions-by-pack> [INCOMPATIBILITY] codeql/dataflow: * [*], codeql/typetracking: not * [*] {dependency: codeql/dataflow@* [*] requires codeql/typetracking@1.0.7}
[2025-02-14 03:51:50] [SPAMMY] resolve extensions-by-pack> [INCOMPATIBILITY] codeql/dataflow: * [*], codeql/util: not * [*] {dependency: codeql/dataflow@* [*] requires codeql/util@1.0.7}
[2025-02-14 03:51:50] [SPAMMY] resolve extensions-by-pack> [DECISION 3] codeql/dataflow: 1.1.1
[2025-02-14 03:51:50] [SPAMMY] resolve extensions-by-pack> [DERIVATION] codeql/typetracking: * [*] {codeql/dataflow: * [*], codeql/typetracking: not * [*] {dependency: codeql/dataflow@* [*] requires codeql/typetracking@1.0.7}}
[2025-02-14 03:51:50] [SPAMMY] resolve extensions-by-pack> [INCOMPATIBILITY] codeql/mad: * [*], codeql/util: not * [*] {dependency: codeql/mad@* [*] requires codeql/util@1.0.7}
[2025-02-14 03:51:50] [SPAMMY] resolve extensions-by-pack> [DECISION 4] codeql/mad: 1.0.7
[2025-02-14 03:51:50] [SPAMMY] resolve extensions-by-pack> [INCOMPATIBILITY] codeql/rangeanalysis: * [*], codeql/util: not * [*] {dependency: codeql/rangeanalysis@* [*] requires codeql/util@1.0.7}
[2025-02-14 03:51:50] [SPAMMY] resolve extensions-by-pack> [DECISION 5] codeql/rangeanalysis: 1.0.7
[2025-02-14 03:51:50] [SPAMMY] resolve extensions-by-pack> [INCOMPATIBILITY] codeql/ssa: * [*], codeql/util: not * [*] {dependency: codeql/ssa@* [*] requires codeql/util@1.0.7}
[2025-02-14 03:51:50] [SPAMMY] resolve extensions-by-pack> [DECISION 6] codeql/ssa: 1.0.7
[2025-02-14 03:51:50] [SPAMMY] resolve extensions-by-pack> [DECISION 7] codeql/tutorial: 1.0.7
[2025-02-14 03:51:50] [SPAMMY] resolve extensions-by-pack> [INCOMPATIBILITY] codeql/typeflow: * [*], codeql/util: not * [*] {dependency: codeql/typeflow@* [*] requires codeql/util@1.0.7}
[2025-02-14 03:51:50] [SPAMMY] resolve extensions-by-pack> [DECISION 8] codeql/typeflow: 1.0.7
[2025-02-14 03:51:50] [SPAMMY] resolve extensions-by-pack> [INCOMPATIBILITY] codeql/typetracking: * [*], codeql/util: not * [*] {dependency: codeql/typetracking@* [*] requires codeql/util@1.0.7}
[2025-02-14 03:51:50] [SPAMMY] resolve extensions-by-pack> [DECISION 9] codeql/typetracking: 1.0.7
[2025-02-14 03:51:50] [SPAMMY] resolve extensions-by-pack> [DECISION 10] codeql/util: 1.0.7
[2025-02-14 03:51:50] [SPAMMY] resolve extensions-by-pack> [INCOMPATIBILITY] codeql/xml: * [*], codeql/util: not * [*] {dependency: codeql/xml@* [*] requires codeql/util@1.0.7}
[2025-02-14 03:51:50] [SPAMMY] resolve extensions-by-pack> [DECISION 11] codeql/xml: 1.0.7
[2025-02-14 03:51:50] [PROGRESS] resolve extensions-by-pack> Loading data extensions in /home/haojie/test/codeql/qlpacks/codeql/cpp-all/1.4.2/ext/Boost.Asio.model.yml.
[2025-02-14 03:51:50] [DETAILS] resolve extensions-by-pack>   Found extension targeting codeql/cpp-all:sourceModel: 6 tuples.
[2025-02-14 03:51:50] [DETAILS] resolve extensions-by-pack>   Found extension targeting codeql/cpp-all:sinkModel: 4 tuples.
[2025-02-14 03:51:50] [DETAILS] resolve extensions-by-pack>   Found extension targeting codeql/cpp-all:summaryModel: 1 tuples.
[2025-02-14 03:51:50] [PROGRESS] resolve extensions-by-pack> Loading data extensions in /home/haojie/test/codeql/qlpacks/codeql/cpp-all/1.4.2/ext/allocation/Bsd.allocation.model.yml.
[2025-02-14 03:51:50] [DETAILS] resolve extensions-by-pack>   Found extension targeting codeql/cpp-all:allocationFunctionModel: 2 tuples.
[2025-02-14 03:51:50] [PROGRESS] resolve extensions-by-pack> Loading data extensions in /home/haojie/test/codeql/qlpacks/codeql/cpp-all/1.4.2/ext/allocation/Glibc.allocation.model.yml.
[2025-02-14 03:51:50] [DETAILS] resolve extensions-by-pack>   Found extension targeting codeql/cpp-all:allocationFunctionModel: 2 tuples.
[2025-02-14 03:51:50] [PROGRESS] resolve extensions-by-pack> Loading data extensions in /home/haojie/test/codeql/qlpacks/codeql/cpp-all/1.4.2/ext/allocation/OpenSSL.allocation.model.yml.
[2025-02-14 03:51:50] [DETAILS] resolve extensions-by-pack>   Found extension targeting codeql/cpp-all:allocationFunctionModel: 4 tuples.
[2025-02-14 03:51:50] [PROGRESS] resolve extensions-by-pack> Loading data extensions in /home/haojie/test/codeql/qlpacks/codeql/cpp-all/1.4.2/ext/allocation/Std.allocation.model.yml.
[2025-02-14 03:51:50] [DETAILS] resolve extensions-by-pack>   Found extension targeting codeql/cpp-all:allocationFunctionModel: 10 tuples.
[2025-02-14 03:51:50] [PROGRESS] resolve extensions-by-pack> Loading data extensions in /home/haojie/test/codeql/qlpacks/codeql/cpp-all/1.4.2/ext/allocation/Windows.allocation.model.yml.
[2025-02-14 03:51:50] [DETAILS] resolve extensions-by-pack>   Found extension targeting codeql/cpp-all:allocationFunctionModel: 24 tuples.
[2025-02-14 03:51:50] [PROGRESS] resolve extensions-by-pack> Loading data extensions in /home/haojie/test/codeql/qlpacks/codeql/cpp-all/1.4.2/ext/allocation/empty.allocation.model.yml.
[2025-02-14 03:51:50] [DETAILS] resolve extensions-by-pack>   Found extension targeting codeql/cpp-all:allocationFunctionModel: 0 tuples.
[2025-02-14 03:51:50] [PROGRESS] resolve extensions-by-pack> Loading data extensions in /home/haojie/test/codeql/qlpacks/codeql/cpp-all/1.4.2/ext/bsl.array.model.yml.
[2025-02-14 03:51:50] [DETAILS] resolve extensions-by-pack>   Found extension targeting codeql/cpp-all:summaryModel: 9 tuples.
[2025-02-14 03:51:50] [PROGRESS] resolve extensions-by-pack> Loading data extensions in /home/haojie/test/codeql/qlpacks/codeql/cpp-all/1.4.2/ext/bsl.deque.model.yml.
[2025-02-14 03:51:50] [DETAILS] resolve extensions-by-pack>   Found extension targeting codeql/cpp-all:summaryModel: 68 tuples.
[2025-02-14 03:51:50] [PROGRESS] resolve extensions-by-pack> Loading data extensions in /home/haojie/test/codeql/qlpacks/codeql/cpp-all/1.4.2/ext/bsl.forward_list.model.yml.
[2025-02-14 03:51:50] [DETAILS] resolve extensions-by-pack>   Found extension targeting codeql/cpp-all:summaryModel: 51 tuples.
[2025-02-14 03:51:50] [PROGRESS] resolve extensions-by-pack> Loading data extensions in /home/haojie/test/codeql/qlpacks/codeql/cpp-all/1.4.2/ext/bsl.list.model.yml.
[2025-02-14 03:51:50] [DETAILS] resolve extensions-by-pack>   Found extension targeting codeql/cpp-all:summaryModel: 66 tuples.
[2025-02-14 03:51:50] [PROGRESS] resolve extensions-by-pack> Loading data extensions in /home/haojie/test/codeql/qlpacks/codeql/cpp-all/1.4.2/ext/bsl.vector.model.yml.
[2025-02-14 03:51:50] [DETAILS] resolve extensions-by-pack>   Found extension targeting codeql/cpp-all:summaryModel: 55 tuples.
[2025-02-14 03:51:50] [PROGRESS] resolve extensions-by-pack> Loading data extensions in /home/haojie/test/codeql/qlpacks/codeql/cpp-all/1.4.2/ext/deallocation/Bsd.deallocation.model.yml.
[2025-02-14 03:51:50] [DETAILS] resolve extensions-by-pack>   Found extension targeting codeql/cpp-all:deallocationFunctionModel: 3 tuples.
[2025-02-14 03:51:50] [PROGRESS] resolve extensions-by-pack> Loading data extensions in /home/haojie/test/codeql/qlpacks/codeql/cpp-all/1.4.2/ext/deallocation/Std.deallocation.model.yml.
[2025-02-14 03:51:50] [DETAILS] resolve extensions-by-pack>   Found extension targeting codeql/cpp-all:deallocationFunctionModel: 37 tuples.
[2025-02-14 03:51:50] [PROGRESS] resolve extensions-by-pack> Loading data extensions in /home/haojie/test/codeql/qlpacks/codeql/cpp-all/1.4.2/ext/deallocation/Windows.deallocation.model.yml.
[2025-02-14 03:51:50] [DETAILS] resolve extensions-by-pack>   Found extension targeting codeql/cpp-all:deallocationFunctionModel: 36 tuples.
[2025-02-14 03:51:50] [PROGRESS] resolve extensions-by-pack> Loading data extensions in /home/haojie/test/codeql/qlpacks/codeql/cpp-all/1.4.2/ext/deallocation/empty.deallocation.model.yml.
[2025-02-14 03:51:50] [DETAILS] resolve extensions-by-pack>   Found extension targeting codeql/cpp-all:deallocationFunctionModel: 0 tuples.
[2025-02-14 03:51:50] [PROGRESS] resolve extensions-by-pack> Loading data extensions in /home/haojie/test/codeql/qlpacks/codeql/cpp-all/1.4.2/ext/empty.model.yml.
[2025-02-14 03:51:50] [DETAILS] resolve extensions-by-pack>   Found extension targeting codeql/cpp-all:sourceModel: 0 tuples.
[2025-02-14 03:51:50] [DETAILS] resolve extensions-by-pack>   Found extension targeting codeql/cpp-all:sinkModel: 0 tuples.
[2025-02-14 03:51:50] [DETAILS] resolve extensions-by-pack>   Found extension targeting codeql/cpp-all:summaryModel: 0 tuples.
[2025-02-14 03:51:50] [PROGRESS] resolve extensions-by-pack> Loading data extensions in /home/haojie/test/codeql/qlpacks/codeql/cpp-all/1.4.2/ext/std.array.model.yml.
[2025-02-14 03:51:50] [DETAILS] resolve extensions-by-pack>   Found extension targeting codeql/cpp-all:summaryModel: 9 tuples.
[2025-02-14 03:51:50] [PROGRESS] resolve extensions-by-pack> Loading data extensions in /home/haojie/test/codeql/qlpacks/codeql/cpp-all/1.4.2/ext/std.deque.model.yml.
[2025-02-14 03:51:50] [DETAILS] resolve extensions-by-pack>   Found extension targeting codeql/cpp-all:summaryModel: 68 tuples.
[2025-02-14 03:51:50] [PROGRESS] resolve extensions-by-pack> Loading data extensions in /home/haojie/test/codeql/qlpacks/codeql/cpp-all/1.4.2/ext/std.format.model.yml.
[2025-02-14 03:51:50] [DETAILS] resolve extensions-by-pack>   Found extension targeting codeql/cpp-all:summaryModel: 9 tuples.
[2025-02-14 03:51:50] [PROGRESS] resolve extensions-by-pack> Loading data extensions in /home/haojie/test/codeql/qlpacks/codeql/cpp-all/1.4.2/ext/std.forward_list.model.yml.
[2025-02-14 03:51:50] [DETAILS] resolve extensions-by-pack>   Found extension targeting codeql/cpp-all:summaryModel: 51 tuples.
[2025-02-14 03:51:50] [PROGRESS] resolve extensions-by-pack> Loading data extensions in /home/haojie/test/codeql/qlpacks/codeql/cpp-all/1.4.2/ext/std.iterator.model.yml.
[2025-02-14 03:51:50] [DETAILS] resolve extensions-by-pack>   Found extension targeting codeql/cpp-all:summaryModel: 6 tuples.
[2025-02-14 03:51:50] [PROGRESS] resolve extensions-by-pack> Loading data extensions in /home/haojie/test/codeql/qlpacks/codeql/cpp-all/1.4.2/ext/std.list.model.yml.
[2025-02-14 03:51:50] [DETAILS] resolve extensions-by-pack>   Found extension targeting codeql/cpp-all:summaryModel: 66 tuples.
[2025-02-14 03:51:50] [PROGRESS] resolve extensions-by-pack> Loading data extensions in /home/haojie/test/codeql/qlpacks/codeql/cpp-all/1.4.2/ext/std.vector.model.yml.
[2025-02-14 03:51:50] [DETAILS] resolve extensions-by-pack>   Found extension targeting codeql/cpp-all:summaryModel: 55 tuples.
[2025-02-14 03:51:50] Plumbing command codeql resolve extensions-by-pack completed:
                      {
                        "models" : [ ],
                        "data" : {
                          "/home/haojie/proj_tests/posixGen-codeql-freertos/codeql_scripts" : [
                            {
                              "predicate" : "sourceModel",
                              "file" : "/home/haojie/test/codeql/qlpacks/codeql/cpp-all/1.4.2/ext/Boost.Asio.model.yml",
                              "index" : 0,
                              "firstRowId" : 0,
                              "rowCount" : 6,
                              "predicateHasOrigin" : true,
                              "locations" : {
                                "lineNumbers" : "A=7+1*5",
                                "columnNumbers" : "A=9*6"
                              }
                            },
                            {
                              "predicate" : "sinkModel",
                              "file" : "/home/haojie/test/codeql/qlpacks/codeql/cpp-all/1.4.2/ext/Boost.Asio.model.yml",
                              "index" : 1,
                              "firstRowId" : 6,
                              "rowCount" : 4,
                              "predicateHasOrigin" : true,
                              "locations" : {
                                "lineNumbers" : "A=17+1*3",
                                "columnNumbers" : "A=9*4"
                              }
                            },
                            {
                              "predicate" : "summaryModel",
                              "file" : "/home/haojie/test/codeql/qlpacks/codeql/cpp-all/1.4.2/ext/Boost.Asio.model.yml",
                              "index" : 2,
                              "firstRowId" : 10,
                              "rowCount" : 1,
                              "predicateHasOrigin" : true,
                              "locations" : {
                                "lineNumbers" : "A=25",
                                "columnNumbers" : "A=9"
                              }
                            },
                            {
                              "predicate" : "allocationFunctionModel",
                              "file" : "/home/haojie/test/codeql/qlpacks/codeql/cpp-all/1.4.2/ext/allocation/Bsd.allocation.model.yml",
                              "index" : 0,
                              "firstRowId" : 11,
                              "rowCount" : 2,
                              "predicateHasOrigin" : false,
                              "locations" : {
                                "lineNumbers" : "A=6+1",
                                "columnNumbers" : "A=9*2"
                              }
                            },
                            {
                              "predicate" : "allocationFunctionModel",
                              "file" : "/home/haojie/test/codeql/qlpacks/codeql/cpp-all/1.4.2/ext/allocation/Glibc.allocation.model.yml",
                              "index" : 0,
                              "firstRowId" : 13,
                              "rowCount" : 2,
                              "predicateHasOrigin" : false,
                              "locations" : {
                                "lineNumbers" : "A=6+1",
                                "columnNumbers" : "A=9*2"
                              }
                            },
                            {
                              "predicate" : "allocationFunctionModel",
                              "file" : "/home/haojie/test/codeql/qlpacks/codeql/cpp-all/1.4.2/ext/allocation/OpenSSL.allocation.model.yml",
                              "index" : 0,
                              "firstRowId" : 15,
                              "rowCount" : 4,
                              "predicateHasOrigin" : false,
                              "locations" : {
                                "lineNumbers" : "A=6+1*3",
                                "columnNumbers" : "A=9*4"
                              }
                            },
                            {
                              "predicate" : "allocationFunctionModel",
                              "file" : "/home/haojie/test/codeql/qlpacks/codeql/cpp-all/1.4.2/ext/allocation/Std.allocation.model.yml",
                              "index" : 0,
                              "firstRowId" : 19,
                              "rowCount" : 10,
                              "predicateHasOrigin" : false,
                              "locations" : {
                                "lineNumbers" : "A=6+1*9",
                                "columnNumbers" : "A=9*10"
                              }
                            },
                            {
                              "predicate" : "allocationFunctionModel",
                              "file" : "/home/haojie/test/codeql/qlpacks/codeql/cpp-all/1.4.2/ext/allocation/Windows.allocation.model.yml",
                              "index" : 0,
                              "firstRowId" : 29,
                              "rowCount" : 24,
                              "predicateHasOrigin" : false,
                              "locations" : {
                                "lineNumbers" : "A=6+1*23",
                                "columnNumbers" : "A=9*24"
                              }
                            },
                            {
                              "predicate" : "allocationFunctionModel",
                              "file" : "/home/haojie/test/codeql/qlpacks/codeql/cpp-all/1.4.2/ext/allocation/empty.allocation.model.yml",
                              "index" : 0,
                              "firstRowId" : 53,
                              "rowCount" : 0,
                              "predicateHasOrigin" : false,
                              "locations" : {
                                "lineNumbers" : "A",
                                "columnNumbers" : "A"
                              }
                            },
                            {
                              "predicate" : "summaryModel",
                              "file" : "/home/haojie/test/codeql/qlpacks/codeql/cpp-all/1.4.2/ext/bsl.array.model.yml",
                              "index" : 0,
                              "firstRowId" : 53,
                              "rowCount" : 9,
                              "predicateHasOrigin" : true,
                              "locations" : {
                                "lineNumbers" : "A=6+1*8",
                                "columnNumbers" : "A=9*9"
                              }
                            },
                            {
                              "predicate" : "summaryModel",
                              "file" : "/home/haojie/test/codeql/qlpacks/codeql/cpp-all/1.4.2/ext/bsl.deque.model.yml",
                              "index" : 0,
                              "firstRowId" : 62,
                              "rowCount" : 68,
                              "predicateHasOrigin" : true,
                              "locations" : {
                                "lineNumbers" : "A=6+1*67",
                                "columnNumbers" : "A=9*68"
                              }
                            },
                            {
                              "predicate" : "summaryModel",
                              "file" : "/home/haojie/test/codeql/qlpacks/codeql/cpp-all/1.4.2/ext/bsl.forward_list.model.yml",
                              "index" : 0,
                              "firstRowId" : 130,
                              "rowCount" : 51,
                              "predicateHasOrigin" : true,
                              "locations" : {
                                "lineNumbers" : "A=6+1*50",
                                "columnNumbers" : "A=9*51"
                              }
                            },
                            {
                              "predicate" : "summaryModel",
                              "file" : "/home/haojie/test/codeql/qlpacks/codeql/cpp-all/1.4.2/ext/bsl.list.model.yml",
                              "index" : 0,
                              "firstRowId" : 181,
                              "rowCount" : 66,
                              "predicateHasOrigin" : true,
                              "locations" : {
                                "lineNumbers" : "A=6+1*65",
                                "columnNumbers" : "A=9*66"
                              }
                            },
                            {
                              "predicate" : "summaryModel",
                              "file" : "/home/haojie/test/codeql/qlpacks/codeql/cpp-all/1.4.2/ext/bsl.vector.model.yml",
                              "index" : 0,
                              "firstRowId" : 247,
                              "rowCount" : 55,
                              "predicateHasOrigin" : true,
                              "locations" : {
                                "lineNumbers" : "A=6+1*54",
                                "columnNumbers" : "A=9*55"
                              }
                            },
                            {
                              "predicate" : "deallocationFunctionModel",
                              "file" : "/home/haojie/test/codeql/qlpacks/codeql/cpp-all/1.4.2/ext/deallocation/Bsd.deallocation.model.yml",
                              "index" : 0,
                              "firstRowId" : 302,
                              "rowCount" : 3,
                              "predicateHasOrigin" : false,
                              "locations" : {
                                "lineNumbers" : "A=6+1*2",
                                "columnNumbers" : "A=9*3"
                              }
                            },
                            {
                              "predicate" : "deallocationFunctionModel",
                              "file" : "/home/haojie/test/codeql/qlpacks/codeql/cpp-all/1.4.2/ext/deallocation/Std.deallocation.model.yml",
                              "index" : 0,
                              "firstRowId" : 305,
                              "rowCount" : 37,
                              "predicateHasOrigin" : false,
                              "locations" : {
                                "lineNumbers" : "A=6+1*36",
                                "columnNumbers" : "A=9*37"
                              }
                            },
                            {
                              "predicate" : "deallocationFunctionModel",
                              "file" : "/home/haojie/test/codeql/qlpacks/codeql/cpp-all/1.4.2/ext/deallocation/Windows.deallocation.model.yml",
                              "index" : 0,
                              "firstRowId" : 342,
                              "rowCount" : 36,
                              "predicateHasOrigin" : false,
                              "locations" : {
                                "lineNumbers" : "A=6+1*35",
                                "columnNumbers" : "A=9*36"
                              }
                            },
                            {
                              "predicate" : "deallocationFunctionModel",
                              "file" : "/home/haojie/test/codeql/qlpacks/codeql/cpp-all/1.4.2/ext/deallocation/empty.deallocation.model.yml",
                              "index" : 0,
                              "firstRowId" : 378,
                              "rowCount" : 0,
                              "predicateHasOrigin" : false,
                              "locations" : {
                                "lineNumbers" : "A",
                                "columnNumbers" : "A"
                              }
                            },
                            {
                              "predicate" : "sourceModel",
                              "file" : "/home/haojie/test/codeql/qlpacks/codeql/cpp-all/1.4.2/ext/empty.model.yml",
                              "index" : 0,
                              "firstRowId" : 378,
                              "rowCount" : 0,
                              "predicateHasOrigin" : true,
                              "locations" : {
                                "lineNumbers" : "A",
                                "columnNumbers" : "A"
                              }
                            },
                            {
                              "predicate" : "sinkModel",
                              "file" : "/home/haojie/test/codeql/qlpacks/codeql/cpp-all/1.4.2/ext/empty.model.yml",
                              "index" : 1,
                              "firstRowId" : 378,
                              "rowCount" : 0,
                              "predicateHasOrigin" : true,
                              "locations" : {
                                "lineNumbers" : "A",
                                "columnNumbers" : "A"
                              }
                            },
                            {
                              "predicate" : "summaryModel",
                              "file" : "/home/haojie/test/codeql/qlpacks/codeql/cpp-all/1.4.2/ext/empty.model.yml",
                              "index" : 2,
                              "firstRowId" : 378,
                              "rowCount" : 0,
                              "predicateHasOrigin" : true,
                              "locations" : {
                                "lineNumbers" : "A",
                                "columnNumbers" : "A"
                              }
                            },
                            {
                              "predicate" : "summaryModel",
                              "file" : "/home/haojie/test/codeql/qlpacks/codeql/cpp-all/1.4.2/ext/std.array.model.yml",
                              "index" : 0,
                              "firstRowId" : 378,
                              "rowCount" : 9,
                              "predicateHasOrigin" : true,
                              "locations" : {
                                "lineNumbers" : "A=6+1*8",
                                "columnNumbers" : "A=9*9"
                              }
                            },
                            {
                              "predicate" : "summaryModel",
                              "file" : "/home/haojie/test/codeql/qlpacks/codeql/cpp-all/1.4.2/ext/std.deque.model.yml",
                              "index" : 0,
                              "firstRowId" : 387,
                              "rowCount" : 68,
                              "predicateHasOrigin" : true,
                              "locations" : {
                                "lineNumbers" : "A=6+1*67",
                                "columnNumbers" : "A=9*68"
                              }
                            },
                            {
                              "predicate" : "summaryModel",
                              "file" : "/home/haojie/test/codeql/qlpacks/codeql/cpp-all/1.4.2/ext/std.format.model.yml",
                              "index" : 0,
                              "firstRowId" : 455,
                              "rowCount" : 9,
                              "predicateHasOrigin" : true,
                              "locations" : {
                                "lineNumbers" : "A=6+1*8",
                                "columnNumbers" : "A=9*9"
                              }
                            },
                            {
                              "predicate" : "summaryModel",
                              "file" : "/home/haojie/test/codeql/qlpacks/codeql/cpp-all/1.4.2/ext/std.forward_list.model.yml",
                              "index" : 0,
                              "firstRowId" : 464,
                              "rowCount" : 51,
                              "predicateHasOrigin" : true,
                              "locations" : {
                                "lineNumbers" : "A=6+1*50",
                                "columnNumbers" : "A=9*51"
                              }
                            },
                            {
                              "predicate" : "summaryModel",
                              "file" : "/home/haojie/test/codeql/qlpacks/codeql/cpp-all/1.4.2/ext/std.iterator.model.yml",
                              "index" : 0,
                              "firstRowId" : 515,
                              "rowCount" : 6,
                              "predicateHasOrigin" : true,
                              "locations" : {
                                "lineNumbers" : "A=6+1*5",
                                "columnNumbers" : "A=9*6"
                              }
                            },
                            {
                              "predicate" : "summaryModel",
                              "file" : "/home/haojie/test/codeql/qlpacks/codeql/cpp-all/1.4.2/ext/std.list.model.yml",
                              "index" : 0,
                              "firstRowId" : 521,
                              "rowCount" : 66,
                              "predicateHasOrigin" : true,
                              "locations" : {
                                "lineNumbers" : "A=6+1*65",
                                "columnNumbers" : "A=9*66"
                              }
                            },
                            {
                              "predicate" : "summaryModel",
                              "file" : "/home/haojie/test/codeql/qlpacks/codeql/cpp-all/1.4.2/ext/std.vector.model.yml",
                              "index" : 0,
                              "firstRowId" : 587,
                              "rowCount" : 55,
                              "predicateHasOrigin" : true,
                              "locations" : {
                                "lineNumbers" : "A=6+1*54",
                                "columnNumbers" : "A=9*55"
                              }
                            }
                          ]
                        },
                        "threatModels" : { },
                        "extensionPacks" : [ ]
                      }
[2025-02-14 03:51:50] Plumbing command codeql resolve extensions completed:
                      {
                        "models" : [ ],
                        "data" : {
                          "/home/haojie/proj_tests/posixGen-codeql-freertos/codeql_scripts" : [
                            {
                              "predicate" : "sourceModel",
                              "file" : "/home/haojie/test/codeql/qlpacks/codeql/cpp-all/1.4.2/ext/Boost.Asio.model.yml",
                              "index" : 0,
                              "firstRowId" : 0,
                              "rowCount" : 6,
                              "predicateHasOrigin" : true,
                              "locations" : {
                                "lineNumbers" : "A=7+1*5",
                                "columnNumbers" : "A=9*6"
                              }
                            },
                            {
                              "predicate" : "sinkModel",
                              "file" : "/home/haojie/test/codeql/qlpacks/codeql/cpp-all/1.4.2/ext/Boost.Asio.model.yml",
                              "index" : 1,
                              "firstRowId" : 6,
                              "rowCount" : 4,
                              "predicateHasOrigin" : true,
                              "locations" : {
                                "lineNumbers" : "A=17+1*3",
                                "columnNumbers" : "A=9*4"
                              }
                            },
                            {
                              "predicate" : "summaryModel",
                              "file" : "/home/haojie/test/codeql/qlpacks/codeql/cpp-all/1.4.2/ext/Boost.Asio.model.yml",
                              "index" : 2,
                              "firstRowId" : 10,
                              "rowCount" : 1,
                              "predicateHasOrigin" : true,
                              "locations" : {
                                "lineNumbers" : "A=25",
                                "columnNumbers" : "A=9"
                              }
                            },
                            {
                              "predicate" : "allocationFunctionModel",
                              "file" : "/home/haojie/test/codeql/qlpacks/codeql/cpp-all/1.4.2/ext/allocation/Bsd.allocation.model.yml",
                              "index" : 0,
                              "firstRowId" : 11,
                              "rowCount" : 2,
                              "predicateHasOrigin" : false,
                              "locations" : {
                                "lineNumbers" : "A=6+1",
                                "columnNumbers" : "A=9*2"
                              }
                            },
                            {
                              "predicate" : "allocationFunctionModel",
                              "file" : "/home/haojie/test/codeql/qlpacks/codeql/cpp-all/1.4.2/ext/allocation/Glibc.allocation.model.yml",
                              "index" : 0,
                              "firstRowId" : 13,
                              "rowCount" : 2,
                              "predicateHasOrigin" : false,
                              "locations" : {
                                "lineNumbers" : "A=6+1",
                                "columnNumbers" : "A=9*2"
                              }
                            },
                            {
                              "predicate" : "allocationFunctionModel",
                              "file" : "/home/haojie/test/codeql/qlpacks/codeql/cpp-all/1.4.2/ext/allocation/OpenSSL.allocation.model.yml",
                              "index" : 0,
                              "firstRowId" : 15,
                              "rowCount" : 4,
                              "predicateHasOrigin" : false,
                              "locations" : {
                                "lineNumbers" : "A=6+1*3",
                                "columnNumbers" : "A=9*4"
                              }
                            },
                            {
                              "predicate" : "allocationFunctionModel",
                              "file" : "/home/haojie/test/codeql/qlpacks/codeql/cpp-all/1.4.2/ext/allocation/Std.allocation.model.yml",
                              "index" : 0,
                              "firstRowId" : 19,
                              "rowCount" : 10,
                              "predicateHasOrigin" : false,
                              "locations" : {
                                "lineNumbers" : "A=6+1*9",
                                "columnNumbers" : "A=9*10"
                              }
                            },
                            {
                              "predicate" : "allocationFunctionModel",
                              "file" : "/home/haojie/test/codeql/qlpacks/codeql/cpp-all/1.4.2/ext/allocation/Windows.allocation.model.yml",
                              "index" : 0,
                              "firstRowId" : 29,
                              "rowCount" : 24,
                              "predicateHasOrigin" : false,
                              "locations" : {
                                "lineNumbers" : "A=6+1*23",
                                "columnNumbers" : "A=9*24"
                              }
                            },
                            {
                              "predicate" : "allocationFunctionModel",
                              "file" : "/home/haojie/test/codeql/qlpacks/codeql/cpp-all/1.4.2/ext/allocation/empty.allocation.model.yml",
                              "index" : 0,
                              "firstRowId" : 53,
                              "rowCount" : 0,
                              "predicateHasOrigin" : false,
                              "locations" : {
                                "lineNumbers" : "A",
                                "columnNumbers" : "A"
                              }
                            },
                            {
                              "predicate" : "summaryModel",
                              "file" : "/home/haojie/test/codeql/qlpacks/codeql/cpp-all/1.4.2/ext/bsl.array.model.yml",
                              "index" : 0,
                              "firstRowId" : 53,
                              "rowCount" : 9,
                              "predicateHasOrigin" : true,
                              "locations" : {
                                "lineNumbers" : "A=6+1*8",
                                "columnNumbers" : "A=9*9"
                              }
                            },
                            {
                              "predicate" : "summaryModel",
                              "file" : "/home/haojie/test/codeql/qlpacks/codeql/cpp-all/1.4.2/ext/bsl.deque.model.yml",
                              "index" : 0,
                              "firstRowId" : 62,
                              "rowCount" : 68,
                              "predicateHasOrigin" : true,
                              "locations" : {
                                "lineNumbers" : "A=6+1*67",
                                "columnNumbers" : "A=9*68"
                              }
                            },
                            {
                              "predicate" : "summaryModel",
                              "file" : "/home/haojie/test/codeql/qlpacks/codeql/cpp-all/1.4.2/ext/bsl.forward_list.model.yml",
                              "index" : 0,
                              "firstRowId" : 130,
                              "rowCount" : 51,
                              "predicateHasOrigin" : true,
                              "locations" : {
                                "lineNumbers" : "A=6+1*50",
                                "columnNumbers" : "A=9*51"
                              }
                            },
                            {
                              "predicate" : "summaryModel",
                              "file" : "/home/haojie/test/codeql/qlpacks/codeql/cpp-all/1.4.2/ext/bsl.list.model.yml",
                              "index" : 0,
                              "firstRowId" : 181,
                              "rowCount" : 66,
                              "predicateHasOrigin" : true,
                              "locations" : {
                                "lineNumbers" : "A=6+1*65",
                                "columnNumbers" : "A=9*66"
                              }
                            },
                            {
                              "predicate" : "summaryModel",
                              "file" : "/home/haojie/test/codeql/qlpacks/codeql/cpp-all/1.4.2/ext/bsl.vector.model.yml",
                              "index" : 0,
                              "firstRowId" : 247,
                              "rowCount" : 55,
                              "predicateHasOrigin" : true,
                              "locations" : {
                                "lineNumbers" : "A=6+1*54",
                                "columnNumbers" : "A=9*55"
                              }
                            },
                            {
                              "predicate" : "deallocationFunctionModel",
                              "file" : "/home/haojie/test/codeql/qlpacks/codeql/cpp-all/1.4.2/ext/deallocation/Bsd.deallocation.model.yml",
                              "index" : 0,
                              "firstRowId" : 302,
                              "rowCount" : 3,
                              "predicateHasOrigin" : false,
                              "locations" : {
                                "lineNumbers" : "A=6+1*2",
                                "columnNumbers" : "A=9*3"
                              }
                            },
                            {
                              "predicate" : "deallocationFunctionModel",
                              "file" : "/home/haojie/test/codeql/qlpacks/codeql/cpp-all/1.4.2/ext/deallocation/Std.deallocation.model.yml",
                              "index" : 0,
                              "firstRowId" : 305,
                              "rowCount" : 37,
                              "predicateHasOrigin" : false,
                              "locations" : {
                                "lineNumbers" : "A=6+1*36",
                                "columnNumbers" : "A=9*37"
                              }
                            },
                            {
                              "predicate" : "deallocationFunctionModel",
                              "file" : "/home/haojie/test/codeql/qlpacks/codeql/cpp-all/1.4.2/ext/deallocation/Windows.deallocation.model.yml",
                              "index" : 0,
                              "firstRowId" : 342,
                              "rowCount" : 36,
                              "predicateHasOrigin" : false,
                              "locations" : {
                                "lineNumbers" : "A=6+1*35",
                                "columnNumbers" : "A=9*36"
                              }
                            },
                            {
                              "predicate" : "deallocationFunctionModel",
                              "file" : "/home/haojie/test/codeql/qlpacks/codeql/cpp-all/1.4.2/ext/deallocation/empty.deallocation.model.yml",
                              "index" : 0,
                              "firstRowId" : 378,
                              "rowCount" : 0,
                              "predicateHasOrigin" : false,
                              "locations" : {
                                "lineNumbers" : "A",
                                "columnNumbers" : "A"
                              }
                            },
                            {
                              "predicate" : "sourceModel",
                              "file" : "/home/haojie/test/codeql/qlpacks/codeql/cpp-all/1.4.2/ext/empty.model.yml",
                              "index" : 0,
                              "firstRowId" : 378,
                              "rowCount" : 0,
                              "predicateHasOrigin" : true,
                              "locations" : {
                                "lineNumbers" : "A",
                                "columnNumbers" : "A"
                              }
                            },
                            {
                              "predicate" : "sinkModel",
                              "file" : "/home/haojie/test/codeql/qlpacks/codeql/cpp-all/1.4.2/ext/empty.model.yml",
                              "index" : 1,
                              "firstRowId" : 378,
                              "rowCount" : 0,
                              "predicateHasOrigin" : true,
                              "locations" : {
                                "lineNumbers" : "A",
                                "columnNumbers" : "A"
                              }
                            },
                            {
                              "predicate" : "summaryModel",
                              "file" : "/home/haojie/test/codeql/qlpacks/codeql/cpp-all/1.4.2/ext/empty.model.yml",
                              "index" : 2,
                              "firstRowId" : 378,
                              "rowCount" : 0,
                              "predicateHasOrigin" : true,
                              "locations" : {
                                "lineNumbers" : "A",
                                "columnNumbers" : "A"
                              }
                            },
                            {
                              "predicate" : "summaryModel",
                              "file" : "/home/haojie/test/codeql/qlpacks/codeql/cpp-all/1.4.2/ext/std.array.model.yml",
                              "index" : 0,
                              "firstRowId" : 378,
                              "rowCount" : 9,
                              "predicateHasOrigin" : true,
                              "locations" : {
                                "lineNumbers" : "A=6+1*8",
                                "columnNumbers" : "A=9*9"
                              }
                            },
                            {
                              "predicate" : "summaryModel",
                              "file" : "/home/haojie/test/codeql/qlpacks/codeql/cpp-all/1.4.2/ext/std.deque.model.yml",
                              "index" : 0,
                              "firstRowId" : 387,
                              "rowCount" : 68,
                              "predicateHasOrigin" : true,
                              "locations" : {
                                "lineNumbers" : "A=6+1*67",
                                "columnNumbers" : "A=9*68"
                              }
                            },
                            {
                              "predicate" : "summaryModel",
                              "file" : "/home/haojie/test/codeql/qlpacks/codeql/cpp-all/1.4.2/ext/std.format.model.yml",
                              "index" : 0,
                              "firstRowId" : 455,
                              "rowCount" : 9,
                              "predicateHasOrigin" : true,
                              "locations" : {
                                "lineNumbers" : "A=6+1*8",
                                "columnNumbers" : "A=9*9"
                              }
                            },
                            {
                              "predicate" : "summaryModel",
                              "file" : "/home/haojie/test/codeql/qlpacks/codeql/cpp-all/1.4.2/ext/std.forward_list.model.yml",
                              "index" : 0,
                              "firstRowId" : 464,
                              "rowCount" : 51,
                              "predicateHasOrigin" : true,
                              "locations" : {
                                "lineNumbers" : "A=6+1*50",
                                "columnNumbers" : "A=9*51"
                              }
                            },
                            {
                              "predicate" : "summaryModel",
                              "file" : "/home/haojie/test/codeql/qlpacks/codeql/cpp-all/1.4.2/ext/std.iterator.model.yml",
                              "index" : 0,
                              "firstRowId" : 515,
                              "rowCount" : 6,
                              "predicateHasOrigin" : true,
                              "locations" : {
                                "lineNumbers" : "A=6+1*5",
                                "columnNumbers" : "A=9*6"
                              }
                            },
                            {
                              "predicate" : "summaryModel",
                              "file" : "/home/haojie/test/codeql/qlpacks/codeql/cpp-all/1.4.2/ext/std.list.model.yml",
                              "index" : 0,
                              "firstRowId" : 521,
                              "rowCount" : 66,
                              "predicateHasOrigin" : true,
                              "locations" : {
                                "lineNumbers" : "A=6+1*65",
                                "columnNumbers" : "A=9*66"
                              }
                            },
                            {
                              "predicate" : "summaryModel",
                              "file" : "/home/haojie/test/codeql/qlpacks/codeql/cpp-all/1.4.2/ext/std.vector.model.yml",
                              "index" : 0,
                              "firstRowId" : 587,
                              "rowCount" : 55,
                              "predicateHasOrigin" : true,
                              "locations" : {
                                "lineNumbers" : "A=6+1*54",
                                "columnNumbers" : "A=9*55"
                              }
                            }
                          ]
                        },
                        "threatModels" : { },
                        "extensionPacks" : [ ]
                      }
[2025-02-14 03:51:50] Calling plumbing command: codeql resolve library-path --qlconfig-file=/home/haojie/proj_tests/posixGen-codeql-freertos/qlconfig.yml --query=/home/haojie/proj_tests/posixGen-codeql-freertos/codeql_scripts/info_function_collector.ql --format=json
[2025-02-14 03:51:50] [DETAILS] resolve library-path> Resolving query at normalized path /home/haojie/proj_tests/posixGen-codeql-freertos/codeql_scripts/info_function_collector.ql.
[2025-02-14 03:51:50] [DETAILS] resolve library-path> Found enclosing pack 'getting-started/codeql-extra-queries-cpp' at /home/haojie/proj_tests/posixGen-codeql-freertos/codeql_scripts.
[2025-02-14 03:51:50] [DETAILS] resolve library-path> Adding compilation cache at /home/haojie/.codeql/compile-cache.
[2025-02-14 03:51:50] [DETAILS] resolve library-path> Resolving library dependencies from /home/haojie/proj_tests/posixGen-codeql-freertos/codeql_scripts/codeql-pack.yml.
[2025-02-14 03:51:50] [SPAMMY] resolve library-path> [INCOMPATIBILITY] getting-started/codeql-extra-queries-cpp: not 1.0.0 {root: getting-started/codeql-extra-queries-cpp@1.0.0}
[2025-02-14 03:51:50] [SPAMMY] resolve library-path> [DERIVATION] getting-started/codeql-extra-queries-cpp: 1.0.0 {getting-started/codeql-extra-queries-cpp: not 1.0.0 {root: getting-started/codeql-extra-queries-cpp@1.0.0}}
[2025-02-14 03:51:50] [SPAMMY] resolve library-path> [INCOMPATIBILITY] getting-started/codeql-extra-queries-cpp: * [*], codeql/cpp-all: not * [*] {dependency: getting-started/codeql-extra-queries-cpp@* [*] requires codeql/cpp-all@^1.4.1}
[2025-02-14 03:51:50] [SPAMMY] resolve library-path> [DECISION 1] getting-started/codeql-extra-queries-cpp: 1.0.0
[2025-02-14 03:51:50] [SPAMMY] resolve library-path> [DERIVATION] codeql/cpp-all: * [*] {getting-started/codeql-extra-queries-cpp: * [*], codeql/cpp-all: not * [*] {dependency: getting-started/codeql-extra-queries-cpp@* [*] requires codeql/cpp-all@^1.4.1}}
[2025-02-14 03:51:50] [SPAMMY] resolve library-path> [INCOMPATIBILITY] codeql/cpp-all: * [*], codeql/dataflow: not * [*] {dependency: codeql/cpp-all@* [*] requires codeql/dataflow@1.1.1}
[2025-02-14 03:51:50] [SPAMMY] resolve library-path> [INCOMPATIBILITY] codeql/cpp-all: * [*], codeql/mad: not * [*] {dependency: codeql/cpp-all@* [*] requires codeql/mad@1.0.7}
[2025-02-14 03:51:50] [SPAMMY] resolve library-path> [INCOMPATIBILITY] codeql/cpp-all: * [*], codeql/rangeanalysis: not * [*] {dependency: codeql/cpp-all@* [*] requires codeql/rangeanalysis@1.0.7}
[2025-02-14 03:51:50] [SPAMMY] resolve library-path> [INCOMPATIBILITY] codeql/cpp-all: * [*], codeql/ssa: not * [*] {dependency: codeql/cpp-all@* [*] requires codeql/ssa@1.0.7}
[2025-02-14 03:51:50] [SPAMMY] resolve library-path> [INCOMPATIBILITY] codeql/cpp-all: * [*], codeql/tutorial: not * [*] {dependency: codeql/cpp-all@* [*] requires codeql/tutorial@1.0.7}
[2025-02-14 03:51:50] [SPAMMY] resolve library-path> [INCOMPATIBILITY] codeql/cpp-all: * [*], codeql/typeflow: not * [*] {dependency: codeql/cpp-all@* [*] requires codeql/typeflow@1.0.7}
[2025-02-14 03:51:50] [SPAMMY] resolve library-path> [INCOMPATIBILITY] codeql/cpp-all: * [*], codeql/util: not * [*] {dependency: codeql/cpp-all@* [*] requires codeql/util@1.0.7}
[2025-02-14 03:51:50] [SPAMMY] resolve library-path> [INCOMPATIBILITY] codeql/cpp-all: * [*], codeql/xml: not * [*] {dependency: codeql/cpp-all@* [*] requires codeql/xml@1.0.7}
[2025-02-14 03:51:50] [SPAMMY] resolve library-path> [DECISION 2] codeql/cpp-all: 1.4.2
[2025-02-14 03:51:50] [SPAMMY] resolve library-path> [DERIVATION] codeql/xml: * [*] {codeql/cpp-all: * [*], codeql/xml: not * [*] {dependency: codeql/cpp-all@* [*] requires codeql/xml@1.0.7}}
[2025-02-14 03:51:50] [SPAMMY] resolve library-path> [DERIVATION] codeql/util: * [*] {codeql/cpp-all: * [*], codeql/util: not * [*] {dependency: codeql/cpp-all@* [*] requires codeql/util@1.0.7}}
[2025-02-14 03:51:50] [SPAMMY] resolve library-path> [DERIVATION] codeql/typeflow: * [*] {codeql/cpp-all: * [*], codeql/typeflow: not * [*] {dependency: codeql/cpp-all@* [*] requires codeql/typeflow@1.0.7}}
[2025-02-14 03:51:50] [SPAMMY] resolve library-path> [DERIVATION] codeql/tutorial: * [*] {codeql/cpp-all: * [*], codeql/tutorial: not * [*] {dependency: codeql/cpp-all@* [*] requires codeql/tutorial@1.0.7}}
[2025-02-14 03:51:50] [SPAMMY] resolve library-path> [DERIVATION] codeql/ssa: * [*] {codeql/cpp-all: * [*], codeql/ssa: not * [*] {dependency: codeql/cpp-all@* [*] requires codeql/ssa@1.0.7}}
[2025-02-14 03:51:50] [SPAMMY] resolve library-path> [DERIVATION] codeql/rangeanalysis: * [*] {codeql/cpp-all: * [*], codeql/rangeanalysis: not * [*] {dependency: codeql/cpp-all@* [*] requires codeql/rangeanalysis@1.0.7}}
[2025-02-14 03:51:50] [SPAMMY] resolve library-path> [DERIVATION] codeql/mad: * [*] {codeql/cpp-all: * [*], codeql/mad: not * [*] {dependency: codeql/cpp-all@* [*] requires codeql/mad@1.0.7}}
[2025-02-14 03:51:50] [SPAMMY] resolve library-path> [DERIVATION] codeql/dataflow: * [*] {codeql/cpp-all: * [*], codeql/dataflow: not * [*] {dependency: codeql/cpp-all@* [*] requires codeql/dataflow@1.1.1}}
[2025-02-14 03:51:50] [SPAMMY] resolve library-path> [INCOMPATIBILITY] codeql/dataflow: * [*], codeql/ssa: not * [*] {dependency: codeql/dataflow@* [*] requires codeql/ssa@1.0.7}
[2025-02-14 03:51:50] [SPAMMY] resolve library-path> [INCOMPATIBILITY] codeql/dataflow: * [*], codeql/typetracking: not * [*] {dependency: codeql/dataflow@* [*] requires codeql/typetracking@1.0.7}
[2025-02-14 03:51:50] [SPAMMY] resolve library-path> [INCOMPATIBILITY] codeql/dataflow: * [*], codeql/util: not * [*] {dependency: codeql/dataflow@* [*] requires codeql/util@1.0.7}
[2025-02-14 03:51:50] [SPAMMY] resolve library-path> [DECISION 3] codeql/dataflow: 1.1.1
[2025-02-14 03:51:50] [SPAMMY] resolve library-path> [DERIVATION] codeql/typetracking: * [*] {codeql/dataflow: * [*], codeql/typetracking: not * [*] {dependency: codeql/dataflow@* [*] requires codeql/typetracking@1.0.7}}
[2025-02-14 03:51:50] [SPAMMY] resolve library-path> [INCOMPATIBILITY] codeql/mad: * [*], codeql/util: not * [*] {dependency: codeql/mad@* [*] requires codeql/util@1.0.7}
[2025-02-14 03:51:50] [SPAMMY] resolve library-path> [DECISION 4] codeql/mad: 1.0.7
[2025-02-14 03:51:50] [SPAMMY] resolve library-path> [INCOMPATIBILITY] codeql/rangeanalysis: * [*], codeql/util: not * [*] {dependency: codeql/rangeanalysis@* [*] requires codeql/util@1.0.7}
[2025-02-14 03:51:50] [SPAMMY] resolve library-path> [DECISION 5] codeql/rangeanalysis: 1.0.7
[2025-02-14 03:51:50] [SPAMMY] resolve library-path> [INCOMPATIBILITY] codeql/ssa: * [*], codeql/util: not * [*] {dependency: codeql/ssa@* [*] requires codeql/util@1.0.7}
[2025-02-14 03:51:50] [SPAMMY] resolve library-path> [DECISION 6] codeql/ssa: 1.0.7
[2025-02-14 03:51:50] [SPAMMY] resolve library-path> [DECISION 7] codeql/tutorial: 1.0.7
[2025-02-14 03:51:50] [SPAMMY] resolve library-path> [INCOMPATIBILITY] codeql/typeflow: * [*], codeql/util: not * [*] {dependency: codeql/typeflow@* [*] requires codeql/util@1.0.7}
[2025-02-14 03:51:50] [SPAMMY] resolve library-path> [DECISION 8] codeql/typeflow: 1.0.7
[2025-02-14 03:51:50] [SPAMMY] resolve library-path> [INCOMPATIBILITY] codeql/typetracking: * [*], codeql/util: not * [*] {dependency: codeql/typetracking@* [*] requires codeql/util@1.0.7}
[2025-02-14 03:51:50] [SPAMMY] resolve library-path> [DECISION 9] codeql/typetracking: 1.0.7
[2025-02-14 03:51:50] [SPAMMY] resolve library-path> [DECISION 10] codeql/util: 1.0.7
[2025-02-14 03:51:50] [SPAMMY] resolve library-path> [INCOMPATIBILITY] codeql/xml: * [*], codeql/util: not * [*] {dependency: codeql/xml@* [*] requires codeql/util@1.0.7}
[2025-02-14 03:51:50] [SPAMMY] resolve library-path> [DECISION 11] codeql/xml: 1.0.7
[2025-02-14 03:51:50] [DETAILS] resolve library-path> QL pack dependencies for /home/haojie/proj_tests/posixGen-codeql-freertos/codeql_scripts resolved OK.
[2025-02-14 03:51:50] [DETAILS] resolve library-path> Found dbscheme through QL packs: /home/haojie/test/codeql/qlpacks/codeql/cpp-all/1.4.2/semmlecode.cpp.dbscheme.
[2025-02-14 03:51:50] Plumbing command codeql resolve library-path completed:
                      {
                        "libraryPath" : [
                          "/home/haojie/proj_tests/posixGen-codeql-freertos/codeql_scripts",
                          "/home/haojie/test/codeql/qlpacks/codeql/cpp-all/1.4.2",
                          "/home/haojie/test/codeql/qlpacks/codeql/dataflow/1.1.1",
                          "/home/haojie/test/codeql/qlpacks/codeql/mad/1.0.7",
                          "/home/haojie/test/codeql/qlpacks/codeql/rangeanalysis/1.0.7",
                          "/home/haojie/test/codeql/qlpacks/codeql/ssa/1.0.7",
                          "/home/haojie/test/codeql/qlpacks/codeql/tutorial/1.0.7",
                          "/home/haojie/test/codeql/qlpacks/codeql/typeflow/1.0.7",
                          "/home/haojie/test/codeql/qlpacks/codeql/typetracking/1.0.7",
                          "/home/haojie/test/codeql/qlpacks/codeql/util/1.0.7",
                          "/home/haojie/test/codeql/qlpacks/codeql/xml/1.0.7"
                        ],
                        "dbscheme" : "/home/haojie/test/codeql/qlpacks/codeql/cpp-all/1.4.2/semmlecode.cpp.dbscheme",
                        "compilationCache" : [
                          "/home/haojie/.codeql/compile-cache"
                        ],
                        "relativeName" : "getting-started/codeql-extra-queries-cpp/info_function_collector.ql",
                        "qlPackName" : "getting-started/codeql-extra-queries-cpp"
                      }
[2025-02-14 03:51:50] [PROGRESS] execute queries> Compiling query plan for /home/haojie/proj_tests/posixGen-codeql-freertos/codeql_scripts/info_function_collector.ql.
[2025-02-14 03:51:50] [DETAILS] execute queries> Resolving imports for /home/haojie/proj_tests/posixGen-codeql-freertos/codeql_scripts/info_function_collector.ql.
[2025-02-14 03:51:50] Resolved file set for /home/haojie/proj_tests/posixGen-codeql-freertos/codeql_scripts/info_function_collector.ql hashes to 8ec715cea699206636a3ac4611b4b63540896dd1.
[2025-02-14 03:51:50] [DETAILS] execute queries> Checking QL for /home/haojie/proj_tests/posixGen-codeql-freertos/codeql_scripts/info_function_collector.ql.
[2025-02-14 03:51:50] Stale frontend caches are invalidated based on import graph reachability.
[2025-02-14 03:51:51] ExternalModuleBindingPass ...
[2025-02-14 03:51:51] ExternalModuleBindingPass time: 00:00.675
[2025-02-14 03:51:51] CollectInstantiationsPass ...
[2025-02-14 03:51:51] CollectInstantiationsPass time: 00:00.144
[2025-02-14 03:51:51] Ql checks ...
[2025-02-14 03:51:54] Ql checks time: 00:02.513
[2025-02-14 03:51:59] Compilation pipeline
[2025-02-14 03:52:00] Type Inference ...
[2025-02-14 03:52:00] CSV_TYPE_HIERARCHY: Best number of iterations,Maximum number of runs,Number of BDD variables,Size of BDD for typefacts
[2025-02-14 03:52:00] CSV_TYPE_HIERARCHY: 0,0,12,12
[2025-02-14 03:52:00] CSV_TYPE_HIERARCHY: 0,0,0,0
[2025-02-14 03:52:00] CSV_TYPE_HIERARCHY: 0,0,0,0
[2025-02-14 03:52:00] CSV_TYPE_HIERARCHY: 0,0,30,31
[2025-02-14 03:52:00] CSV_TYPE_HIERARCHY: 0,0,13,13
[2025-02-14 03:52:00] CSV_TYPE_HIERARCHY: 0,0,0,0
[2025-02-14 03:52:00] CSV_TYPE_HIERARCHY: 0,0,975,3697
[2025-02-14 03:52:00] CSV_TYPE_HIERARCHY: 0,0,0,0
[2025-02-14 03:52:00] CSV_TYPE_HIERARCHY: 0,0,2,2
[2025-02-14 03:52:00] CSV_TYPE_HIERARCHY: 0,0,2,2
[2025-02-14 03:52:00] CSV_TYPE_HIERARCHY: 0,0,66,184
[2025-02-14 03:52:00] CSV_TYPE_HIERARCHY: 0,0,2,2
[2025-02-14 03:52:00] CSV_TYPE_HIERARCHY: 0,0,3,3
[2025-02-14 03:52:00] CSV_TYPE_HIERARCHY: 0,0,9,14
[2025-02-14 03:52:00] CSV_TYPE_HIERARCHY: 0,0,357,1055
[2025-02-14 03:52:00] CSV_TYPE_HIERARCHY: 0,0,85,85
[2025-02-14 03:52:00] CSV_TYPE_HIERARCHY: 0,0,186,539
[2025-02-14 03:52:00] CSV_TYPE_HIERARCHY: 0,0,84,84
[2025-02-14 03:52:00] CSV_TYPE_HIERARCHY: 0,0,7,8
[2025-02-14 03:52:00] CSV_TYPE_HIERARCHY: 0,0,1,1
[2025-02-14 03:52:00] CSV_TYPE_HIERARCHY: 0,0,5,6
[2025-02-14 03:52:00] CSV_TYPE_HIERARCHY: 0,0,7,7
[2025-02-14 03:52:00] CSV_TYPE_HIERARCHY: 0,0,15,25
[2025-02-14 03:52:00] CSV_TYPE_HIERARCHY: 0,0,3,3
[2025-02-14 03:52:00] CSV_TYPE_HIERARCHY: 0,0,43,90
[2025-02-14 03:52:00] CSV_TYPE_HIERARCHY: 0,0,7,7
[2025-02-14 03:52:00] CSV_TYPE_HIERARCHY: 0,0,2,2
[2025-02-14 03:52:00] CSV_TYPE_HIERARCHY: 0,0,2,2
[2025-02-14 03:52:00] CSV_TYPE_HIERARCHY: 0,0,3,3
[2025-02-14 03:52:00] CSV_TYPE_HIERARCHY: 0,0,7,7
[2025-02-14 03:52:00] CSV_TYPE_HIERARCHY: 0,0,73,130
[2025-02-14 03:52:00] CSV_TYPE_HIERARCHY: 0,0,18,21
[2025-02-14 03:52:00] CSV_TYPE_HIERARCHY: 0,0,3,3
[2025-02-14 03:52:00] CSV_TYPE_HIERARCHY: 0,0,4,4
[2025-02-14 03:52:00] CSV_TYPE_HIERARCHY: 0,0,10,10
[2025-02-14 03:52:00] CSV_TYPE_HIERARCHY: 0,0,6,6
[2025-02-14 03:52:00] CSV_TYPE_HIERARCHY: 0,0,1,1
[2025-02-14 03:52:00] CSV_TYPE_HIERARCHY: 0,0,18,30
[2025-02-14 03:52:00] CSV_TYPE_HIERARCHY: 0,0,6,7
[2025-02-14 03:52:00] CSV_TYPE_HIERARCHY: 0,0,1,1
[2025-02-14 03:52:00] CSV_TYPE_HIERARCHY: 0,0,2,2
[2025-02-14 03:52:00] CSV_TYPE_HIERARCHY: 0,0,2,2
[2025-02-14 03:52:00] CSV_TYPE_HIERARCHY: 0,0,8,10
[2025-02-14 03:52:00] CSV_TYPE_HIERARCHY: 0,0,3,3
[2025-02-14 03:52:00] CSV_TYPE_HIERARCHY: 0,0,9,11
[2025-02-14 03:52:00] CSV_TYPE_HIERARCHY: 0,0,4,4
[2025-02-14 03:52:00] CSV_TYPE_HIERARCHY: 0,0,4,4
[2025-02-14 03:52:00] CSV_TYPE_HIERARCHY: 0,0,3,3
[2025-02-14 03:52:00] CSV_TYPE_HIERARCHY: 0,0,1,1
[2025-02-14 03:52:00] CSV_TYPE_HIERARCHY: 0,0,2,2
[2025-02-14 03:52:00] CSV_TYPE_HIERARCHY: 0,0,1,1
[2025-02-14 03:52:00] CSV_TYPE_HIERARCHY: 0,0,7,9
[2025-02-14 03:52:00] CSV_TYPE_HIERARCHY: 0,0,3,3
[2025-02-14 03:52:00] CSV_TYPE_HIERARCHY: 0,0,1,1
[2025-02-14 03:52:00] CSV_TYPE_HIERARCHY: 0,0,8,10
[2025-02-14 03:52:00] CSV_TYPE_HIERARCHY: 0,0,6,6
[2025-02-14 03:52:00] CSV_TYPE_HIERARCHY: 0,0,2,2
[2025-02-14 03:52:00] CSV_TYPE_HIERARCHY: 0,0,1,1
[2025-02-14 03:52:00] CSV_TYPE_HIERARCHY: 0,0,4,4
[2025-02-14 03:52:00] CSV_TYPE_HIERARCHY: 0,0,2,2
[2025-02-14 03:52:00] CSV_TYPE_HIERARCHY: 0,0,2,2
[2025-02-14 03:52:00] CSV_TYPE_HIERARCHY: 0,0,7,7
[2025-02-14 03:52:00] CSV_TYPE_HIERARCHY: 0,0,7,7
[2025-02-14 03:52:00] CSV_TYPE_HIERARCHY: 0,0,4,4
[2025-02-14 03:52:00] CSV_TYPE_HIERARCHY: 0,0,4,4
[2025-02-14 03:52:00] CSV_TYPE_HIERARCHY: 0,0,4,4
[2025-02-14 03:52:00] CSV_TYPE_HIERARCHY: 0,0,6,6
[2025-02-14 03:52:00] CSV_TYPE_HIERARCHY: 0,0,4,4
[2025-02-14 03:52:00] CSV_TYPE_HIERARCHY: 0,0,3,3
[2025-02-14 03:52:00] CSV_TYPE_HIERARCHY: 0,0,1,1
[2025-02-14 03:52:00] CSV_TYPE_HIERARCHY: 0,0,4,4
[2025-02-14 03:52:00] CSV_TYPE_HIERARCHY: 0,0,2,2
[2025-02-14 03:52:00] CSV_TYPE_HIERARCHY: 0,0,1,1
[2025-02-14 03:52:00] CSV_TYPE_HIERARCHY: 0,0,2,2
[2025-02-14 03:52:00] CSV_TYPE_HIERARCHY: 0,0,5,5
[2025-02-14 03:52:00] CSV_TYPE_HIERARCHY: 0,0,11,11
[2025-02-14 03:52:00] CSV_TYPE_HIERARCHY: 0,0,2,2
[2025-02-14 03:52:00] CSV_TYPE_HIERARCHY: 0,0,3,3
[2025-02-14 03:52:00] CSV_TYPE_HIERARCHY: 0,0,2,2
[2025-02-14 03:52:00] CSV_TYPE_HIERARCHY: 0,0,3,3
[2025-02-14 03:52:00] CSV_TYPE_HIERARCHY: 0,0,2,2
[2025-02-14 03:52:00] CSV_TYPE_HIERARCHY: 0,0,2,2
[2025-02-14 03:52:00] CSV_TYPE_HIERARCHY: 0,0,3,3
[2025-02-14 03:52:00] CSV_TYPE_HIERARCHY: 0,0,2,2
[2025-02-14 03:52:00] CSV_TYPE_HIERARCHY: 0,0,2,2
[2025-02-14 03:52:00] CSV_TYPE_HIERARCHY: 0,0,2,2
[2025-02-14 03:52:00] CSV_TYPE_HIERARCHY: 0,0,2,2
[2025-02-14 03:52:00] CSV_TYPE_HIERARCHY: 0,0,1,1
[2025-02-14 03:52:00] CSV_TYPE_HIERARCHY: 0,0,3,3
[2025-02-14 03:52:00] CSV_TYPE_HIERARCHY: 0,0,1,1
[2025-02-14 03:52:00] CSV_TYPE_HIERARCHY: 0,0,4,4
[2025-02-14 03:52:00] CSV_TYPE_HIERARCHY: 0,0,2,2
[2025-02-14 03:52:00] CSV_TYPE_HIERARCHY: 0,0,2,2
[2025-02-14 03:52:00] CSV_TYPE_HIERARCHY: 0,0,2,2
[2025-02-14 03:52:00] CSV_TYPE_HIERARCHY: 0,0,1,1
[2025-02-14 03:52:00] CSV_TYPE_HIERARCHY: 0,0,1,1
[2025-02-14 03:52:00] CSV_TYPE_HIERARCHY: 0,0,2,2
[2025-02-14 03:52:00] CSV_TYPE_HIERARCHY: 0,0,2,2
[2025-02-14 03:52:00] CSV_TYPE_HIERARCHY: 0,0,2,2
[2025-02-14 03:52:00] CSV_TYPE_HIERARCHY: 0,0,9,9
[2025-02-14 03:52:00] CSV_TYPE_HIERARCHY: 0,0,4,4
[2025-02-14 03:52:00] CSV_TYPE_HIERARCHY: 0,0,1,1
[2025-02-14 03:52:00] CSV_TYPE_HIERARCHY: 0,0,1,1
[2025-02-14 03:52:00] CSV_TYPE_HIERARCHY: 0,0,1,1
[2025-02-14 03:52:00] CSV_TYPE_HIERARCHY: 0,0,5,6
[2025-02-14 03:52:00] CSV_TYPE_HIERARCHY: 0,0,1,1
[2025-02-14 03:52:00] CSV_TYPE_HIERARCHY: 0,0,5,6
[2025-02-14 03:52:00] CSV_TYPE_HIERARCHY: 0,0,1,1
[2025-02-14 03:52:00] CSV_TYPE_HIERARCHY: 0,0,7,7
[2025-02-14 03:52:00] CSV_TYPE_HIERARCHY: 0,0,7,9
[2025-02-14 03:52:00] CSV_TYPE_HIERARCHY: 0,0,2,2
[2025-02-14 03:52:00] CSV_TYPE_HIERARCHY: 0,0,3,3
[2025-02-14 03:52:00] CSV_TYPE_HIERARCHY: 0,0,7,7
[2025-02-14 03:52:00] CSV_TYPE_HIERARCHY: 0,0,7,7
[2025-02-14 03:52:00] CSV_TYPE_HIERARCHY: 0,0,7,9
[2025-02-14 03:52:00] CSV_TYPE_HIERARCHY: 0,0,2,2
[2025-02-14 03:52:00] CSV_TYPE_HIERARCHY: 0,0,3,3
[2025-02-14 03:52:00] CSV_TYPE_HIERARCHY: 0,0,7,7
[2025-02-14 03:52:00] CSV_TYPE_HIERARCHY: 0,0,2,2
[2025-02-14 03:52:00] CSV_TYPE_HIERARCHY: 0,0,2,2
[2025-02-14 03:52:00] CSV_TYPE_HIERARCHY: 0,0,2,2
[2025-02-14 03:52:00] CSV_TYPE_HIERARCHY: 0,0,2,2
[2025-02-14 03:52:00] CSV_TYPE_HIERARCHY: 0,0,2,2
[2025-02-14 03:52:00] CSV_TYPE_HIERARCHY: 0,0,2,2
[2025-02-14 03:52:00] CSV_TYPE_HIERARCHY: 0,0,2,2
[2025-02-14 03:52:00] CSV_TYPE_HIERARCHY: 0,0,2,2
[2025-02-14 03:52:00] CSV_TYPE_HIERARCHY: 0,0,2,2
[2025-02-14 03:52:00] CSV_TYPE_HIERARCHY: 0,0,2,2
[2025-02-14 03:52:00] CSV_TYPE_HIERARCHY: 0,0,2,2
[2025-02-14 03:52:00] CSV_TYPE_HIERARCHY: 0,0,2,2
[2025-02-14 03:52:00] CSV_TYPE_HIERARCHY: 0,0,2,2
[2025-02-14 03:52:00] CSV_TYPE_HIERARCHY: 0,0,2,2
[2025-02-14 03:52:00] CSV_TYPE_HIERARCHY: 0,0,2,2
[2025-02-14 03:52:00] CSV_TYPE_HIERARCHY: 0,0,2,2
[2025-02-14 03:52:00] CSV_TYPE_HIERARCHY: 0,0,2,2
[2025-02-14 03:52:00] CSV_TYPE_HIERARCHY: 0,0,2,2
[2025-02-14 03:52:00] CSV_TYPE_HIERARCHY: 0,0,2,2
[2025-02-14 03:52:00] CSV_TYPE_HIERARCHY: 0,0,2,2
[2025-02-14 03:52:00] CSV_TYPE_HIERARCHY: 0,0,2,2
[2025-02-14 03:52:00] CSV_TYPE_HIERARCHY: 0,0,2,2
[2025-02-14 03:52:00] CSV_TYPE_HIERARCHY: 0,0,2,2
[2025-02-14 03:52:00] CSV_TYPE_HIERARCHY: 0,0,2,2
[2025-02-14 03:52:00] CSV_TYPE_HIERARCHY: 0,0,2,2
[2025-02-14 03:52:00] CSV_TYPE_HIERARCHY: 0,0,2,2
[2025-02-14 03:52:00] CSV_TYPE_HIERARCHY: 0,0,3,3
[2025-02-14 03:52:00] CSV_TYPE_HIERARCHY: 0,0,4,4
[2025-02-14 03:52:00] CSV_TYPE_HIERARCHY: 0,0,4,4
[2025-02-14 03:52:00] CSV_TYPE_HIERARCHY: 0,0,4,4
[2025-02-14 03:52:00] CSV_TYPE_HIERARCHY: 0,0,4,4
[2025-02-14 03:52:00] CSV_TYPE_HIERARCHY: 0,0,4,4
[2025-02-14 03:52:00] CSV_TYPE_HIERARCHY: 0,0,4,4
[2025-02-14 03:52:00] CSV_TYPE_HIERARCHY: 0,0,4,4
[2025-02-14 03:52:00] CSV_TYPE_HIERARCHY: 0,0,4,4
[2025-02-14 03:52:00] CSV_TYPE_HIERARCHY: 0,0,1,1
[2025-02-14 03:52:00] CSV_TYPE_HIERARCHY: 0,0,1,1
[2025-02-14 03:52:00] CSV_TYPE_HIERARCHY: 0,0,4,4
[2025-02-14 03:52:00] CSV_TYPE_HIERARCHY: 0,0,1,1
[2025-02-14 03:52:00] CSV_TYPE_HIERARCHY: 0,0,1,1
[2025-02-14 03:52:00] CSV_TYPE_HIERARCHY: 0,0,4,4
[2025-02-14 03:52:00] CSV_TYPE_HIERARCHY: 0,0,1,1
[2025-02-14 03:52:00] CSV_TYPE_HIERARCHY: 0,0,1,1
[2025-02-14 03:52:00] CSV_TYPE_HIERARCHY: 0,0,4,4
[2025-02-14 03:52:00] CSV_TYPE_HIERARCHY: 0,0,1,1
[2025-02-14 03:52:00] CSV_TYPE_HIERARCHY: 0,0,1,1
[2025-02-14 03:52:00] CSV_TYPE_HIERARCHY: 0,0,4,4
[2025-02-14 03:52:00] CSV_TYPE_HIERARCHY: 0,0,1,1
[2025-02-14 03:52:00] CSV_TYPE_HIERARCHY: 0,0,1,1
[2025-02-14 03:52:00] CSV_TYPE_HIERARCHY: 0,0,4,4
[2025-02-14 03:52:00] CSV_TYPE_HIERARCHY: 0,0,1,1
[2025-02-14 03:52:00] CSV_TYPE_HIERARCHY: 0,0,1,1
[2025-02-14 03:52:00] CSV_TYPE_HIERARCHY: 0,0,4,4
[2025-02-14 03:52:00] CSV_TYPE_HIERARCHY: 0,0,1,1
[2025-02-14 03:52:00] CSV_TYPE_HIERARCHY: 0,0,1,1
[2025-02-14 03:52:00] CSV_TYPE_HIERARCHY: 0,0,4,4
[2025-02-14 03:52:00] CSV_TYPE_HIERARCHY: 0,0,1,1
[2025-02-14 03:52:00] CSV_TYPE_HIERARCHY: 0,0,1,1
[2025-02-14 03:52:00] CSV_TYPE_HIERARCHY: 0,0,4,4
[2025-02-14 03:52:00] CSV_TYPE_HIERARCHY: 0,0,1,1
[2025-02-14 03:52:00] CSV_TYPE_HIERARCHY: 0,0,1,1
[2025-02-14 03:52:00] CSV_TYPE_HIERARCHY: 0,0,4,4
[2025-02-14 03:52:00] CSV_TYPE_HIERARCHY: 0,0,1,1
[2025-02-14 03:52:00] CSV_TYPE_HIERARCHY: 0,0,1,1
[2025-02-14 03:52:00] CSV_TYPE_HIERARCHY: 0,0,4,4
[2025-02-14 03:52:00] CSV_TYPE_HIERARCHY: 0,0,1,1
[2025-02-14 03:52:00] CSV_TYPE_HIERARCHY: 0,0,1,1
[2025-02-14 03:52:00] CSV_TYPE_HIERARCHY: 0,0,4,4
[2025-02-14 03:52:00] CSV_TYPE_HIERARCHY: 0,0,1,1
[2025-02-14 03:52:00] CSV_TYPE_HIERARCHY: 0,0,1,1
[2025-02-14 03:52:00] CSV_TYPE_HIERARCHY: 0,0,4,4
[2025-02-14 03:52:00] CSV_TYPE_HIERARCHY: 0,0,7,7
[2025-02-14 03:52:00] CSV_TYPE_HIERARCHY: 0,0,7,9
[2025-02-14 03:52:00] CSV_TYPE_HIERARCHY: 0,0,2,2
[2025-02-14 03:52:00] CSV_TYPE_HIERARCHY: 0,0,3,3
[2025-02-14 03:52:00] CSV_TYPE_HIERARCHY: 0,0,7,7
[2025-02-14 03:52:00] CSV_TYPE_HIERARCHY: 0,0,5,6
[2025-02-14 03:52:00] CSV_TYPE_HIERARCHY: 0,0,7,7
[2025-02-14 03:52:00] CSV_TYPE_HIERARCHY: 0,0,7,9
[2025-02-14 03:52:00] CSV_TYPE_HIERARCHY: 0,0,2,2
[2025-02-14 03:52:00] CSV_TYPE_HIERARCHY: 0,0,3,3
[2025-02-14 03:52:00] CSV_TYPE_HIERARCHY: 0,0,7,7
[2025-02-14 03:52:00] CSV_TYPE_HIERARCHY: 0,0,5,6
[2025-02-14 03:52:00] CSV_TYPE_HIERARCHY: 0,0,4,4
[2025-02-14 03:52:00] CSV_TYPE_HIERARCHY: 0,0,4,4
[2025-02-14 03:52:00] CSV_TYPE_HIERARCHY: 0,0,4,4
[2025-02-14 03:52:00] CSV_TYPE_HIERARCHY: 0,0,4,4
[2025-02-14 03:52:00] CSV_TYPE_HIERARCHY: 0,0,4,4
[2025-02-14 03:52:00] CSV_TYPE_HIERARCHY: 0,0,4,4
[2025-02-14 03:52:00] CSV_TYPE_HIERARCHY: 0,0,4,4
[2025-02-14 03:52:00] CSV_TYPE_HIERARCHY: 0,0,4,4
[2025-02-14 03:52:01] Type Inference time: 00:01.580
[2025-02-14 03:52:02] [WARN] execute queries> WARNING: A table query must define the @id property. (/home/haojie/proj_tests/posixGen-codeql-freertos/codeql_scripts/info_function_collector.ql:2,1-6,4)
[2025-02-14 03:52:02] [WARN] execute queries> WARNING: QLDoc comment is not attached to any QL element (/home/haojie/proj_tests/posixGen-codeql-freertos/codeql_scripts/DriverLocator.qll:374,1-384,4)
[2025-02-14 03:52:02] [WARN] execute queries> WARNING: QLDoc comment is not attached to any QL element (/home/haojie/proj_tests/posixGen-codeql-freertos/codeql_scripts/MMIOAnalyzer.qll:513,1-517,4)
[2025-02-14 03:52:02] [WARN] execute queries> WARNING: QLDoc comment is not attached to any QL element (/home/haojie/proj_tests/posixGen-codeql-freertos/codeql_scripts/MMIOAnalyzer.qll:538,1-541,4)
[2025-02-14 03:52:02] [WARN] execute queries> WARNING: QLDoc comment is not attached to any QL element (/home/haojie/proj_tests/posixGen-codeql-freertos/codeql_scripts/MMIOAnalyzer.qll:552,1-555,4)
[2025-02-14 03:52:02] [WARN] execute queries> WARNING: QLDoc comment is not attached to any QL element (/home/haojie/proj_tests/posixGen-codeql-freertos/codeql_scripts/MMIOAnalyzer.qll:566,1-571,4)
[2025-02-14 03:52:02] [WARN] execute queries> WARNING: QLDoc comment is not attached to any QL element (/home/haojie/proj_tests/posixGen-codeql-freertos/codeql_scripts/MMIOAnalyzer.qll:585,1-588,4)
[2025-02-14 03:52:02] [WARN] execute queries> WARNING: QLDoc comment is not attached to any QL element (/home/haojie/proj_tests/posixGen-codeql-freertos/codeql_scripts/MMIOAnalyzer.qll:592,1-599,4)
[2025-02-14 03:52:02] [WARN] execute queries> WARNING: QLDoc comment is not attached to any QL element (/home/haojie/proj_tests/posixGen-codeql-freertos/codeql_scripts/MMIOAnalyzer.qll:602,1-607,4)
[2025-02-14 03:52:02] [WARN] execute queries> WARNING: test is always true, as Parameter is a supertype of the expression type Parameter::Parameter (/home/haojie/proj_tests/posixGen-codeql-freertos/codeql_scripts/MMIOAnalyzer.qll:212,37-46)
[2025-02-14 03:52:02] [WARN] execute queries> WARNING: test is always true, as the expression already has type Parameter::Parameter (/home/haojie/proj_tests/posixGen-codeql-freertos/codeql_scripts/MMIOAnalyzer.qll:212,37-46)
[2025-02-14 03:52:02] [WARN] execute queries> WARNING: test is always true, as Expr is a supertype of the expression type Expr::Expr (/home/haojie/proj_tests/posixGen-codeql-freertos/codeql_scripts/MMIOAnalyzer.qll:253,34-38)
[2025-02-14 03:52:02] [WARN] execute queries> WARNING: test is always true, as the expression already has type Expr::Expr (/home/haojie/proj_tests/posixGen-codeql-freertos/codeql_scripts/MMIOAnalyzer.qll:253,34-38)
[2025-02-14 03:52:02] [WARN] execute queries> WARNING: test is always true, as Parameter is a supertype of the expression type Parameter::Parameter (/home/haojie/proj_tests/posixGen-codeql-freertos/codeql_scripts/MMIOAnalyzer.qll:254,39-48)
[2025-02-14 03:52:02] [WARN] execute queries> WARNING: test is always true, as the expression already has type Parameter::Parameter (/home/haojie/proj_tests/posixGen-codeql-freertos/codeql_scripts/MMIOAnalyzer.qll:254,39-48)
[2025-02-14 03:52:02] [WARN] execute queries> WARNING: test is always true, as Expr is a supertype of the expression type Expr::Expr (/home/haojie/proj_tests/posixGen-codeql-freertos/codeql_scripts/MMIOAnalyzer.qll:259,32-36)
[2025-02-14 03:52:02] [WARN] execute queries> WARNING: test is always true, as the expression already has type Expr::Expr (/home/haojie/proj_tests/posixGen-codeql-freertos/codeql_scripts/MMIOAnalyzer.qll:259,32-36)
[2025-02-14 03:52:02] [WARN] execute queries> WARNING: test is always true, as Parameter is a supertype of the expression type Parameter::Parameter (/home/haojie/proj_tests/posixGen-codeql-freertos/codeql_scripts/MMIOAnalyzer.qll:260,37-46)
[2025-02-14 03:52:02] [WARN] execute queries> WARNING: test is always true, as the expression already has type Parameter::Parameter (/home/haojie/proj_tests/posixGen-codeql-freertos/codeql_scripts/MMIOAnalyzer.qll:260,37-46)
[2025-02-14 03:52:02] [DETAILS] execute queries> Optimizing /home/haojie/proj_tests/posixGen-codeql-freertos/codeql_scripts/info_function_collector.ql.
[2025-02-14 03:52:02] Processing compilation pipeline
[2025-02-14 03:52:02] Started compiling a query
[2025-02-14 03:52:02] Initialising compiler...
[2025-02-14 03:52:02] 	 ... compiler initialised
[2025-02-14 03:52:02] About to start query optimisation
[2025-02-14 03:52:02] Compilation cache hit - skipping compilation.
[2025-02-14 03:52:02] Compilation cache hit - skipping compilation.
[2025-02-14 03:52:02] Compilation cache hit - skipping compilation.
[2025-02-14 03:52:02] Compilation cache hit - skipping compilation.
[2025-02-14 03:52:02] Compilation cache hit - skipping compilation.
[2025-02-14 03:52:02] Compilation cache hit - skipping compilation.
[2025-02-14 03:52:02] Compilation cache hit - skipping compilation.
[2025-02-14 03:52:02] CSV_COMPILATION: NONE,MISC,RA_TRANSLATION,OPTIMISATIONS
[2025-02-14 03:52:02] CSV_COMPILATION: 154,310,0,0
[2025-02-14 03:52:02] [SPAMMY] execute queries> No database upgrade/downgrade needed for /home/haojie/proj_tests/posixGen-codeql-freertos/codeql_scripts/info_function_collector.ql
[2025-02-14 03:52:02] [PROGRESS] execute queries> [1/1 comp 12.5s] Compiled /home/haojie/proj_tests/posixGen-codeql-freertos/codeql_scripts/info_function_collector.ql.
[2025-02-14 03:52:02] [PROGRESS] execute queries> Starting evaluation of getting-started/codeql-extra-queries-cpp/info_function_collector.ql.
[2025-02-14 03:52:02] Starting evaluation of /home/haojie/proj_tests/posixGen-codeql-freertos/codeql_scripts/info_function_collector.ql
[2025-02-14 03:52:02] (0s) Start query execution
[2025-02-14 03:52:02] (0s) Beginning execution of info_function_collector.ql
[2025-02-14 03:52:02] (0s)  >>> Created relation functions/3@176659cl with 2516 rows and digest b7e613flpdua1oj206g9oktfhs1.
[2025-02-14 03:52:03] (0s)  >>> Created relation locations_default/6@541b30r8 with 129506 rows and digest eb19608jkr4o1835a4qg5ritnta.
[2025-02-14 03:52:03] (0s)  >>> Created relation fun_decls/5@52a883hl with 3603 rows and digest 6703b69prhgmvd47go2idip7h3f.
[2025-02-14 03:52:03] (0s)  >>> Created relation files/2@1ebcd3es with 237 rows and digest fc6c5e52pmsajpmpn3n6n3enhqd.
[2025-02-14 03:52:03] (0s) Starting to evaluate predicate fun_decls_10#join_rhs/2@fb517a5h
[2025-02-14 03:52:03] (0s)  >>> Created relation fun_decls_10#join_rhs/2@fb517a5h with 3603 rows and digest edd42beq2jp5qld33nggmog52e8.
[2025-02-14 03:52:03] (0s)  >>> Created relation function_instantiation/2@4edba28i with 0 rows and digest THIS-RELATION-HAS-NO-TUPLES.
[2025-02-14 03:52:03] (0s) Inferred that Function::Function.isConstructedFrom/1#dispred#2edd856f/2@e46668o3 is empty, due to function_instantiation/2@4edba28i.
[2025-02-14 03:52:03] (0s) Inferred that function_instantiation_10#join_rhs/2@65afeav9 is empty, due to function_instantiation/2@4edba28i.
[2025-02-14 03:52:03] (0s) Inferred that project#Function::Function.isConstructedFrom/1#dispred#2edd856f/1@c9ffc3mv is empty, due to Function::Function.isConstructedFrom/1#dispred#2edd856f/2@e46668o3.
[2025-02-14 03:52:03] (0s) Inferred that Function::Function.isConstructedFrom/1#dispred#2edd856f_10#join_rhs/2@23f5faqm is empty, due to Function::Function.isConstructedFrom/1#dispred#2edd856f/2@e46668o3.
[2025-02-14 03:52:03] (0s) Inferred that QualifiedName::TemplateFunction.getAnInstantiation/0#dispred#1cbe8684/2@4d00c7ce is empty, due to function_instantiation_10#join_rhs/2@65afeav9.
[2025-02-14 03:52:03] (0s) Inferred that Parameter::Parameter.getFunction/0#dispred#803faca2#fb/2@e32ba6ni is empty, due to project#Function::Function.isConstructedFrom/1#dispred#2edd856f/1@c9ffc3mv.
[2025-02-14 03:52:03] (0s) Inferred that Parameter::Parameter.getFunction/0#dispred#803faca2#fb/2@5b5871pm is empty, due to project#Function::Function.isConstructedFrom/1#dispred#2edd856f/1@c9ffc3mv.
[2025-02-14 03:52:03] (0s) Inferred that _Function::Function.isConstructedFrom/1#dispred#2edd856f_10#join_rhs_ResolveFunction::isFunction/1#9__#antijoin_rhs/2@f35edde3 is empty, due to Function::Function.isConstructedFrom/1#dispred#2edd856f_10#join_rhs/2@23f5faqm.
[2025-02-14 03:52:03] (0s) Inferred that Function::TemplateFunction.getAnInstantiation/0#dispred#578175e9/2@633a45ae is empty, due to Function::Function.isConstructedFrom/1#dispred#2edd856f_10#join_rhs/2@23f5faqm.
[2025-02-14 03:52:03] (0s) Inferred that Function::TemplateFunction.getAnInstantiation/0#dispred#578175e9#fb/2@42a33fi4 is empty, due to Function::Function.isConstructedFrom/1#dispred#2edd856f_10#join_rhs/2@23f5faqm.
[2025-02-14 03:52:03] (0s) Inferred that _Parameter::Parameter#623bc78d_Parameter::Parameter.getFunction/0#dispred#803faca2#fb_project#Functi__#antijoin_rhs/1@e46d4aci is empty, due to Parameter::Parameter.getFunction/0#dispred#803faca2#fb/2@e32ba6ni.
[2025-02-14 03:52:03] (0s) Inferred that _Parameter::Parameter#623bc78d_Parameter::Parameter.getFunction/0#dispred#803faca2#fb_project#Functi__#antijoin_rhs/1@7f1c09f6 is empty, due to Parameter::Parameter.getFunction/0#dispred#803faca2#fb/2@5b5871pm.
[2025-02-14 03:52:03] (0s) Starting to evaluate predicate ResolveFunction::resolveFunction/1#576ba5ee_10#join_rhs/2@10a0f9sn
[2025-02-14 03:52:03] (0s)  >>> Created relation ResolveFunction::resolveFunction/1#576ba5ee_10#join_rhs/2@10a0f9sn with 2516 rows and digest ed7d6afk8ov2ok8pbfv48dt25n9.
[2025-02-14 03:52:03] (0s)  >>> Created relation fun_specialized/1@c66438j5 with 0 rows and digest THIS-RELATION-HAS-NO-TUPLES.
[2025-02-14 03:52:03] (0s) Inferred that __is_function_template_project#function_template_argument#shared_fun_decls_10#join_rhs_fun_specializ__#antijoin_rhs/1@9fd3f48p is empty, due to fun_specialized/1@c66438j5.
[2025-02-14 03:52:03] (0s) Inferred that Function::Function.isSpecialization/0#dispred#e3ca2d98/1@70061bid is empty, due to fun_specialized/1@c66438j5.
[2025-02-14 03:52:03] (0s) Inferred that _ResolveFunction::isFunction/1#9226b83f__ResolveFunction::isFunction/1#9226b83f_fun_decls_10#join_rh__#antijoin_rhs/2@f4f164qq is empty, due to fun_specialized/1@c66438j5.
[2025-02-14 03:52:03] (0s) Starting to evaluate predicate fun_decls_1#antijoin_rhs/1@835865u1
[2025-02-14 03:52:03] (0s)  >>> Created relation fun_decls_1#antijoin_rhs/1@835865u1 with 2513 rows and digest 22219fk3o0cpcgk66su22u6prh8.
[2025-02-14 03:52:03] (0s) Starting to evaluate predicate functions_02#join_rhs/2@292d18l8
[2025-02-14 03:52:03] (0s)  >>> Created relation functions_02#join_rhs/2@292d18l8 with 2516 rows and digest fb5ad0r7lfgk4c8huqscqcjiaae.
[2025-02-14 03:52:03] (0s) Starting to evaluate predicate Location::Location.getContainer/0#9edabfb6/2@ef1f58sd
[2025-02-14 03:52:03] (0s)  >>> Created relation Location::Location.getContainer/0#9edabfb6/2@ef1f58sd with 129506 rows and digest f6110bppsgr6lf0i6ve51j3v6na.
[2025-02-14 03:52:03] (0s) Starting to evaluate predicate Location::Location.getContainer/0#9edabfb6_10#join_rhs/2@23a46cqm
[2025-02-14 03:52:03] (0s)  >>> Created relation Location::Location.getContainer/0#9edabfb6_10#join_rhs/2@23a46cqm with 129506 rows and digest 9a49c3fq3idbum650ua6rj470vc.
[2025-02-14 03:52:03] (0s) Starting to evaluate predicate Location::Location.getFile/0#dispred#d1f8b5d1/2@60a1cc58
[2025-02-14 03:52:03] (0s)  >>> Created relation Location::Location.getFile/0#dispred#d1f8b5d1/2@60a1cc58 with 129506 rows and digest f6110bppsgr6lf0i6ve51j3v6na.
[2025-02-14 03:52:03] (0s) Starting to evaluate predicate locations_default_23450#join_rhs/5@24c5f5e8
[2025-02-14 03:52:03] (0s)  >>> Created relation locations_default_23450#join_rhs/5@24c5f5e8 with 129506 rows and digest 89605dihil484ncfo9k8kkfvmbe.
[2025-02-14 03:52:03] (0s) Starting to evaluate predicate _ResolveFunction::isFunction/1#9226b83f_fun_decls_10#join_rhs#shared/2@716df14l
[2025-02-14 03:52:03] (0s)  >>> Created relation _ResolveFunction::isFunction/1#9226b83f_fun_decls_10#join_rhs#shared/2@716df14l with 3603 rows and digest edd42beq2jp5qld33nggmog52e8.
[2025-02-14 03:52:03] (0s) Starting to evaluate predicate Function::Function.declEntry/1#dispred#ac5fff8a/2@89fd3esu
[2025-02-14 03:52:03] (0s)  >>> Created relation Function::Function.declEntry/1#dispred#ac5fff8a/2@89fd3esu with 3603 rows and digest edd42beq2jp5qld33nggmog52e8.
[2025-02-14 03:52:03] (0s) Starting to evaluate predicate Function::Function.getADeclarationEntry/0#dispred#c4df8642/2@c50299mm
[2025-02-14 03:52:03] (0s)  >>> Created relation Function::Function.getADeclarationEntry/0#dispred#c4df8642/2@c50299mm with 3603 rows and digest edd42beq2jp5qld33nggmog52e8.
[2025-02-14 03:52:03] (0s) Starting to evaluate predicate Function::Function.getADeclarationEntry/0#dispred#c4df8642_10#join_rhs/2@27f5f3a8
[2025-02-14 03:52:03] (0s)  >>> Created relation Function::Function.getADeclarationEntry/0#dispred#c4df8642_10#join_rhs/2@27f5f3a8 with 3603 rows and digest 2301b5kaeqsd91no4m2mch670gc.
[2025-02-14 03:52:03] (0s)  >>> Created relation fun_def/1@d08df0dl with 1224 rows and digest 05869dd8en0ttuj2bn97dofvck7.
[2025-02-14 03:52:03] (0s) Starting to evaluate predicate Function::Function.getDefinition/0#dispred#858b1c2d/2@e80093eu
[2025-02-14 03:52:03] (0s)  >>> Created relation Function::Function.getDefinition/0#dispred#858b1c2d/2@e80093eu with 1224 rows and digest 06cc9ai86ek3r2r1sncs8rugndf.
[2025-02-14 03:52:03] (0s) Starting to evaluate predicate project#Function::Function.getDefinition/0#dispred#858b1c2d/1@b393dfnu
[2025-02-14 03:52:03] (0s)  >>> Created relation project#Function::Function.getDefinition/0#dispred#858b1c2d/1@b393dfnu with 1214 rows and digest 120a97be1han4pig3ucp5h87ji6.
[2025-02-14 03:52:03] (0s) Starting to evaluate predicate Function::Function.getDefinition/0#dispred#858b1c2d_10#join_rhs/2@a27a1bto
[2025-02-14 03:52:03] (0s)  >>> Created relation Function::Function.getDefinition/0#dispred#858b1c2d_10#join_rhs/2@a27a1bto with 1224 rows and digest d733a7noicot73c5clkvbldm822.
[2025-02-14 03:52:03] (0s) Starting to evaluate predicate Function::Function.getDefinitionLocation/0#dispred#affff69b/2@7be1cbij
[2025-02-14 03:52:03] (0s)  >>> Created relation Function::Function.getDefinitionLocation/0#dispred#affff69b/2@7be1cbij with 1224 rows and digest 6ce7417uukvik8tb2nnunohc3o4.
[2025-02-14 03:52:03] (0s) Starting to evaluate predicate Function::BuiltInFunction#61550849/1@098add52
[2025-02-14 03:52:03] (0s)  >>> Created relation Function::BuiltInFunction#61550849/1@098add52 with 5 rows and digest b785f3vpdb698huq07ikaobuc2b.
[2025-02-14 03:52:03] (0s) Starting to evaluate predicate Function::Function.getLocation/0#dispred#1a6e8626/2@0b3e9eie
[2025-02-14 03:52:03] (0s)  >>> Created relation Function::Function.getLocation/0#dispred#1a6e8626/2@0b3e9eie with 2529 rows and digest a065c4loglsjg0qttmamjhr9aa4.
[2025-02-14 03:52:03] (0s) Starting to evaluate predicate Element::Element.getFile/0#dispred#536cb5f3/2@614fed1v
[2025-02-14 03:52:03] (0s)  >>> Created relation Element::Element.getFile/0#dispred#536cb5f3/2@614fed1v with 2529 rows and digest aae1f743bd55c43rukph4tf8832.
[2025-02-14 03:52:03] (0s)  >>> Created relation attributes/5@b08c8cnt with 355 rows and digest 5f890fooobr05uq8o6s3f3biqlb.
[2025-02-14 03:52:03] (0s) Starting to evaluate predicate attributes_20#join_rhs/2@1b8949km
[2025-02-14 03:52:03] (0s)  >>> Created relation attributes_20#join_rhs/2@1b8949km with 355 rows and digest fa3c3dqh9iuij66rqegb5nu7440.
[2025-02-14 03:52:03] (0s)  >>> Created relation funcattributes/2@7fe903tg with 334 rows and digest 749a4f4vr77ged0dv99cuui3217.
[2025-02-14 03:52:03] (0s) Starting to evaluate predicate funcattributes_10#join_rhs/2@487d44ru
[2025-02-14 03:52:03] (0s)  >>> Created relation funcattributes_10#join_rhs/2@487d44ru with 334 rows and digest dd2bd7ojo7l9uii4hjo0uhjnug0.
[2025-02-14 03:52:03] (0s) Starting to evaluate predicate info_function_collector::FunctionInfo.isWeak/0#dispred#05193b75/1@8b5ae6iq
[2025-02-14 03:52:03] (0s)  >>> Created relation info_function_collector::FunctionInfo.isWeak/0#dispred#05193b75/1@8b5ae6iq with 107 rows and digest aa4a05g9c78554h4ncmggf8n3fd.
[2025-02-14 03:52:03] (0s) Starting to evaluate predicate info_function_collector::FunctionInfo.getWeakFlag/0#dispred#9b47b0fc/2@878e07mb
[2025-02-14 03:52:03] (0s)  >>> Created relation info_function_collector::FunctionInfo.getWeakFlag/0#dispred#9b47b0fc/2@878e07mb with 2516 rows and digest a03b3et0udrj9hobm2v2681rrl9.
[2025-02-14 03:52:03] (0s) Starting to evaluate predicate DriverLocator::DriverFile#39ab7a8b/1@c0a5298h
[2025-02-14 03:52:03] (0s)  >>> Created relation DriverLocator::DriverFile#39ab7a8b/1@c0a5298h with 93 rows and digest 3b6650ujf0s4ahr1qnmbbnpiq87.
[2025-02-14 03:52:03] (0s) Starting to evaluate predicate DriverLocator::DriverFunction#77a07808/1@8ea25emt
[2025-02-14 03:52:03] (0s)  >>> Created relation DriverLocator::DriverFunction#77a07808/1@8ea25emt with 1340 rows and digest 77e909htiqt2cjribqss5l1itva.
[2025-02-14 03:52:03] (0s) Starting to evaluate predicate info_function_collector::FunctionInfo.getDriverFlag/0#dispred#a9b97412/2@d705e4g0
[2025-02-14 03:52:03] (0s)  >>> Created relation info_function_collector::FunctionInfo.getDriverFlag/0#dispred#a9b97412/2@d705e4g0 with 2516 rows and digest bfb3774loqig6sdvmffksf3pjc1.
[2025-02-14 03:52:03] (0s) Starting to evaluate predicate Location::Location.getStartLine/0#d54f9e6c/2@4b88b03s
[2025-02-14 03:52:03] (0s)  >>> Created relation Location::Location.getStartLine/0#d54f9e6c/2@4b88b03s with 129506 rows and digest db8d8duge9bsor8ssv258njqf64.
[2025-02-14 03:52:03] (0s) Starting to evaluate predicate #select#query/5@d9a6791e
[2025-02-14 03:52:03] (0s)  >>> Created relation #select#query/5@d9a6791e with 2555 rows and digest c4dccfurr8ra0qnnnfip8ea6o87.
[2025-02-14 03:52:03] (0s) Query done
[2025-02-14 03:52:03] (0s) Sequence stamp origin is -6082892130937427469
[2025-02-14 03:52:03] (0s) Pausing evaluation to sync to disk at sequence stamp o+0
[2025-02-14 03:52:03] (0s) Unpausing evaluation
[2025-02-14 03:52:03] Evaluation of /home/haojie/proj_tests/posixGen-codeql-freertos/codeql_scripts/info_function_collector.ql produced BQRS results.
[2025-02-14 03:52:03] [PROGRESS] execute queries> [1/1 eval 320ms] Evaluation done; writing results to /home/haojie/proj_tests/posixGen-codeql-freertos/_output_infos/output.bqrs.
[2025-02-14 03:52:03] [PROGRESS] execute queries> Shutting down query evaluator.
[2025-02-14 03:52:03] Pausing evaluation to close the cache at sequence stamp o+1
[2025-02-14 03:52:03] The disk cache is freshly trimmed; leave it be.
[2025-02-14 03:52:03] Unpausing evaluation
[2025-02-14 03:52:03] This NaiveBuddyAllocator requested 0 eviction rounds.
[2025-02-14 03:52:03] Exiting with code 0
