[2025-10-02 17:24:18] This is codeql execute queries -J-Xmx12982M --off-heap-ram=16156 --verbosity=progress --logdir=/home/haojie/workspace/DBS/DATABASE_FreeRTOSLwIP_StreamingServer/log --evaluator-log-level=5 --warnings=show --qlconfig-file=/home/haojie/workspace/lcmhalmcp/qlconfig.yml --output=/home/haojie/workspace/lcmhalmcp/tmp/common_info.bqrs -- /home/haojie/workspace/DBS/DATABASE_FreeRTOSLwIP_StreamingServer/db-cpp path:/home/haojie/workspace/lcmhalmcp/queries/collectors/common/info_enum_collector.ql
[2025-10-02 17:24:18] Calling plumbing command: codeql resolve queries --qlconfig-file=/home/haojie/workspace/lcmhalmcp/qlconfig.yml --format=json -- path:/home/haojie/workspace/lcmhalmcp/queries/collectors/common/info_enum_collector.ql
[2025-10-02 17:24:18] [PROGRESS] resolve queries> Recording pack reference getting-started/codeql-extra-queries-cpp at /home/haojie/workspace/lcmhalmcp/queries.
[2025-10-02 17:24:18] Plumbing command codeql resolve queries completed:
                      [
                        "/home/haojie/workspace/lcmhalmcp/queries/collectors/common/info_enum_collector.ql"
                      ]
[2025-10-02 17:24:18] Refusing fancy output: $CODEQL_ISATTY terminal indication is missing
[2025-10-02 17:24:18] Creating executor with 1 threads.
[2025-10-02 17:24:18] Calling plumbing command: codeql resolve extensions --qlconfig-file=/home/haojie/workspace/lcmhalmcp/qlconfig.yml --include-extension-row-locations path:/home/haojie/workspace/lcmhalmcp/queries/collectors/common/info_enum_collector.ql
[2025-10-02 17:24:19] Calling plumbing command: codeql resolve queries --qlconfig-file=/home/haojie/workspace/lcmhalmcp/qlconfig.yml --allow-library-packs --format startingpacks -- path:/home/haojie/workspace/lcmhalmcp/queries/collectors/common/info_enum_collector.ql
[2025-10-02 17:24:19] [PROGRESS] resolve queries> Recording pack reference getting-started/codeql-extra-queries-cpp at /home/haojie/workspace/lcmhalmcp/queries.
[2025-10-02 17:24:19] Plumbing command codeql resolve queries completed:
                      [
                        "/home/haojie/workspace/lcmhalmcp/queries"
                      ]
[2025-10-02 17:24:19] Calling plumbing command: codeql resolve extensions-by-pack --qlconfig-file=/home/haojie/workspace/lcmhalmcp/qlconfig.yml --include-extension-row-locations -- /home/haojie/workspace/lcmhalmcp/queries
[2025-10-02 17:24:19] [SPAMMY] resolve extensions-by-pack> [INCOMPATIBILITY] getting-started/codeql-extra-queries-cpp: not 1.0.0 {root: getting-started/codeql-extra-queries-cpp@1.0.0}
[2025-10-02 17:24:19] [SPAMMY] resolve extensions-by-pack> [DERIVATION] getting-started/codeql-extra-queries-cpp: 1.0.0 {getting-started/codeql-extra-queries-cpp: not 1.0.0 {root: getting-started/codeql-extra-queries-cpp@1.0.0}}
[2025-10-02 17:24:19] [SPAMMY] resolve extensions-by-pack> [INCOMPATIBILITY] getting-started/codeql-extra-queries-cpp: * [*], codeql/cpp-all: not * [*] {dependency: getting-started/codeql-extra-queries-cpp@* [*] requires codeql/cpp-all@^1.4.1}
[2025-10-02 17:24:19] [SPAMMY] resolve extensions-by-pack> [DECISION 1] getting-started/codeql-extra-queries-cpp: 1.0.0
[2025-10-02 17:24:19] [SPAMMY] resolve extensions-by-pack> [DERIVATION] codeql/cpp-all: * [*] {getting-started/codeql-extra-queries-cpp: * [*], codeql/cpp-all: not * [*] {dependency: getting-started/codeql-extra-queries-cpp@* [*] requires codeql/cpp-all@^1.4.1}}
[2025-10-02 17:24:19] [SPAMMY] resolve extensions-by-pack> [INCOMPATIBILITY] codeql/cpp-all: * [*], codeql/dataflow: not * [*] {dependency: codeql/cpp-all@* [*] requires codeql/dataflow@1.1.1}
[2025-10-02 17:24:19] [SPAMMY] resolve extensions-by-pack> [INCOMPATIBILITY] codeql/cpp-all: * [*], codeql/mad: not * [*] {dependency: codeql/cpp-all@* [*] requires codeql/mad@1.0.7}
[2025-10-02 17:24:19] [SPAMMY] resolve extensions-by-pack> [INCOMPATIBILITY] codeql/cpp-all: * [*], codeql/rangeanalysis: not * [*] {dependency: codeql/cpp-all@* [*] requires codeql/rangeanalysis@1.0.7}
[2025-10-02 17:24:19] [SPAMMY] resolve extensions-by-pack> [INCOMPATIBILITY] codeql/cpp-all: * [*], codeql/ssa: not * [*] {dependency: codeql/cpp-all@* [*] requires codeql/ssa@1.0.7}
[2025-10-02 17:24:19] [SPAMMY] resolve extensions-by-pack> [INCOMPATIBILITY] codeql/cpp-all: * [*], codeql/tutorial: not * [*] {dependency: codeql/cpp-all@* [*] requires codeql/tutorial@1.0.7}
[2025-10-02 17:24:19] [SPAMMY] resolve extensions-by-pack> [INCOMPATIBILITY] codeql/cpp-all: * [*], codeql/typeflow: not * [*] {dependency: codeql/cpp-all@* [*] requires codeql/typeflow@1.0.7}
[2025-10-02 17:24:19] [SPAMMY] resolve extensions-by-pack> [INCOMPATIBILITY] codeql/cpp-all: * [*], codeql/util: not * [*] {dependency: codeql/cpp-all@* [*] requires codeql/util@1.0.7}
[2025-10-02 17:24:19] [SPAMMY] resolve extensions-by-pack> [INCOMPATIBILITY] codeql/cpp-all: * [*], codeql/xml: not * [*] {dependency: codeql/cpp-all@* [*] requires codeql/xml@1.0.7}
[2025-10-02 17:24:19] [SPAMMY] resolve extensions-by-pack> [DECISION 2] codeql/cpp-all: 1.4.2
[2025-10-02 17:24:19] [SPAMMY] resolve extensions-by-pack> [DERIVATION] codeql/xml: * [*] {codeql/cpp-all: * [*], codeql/xml: not * [*] {dependency: codeql/cpp-all@* [*] requires codeql/xml@1.0.7}}
[2025-10-02 17:24:19] [SPAMMY] resolve extensions-by-pack> [DERIVATION] codeql/util: * [*] {codeql/cpp-all: * [*], codeql/util: not * [*] {dependency: codeql/cpp-all@* [*] requires codeql/util@1.0.7}}
[2025-10-02 17:24:19] [SPAMMY] resolve extensions-by-pack> [DERIVATION] codeql/typeflow: * [*] {codeql/cpp-all: * [*], codeql/typeflow: not * [*] {dependency: codeql/cpp-all@* [*] requires codeql/typeflow@1.0.7}}
[2025-10-02 17:24:19] [SPAMMY] resolve extensions-by-pack> [DERIVATION] codeql/tutorial: * [*] {codeql/cpp-all: * [*], codeql/tutorial: not * [*] {dependency: codeql/cpp-all@* [*] requires codeql/tutorial@1.0.7}}
[2025-10-02 17:24:19] [SPAMMY] resolve extensions-by-pack> [DERIVATION] codeql/ssa: * [*] {codeql/cpp-all: * [*], codeql/ssa: not * [*] {dependency: codeql/cpp-all@* [*] requires codeql/ssa@1.0.7}}
[2025-10-02 17:24:19] [SPAMMY] resolve extensions-by-pack> [DERIVATION] codeql/rangeanalysis: * [*] {codeql/cpp-all: * [*], codeql/rangeanalysis: not * [*] {dependency: codeql/cpp-all@* [*] requires codeql/rangeanalysis@1.0.7}}
[2025-10-02 17:24:19] [SPAMMY] resolve extensions-by-pack> [DERIVATION] codeql/mad: * [*] {codeql/cpp-all: * [*], codeql/mad: not * [*] {dependency: codeql/cpp-all@* [*] requires codeql/mad@1.0.7}}
[2025-10-02 17:24:19] [SPAMMY] resolve extensions-by-pack> [DERIVATION] codeql/dataflow: * [*] {codeql/cpp-all: * [*], codeql/dataflow: not * [*] {dependency: codeql/cpp-all@* [*] requires codeql/dataflow@1.1.1}}
[2025-10-02 17:24:19] [SPAMMY] resolve extensions-by-pack> [INCOMPATIBILITY] codeql/dataflow: * [*], codeql/ssa: not * [*] {dependency: codeql/dataflow@* [*] requires codeql/ssa@1.0.7}
[2025-10-02 17:24:19] [SPAMMY] resolve extensions-by-pack> [INCOMPATIBILITY] codeql/dataflow: * [*], codeql/typetracking: not * [*] {dependency: codeql/dataflow@* [*] requires codeql/typetracking@1.0.7}
[2025-10-02 17:24:19] [SPAMMY] resolve extensions-by-pack> [INCOMPATIBILITY] codeql/dataflow: * [*], codeql/util: not * [*] {dependency: codeql/dataflow@* [*] requires codeql/util@1.0.7}
[2025-10-02 17:24:19] [SPAMMY] resolve extensions-by-pack> [DECISION 3] codeql/dataflow: 1.1.1
[2025-10-02 17:24:19] [SPAMMY] resolve extensions-by-pack> [DERIVATION] codeql/typetracking: * [*] {codeql/dataflow: * [*], codeql/typetracking: not * [*] {dependency: codeql/dataflow@* [*] requires codeql/typetracking@1.0.7}}
[2025-10-02 17:24:19] [SPAMMY] resolve extensions-by-pack> [INCOMPATIBILITY] codeql/mad: * [*], codeql/util: not * [*] {dependency: codeql/mad@* [*] requires codeql/util@1.0.7}
[2025-10-02 17:24:19] [SPAMMY] resolve extensions-by-pack> [DECISION 4] codeql/mad: 1.0.7
[2025-10-02 17:24:19] [SPAMMY] resolve extensions-by-pack> [INCOMPATIBILITY] codeql/rangeanalysis: * [*], codeql/util: not * [*] {dependency: codeql/rangeanalysis@* [*] requires codeql/util@1.0.7}
[2025-10-02 17:24:19] [SPAMMY] resolve extensions-by-pack> [DECISION 5] codeql/rangeanalysis: 1.0.7
[2025-10-02 17:24:19] [SPAMMY] resolve extensions-by-pack> [INCOMPATIBILITY] codeql/ssa: * [*], codeql/util: not * [*] {dependency: codeql/ssa@* [*] requires codeql/util@1.0.7}
[2025-10-02 17:24:19] [SPAMMY] resolve extensions-by-pack> [DECISION 6] codeql/ssa: 1.0.7
[2025-10-02 17:24:19] [SPAMMY] resolve extensions-by-pack> [DECISION 7] codeql/tutorial: 1.0.7
[2025-10-02 17:24:19] [SPAMMY] resolve extensions-by-pack> [INCOMPATIBILITY] codeql/typeflow: * [*], codeql/util: not * [*] {dependency: codeql/typeflow@* [*] requires codeql/util@1.0.7}
[2025-10-02 17:24:19] [SPAMMY] resolve extensions-by-pack> [DECISION 8] codeql/typeflow: 1.0.7
[2025-10-02 17:24:19] [SPAMMY] resolve extensions-by-pack> [INCOMPATIBILITY] codeql/typetracking: * [*], codeql/util: not * [*] {dependency: codeql/typetracking@* [*] requires codeql/util@1.0.7}
[2025-10-02 17:24:19] [SPAMMY] resolve extensions-by-pack> [DECISION 9] codeql/typetracking: 1.0.7
[2025-10-02 17:24:19] [SPAMMY] resolve extensions-by-pack> [DECISION 10] codeql/util: 1.0.7
[2025-10-02 17:24:19] [SPAMMY] resolve extensions-by-pack> [INCOMPATIBILITY] codeql/xml: * [*], codeql/util: not * [*] {dependency: codeql/xml@* [*] requires codeql/util@1.0.7}
[2025-10-02 17:24:19] [SPAMMY] resolve extensions-by-pack> [DECISION 11] codeql/xml: 1.0.7
[2025-10-02 17:24:19] [PROGRESS] resolve extensions-by-pack> Loading data extensions in /home/haojie/test/codeql/qlpacks/codeql/cpp-all/1.4.2/ext/Boost.Asio.model.yml.
[2025-10-02 17:24:19] [DETAILS] resolve extensions-by-pack>   Found extension targeting codeql/cpp-all:sourceModel: 6 tuples.
[2025-10-02 17:24:19] [DETAILS] resolve extensions-by-pack>   Found extension targeting codeql/cpp-all:sinkModel: 4 tuples.
[2025-10-02 17:24:19] [DETAILS] resolve extensions-by-pack>   Found extension targeting codeql/cpp-all:summaryModel: 1 tuples.
[2025-10-02 17:24:19] [PROGRESS] resolve extensions-by-pack> Loading data extensions in /home/haojie/test/codeql/qlpacks/codeql/cpp-all/1.4.2/ext/allocation/Bsd.allocation.model.yml.
[2025-10-02 17:24:19] [DETAILS] resolve extensions-by-pack>   Found extension targeting codeql/cpp-all:allocationFunctionModel: 2 tuples.
[2025-10-02 17:24:19] [PROGRESS] resolve extensions-by-pack> Loading data extensions in /home/haojie/test/codeql/qlpacks/codeql/cpp-all/1.4.2/ext/allocation/Glibc.allocation.model.yml.
[2025-10-02 17:24:19] [DETAILS] resolve extensions-by-pack>   Found extension targeting codeql/cpp-all:allocationFunctionModel: 2 tuples.
[2025-10-02 17:24:19] [PROGRESS] resolve extensions-by-pack> Loading data extensions in /home/haojie/test/codeql/qlpacks/codeql/cpp-all/1.4.2/ext/allocation/OpenSSL.allocation.model.yml.
[2025-10-02 17:24:19] [DETAILS] resolve extensions-by-pack>   Found extension targeting codeql/cpp-all:allocationFunctionModel: 4 tuples.
[2025-10-02 17:24:19] [PROGRESS] resolve extensions-by-pack> Loading data extensions in /home/haojie/test/codeql/qlpacks/codeql/cpp-all/1.4.2/ext/allocation/Std.allocation.model.yml.
[2025-10-02 17:24:19] [DETAILS] resolve extensions-by-pack>   Found extension targeting codeql/cpp-all:allocationFunctionModel: 10 tuples.
[2025-10-02 17:24:19] [PROGRESS] resolve extensions-by-pack> Loading data extensions in /home/haojie/test/codeql/qlpacks/codeql/cpp-all/1.4.2/ext/allocation/Windows.allocation.model.yml.
[2025-10-02 17:24:19] [DETAILS] resolve extensions-by-pack>   Found extension targeting codeql/cpp-all:allocationFunctionModel: 24 tuples.
[2025-10-02 17:24:19] [PROGRESS] resolve extensions-by-pack> Loading data extensions in /home/haojie/test/codeql/qlpacks/codeql/cpp-all/1.4.2/ext/allocation/empty.allocation.model.yml.
[2025-10-02 17:24:19] [DETAILS] resolve extensions-by-pack>   Found extension targeting codeql/cpp-all:allocationFunctionModel: 0 tuples.
[2025-10-02 17:24:19] [PROGRESS] resolve extensions-by-pack> Loading data extensions in /home/haojie/test/codeql/qlpacks/codeql/cpp-all/1.4.2/ext/bsl.array.model.yml.
[2025-10-02 17:24:19] [DETAILS] resolve extensions-by-pack>   Found extension targeting codeql/cpp-all:summaryModel: 9 tuples.
[2025-10-02 17:24:19] [PROGRESS] resolve extensions-by-pack> Loading data extensions in /home/haojie/test/codeql/qlpacks/codeql/cpp-all/1.4.2/ext/bsl.deque.model.yml.
[2025-10-02 17:24:19] [DETAILS] resolve extensions-by-pack>   Found extension targeting codeql/cpp-all:summaryModel: 68 tuples.
[2025-10-02 17:24:19] [PROGRESS] resolve extensions-by-pack> Loading data extensions in /home/haojie/test/codeql/qlpacks/codeql/cpp-all/1.4.2/ext/bsl.forward_list.model.yml.
[2025-10-02 17:24:19] [DETAILS] resolve extensions-by-pack>   Found extension targeting codeql/cpp-all:summaryModel: 51 tuples.
[2025-10-02 17:24:19] [PROGRESS] resolve extensions-by-pack> Loading data extensions in /home/haojie/test/codeql/qlpacks/codeql/cpp-all/1.4.2/ext/bsl.list.model.yml.
[2025-10-02 17:24:19] [DETAILS] resolve extensions-by-pack>   Found extension targeting codeql/cpp-all:summaryModel: 66 tuples.
[2025-10-02 17:24:19] [PROGRESS] resolve extensions-by-pack> Loading data extensions in /home/haojie/test/codeql/qlpacks/codeql/cpp-all/1.4.2/ext/bsl.vector.model.yml.
[2025-10-02 17:24:19] [DETAILS] resolve extensions-by-pack>   Found extension targeting codeql/cpp-all:summaryModel: 55 tuples.
[2025-10-02 17:24:19] [PROGRESS] resolve extensions-by-pack> Loading data extensions in /home/haojie/test/codeql/qlpacks/codeql/cpp-all/1.4.2/ext/deallocation/Bsd.deallocation.model.yml.
[2025-10-02 17:24:19] [DETAILS] resolve extensions-by-pack>   Found extension targeting codeql/cpp-all:deallocationFunctionModel: 3 tuples.
[2025-10-02 17:24:19] [PROGRESS] resolve extensions-by-pack> Loading data extensions in /home/haojie/test/codeql/qlpacks/codeql/cpp-all/1.4.2/ext/deallocation/Std.deallocation.model.yml.
[2025-10-02 17:24:19] [DETAILS] resolve extensions-by-pack>   Found extension targeting codeql/cpp-all:deallocationFunctionModel: 37 tuples.
[2025-10-02 17:24:19] [PROGRESS] resolve extensions-by-pack> Loading data extensions in /home/haojie/test/codeql/qlpacks/codeql/cpp-all/1.4.2/ext/deallocation/Windows.deallocation.model.yml.
[2025-10-02 17:24:19] [DETAILS] resolve extensions-by-pack>   Found extension targeting codeql/cpp-all:deallocationFunctionModel: 36 tuples.
[2025-10-02 17:24:19] [PROGRESS] resolve extensions-by-pack> Loading data extensions in /home/haojie/test/codeql/qlpacks/codeql/cpp-all/1.4.2/ext/deallocation/empty.deallocation.model.yml.
[2025-10-02 17:24:19] [DETAILS] resolve extensions-by-pack>   Found extension targeting codeql/cpp-all:deallocationFunctionModel: 0 tuples.
[2025-10-02 17:24:19] [PROGRESS] resolve extensions-by-pack> Loading data extensions in /home/haojie/test/codeql/qlpacks/codeql/cpp-all/1.4.2/ext/empty.model.yml.
[2025-10-02 17:24:19] [DETAILS] resolve extensions-by-pack>   Found extension targeting codeql/cpp-all:sourceModel: 0 tuples.
[2025-10-02 17:24:19] [DETAILS] resolve extensions-by-pack>   Found extension targeting codeql/cpp-all:sinkModel: 0 tuples.
[2025-10-02 17:24:19] [DETAILS] resolve extensions-by-pack>   Found extension targeting codeql/cpp-all:summaryModel: 0 tuples.
[2025-10-02 17:24:19] [PROGRESS] resolve extensions-by-pack> Loading data extensions in /home/haojie/test/codeql/qlpacks/codeql/cpp-all/1.4.2/ext/std.array.model.yml.
[2025-10-02 17:24:19] [DETAILS] resolve extensions-by-pack>   Found extension targeting codeql/cpp-all:summaryModel: 9 tuples.
[2025-10-02 17:24:19] [PROGRESS] resolve extensions-by-pack> Loading data extensions in /home/haojie/test/codeql/qlpacks/codeql/cpp-all/1.4.2/ext/std.deque.model.yml.
[2025-10-02 17:24:19] [DETAILS] resolve extensions-by-pack>   Found extension targeting codeql/cpp-all:summaryModel: 68 tuples.
[2025-10-02 17:24:19] [PROGRESS] resolve extensions-by-pack> Loading data extensions in /home/haojie/test/codeql/qlpacks/codeql/cpp-all/1.4.2/ext/std.format.model.yml.
[2025-10-02 17:24:19] [DETAILS] resolve extensions-by-pack>   Found extension targeting codeql/cpp-all:summaryModel: 9 tuples.
[2025-10-02 17:24:19] [PROGRESS] resolve extensions-by-pack> Loading data extensions in /home/haojie/test/codeql/qlpacks/codeql/cpp-all/1.4.2/ext/std.forward_list.model.yml.
[2025-10-02 17:24:19] [DETAILS] resolve extensions-by-pack>   Found extension targeting codeql/cpp-all:summaryModel: 51 tuples.
[2025-10-02 17:24:19] [PROGRESS] resolve extensions-by-pack> Loading data extensions in /home/haojie/test/codeql/qlpacks/codeql/cpp-all/1.4.2/ext/std.iterator.model.yml.
[2025-10-02 17:24:19] [DETAILS] resolve extensions-by-pack>   Found extension targeting codeql/cpp-all:summaryModel: 6 tuples.
[2025-10-02 17:24:19] [PROGRESS] resolve extensions-by-pack> Loading data extensions in /home/haojie/test/codeql/qlpacks/codeql/cpp-all/1.4.2/ext/std.list.model.yml.
[2025-10-02 17:24:19] [DETAILS] resolve extensions-by-pack>   Found extension targeting codeql/cpp-all:summaryModel: 66 tuples.
[2025-10-02 17:24:19] [PROGRESS] resolve extensions-by-pack> Loading data extensions in /home/haojie/test/codeql/qlpacks/codeql/cpp-all/1.4.2/ext/std.vector.model.yml.
[2025-10-02 17:24:19] [DETAILS] resolve extensions-by-pack>   Found extension targeting codeql/cpp-all:summaryModel: 55 tuples.
[2025-10-02 17:24:19] Plumbing command codeql resolve extensions-by-pack completed:
                      {
                        "models" : [ ],
                        "data" : {
                          "/home/haojie/workspace/lcmhalmcp/queries" : [
                            {
                              "predicate" : "sourceModel",
                              "file" : "/home/haojie/test/codeql/qlpacks/codeql/cpp-all/1.4.2/ext/Boost.Asio.model.yml",
                              "index" : 0,
                              "firstRowId" : 0,
                              "rowCount" : 6,
                              "predicateHasOrigin" : true,
                              "locations" : {
                                "lineNumbers" : "A=7+1*5",
                                "columnNumbers" : "A=9*6"
                              }
                            },
                            {
                              "predicate" : "sinkModel",
                              "file" : "/home/haojie/test/codeql/qlpacks/codeql/cpp-all/1.4.2/ext/Boost.Asio.model.yml",
                              "index" : 1,
                              "firstRowId" : 6,
                              "rowCount" : 4,
                              "predicateHasOrigin" : true,
                              "locations" : {
                                "lineNumbers" : "A=17+1*3",
                                "columnNumbers" : "A=9*4"
                              }
                            },
                            {
                              "predicate" : "summaryModel",
                              "file" : "/home/haojie/test/codeql/qlpacks/codeql/cpp-all/1.4.2/ext/Boost.Asio.model.yml",
                              "index" : 2,
                              "firstRowId" : 10,
                              "rowCount" : 1,
                              "predicateHasOrigin" : true,
                              "locations" : {
                                "lineNumbers" : "A=25",
                                "columnNumbers" : "A=9"
                              }
                            },
                            {
                              "predicate" : "allocationFunctionModel",
                              "file" : "/home/haojie/test/codeql/qlpacks/codeql/cpp-all/1.4.2/ext/allocation/Bsd.allocation.model.yml",
                              "index" : 0,
                              "firstRowId" : 11,
                              "rowCount" : 2,
                              "predicateHasOrigin" : false,
                              "locations" : {
                                "lineNumbers" : "A=6+1",
                                "columnNumbers" : "A=9*2"
                              }
                            },
                            {
                              "predicate" : "allocationFunctionModel",
                              "file" : "/home/haojie/test/codeql/qlpacks/codeql/cpp-all/1.4.2/ext/allocation/Glibc.allocation.model.yml",
                              "index" : 0,
                              "firstRowId" : 13,
                              "rowCount" : 2,
                              "predicateHasOrigin" : false,
                              "locations" : {
                                "lineNumbers" : "A=6+1",
                                "columnNumbers" : "A=9*2"
                              }
                            },
                            {
                              "predicate" : "allocationFunctionModel",
                              "file" : "/home/haojie/test/codeql/qlpacks/codeql/cpp-all/1.4.2/ext/allocation/OpenSSL.allocation.model.yml",
                              "index" : 0,
                              "firstRowId" : 15,
                              "rowCount" : 4,
                              "predicateHasOrigin" : false,
                              "locations" : {
                                "lineNumbers" : "A=6+1*3",
                                "columnNumbers" : "A=9*4"
                              }
                            },
                            {
                              "predicate" : "allocationFunctionModel",
                              "file" : "/home/haojie/test/codeql/qlpacks/codeql/cpp-all/1.4.2/ext/allocation/Std.allocation.model.yml",
                              "index" : 0,
                              "firstRowId" : 19,
                              "rowCount" : 10,
                              "predicateHasOrigin" : false,
                              "locations" : {
                                "lineNumbers" : "A=6+1*9",
                                "columnNumbers" : "A=9*10"
                              }
                            },
                            {
                              "predicate" : "allocationFunctionModel",
                              "file" : "/home/haojie/test/codeql/qlpacks/codeql/cpp-all/1.4.2/ext/allocation/Windows.allocation.model.yml",
                              "index" : 0,
                              "firstRowId" : 29,
                              "rowCount" : 24,
                              "predicateHasOrigin" : false,
                              "locations" : {
                                "lineNumbers" : "A=6+1*23",
                                "columnNumbers" : "A=9*24"
                              }
                            },
                            {
                              "predicate" : "allocationFunctionModel",
                              "file" : "/home/haojie/test/codeql/qlpacks/codeql/cpp-all/1.4.2/ext/allocation/empty.allocation.model.yml",
                              "index" : 0,
                              "firstRowId" : 53,
                              "rowCount" : 0,
                              "predicateHasOrigin" : false,
                              "locations" : {
                                "lineNumbers" : "A",
                                "columnNumbers" : "A"
                              }
                            },
                            {
                              "predicate" : "summaryModel",
                              "file" : "/home/haojie/test/codeql/qlpacks/codeql/cpp-all/1.4.2/ext/bsl.array.model.yml",
                              "index" : 0,
                              "firstRowId" : 53,
                              "rowCount" : 9,
                              "predicateHasOrigin" : true,
                              "locations" : {
                                "lineNumbers" : "A=6+1*8",
                                "columnNumbers" : "A=9*9"
                              }
                            },
                            {
                              "predicate" : "summaryModel",
                              "file" : "/home/haojie/test/codeql/qlpacks/codeql/cpp-all/1.4.2/ext/bsl.deque.model.yml",
                              "index" : 0,
                              "firstRowId" : 62,
                              "rowCount" : 68,
                              "predicateHasOrigin" : true,
                              "locations" : {
                                "lineNumbers" : "A=6+1*67",
                                "columnNumbers" : "A=9*68"
                              }
                            },
                            {
                              "predicate" : "summaryModel",
                              "file" : "/home/haojie/test/codeql/qlpacks/codeql/cpp-all/1.4.2/ext/bsl.forward_list.model.yml",
                              "index" : 0,
                              "firstRowId" : 130,
                              "rowCount" : 51,
                              "predicateHasOrigin" : true,
                              "locations" : {
                                "lineNumbers" : "A=6+1*50",
                                "columnNumbers" : "A=9*51"
                              }
                            },
                            {
                              "predicate" : "summaryModel",
                              "file" : "/home/haojie/test/codeql/qlpacks/codeql/cpp-all/1.4.2/ext/bsl.list.model.yml",
                              "index" : 0,
                              "firstRowId" : 181,
                              "rowCount" : 66,
                              "predicateHasOrigin" : true,
                              "locations" : {
                                "lineNumbers" : "A=6+1*65",
                                "columnNumbers" : "A=9*66"
                              }
                            },
                            {
                              "predicate" : "summaryModel",
                              "file" : "/home/haojie/test/codeql/qlpacks/codeql/cpp-all/1.4.2/ext/bsl.vector.model.yml",
                              "index" : 0,
                              "firstRowId" : 247,
                              "rowCount" : 55,
                              "predicateHasOrigin" : true,
                              "locations" : {
                                "lineNumbers" : "A=6+1*54",
                                "columnNumbers" : "A=9*55"
                              }
                            },
                            {
                              "predicate" : "deallocationFunctionModel",
                              "file" : "/home/haojie/test/codeql/qlpacks/codeql/cpp-all/1.4.2/ext/deallocation/Bsd.deallocation.model.yml",
                              "index" : 0,
                              "firstRowId" : 302,
                              "rowCount" : 3,
                              "predicateHasOrigin" : false,
                              "locations" : {
                                "lineNumbers" : "A=6+1*2",
                                "columnNumbers" : "A=9*3"
                              }
                            },
                            {
                              "predicate" : "deallocationFunctionModel",
                              "file" : "/home/haojie/test/codeql/qlpacks/codeql/cpp-all/1.4.2/ext/deallocation/Std.deallocation.model.yml",
                              "index" : 0,
                              "firstRowId" : 305,
                              "rowCount" : 37,
                              "predicateHasOrigin" : false,
                              "locations" : {
                                "lineNumbers" : "A=6+1*36",
                                "columnNumbers" : "A=9*37"
                              }
                            },
                            {
                              "predicate" : "deallocationFunctionModel",
                              "file" : "/home/haojie/test/codeql/qlpacks/codeql/cpp-all/1.4.2/ext/deallocation/Windows.deallocation.model.yml",
                              "index" : 0,
                              "firstRowId" : 342,
                              "rowCount" : 36,
                              "predicateHasOrigin" : false,
                              "locations" : {
                                "lineNumbers" : "A=6+1*35",
                                "columnNumbers" : "A=9*36"
                              }
                            },
                            {
                              "predicate" : "deallocationFunctionModel",
                              "file" : "/home/haojie/test/codeql/qlpacks/codeql/cpp-all/1.4.2/ext/deallocation/empty.deallocation.model.yml",
                              "index" : 0,
                              "firstRowId" : 378,
                              "rowCount" : 0,
                              "predicateHasOrigin" : false,
                              "locations" : {
                                "lineNumbers" : "A",
                                "columnNumbers" : "A"
                              }
                            },
                            {
                              "predicate" : "sourceModel",
                              "file" : "/home/haojie/test/codeql/qlpacks/codeql/cpp-all/1.4.2/ext/empty.model.yml",
                              "index" : 0,
                              "firstRowId" : 378,
                              "rowCount" : 0,
                              "predicateHasOrigin" : true,
                              "locations" : {
                                "lineNumbers" : "A",
                                "columnNumbers" : "A"
                              }
                            },
                            {
                              "predicate" : "sinkModel",
                              "file" : "/home/haojie/test/codeql/qlpacks/codeql/cpp-all/1.4.2/ext/empty.model.yml",
                              "index" : 1,
                              "firstRowId" : 378,
                              "rowCount" : 0,
                              "predicateHasOrigin" : true,
                              "locations" : {
                                "lineNumbers" : "A",
                                "columnNumbers" : "A"
                              }
                            },
                            {
                              "predicate" : "summaryModel",
                              "file" : "/home/haojie/test/codeql/qlpacks/codeql/cpp-all/1.4.2/ext/empty.model.yml",
                              "index" : 2,
                              "firstRowId" : 378,
                              "rowCount" : 0,
                              "predicateHasOrigin" : true,
                              "locations" : {
                                "lineNumbers" : "A",
                                "columnNumbers" : "A"
                              }
                            },
                            {
                              "predicate" : "summaryModel",
                              "file" : "/home/haojie/test/codeql/qlpacks/codeql/cpp-all/1.4.2/ext/std.array.model.yml",
                              "index" : 0,
                              "firstRowId" : 378,
                              "rowCount" : 9,
                              "predicateHasOrigin" : true,
                              "locations" : {
                                "lineNumbers" : "A=6+1*8",
                                "columnNumbers" : "A=9*9"
                              }
                            },
                            {
                              "predicate" : "summaryModel",
                              "file" : "/home/haojie/test/codeql/qlpacks/codeql/cpp-all/1.4.2/ext/std.deque.model.yml",
                              "index" : 0,
                              "firstRowId" : 387,
                              "rowCount" : 68,
                              "predicateHasOrigin" : true,
                              "locations" : {
                                "lineNumbers" : "A=6+1*67",
                                "columnNumbers" : "A=9*68"
                              }
                            },
                            {
                              "predicate" : "summaryModel",
                              "file" : "/home/haojie/test/codeql/qlpacks/codeql/cpp-all/1.4.2/ext/std.format.model.yml",
                              "index" : 0,
                              "firstRowId" : 455,
                              "rowCount" : 9,
                              "predicateHasOrigin" : true,
                              "locations" : {
                                "lineNumbers" : "A=6+1*8",
                                "columnNumbers" : "A=9*9"
                              }
                            },
                            {
                              "predicate" : "summaryModel",
                              "file" : "/home/haojie/test/codeql/qlpacks/codeql/cpp-all/1.4.2/ext/std.forward_list.model.yml",
                              "index" : 0,
                              "firstRowId" : 464,
                              "rowCount" : 51,
                              "predicateHasOrigin" : true,
                              "locations" : {
                                "lineNumbers" : "A=6+1*50",
                                "columnNumbers" : "A=9*51"
                              }
                            },
                            {
                              "predicate" : "summaryModel",
                              "file" : "/home/haojie/test/codeql/qlpacks/codeql/cpp-all/1.4.2/ext/std.iterator.model.yml",
                              "index" : 0,
                              "firstRowId" : 515,
                              "rowCount" : 6,
                              "predicateHasOrigin" : true,
                              "locations" : {
                                "lineNumbers" : "A=6+1*5",
                                "columnNumbers" : "A=9*6"
                              }
                            },
                            {
                              "predicate" : "summaryModel",
                              "file" : "/home/haojie/test/codeql/qlpacks/codeql/cpp-all/1.4.2/ext/std.list.model.yml",
                              "index" : 0,
                              "firstRowId" : 521,
                              "rowCount" : 66,
                              "predicateHasOrigin" : true,
                              "locations" : {
                                "lineNumbers" : "A=6+1*65",
                                "columnNumbers" : "A=9*66"
                              }
                            },
                            {
                              "predicate" : "summaryModel",
                              "file" : "/home/haojie/test/codeql/qlpacks/codeql/cpp-all/1.4.2/ext/std.vector.model.yml",
                              "index" : 0,
                              "firstRowId" : 587,
                              "rowCount" : 55,
                              "predicateHasOrigin" : true,
                              "locations" : {
                                "lineNumbers" : "A=6+1*54",
                                "columnNumbers" : "A=9*55"
                              }
                            }
                          ]
                        },
                        "threatModels" : { },
                        "extensionPacks" : [ ]
                      }
[2025-10-02 17:24:19] Plumbing command codeql resolve extensions completed:
                      {
                        "models" : [ ],
                        "data" : {
                          "/home/haojie/workspace/lcmhalmcp/queries" : [
                            {
                              "predicate" : "sourceModel",
                              "file" : "/home/haojie/test/codeql/qlpacks/codeql/cpp-all/1.4.2/ext/Boost.Asio.model.yml",
                              "index" : 0,
                              "firstRowId" : 0,
                              "rowCount" : 6,
                              "predicateHasOrigin" : true,
                              "locations" : {
                                "lineNumbers" : "A=7+1*5",
                                "columnNumbers" : "A=9*6"
                              }
                            },
                            {
                              "predicate" : "sinkModel",
                              "file" : "/home/haojie/test/codeql/qlpacks/codeql/cpp-all/1.4.2/ext/Boost.Asio.model.yml",
                              "index" : 1,
                              "firstRowId" : 6,
                              "rowCount" : 4,
                              "predicateHasOrigin" : true,
                              "locations" : {
                                "lineNumbers" : "A=17+1*3",
                                "columnNumbers" : "A=9*4"
                              }
                            },
                            {
                              "predicate" : "summaryModel",
                              "file" : "/home/haojie/test/codeql/qlpacks/codeql/cpp-all/1.4.2/ext/Boost.Asio.model.yml",
                              "index" : 2,
                              "firstRowId" : 10,
                              "rowCount" : 1,
                              "predicateHasOrigin" : true,
                              "locations" : {
                                "lineNumbers" : "A=25",
                                "columnNumbers" : "A=9"
                              }
                            },
                            {
                              "predicate" : "allocationFunctionModel",
                              "file" : "/home/haojie/test/codeql/qlpacks/codeql/cpp-all/1.4.2/ext/allocation/Bsd.allocation.model.yml",
                              "index" : 0,
                              "firstRowId" : 11,
                              "rowCount" : 2,
                              "predicateHasOrigin" : false,
                              "locations" : {
                                "lineNumbers" : "A=6+1",
                                "columnNumbers" : "A=9*2"
                              }
                            },
                            {
                              "predicate" : "allocationFunctionModel",
                              "file" : "/home/haojie/test/codeql/qlpacks/codeql/cpp-all/1.4.2/ext/allocation/Glibc.allocation.model.yml",
                              "index" : 0,
                              "firstRowId" : 13,
                              "rowCount" : 2,
                              "predicateHasOrigin" : false,
                              "locations" : {
                                "lineNumbers" : "A=6+1",
                                "columnNumbers" : "A=9*2"
                              }
                            },
                            {
                              "predicate" : "allocationFunctionModel",
                              "file" : "/home/haojie/test/codeql/qlpacks/codeql/cpp-all/1.4.2/ext/allocation/OpenSSL.allocation.model.yml",
                              "index" : 0,
                              "firstRowId" : 15,
                              "rowCount" : 4,
                              "predicateHasOrigin" : false,
                              "locations" : {
                                "lineNumbers" : "A=6+1*3",
                                "columnNumbers" : "A=9*4"
                              }
                            },
                            {
                              "predicate" : "allocationFunctionModel",
                              "file" : "/home/haojie/test/codeql/qlpacks/codeql/cpp-all/1.4.2/ext/allocation/Std.allocation.model.yml",
                              "index" : 0,
                              "firstRowId" : 19,
                              "rowCount" : 10,
                              "predicateHasOrigin" : false,
                              "locations" : {
                                "lineNumbers" : "A=6+1*9",
                                "columnNumbers" : "A=9*10"
                              }
                            },
                            {
                              "predicate" : "allocationFunctionModel",
                              "file" : "/home/haojie/test/codeql/qlpacks/codeql/cpp-all/1.4.2/ext/allocation/Windows.allocation.model.yml",
                              "index" : 0,
                              "firstRowId" : 29,
                              "rowCount" : 24,
                              "predicateHasOrigin" : false,
                              "locations" : {
                                "lineNumbers" : "A=6+1*23",
                                "columnNumbers" : "A=9*24"
                              }
                            },
                            {
                              "predicate" : "allocationFunctionModel",
                              "file" : "/home/haojie/test/codeql/qlpacks/codeql/cpp-all/1.4.2/ext/allocation/empty.allocation.model.yml",
                              "index" : 0,
                              "firstRowId" : 53,
                              "rowCount" : 0,
                              "predicateHasOrigin" : false,
                              "locations" : {
                                "lineNumbers" : "A",
                                "columnNumbers" : "A"
                              }
                            },
                            {
                              "predicate" : "summaryModel",
                              "file" : "/home/haojie/test/codeql/qlpacks/codeql/cpp-all/1.4.2/ext/bsl.array.model.yml",
                              "index" : 0,
                              "firstRowId" : 53,
                              "rowCount" : 9,
                              "predicateHasOrigin" : true,
                              "locations" : {
                                "lineNumbers" : "A=6+1*8",
                                "columnNumbers" : "A=9*9"
                              }
                            },
                            {
                              "predicate" : "summaryModel",
                              "file" : "/home/haojie/test/codeql/qlpacks/codeql/cpp-all/1.4.2/ext/bsl.deque.model.yml",
                              "index" : 0,
                              "firstRowId" : 62,
                              "rowCount" : 68,
                              "predicateHasOrigin" : true,
                              "locations" : {
                                "lineNumbers" : "A=6+1*67",
                                "columnNumbers" : "A=9*68"
                              }
                            },
                            {
                              "predicate" : "summaryModel",
                              "file" : "/home/haojie/test/codeql/qlpacks/codeql/cpp-all/1.4.2/ext/bsl.forward_list.model.yml",
                              "index" : 0,
                              "firstRowId" : 130,
                              "rowCount" : 51,
                              "predicateHasOrigin" : true,
                              "locations" : {
                                "lineNumbers" : "A=6+1*50",
                                "columnNumbers" : "A=9*51"
                              }
                            },
                            {
                              "predicate" : "summaryModel",
                              "file" : "/home/haojie/test/codeql/qlpacks/codeql/cpp-all/1.4.2/ext/bsl.list.model.yml",
                              "index" : 0,
                              "firstRowId" : 181,
                              "rowCount" : 66,
                              "predicateHasOrigin" : true,
                              "locations" : {
                                "lineNumbers" : "A=6+1*65",
                                "columnNumbers" : "A=9*66"
                              }
                            },
                            {
                              "predicate" : "summaryModel",
                              "file" : "/home/haojie/test/codeql/qlpacks/codeql/cpp-all/1.4.2/ext/bsl.vector.model.yml",
                              "index" : 0,
                              "firstRowId" : 247,
                              "rowCount" : 55,
                              "predicateHasOrigin" : true,
                              "locations" : {
                                "lineNumbers" : "A=6+1*54",
                                "columnNumbers" : "A=9*55"
                              }
                            },
                            {
                              "predicate" : "deallocationFunctionModel",
                              "file" : "/home/haojie/test/codeql/qlpacks/codeql/cpp-all/1.4.2/ext/deallocation/Bsd.deallocation.model.yml",
                              "index" : 0,
                              "firstRowId" : 302,
                              "rowCount" : 3,
                              "predicateHasOrigin" : false,
                              "locations" : {
                                "lineNumbers" : "A=6+1*2",
                                "columnNumbers" : "A=9*3"
                              }
                            },
                            {
                              "predicate" : "deallocationFunctionModel",
                              "file" : "/home/haojie/test/codeql/qlpacks/codeql/cpp-all/1.4.2/ext/deallocation/Std.deallocation.model.yml",
                              "index" : 0,
                              "firstRowId" : 305,
                              "rowCount" : 37,
                              "predicateHasOrigin" : false,
                              "locations" : {
                                "lineNumbers" : "A=6+1*36",
                                "columnNumbers" : "A=9*37"
                              }
                            },
                            {
                              "predicate" : "deallocationFunctionModel",
                              "file" : "/home/haojie/test/codeql/qlpacks/codeql/cpp-all/1.4.2/ext/deallocation/Windows.deallocation.model.yml",
                              "index" : 0,
                              "firstRowId" : 342,
                              "rowCount" : 36,
                              "predicateHasOrigin" : false,
                              "locations" : {
                                "lineNumbers" : "A=6+1*35",
                                "columnNumbers" : "A=9*36"
                              }
                            },
                            {
                              "predicate" : "deallocationFunctionModel",
                              "file" : "/home/haojie/test/codeql/qlpacks/codeql/cpp-all/1.4.2/ext/deallocation/empty.deallocation.model.yml",
                              "index" : 0,
                              "firstRowId" : 378,
                              "rowCount" : 0,
                              "predicateHasOrigin" : false,
                              "locations" : {
                                "lineNumbers" : "A",
                                "columnNumbers" : "A"
                              }
                            },
                            {
                              "predicate" : "sourceModel",
                              "file" : "/home/haojie/test/codeql/qlpacks/codeql/cpp-all/1.4.2/ext/empty.model.yml",
                              "index" : 0,
                              "firstRowId" : 378,
                              "rowCount" : 0,
                              "predicateHasOrigin" : true,
                              "locations" : {
                                "lineNumbers" : "A",
                                "columnNumbers" : "A"
                              }
                            },
                            {
                              "predicate" : "sinkModel",
                              "file" : "/home/haojie/test/codeql/qlpacks/codeql/cpp-all/1.4.2/ext/empty.model.yml",
                              "index" : 1,
                              "firstRowId" : 378,
                              "rowCount" : 0,
                              "predicateHasOrigin" : true,
                              "locations" : {
                                "lineNumbers" : "A",
                                "columnNumbers" : "A"
                              }
                            },
                            {
                              "predicate" : "summaryModel",
                              "file" : "/home/haojie/test/codeql/qlpacks/codeql/cpp-all/1.4.2/ext/empty.model.yml",
                              "index" : 2,
                              "firstRowId" : 378,
                              "rowCount" : 0,
                              "predicateHasOrigin" : true,
                              "locations" : {
                                "lineNumbers" : "A",
                                "columnNumbers" : "A"
                              }
                            },
                            {
                              "predicate" : "summaryModel",
                              "file" : "/home/haojie/test/codeql/qlpacks/codeql/cpp-all/1.4.2/ext/std.array.model.yml",
                              "index" : 0,
                              "firstRowId" : 378,
                              "rowCount" : 9,
                              "predicateHasOrigin" : true,
                              "locations" : {
                                "lineNumbers" : "A=6+1*8",
                                "columnNumbers" : "A=9*9"
                              }
                            },
                            {
                              "predicate" : "summaryModel",
                              "file" : "/home/haojie/test/codeql/qlpacks/codeql/cpp-all/1.4.2/ext/std.deque.model.yml",
                              "index" : 0,
                              "firstRowId" : 387,
                              "rowCount" : 68,
                              "predicateHasOrigin" : true,
                              "locations" : {
                                "lineNumbers" : "A=6+1*67",
                                "columnNumbers" : "A=9*68"
                              }
                            },
                            {
                              "predicate" : "summaryModel",
                              "file" : "/home/haojie/test/codeql/qlpacks/codeql/cpp-all/1.4.2/ext/std.format.model.yml",
                              "index" : 0,
                              "firstRowId" : 455,
                              "rowCount" : 9,
                              "predicateHasOrigin" : true,
                              "locations" : {
                                "lineNumbers" : "A=6+1*8",
                                "columnNumbers" : "A=9*9"
                              }
                            },
                            {
                              "predicate" : "summaryModel",
                              "file" : "/home/haojie/test/codeql/qlpacks/codeql/cpp-all/1.4.2/ext/std.forward_list.model.yml",
                              "index" : 0,
                              "firstRowId" : 464,
                              "rowCount" : 51,
                              "predicateHasOrigin" : true,
                              "locations" : {
                                "lineNumbers" : "A=6+1*50",
                                "columnNumbers" : "A=9*51"
                              }
                            },
                            {
                              "predicate" : "summaryModel",
                              "file" : "/home/haojie/test/codeql/qlpacks/codeql/cpp-all/1.4.2/ext/std.iterator.model.yml",
                              "index" : 0,
                              "firstRowId" : 515,
                              "rowCount" : 6,
                              "predicateHasOrigin" : true,
                              "locations" : {
                                "lineNumbers" : "A=6+1*5",
                                "columnNumbers" : "A=9*6"
                              }
                            },
                            {
                              "predicate" : "summaryModel",
                              "file" : "/home/haojie/test/codeql/qlpacks/codeql/cpp-all/1.4.2/ext/std.list.model.yml",
                              "index" : 0,
                              "firstRowId" : 521,
                              "rowCount" : 66,
                              "predicateHasOrigin" : true,
                              "locations" : {
                                "lineNumbers" : "A=6+1*65",
                                "columnNumbers" : "A=9*66"
                              }
                            },
                            {
                              "predicate" : "summaryModel",
                              "file" : "/home/haojie/test/codeql/qlpacks/codeql/cpp-all/1.4.2/ext/std.vector.model.yml",
                              "index" : 0,
                              "firstRowId" : 587,
                              "rowCount" : 55,
                              "predicateHasOrigin" : true,
                              "locations" : {
                                "lineNumbers" : "A=6+1*54",
                                "columnNumbers" : "A=9*55"
                              }
                            }
                          ]
                        },
                        "threatModels" : { },
                        "extensionPacks" : [ ]
                      }
[2025-10-02 17:24:19] Calling plumbing command: codeql resolve library-path --qlconfig-file=/home/haojie/workspace/lcmhalmcp/qlconfig.yml --query=/home/haojie/workspace/lcmhalmcp/queries/collectors/common/info_enum_collector.ql --format=json
[2025-10-02 17:24:19] [DETAILS] resolve library-path> Resolving query at normalized path /home/haojie/workspace/lcmhalmcp/queries/collectors/common/info_enum_collector.ql.
[2025-10-02 17:24:19] [DETAILS] resolve library-path> Found enclosing pack 'getting-started/codeql-extra-queries-cpp' at /home/haojie/workspace/lcmhalmcp/queries.
[2025-10-02 17:24:19] [DETAILS] resolve library-path> Adding compilation cache at /home/haojie/.codeql/compile-cache.
[2025-10-02 17:24:19] [DETAILS] resolve library-path> Resolving library dependencies from /home/haojie/workspace/lcmhalmcp/queries/codeql-pack.yml.
[2025-10-02 17:24:19] [SPAMMY] resolve library-path> [INCOMPATIBILITY] getting-started/codeql-extra-queries-cpp: not 1.0.0 {root: getting-started/codeql-extra-queries-cpp@1.0.0}
[2025-10-02 17:24:19] [SPAMMY] resolve library-path> [DERIVATION] getting-started/codeql-extra-queries-cpp: 1.0.0 {getting-started/codeql-extra-queries-cpp: not 1.0.0 {root: getting-started/codeql-extra-queries-cpp@1.0.0}}
[2025-10-02 17:24:19] [SPAMMY] resolve library-path> [INCOMPATIBILITY] getting-started/codeql-extra-queries-cpp: * [*], codeql/cpp-all: not * [*] {dependency: getting-started/codeql-extra-queries-cpp@* [*] requires codeql/cpp-all@^1.4.1}
[2025-10-02 17:24:19] [SPAMMY] resolve library-path> [DECISION 1] getting-started/codeql-extra-queries-cpp: 1.0.0
[2025-10-02 17:24:19] [SPAMMY] resolve library-path> [DERIVATION] codeql/cpp-all: * [*] {getting-started/codeql-extra-queries-cpp: * [*], codeql/cpp-all: not * [*] {dependency: getting-started/codeql-extra-queries-cpp@* [*] requires codeql/cpp-all@^1.4.1}}
[2025-10-02 17:24:19] [SPAMMY] resolve library-path> [INCOMPATIBILITY] codeql/cpp-all: * [*], codeql/dataflow: not * [*] {dependency: codeql/cpp-all@* [*] requires codeql/dataflow@1.1.1}
[2025-10-02 17:24:19] [SPAMMY] resolve library-path> [INCOMPATIBILITY] codeql/cpp-all: * [*], codeql/mad: not * [*] {dependency: codeql/cpp-all@* [*] requires codeql/mad@1.0.7}
[2025-10-02 17:24:19] [SPAMMY] resolve library-path> [INCOMPATIBILITY] codeql/cpp-all: * [*], codeql/rangeanalysis: not * [*] {dependency: codeql/cpp-all@* [*] requires codeql/rangeanalysis@1.0.7}
[2025-10-02 17:24:19] [SPAMMY] resolve library-path> [INCOMPATIBILITY] codeql/cpp-all: * [*], codeql/ssa: not * [*] {dependency: codeql/cpp-all@* [*] requires codeql/ssa@1.0.7}
[2025-10-02 17:24:19] [SPAMMY] resolve library-path> [INCOMPATIBILITY] codeql/cpp-all: * [*], codeql/tutorial: not * [*] {dependency: codeql/cpp-all@* [*] requires codeql/tutorial@1.0.7}
[2025-10-02 17:24:19] [SPAMMY] resolve library-path> [INCOMPATIBILITY] codeql/cpp-all: * [*], codeql/typeflow: not * [*] {dependency: codeql/cpp-all@* [*] requires codeql/typeflow@1.0.7}
[2025-10-02 17:24:19] [SPAMMY] resolve library-path> [INCOMPATIBILITY] codeql/cpp-all: * [*], codeql/util: not * [*] {dependency: codeql/cpp-all@* [*] requires codeql/util@1.0.7}
[2025-10-02 17:24:19] [SPAMMY] resolve library-path> [INCOMPATIBILITY] codeql/cpp-all: * [*], codeql/xml: not * [*] {dependency: codeql/cpp-all@* [*] requires codeql/xml@1.0.7}
[2025-10-02 17:24:19] [SPAMMY] resolve library-path> [DECISION 2] codeql/cpp-all: 1.4.2
[2025-10-02 17:24:19] [SPAMMY] resolve library-path> [DERIVATION] codeql/xml: * [*] {codeql/cpp-all: * [*], codeql/xml: not * [*] {dependency: codeql/cpp-all@* [*] requires codeql/xml@1.0.7}}
[2025-10-02 17:24:19] [SPAMMY] resolve library-path> [DERIVATION] codeql/util: * [*] {codeql/cpp-all: * [*], codeql/util: not * [*] {dependency: codeql/cpp-all@* [*] requires codeql/util@1.0.7}}
[2025-10-02 17:24:19] [SPAMMY] resolve library-path> [DERIVATION] codeql/typeflow: * [*] {codeql/cpp-all: * [*], codeql/typeflow: not * [*] {dependency: codeql/cpp-all@* [*] requires codeql/typeflow@1.0.7}}
[2025-10-02 17:24:19] [SPAMMY] resolve library-path> [DERIVATION] codeql/tutorial: * [*] {codeql/cpp-all: * [*], codeql/tutorial: not * [*] {dependency: codeql/cpp-all@* [*] requires codeql/tutorial@1.0.7}}
[2025-10-02 17:24:19] [SPAMMY] resolve library-path> [DERIVATION] codeql/ssa: * [*] {codeql/cpp-all: * [*], codeql/ssa: not * [*] {dependency: codeql/cpp-all@* [*] requires codeql/ssa@1.0.7}}
[2025-10-02 17:24:19] [SPAMMY] resolve library-path> [DERIVATION] codeql/rangeanalysis: * [*] {codeql/cpp-all: * [*], codeql/rangeanalysis: not * [*] {dependency: codeql/cpp-all@* [*] requires codeql/rangeanalysis@1.0.7}}
[2025-10-02 17:24:19] [SPAMMY] resolve library-path> [DERIVATION] codeql/mad: * [*] {codeql/cpp-all: * [*], codeql/mad: not * [*] {dependency: codeql/cpp-all@* [*] requires codeql/mad@1.0.7}}
[2025-10-02 17:24:19] [SPAMMY] resolve library-path> [DERIVATION] codeql/dataflow: * [*] {codeql/cpp-all: * [*], codeql/dataflow: not * [*] {dependency: codeql/cpp-all@* [*] requires codeql/dataflow@1.1.1}}
[2025-10-02 17:24:19] [SPAMMY] resolve library-path> [INCOMPATIBILITY] codeql/dataflow: * [*], codeql/ssa: not * [*] {dependency: codeql/dataflow@* [*] requires codeql/ssa@1.0.7}
[2025-10-02 17:24:19] [SPAMMY] resolve library-path> [INCOMPATIBILITY] codeql/dataflow: * [*], codeql/typetracking: not * [*] {dependency: codeql/dataflow@* [*] requires codeql/typetracking@1.0.7}
[2025-10-02 17:24:19] [SPAMMY] resolve library-path> [INCOMPATIBILITY] codeql/dataflow: * [*], codeql/util: not * [*] {dependency: codeql/dataflow@* [*] requires codeql/util@1.0.7}
[2025-10-02 17:24:19] [SPAMMY] resolve library-path> [DECISION 3] codeql/dataflow: 1.1.1
[2025-10-02 17:24:19] [SPAMMY] resolve library-path> [DERIVATION] codeql/typetracking: * [*] {codeql/dataflow: * [*], codeql/typetracking: not * [*] {dependency: codeql/dataflow@* [*] requires codeql/typetracking@1.0.7}}
[2025-10-02 17:24:19] [SPAMMY] resolve library-path> [INCOMPATIBILITY] codeql/mad: * [*], codeql/util: not * [*] {dependency: codeql/mad@* [*] requires codeql/util@1.0.7}
[2025-10-02 17:24:19] [SPAMMY] resolve library-path> [DECISION 4] codeql/mad: 1.0.7
[2025-10-02 17:24:19] [SPAMMY] resolve library-path> [INCOMPATIBILITY] codeql/rangeanalysis: * [*], codeql/util: not * [*] {dependency: codeql/rangeanalysis@* [*] requires codeql/util@1.0.7}
[2025-10-02 17:24:19] [SPAMMY] resolve library-path> [DECISION 5] codeql/rangeanalysis: 1.0.7
[2025-10-02 17:24:19] [SPAMMY] resolve library-path> [INCOMPATIBILITY] codeql/ssa: * [*], codeql/util: not * [*] {dependency: codeql/ssa@* [*] requires codeql/util@1.0.7}
[2025-10-02 17:24:19] [SPAMMY] resolve library-path> [DECISION 6] codeql/ssa: 1.0.7
[2025-10-02 17:24:19] [SPAMMY] resolve library-path> [DECISION 7] codeql/tutorial: 1.0.7
[2025-10-02 17:24:19] [SPAMMY] resolve library-path> [INCOMPATIBILITY] codeql/typeflow: * [*], codeql/util: not * [*] {dependency: codeql/typeflow@* [*] requires codeql/util@1.0.7}
[2025-10-02 17:24:19] [SPAMMY] resolve library-path> [DECISION 8] codeql/typeflow: 1.0.7
[2025-10-02 17:24:19] [SPAMMY] resolve library-path> [INCOMPATIBILITY] codeql/typetracking: * [*], codeql/util: not * [*] {dependency: codeql/typetracking@* [*] requires codeql/util@1.0.7}
[2025-10-02 17:24:19] [SPAMMY] resolve library-path> [DECISION 9] codeql/typetracking: 1.0.7
[2025-10-02 17:24:19] [SPAMMY] resolve library-path> [DECISION 10] codeql/util: 1.0.7
[2025-10-02 17:24:19] [SPAMMY] resolve library-path> [INCOMPATIBILITY] codeql/xml: * [*], codeql/util: not * [*] {dependency: codeql/xml@* [*] requires codeql/util@1.0.7}
[2025-10-02 17:24:19] [SPAMMY] resolve library-path> [DECISION 11] codeql/xml: 1.0.7
[2025-10-02 17:24:19] [DETAILS] resolve library-path> QL pack dependencies for /home/haojie/workspace/lcmhalmcp/queries resolved OK.
[2025-10-02 17:24:19] [DETAILS] resolve library-path> Found dbscheme through QL packs: /home/haojie/test/codeql/qlpacks/codeql/cpp-all/1.4.2/semmlecode.cpp.dbscheme.
[2025-10-02 17:24:19] Plumbing command codeql resolve library-path completed:
                      {
                        "libraryPath" : [
                          "/home/haojie/workspace/lcmhalmcp/queries",
                          "/home/haojie/test/codeql/qlpacks/codeql/cpp-all/1.4.2",
                          "/home/haojie/test/codeql/qlpacks/codeql/dataflow/1.1.1",
                          "/home/haojie/test/codeql/qlpacks/codeql/mad/1.0.7",
                          "/home/haojie/test/codeql/qlpacks/codeql/rangeanalysis/1.0.7",
                          "/home/haojie/test/codeql/qlpacks/codeql/ssa/1.0.7",
                          "/home/haojie/test/codeql/qlpacks/codeql/tutorial/1.0.7",
                          "/home/haojie/test/codeql/qlpacks/codeql/typeflow/1.0.7",
                          "/home/haojie/test/codeql/qlpacks/codeql/typetracking/1.0.7",
                          "/home/haojie/test/codeql/qlpacks/codeql/util/1.0.7",
                          "/home/haojie/test/codeql/qlpacks/codeql/xml/1.0.7"
                        ],
                        "dbscheme" : "/home/haojie/test/codeql/qlpacks/codeql/cpp-all/1.4.2/semmlecode.cpp.dbscheme",
                        "compilationCache" : [
                          "/home/haojie/.codeql/compile-cache"
                        ],
                        "relativeName" : "getting-started/codeql-extra-queries-cpp/collectors/common/info_enum_collector.ql",
                        "qlPackName" : "getting-started/codeql-extra-queries-cpp"
                      }
[2025-10-02 17:24:19] [PROGRESS] execute queries> Compiling query plan for /home/haojie/workspace/lcmhalmcp/queries/collectors/common/info_enum_collector.ql.
[2025-10-02 17:24:19] [DETAILS] execute queries> Resolving imports for /home/haojie/workspace/lcmhalmcp/queries/collectors/common/info_enum_collector.ql.
[2025-10-02 17:24:20] Resolved file set for /home/haojie/workspace/lcmhalmcp/queries/collectors/common/info_enum_collector.ql hashes to 4e566de53e540ff80b06837040fa5ebce56feb73.
[2025-10-02 17:24:20] [DETAILS] execute queries> Compilation cache hit for /home/haojie/workspace/lcmhalmcp/queries/collectors/common/info_enum_collector.ql.
[2025-10-02 17:24:20] [SPAMMY] execute queries> No database upgrade/downgrade needed for /home/haojie/workspace/lcmhalmcp/queries/collectors/common/info_enum_collector.ql
[2025-10-02 17:24:20] [PROGRESS] execute queries> [1/1] Found in cache: /home/haojie/workspace/lcmhalmcp/queries/collectors/common/info_enum_collector.ql.
[2025-10-02 17:24:20] [PROGRESS] execute queries> Starting evaluation of getting-started/codeql-extra-queries-cpp/collectors/common/info_enum_collector.ql.
[2025-10-02 17:24:20] Starting evaluation of /home/haojie/workspace/lcmhalmcp/queries/collectors/common/info_enum_collector.ql
[2025-10-02 17:24:20] (0s) Start query execution
[2025-10-02 17:24:20] (0s) Beginning execution of info_enum_collector.ql
[2025-10-02 17:24:20] (0s)  >>> Created relation usertypes/3@0e966f4c with 934 rows and digest ffbbccq703aqua0sqd3bi9pvjc1.
[2025-10-02 17:24:20] (0s) Starting to evaluate predicate usertypes_0#antijoin_rhs/1@e4754bn3
[2025-10-02 17:24:20] (0s)  >>> Created relation usertypes_0#antijoin_rhs/1@e4754bn3 with 934 rows and digest 71cb8fuo2sikolac9ugnuclj77d.
[2025-10-02 17:24:20] (0s) Starting to evaluate predicate UserType::UserType#21e9e463/1@ea2864de
[2025-10-02 17:24:20] (0s)  >>> Created relation UserType::UserType#21e9e463/1@ea2864de with 934 rows and digest 71cb8fuo2sikolac9ugnuclj77d.
[2025-10-02 17:24:20] (0s) Starting to evaluate predicate usertypes_02#join_rhs/2@3ddf5c3g
[2025-10-02 17:24:20] (0s)  >>> Created relation usertypes_02#join_rhs/2@3ddf5c3g with 934 rows and digest 1ed91dqjma7g19fd1r4d7ha7oh5.
[2025-10-02 17:24:20] (0s) Starting to evaluate predicate TypedefType::TypedefType#64088755/1@e44345s8
[2025-10-02 17:24:20] (0s)  >>> Created relation TypedefType::TypedefType#64088755/1@e44345s8 with 527 rows and digest 4c6462s3vv06avd5cha115rf5sf.
[2025-10-02 17:24:20] (0s) Starting to evaluate predicate UserType::UserType.getName/0#dispred#68e0aaf0/2@8f86a88s
[2025-10-02 17:24:20] (0s)  >>> Created relation UserType::UserType.getName/0#dispred#68e0aaf0/2@8f86a88s with 934 rows and digest 21f6acfqn3fdt1f9bvdv82uqfof.
[2025-10-02 17:24:20] (0s)  >>> Created relation enumconstants/6@5d724a7m with 453 rows and digest e7d389ej9bogdptv0ldoh86mmgb.
[2025-10-02 17:24:20] (0s) Starting to evaluate predicate project#enumconstants/1@7954bah9
[2025-10-02 17:24:20] (0s)  >>> Created relation project#enumconstants/1@7954bah9 with 67 rows and digest fc36bf7cu57ok0a3nq3e09069o7.
[2025-10-02 17:24:20] (0s) Starting to evaluate predicate Type::IntegralOrEnumType#39f31122#b/1@6f6e1d5f
[2025-10-02 17:24:20] (0s)  >>> Created relation Type::IntegralOrEnumType#39f31122#b/1@6f6e1d5f with 67 rows and digest fc36bf7cu57ok0a3nq3e09069o7.
[2025-10-02 17:24:20] (0s) Starting to evaluate predicate Enum::EnumConstant.getDeclaringEnum/0#dispred#499b6219/2@393e35lu
[2025-10-02 17:24:20] (0s)  >>> Created relation Enum::EnumConstant.getDeclaringEnum/0#dispred#499b6219/2@393e35lu with 453 rows and digest f8f21c1tdc13qginfr963k20cu6.
[2025-10-02 17:24:20] (0s) Starting to evaluate predicate Enum::EnumConstant.getDeclaringEnum/0#dispred#499b6219_10#join_rhs/2@65b1a02u
[2025-10-02 17:24:20] (0s)  >>> Created relation Enum::EnumConstant.getDeclaringEnum/0#dispred#499b6219_10#join_rhs/2@65b1a02u with 453 rows and digest aeb3c5e5atifkafjrmf3bbnvag2.
[2025-10-02 17:24:20] (0s)  >>> Created relation initialisers/4@acf38083 with 1166 rows and digest 8dc2681deleltp29mjjg1jaei06.
[2025-10-02 17:24:20] (0s)  >>> Created relation values/2@60250b16 with 71904 rows and digest 1047e510ltdabkq6bgh0jnavulb.
[2025-10-02 17:24:20] (0s)  >>> Created relation valuebind/2@e1bd0dpg with 75631 rows and digest 97bf51a9chodttl4aeov91kahn8.
[2025-10-02 17:24:20] (0s) Starting to evaluate predicate valuebind_10#join_rhs/2@c8b411q5
[2025-10-02 17:24:20] (0s)  >>> Created relation valuebind_10#join_rhs/2@c8b411q5 with 75631 rows and digest 68c632ld0e8g99scjhj1s06p2g8.
[2025-10-02 17:24:20] (0s)  >>> Created relation functions/3@176659cl with 2516 rows and digest b7e613flpdua1oj206g9oktfhs1.
[2025-10-02 17:24:20] (0s) Starting to evaluate predicate functions_0#antijoin_rhs/1@2bed3fv1
[2025-10-02 17:24:20] (0s)  >>> Created relation functions_0#antijoin_rhs/1@2bed3fv1 with 2516 rows and digest 62edacnd7dgcvb5vb56gr0vh050.
[2025-10-02 17:24:20] (0s) Starting to evaluate predicate project#initialisers/1@f9c3d8np
[2025-10-02 17:24:20] (0s)  >>> Created relation project#initialisers/1@f9c3d8np with 1133 rows and digest 74265776escqt5hte1849r8k199.
[2025-10-02 17:24:20] (0s)  >>> Created relation globalvariables/3@4f60f152 with 219 rows and digest 6dff067fot0msq6l1hshv6pj0t8.
[2025-10-02 17:24:20] (0s)  >>> Created relation localvariables/3@988e509n with 1215 rows and digest 45e3b1amqljbubh94qpjfa08sr4.
[2025-10-02 17:24:20] (0s)  >>> Created relation membervariables/3@23983e89 with 2595 rows and digest 3a451dsvqiienh597p85bpoco52.
[2025-10-02 17:24:20] (0s)  >>> Created relation params/4@db7c62k0 with 4544 rows and digest ae8dc40jtm3gr8qc11ia02m4vqd.
[2025-10-02 17:24:20] (0s) Starting to evaluate predicate @variable#b/1@f863e0sm
[2025-10-02 17:24:20] (0s)  >>> Created relation @variable#b/1@f863e0sm with 680 rows and digest e700a637l9tq6be3krg2ubbkgc6.
[2025-10-02 17:24:20] (0s) Starting to evaluate predicate Enum::EnumConstant.getValue/0#dispred#c7ae6fdf/2@c85bb4uk
[2025-10-02 17:24:20] (0s)  >>> Created relation Enum::EnumConstant.getValue/0#dispred#c7ae6fdf/2@c85bb4uk with 453 rows and digest 6d6482g5ogpo8br8i6l1vl872jc.
[2025-10-02 17:24:20] (0s) Starting to evaluate predicate project#Enum::EnumConstant.getDeclaringEnum/0#dispred#499b6219/1@e6a284m7
[2025-10-02 17:24:20] (0s)  >>> Created relation project#Enum::EnumConstant.getDeclaringEnum/0#dispred#499b6219/1@e6a284m7 with 67 rows and digest fc36bf7cu57ok0a3nq3e09069o7.
[2025-10-02 17:24:20] (0s)  >>> Created relation type_decls/3@1ef7681r with 957 rows and digest 050f0dobt6d821hkccpjt7vg6b2.
[2025-10-02 17:24:20] (0s) Starting to evaluate predicate Class::ProxyClass#4049630c#b/1@c65878o9
[2025-10-02 17:24:20] (0s)  >>> Created relation Class::ProxyClass#4049630c#b/1@c65878o9 with 0 rows and digest THIS-RELATION-HAS-NO-TUPLES.
[2025-10-02 17:24:20] (0s) Inferred that _Class::ProxyClass#4049630c#b_is_proxy_class_for#shared/2@7d1f30nr is empty, due to Class::ProxyClass#4049630c#b/1@c65878o9.
[2025-10-02 17:24:20] (0s) Inferred that Class::ProxyClass.getTemplateParameter/0#dispred#cbd49674#bf/2@666449rf is empty, due to _Class::ProxyClass#4049630c#b_is_proxy_class_for#shared/2@7d1f30nr.
[2025-10-02 17:24:20] (0s) Starting to evaluate predicate type_decls_1#join_rhs/1@db8923nn
[2025-10-02 17:24:20] (0s)  >>> Created relation type_decls_1#join_rhs/1@db8923nn with 933 rows and digest f12682ht3qg79t5b6l0imsi40sa.
[2025-10-02 17:24:20] (0s) Starting to evaluate predicate ResolveClass::resolveClass/1#ea47deee_10#join_rhs/2@74e000p5
[2025-10-02 17:24:20] (0s)  >>> Created relation ResolveClass::resolveClass/1#ea47deee_10#join_rhs/2@74e000p5 with 934 rows and digest 6e389cs9udpbiocrggn4ntertm4.
[2025-10-02 17:24:20] (0s) Starting to evaluate predicate type_decls_10#join_rhs/2@d915f3nk
[2025-10-02 17:24:20] (0s)  >>> Created relation type_decls_10#join_rhs/2@d915f3nk with 957 rows and digest 7bf2fb79cocjo48ipkqvnou7t4e.
[2025-10-02 17:24:20] (0s)  >>> Created relation class_instantiation/2@87ed70tu with 0 rows and digest THIS-RELATION-HAS-NO-TUPLES.
[2025-10-02 17:24:20] (0s) Inferred that class_instantiation_0#antijoin_rhs/1@0f71accm is empty, due to class_instantiation/2@87ed70tu.
[2025-10-02 17:24:20] (0s) Inferred that class_instantiation_10#join_rhs/2@5e0cd1e9 is empty, due to class_instantiation/2@87ed70tu.
[2025-10-02 17:24:20] (0s) Inferred that Class::Class.isConstructedFrom/1#dispred#390e01c8/2@e3dfe5k6 is empty, due to class_instantiation/2@87ed70tu.
[2025-10-02 17:24:20] (0s) Inferred that Class::Class.isConstructedFrom/1#dispred#390e01c8_10#join_rhs/2@86545c6o is empty, due to Class::Class.isConstructedFrom/1#dispred#390e01c8/2@e3dfe5k6.
[2025-10-02 17:24:20] (0s) Starting to evaluate predicate UserType::UserType.getADeclarationEntry/0#cea44e2f/2@i1#58d7feho (iteration 1)
[2025-10-02 17:24:20] (0s) 			 - UserType::UserType.getADeclarationEntry/0#cea44e2f_delta has 957 rows (order for disjuncts: delta=<standard>).
[2025-10-02 17:24:20] (0s) Starting to evaluate predicate _Class::Class.isConstructedFrom/1#dispred#390e01c8_10#join_rhs_ResolveClass::resolveClass/1#ea47deee__#antijoin_rhs/2@i2#L0#58d7feho (iteration 2)
[2025-10-02 17:24:20] (0s) Starting to evaluate predicate UserType::UserType.getADeclarationEntry/0#cea44e2f/2@i2#58d7feho (iteration 2)
[2025-10-02 17:24:20] (0s) Empty delta for UserType::UserType.getADeclarationEntry/0#cea44e2f_delta (order for disjuncts: delta=<standard>).
[2025-10-02 17:24:20] (0s) Accumulating deltas
[2025-10-02 17:24:20] (0s)  >>> Created relation UserType::UserType.getADeclarationEntry/0#cea44e2f/2@58d7feho with 957 rows and digest 7bf2fb79cocjo48ipkqvnou7t4e.
[2025-10-02 17:24:20] (0s)  >>> Created relation type_def/1@18202e6m with 374 rows and digest 533341l520h3e7e7cknf7v96uk9.
[2025-10-02 17:24:20] (0s) Starting to evaluate predicate UserType::UserType.getDefinition/0#dispred#37e32cce/2@e0da74gv
[2025-10-02 17:24:20] (0s)  >>> Created relation UserType::UserType.getDefinition/0#dispred#37e32cce/2@e0da74gv with 374 rows and digest d43f94lj6o0a240p04r0d3r8717.
[2025-10-02 17:24:20] (0s) Starting to evaluate predicate project#UserType::UserType.getDefinition/0#dispred#37e32cce/1@0c053c19
[2025-10-02 17:24:20] (0s)  >>> Created relation project#UserType::UserType.getDefinition/0#dispred#37e32cce/1@0c053c19 with 374 rows and digest ef9fe534f876dkg5srfjfau8hg9.
[2025-10-02 17:24:20] (0s) Starting to evaluate predicate Declaration::Declaration.hasDefinition/0#dispred#b576e37a#b/1@01acd79p
[2025-10-02 17:24:20] (0s)  >>> Created relation Declaration::Declaration.hasDefinition/0#dispred#b576e37a#b/1@01acd79p with 67 rows and digest fc36bf7cu57ok0a3nq3e09069o7.
[2025-10-02 17:24:20] (0s) Starting to evaluate predicate m#UserType::UserType.getDefinitionLocation/0#dispred#ecc1d8ec#bf/1@04d2e0ln
[2025-10-02 17:24:20] (0s)  >>> Created relation m#UserType::UserType.getDefinitionLocation/0#dispred#ecc1d8ec#bf/1@04d2e0ln with 67 rows and digest fc36bf7cu57ok0a3nq3e09069o7.
[2025-10-02 17:24:20] (0s) Starting to evaluate predicate UserType::UserType.getDefinitionLocation/0#dispred#ecc1d8ec#bf/2@be736f3u
[2025-10-02 17:24:20] (0s)  >>> Created relation UserType::UserType.getDefinitionLocation/0#dispred#ecc1d8ec#bf/2@be736f3u with 67 rows and digest 4ee38d0h5vgqgrnbc1sovnjifd8.
[2025-10-02 17:24:20] (0s)  >>> Created relation locations_default/6@541b30r8 with 129506 rows and digest eb19608jkr4o1835a4qg5ritnta.
[2025-10-02 17:24:20] (0s) Starting to evaluate predicate locations_default_23450#join_rhs/5@24c5f5e8
[2025-10-02 17:24:20] (0s)  >>> Created relation locations_default_23450#join_rhs/5@24c5f5e8 with 129506 rows and digest 89605dihil484ncfo9k8kkfvmbe.
[2025-10-02 17:24:20] (0s)  >>> Created relation files/2@1ebcd3es with 237 rows and digest fc6c5e52pmsajpmpn3n6n3enhqd.
[2025-10-02 17:24:20] (0s) Starting to evaluate predicate Location::Location.getContainer/0#9edabfb6/2@ef1f58sd
[2025-10-02 17:24:20] (0s)  >>> Created relation Location::Location.getContainer/0#9edabfb6/2@ef1f58sd with 129506 rows and digest f6110bppsgr6lf0i6ve51j3v6na.
[2025-10-02 17:24:20] (0s) Starting to evaluate predicate Location::Location.getContainer/0#9edabfb6_10#join_rhs/2@23a46cqm
[2025-10-02 17:24:20] (0s)  >>> Created relation Location::Location.getContainer/0#9edabfb6_10#join_rhs/2@23a46cqm with 129506 rows and digest 9a49c3fq3idbum650ua6rj470vc.
[2025-10-02 17:24:20] (0s) Starting to evaluate predicate Location::Location.getFile/0#dispred#d1f8b5d1/2@60a1cc58
[2025-10-02 17:24:21] (0s)  >>> Created relation Location::Location.getFile/0#dispred#d1f8b5d1/2@60a1cc58 with 129506 rows and digest f6110bppsgr6lf0i6ve51j3v6na.
[2025-10-02 17:24:21] (0s) Starting to evaluate predicate Location::UnknownDefaultLocation#05e653e4/1@d02531k5
[2025-10-02 17:24:21] (0s)  >>> Created relation Location::UnknownDefaultLocation#05e653e4/1@d02531k5 with 1 rows and digest 585ded7naffeaeb6608v9ael822.
[2025-10-02 17:24:21] (0s) Starting to evaluate predicate usertypes_120#join_rhs/3@29d221dm
[2025-10-02 17:24:21] (0s)  >>> Created relation usertypes_120#join_rhs/3@29d221dm with 934 rows and digest b93942opjitk24d7t6uu5dhsqhb.
[2025-10-02 17:24:21] (0s) Starting to evaluate predicate usertypes_10#join_rhs/2@1947ccpr
[2025-10-02 17:24:21] (0s)  >>> Created relation usertypes_10#join_rhs/2@1947ccpr with 934 rows and digest fbd84f4k81eudb2phtggevlmlv0.
[2025-10-02 17:24:21] (0s) Starting to evaluate predicate m#Type::TemplateParameter#d8984f1e#b/1@72a31cdf
[2025-10-02 17:24:21] (0s)  >>> Created relation m#Type::TemplateParameter#d8984f1e#b/1@72a31cdf with 1 rows and digest a8469bl3aoiaro2nkrbs0rje2sd.
[2025-10-02 17:24:21] (0s) Starting to evaluate predicate Type::TemplateParameter#d8984f1e#b/1@13a1d77v
[2025-10-02 17:24:21] (0s)  >>> Created relation Type::TemplateParameter#d8984f1e#b/1@13a1d77v with 1 rows and digest a8469bl3aoiaro2nkrbs0rje2sd.
[2025-10-02 17:24:21] (0s) Starting to evaluate predicate Type::AutoType#6a611250/1@e3e3fcm2
[2025-10-02 17:24:21] (0s)  >>> Created relation Type::AutoType#6a611250/1@e3e3fcm2 with 1 rows and digest a8469bl3aoiaro2nkrbs0rje2sd.
[2025-10-02 17:24:21] (0s) Starting to evaluate predicate UserType::UserType.getLocation/0#dispred#031012ab#bf/2@876d4ahs
[2025-10-02 17:24:21] (0s)  >>> Created relation UserType::UserType.getLocation/0#dispred#031012ab#bf/2@876d4ahs with 67 rows and digest 4ee38d0h5vgqgrnbc1sovnjifd8.
[2025-10-02 17:24:21] (0s) Starting to evaluate predicate Location::Location.getStartLine/0#d54f9e6c/2@4b88b03s
[2025-10-02 17:24:21] (0s)  >>> Created relation Location::Location.getStartLine/0#d54f9e6c/2@4b88b03s with 129506 rows and digest db8d8duge9bsor8ssv258njqf64.
[2025-10-02 17:24:21] (0s)  >>> Created relation typedefbase/2@3eb519r5 with 527 rows and digest 202bcdg4ae1bd0arjr2qh97nk01.
[2025-10-02 17:24:21] (0s) Starting to evaluate predicate TypedefType::TypedefType.getBaseType/0#dispred#671605ef/2@6173ea8g
[2025-10-02 17:24:21] (0s)  >>> Created relation TypedefType::TypedefType.getBaseType/0#dispred#671605ef/2@6173ea8g with 391 rows and digest 2953553a4aghvqjg4431k72u61d.
[2025-10-02 17:24:21] (0s) Starting to evaluate predicate #select#query/5@c25f20pv
[2025-10-02 17:24:21] (0s)  >>> Created relation #select#query/5@c25f20pv with 884 rows and digest 95f52cha0mtnc1rsjf6iv1g2t43.
[2025-10-02 17:24:21] (0s) Query done
[2025-10-02 17:24:21] (0s) Sequence stamp origin is -5997333165204714849
[2025-10-02 17:24:21] (0s) Pausing evaluation to sync to disk at sequence stamp o+0
[2025-10-02 17:24:21] (0s) Unpausing evaluation
[2025-10-02 17:24:21] Evaluation of /home/haojie/workspace/lcmhalmcp/queries/collectors/common/info_enum_collector.ql produced BQRS results.
[2025-10-02 17:24:21] [PROGRESS] execute queries> [1/1 eval 566ms] Evaluation done; writing results to /home/haojie/workspace/lcmhalmcp/tmp/common_info.bqrs.
[2025-10-02 17:24:21] [PROGRESS] execute queries> Shutting down query evaluator.
[2025-10-02 17:24:21] Pausing evaluation to close the cache at sequence stamp o+1
[2025-10-02 17:24:21] The disk cache is freshly trimmed; leave it be.
[2025-10-02 17:24:21] Unpausing evaluation
[2025-10-02 17:24:21] This NaiveBuddyAllocator requested 0 eviction rounds.
[2025-10-02 17:24:21] Exiting with code 0
