[2025-10-02 17:27:55] This is codeql execute queries -J-Xmx12982M --off-heap-ram=16156 --verbosity=progress --logdir=/home/haojie/workspace/DBS/DATABASE_FreeRTOSLwIP_StreamingServer/log --evaluator-log-level=5 --warnings=show --qlconfig-file=/home/haojie/workspace/lcmhalmcp/qlconfig.yml --output=/home/haojie/workspace/lcmhalmcp/tmp/common_info.bqrs -- /home/haojie/workspace/DBS/DATABASE_FreeRTOSLwIP_StreamingServer/db-cpp path:/home/haojie/workspace/lcmhalmcp/queries/collectors/common/info_function_collector.ql
[2025-10-02 17:27:55] Calling plumbing command: codeql resolve queries --qlconfig-file=/home/haojie/workspace/lcmhalmcp/qlconfig.yml --format=json -- path:/home/haojie/workspace/lcmhalmcp/queries/collectors/common/info_function_collector.ql
[2025-10-02 17:27:55] [PROGRESS] resolve queries> Recording pack reference getting-started/codeql-extra-queries-cpp at /home/haojie/workspace/lcmhalmcp/queries.
[2025-10-02 17:27:55] Plumbing command codeql resolve queries completed:
                      [
                        "/home/haojie/workspace/lcmhalmcp/queries/collectors/common/info_function_collector.ql"
                      ]
[2025-10-02 17:27:55] Refusing fancy output: $CODEQL_ISATTY terminal indication is missing
[2025-10-02 17:27:55] Creating executor with 1 threads.
[2025-10-02 17:27:55] Calling plumbing command: codeql resolve extensions --qlconfig-file=/home/haojie/workspace/lcmhalmcp/qlconfig.yml --include-extension-row-locations path:/home/haojie/workspace/lcmhalmcp/queries/collectors/common/info_function_collector.ql
[2025-10-02 17:27:55] Calling plumbing command: codeql resolve queries --qlconfig-file=/home/haojie/workspace/lcmhalmcp/qlconfig.yml --allow-library-packs --format startingpacks -- path:/home/haojie/workspace/lcmhalmcp/queries/collectors/common/info_function_collector.ql
[2025-10-02 17:27:55] [PROGRESS] resolve queries> Recording pack reference getting-started/codeql-extra-queries-cpp at /home/haojie/workspace/lcmhalmcp/queries.
[2025-10-02 17:27:55] Plumbing command codeql resolve queries completed:
                      [
                        "/home/haojie/workspace/lcmhalmcp/queries"
                      ]
[2025-10-02 17:27:55] Calling plumbing command: codeql resolve extensions-by-pack --qlconfig-file=/home/haojie/workspace/lcmhalmcp/qlconfig.yml --include-extension-row-locations -- /home/haojie/workspace/lcmhalmcp/queries
[2025-10-02 17:27:55] [SPAMMY] resolve extensions-by-pack> [INCOMPATIBILITY] getting-started/codeql-extra-queries-cpp: not 1.0.0 {root: getting-started/codeql-extra-queries-cpp@1.0.0}
[2025-10-02 17:27:55] [SPAMMY] resolve extensions-by-pack> [DERIVATION] getting-started/codeql-extra-queries-cpp: 1.0.0 {getting-started/codeql-extra-queries-cpp: not 1.0.0 {root: getting-started/codeql-extra-queries-cpp@1.0.0}}
[2025-10-02 17:27:56] [SPAMMY] resolve extensions-by-pack> [INCOMPATIBILITY] getting-started/codeql-extra-queries-cpp: * [*], codeql/cpp-all: not * [*] {dependency: getting-started/codeql-extra-queries-cpp@* [*] requires codeql/cpp-all@^1.4.1}
[2025-10-02 17:27:56] [SPAMMY] resolve extensions-by-pack> [DECISION 1] getting-started/codeql-extra-queries-cpp: 1.0.0
[2025-10-02 17:27:56] [SPAMMY] resolve extensions-by-pack> [DERIVATION] codeql/cpp-all: * [*] {getting-started/codeql-extra-queries-cpp: * [*], codeql/cpp-all: not * [*] {dependency: getting-started/codeql-extra-queries-cpp@* [*] requires codeql/cpp-all@^1.4.1}}
[2025-10-02 17:27:56] [SPAMMY] resolve extensions-by-pack> [INCOMPATIBILITY] codeql/cpp-all: * [*], codeql/dataflow: not * [*] {dependency: codeql/cpp-all@* [*] requires codeql/dataflow@1.1.1}
[2025-10-02 17:27:56] [SPAMMY] resolve extensions-by-pack> [INCOMPATIBILITY] codeql/cpp-all: * [*], codeql/mad: not * [*] {dependency: codeql/cpp-all@* [*] requires codeql/mad@1.0.7}
[2025-10-02 17:27:56] [SPAMMY] resolve extensions-by-pack> [INCOMPATIBILITY] codeql/cpp-all: * [*], codeql/rangeanalysis: not * [*] {dependency: codeql/cpp-all@* [*] requires codeql/rangeanalysis@1.0.7}
[2025-10-02 17:27:56] [SPAMMY] resolve extensions-by-pack> [INCOMPATIBILITY] codeql/cpp-all: * [*], codeql/ssa: not * [*] {dependency: codeql/cpp-all@* [*] requires codeql/ssa@1.0.7}
[2025-10-02 17:27:56] [SPAMMY] resolve extensions-by-pack> [INCOMPATIBILITY] codeql/cpp-all: * [*], codeql/tutorial: not * [*] {dependency: codeql/cpp-all@* [*] requires codeql/tutorial@1.0.7}
[2025-10-02 17:27:56] [SPAMMY] resolve extensions-by-pack> [INCOMPATIBILITY] codeql/cpp-all: * [*], codeql/typeflow: not * [*] {dependency: codeql/cpp-all@* [*] requires codeql/typeflow@1.0.7}
[2025-10-02 17:27:56] [SPAMMY] resolve extensions-by-pack> [INCOMPATIBILITY] codeql/cpp-all: * [*], codeql/util: not * [*] {dependency: codeql/cpp-all@* [*] requires codeql/util@1.0.7}
[2025-10-02 17:27:56] [SPAMMY] resolve extensions-by-pack> [INCOMPATIBILITY] codeql/cpp-all: * [*], codeql/xml: not * [*] {dependency: codeql/cpp-all@* [*] requires codeql/xml@1.0.7}
[2025-10-02 17:27:56] [SPAMMY] resolve extensions-by-pack> [DECISION 2] codeql/cpp-all: 1.4.2
[2025-10-02 17:27:56] [SPAMMY] resolve extensions-by-pack> [DERIVATION] codeql/xml: * [*] {codeql/cpp-all: * [*], codeql/xml: not * [*] {dependency: codeql/cpp-all@* [*] requires codeql/xml@1.0.7}}
[2025-10-02 17:27:56] [SPAMMY] resolve extensions-by-pack> [DERIVATION] codeql/util: * [*] {codeql/cpp-all: * [*], codeql/util: not * [*] {dependency: codeql/cpp-all@* [*] requires codeql/util@1.0.7}}
[2025-10-02 17:27:56] [SPAMMY] resolve extensions-by-pack> [DERIVATION] codeql/typeflow: * [*] {codeql/cpp-all: * [*], codeql/typeflow: not * [*] {dependency: codeql/cpp-all@* [*] requires codeql/typeflow@1.0.7}}
[2025-10-02 17:27:56] [SPAMMY] resolve extensions-by-pack> [DERIVATION] codeql/tutorial: * [*] {codeql/cpp-all: * [*], codeql/tutorial: not * [*] {dependency: codeql/cpp-all@* [*] requires codeql/tutorial@1.0.7}}
[2025-10-02 17:27:56] [SPAMMY] resolve extensions-by-pack> [DERIVATION] codeql/ssa: * [*] {codeql/cpp-all: * [*], codeql/ssa: not * [*] {dependency: codeql/cpp-all@* [*] requires codeql/ssa@1.0.7}}
[2025-10-02 17:27:56] [SPAMMY] resolve extensions-by-pack> [DERIVATION] codeql/rangeanalysis: * [*] {codeql/cpp-all: * [*], codeql/rangeanalysis: not * [*] {dependency: codeql/cpp-all@* [*] requires codeql/rangeanalysis@1.0.7}}
[2025-10-02 17:27:56] [SPAMMY] resolve extensions-by-pack> [DERIVATION] codeql/mad: * [*] {codeql/cpp-all: * [*], codeql/mad: not * [*] {dependency: codeql/cpp-all@* [*] requires codeql/mad@1.0.7}}
[2025-10-02 17:27:56] [SPAMMY] resolve extensions-by-pack> [DERIVATION] codeql/dataflow: * [*] {codeql/cpp-all: * [*], codeql/dataflow: not * [*] {dependency: codeql/cpp-all@* [*] requires codeql/dataflow@1.1.1}}
[2025-10-02 17:27:56] [SPAMMY] resolve extensions-by-pack> [INCOMPATIBILITY] codeql/dataflow: * [*], codeql/ssa: not * [*] {dependency: codeql/dataflow@* [*] requires codeql/ssa@1.0.7}
[2025-10-02 17:27:56] [SPAMMY] resolve extensions-by-pack> [INCOMPATIBILITY] codeql/dataflow: * [*], codeql/typetracking: not * [*] {dependency: codeql/dataflow@* [*] requires codeql/typetracking@1.0.7}
[2025-10-02 17:27:56] [SPAMMY] resolve extensions-by-pack> [INCOMPATIBILITY] codeql/dataflow: * [*], codeql/util: not * [*] {dependency: codeql/dataflow@* [*] requires codeql/util@1.0.7}
[2025-10-02 17:27:56] [SPAMMY] resolve extensions-by-pack> [DECISION 3] codeql/dataflow: 1.1.1
[2025-10-02 17:27:56] [SPAMMY] resolve extensions-by-pack> [DERIVATION] codeql/typetracking: * [*] {codeql/dataflow: * [*], codeql/typetracking: not * [*] {dependency: codeql/dataflow@* [*] requires codeql/typetracking@1.0.7}}
[2025-10-02 17:27:56] [SPAMMY] resolve extensions-by-pack> [INCOMPATIBILITY] codeql/mad: * [*], codeql/util: not * [*] {dependency: codeql/mad@* [*] requires codeql/util@1.0.7}
[2025-10-02 17:27:56] [SPAMMY] resolve extensions-by-pack> [DECISION 4] codeql/mad: 1.0.7
[2025-10-02 17:27:56] [SPAMMY] resolve extensions-by-pack> [INCOMPATIBILITY] codeql/rangeanalysis: * [*], codeql/util: not * [*] {dependency: codeql/rangeanalysis@* [*] requires codeql/util@1.0.7}
[2025-10-02 17:27:56] [SPAMMY] resolve extensions-by-pack> [DECISION 5] codeql/rangeanalysis: 1.0.7
[2025-10-02 17:27:56] [SPAMMY] resolve extensions-by-pack> [INCOMPATIBILITY] codeql/ssa: * [*], codeql/util: not * [*] {dependency: codeql/ssa@* [*] requires codeql/util@1.0.7}
[2025-10-02 17:27:56] [SPAMMY] resolve extensions-by-pack> [DECISION 6] codeql/ssa: 1.0.7
[2025-10-02 17:27:56] [SPAMMY] resolve extensions-by-pack> [DECISION 7] codeql/tutorial: 1.0.7
[2025-10-02 17:27:56] [SPAMMY] resolve extensions-by-pack> [INCOMPATIBILITY] codeql/typeflow: * [*], codeql/util: not * [*] {dependency: codeql/typeflow@* [*] requires codeql/util@1.0.7}
[2025-10-02 17:27:56] [SPAMMY] resolve extensions-by-pack> [DECISION 8] codeql/typeflow: 1.0.7
[2025-10-02 17:27:56] [SPAMMY] resolve extensions-by-pack> [INCOMPATIBILITY] codeql/typetracking: * [*], codeql/util: not * [*] {dependency: codeql/typetracking@* [*] requires codeql/util@1.0.7}
[2025-10-02 17:27:56] [SPAMMY] resolve extensions-by-pack> [DECISION 9] codeql/typetracking: 1.0.7
[2025-10-02 17:27:56] [SPAMMY] resolve extensions-by-pack> [DECISION 10] codeql/util: 1.0.7
[2025-10-02 17:27:56] [SPAMMY] resolve extensions-by-pack> [INCOMPATIBILITY] codeql/xml: * [*], codeql/util: not * [*] {dependency: codeql/xml@* [*] requires codeql/util@1.0.7}
[2025-10-02 17:27:56] [SPAMMY] resolve extensions-by-pack> [DECISION 11] codeql/xml: 1.0.7
[2025-10-02 17:27:56] [PROGRESS] resolve extensions-by-pack> Loading data extensions in /home/haojie/test/codeql/qlpacks/codeql/cpp-all/1.4.2/ext/Boost.Asio.model.yml.
[2025-10-02 17:27:56] [DETAILS] resolve extensions-by-pack>   Found extension targeting codeql/cpp-all:sourceModel: 6 tuples.
[2025-10-02 17:27:56] [DETAILS] resolve extensions-by-pack>   Found extension targeting codeql/cpp-all:sinkModel: 4 tuples.
[2025-10-02 17:27:56] [DETAILS] resolve extensions-by-pack>   Found extension targeting codeql/cpp-all:summaryModel: 1 tuples.
[2025-10-02 17:27:56] [PROGRESS] resolve extensions-by-pack> Loading data extensions in /home/haojie/test/codeql/qlpacks/codeql/cpp-all/1.4.2/ext/allocation/Bsd.allocation.model.yml.
[2025-10-02 17:27:56] [DETAILS] resolve extensions-by-pack>   Found extension targeting codeql/cpp-all:allocationFunctionModel: 2 tuples.
[2025-10-02 17:27:56] [PROGRESS] resolve extensions-by-pack> Loading data extensions in /home/haojie/test/codeql/qlpacks/codeql/cpp-all/1.4.2/ext/allocation/Glibc.allocation.model.yml.
[2025-10-02 17:27:56] [DETAILS] resolve extensions-by-pack>   Found extension targeting codeql/cpp-all:allocationFunctionModel: 2 tuples.
[2025-10-02 17:27:56] [PROGRESS] resolve extensions-by-pack> Loading data extensions in /home/haojie/test/codeql/qlpacks/codeql/cpp-all/1.4.2/ext/allocation/OpenSSL.allocation.model.yml.
[2025-10-02 17:27:56] [DETAILS] resolve extensions-by-pack>   Found extension targeting codeql/cpp-all:allocationFunctionModel: 4 tuples.
[2025-10-02 17:27:56] [PROGRESS] resolve extensions-by-pack> Loading data extensions in /home/haojie/test/codeql/qlpacks/codeql/cpp-all/1.4.2/ext/allocation/Std.allocation.model.yml.
[2025-10-02 17:27:56] [DETAILS] resolve extensions-by-pack>   Found extension targeting codeql/cpp-all:allocationFunctionModel: 10 tuples.
[2025-10-02 17:27:56] [PROGRESS] resolve extensions-by-pack> Loading data extensions in /home/haojie/test/codeql/qlpacks/codeql/cpp-all/1.4.2/ext/allocation/Windows.allocation.model.yml.
[2025-10-02 17:27:56] [DETAILS] resolve extensions-by-pack>   Found extension targeting codeql/cpp-all:allocationFunctionModel: 24 tuples.
[2025-10-02 17:27:56] [PROGRESS] resolve extensions-by-pack> Loading data extensions in /home/haojie/test/codeql/qlpacks/codeql/cpp-all/1.4.2/ext/allocation/empty.allocation.model.yml.
[2025-10-02 17:27:56] [DETAILS] resolve extensions-by-pack>   Found extension targeting codeql/cpp-all:allocationFunctionModel: 0 tuples.
[2025-10-02 17:27:56] [PROGRESS] resolve extensions-by-pack> Loading data extensions in /home/haojie/test/codeql/qlpacks/codeql/cpp-all/1.4.2/ext/bsl.array.model.yml.
[2025-10-02 17:27:56] [DETAILS] resolve extensions-by-pack>   Found extension targeting codeql/cpp-all:summaryModel: 9 tuples.
[2025-10-02 17:27:56] [PROGRESS] resolve extensions-by-pack> Loading data extensions in /home/haojie/test/codeql/qlpacks/codeql/cpp-all/1.4.2/ext/bsl.deque.model.yml.
[2025-10-02 17:27:56] [DETAILS] resolve extensions-by-pack>   Found extension targeting codeql/cpp-all:summaryModel: 68 tuples.
[2025-10-02 17:27:56] [PROGRESS] resolve extensions-by-pack> Loading data extensions in /home/haojie/test/codeql/qlpacks/codeql/cpp-all/1.4.2/ext/bsl.forward_list.model.yml.
[2025-10-02 17:27:56] [DETAILS] resolve extensions-by-pack>   Found extension targeting codeql/cpp-all:summaryModel: 51 tuples.
[2025-10-02 17:27:56] [PROGRESS] resolve extensions-by-pack> Loading data extensions in /home/haojie/test/codeql/qlpacks/codeql/cpp-all/1.4.2/ext/bsl.list.model.yml.
[2025-10-02 17:27:56] [DETAILS] resolve extensions-by-pack>   Found extension targeting codeql/cpp-all:summaryModel: 66 tuples.
[2025-10-02 17:27:56] [PROGRESS] resolve extensions-by-pack> Loading data extensions in /home/haojie/test/codeql/qlpacks/codeql/cpp-all/1.4.2/ext/bsl.vector.model.yml.
[2025-10-02 17:27:56] [DETAILS] resolve extensions-by-pack>   Found extension targeting codeql/cpp-all:summaryModel: 55 tuples.
[2025-10-02 17:27:56] [PROGRESS] resolve extensions-by-pack> Loading data extensions in /home/haojie/test/codeql/qlpacks/codeql/cpp-all/1.4.2/ext/deallocation/Bsd.deallocation.model.yml.
[2025-10-02 17:27:56] [DETAILS] resolve extensions-by-pack>   Found extension targeting codeql/cpp-all:deallocationFunctionModel: 3 tuples.
[2025-10-02 17:27:56] [PROGRESS] resolve extensions-by-pack> Loading data extensions in /home/haojie/test/codeql/qlpacks/codeql/cpp-all/1.4.2/ext/deallocation/Std.deallocation.model.yml.
[2025-10-02 17:27:56] [DETAILS] resolve extensions-by-pack>   Found extension targeting codeql/cpp-all:deallocationFunctionModel: 37 tuples.
[2025-10-02 17:27:56] [PROGRESS] resolve extensions-by-pack> Loading data extensions in /home/haojie/test/codeql/qlpacks/codeql/cpp-all/1.4.2/ext/deallocation/Windows.deallocation.model.yml.
[2025-10-02 17:27:56] [DETAILS] resolve extensions-by-pack>   Found extension targeting codeql/cpp-all:deallocationFunctionModel: 36 tuples.
[2025-10-02 17:27:56] [PROGRESS] resolve extensions-by-pack> Loading data extensions in /home/haojie/test/codeql/qlpacks/codeql/cpp-all/1.4.2/ext/deallocation/empty.deallocation.model.yml.
[2025-10-02 17:27:56] [DETAILS] resolve extensions-by-pack>   Found extension targeting codeql/cpp-all:deallocationFunctionModel: 0 tuples.
[2025-10-02 17:27:56] [PROGRESS] resolve extensions-by-pack> Loading data extensions in /home/haojie/test/codeql/qlpacks/codeql/cpp-all/1.4.2/ext/empty.model.yml.
[2025-10-02 17:27:56] [DETAILS] resolve extensions-by-pack>   Found extension targeting codeql/cpp-all:sourceModel: 0 tuples.
[2025-10-02 17:27:56] [DETAILS] resolve extensions-by-pack>   Found extension targeting codeql/cpp-all:sinkModel: 0 tuples.
[2025-10-02 17:27:56] [DETAILS] resolve extensions-by-pack>   Found extension targeting codeql/cpp-all:summaryModel: 0 tuples.
[2025-10-02 17:27:56] [PROGRESS] resolve extensions-by-pack> Loading data extensions in /home/haojie/test/codeql/qlpacks/codeql/cpp-all/1.4.2/ext/std.array.model.yml.
[2025-10-02 17:27:56] [DETAILS] resolve extensions-by-pack>   Found extension targeting codeql/cpp-all:summaryModel: 9 tuples.
[2025-10-02 17:27:56] [PROGRESS] resolve extensions-by-pack> Loading data extensions in /home/haojie/test/codeql/qlpacks/codeql/cpp-all/1.4.2/ext/std.deque.model.yml.
[2025-10-02 17:27:56] [DETAILS] resolve extensions-by-pack>   Found extension targeting codeql/cpp-all:summaryModel: 68 tuples.
[2025-10-02 17:27:56] [PROGRESS] resolve extensions-by-pack> Loading data extensions in /home/haojie/test/codeql/qlpacks/codeql/cpp-all/1.4.2/ext/std.format.model.yml.
[2025-10-02 17:27:56] [DETAILS] resolve extensions-by-pack>   Found extension targeting codeql/cpp-all:summaryModel: 9 tuples.
[2025-10-02 17:27:56] [PROGRESS] resolve extensions-by-pack> Loading data extensions in /home/haojie/test/codeql/qlpacks/codeql/cpp-all/1.4.2/ext/std.forward_list.model.yml.
[2025-10-02 17:27:56] [DETAILS] resolve extensions-by-pack>   Found extension targeting codeql/cpp-all:summaryModel: 51 tuples.
[2025-10-02 17:27:56] [PROGRESS] resolve extensions-by-pack> Loading data extensions in /home/haojie/test/codeql/qlpacks/codeql/cpp-all/1.4.2/ext/std.iterator.model.yml.
[2025-10-02 17:27:56] [DETAILS] resolve extensions-by-pack>   Found extension targeting codeql/cpp-all:summaryModel: 6 tuples.
[2025-10-02 17:27:56] [PROGRESS] resolve extensions-by-pack> Loading data extensions in /home/haojie/test/codeql/qlpacks/codeql/cpp-all/1.4.2/ext/std.list.model.yml.
[2025-10-02 17:27:56] [DETAILS] resolve extensions-by-pack>   Found extension targeting codeql/cpp-all:summaryModel: 66 tuples.
[2025-10-02 17:27:56] [PROGRESS] resolve extensions-by-pack> Loading data extensions in /home/haojie/test/codeql/qlpacks/codeql/cpp-all/1.4.2/ext/std.vector.model.yml.
[2025-10-02 17:27:56] [DETAILS] resolve extensions-by-pack>   Found extension targeting codeql/cpp-all:summaryModel: 55 tuples.
[2025-10-02 17:27:56] Plumbing command codeql resolve extensions-by-pack completed:
                      {
                        "models" : [ ],
                        "data" : {
                          "/home/haojie/workspace/lcmhalmcp/queries" : [
                            {
                              "predicate" : "sourceModel",
                              "file" : "/home/haojie/test/codeql/qlpacks/codeql/cpp-all/1.4.2/ext/Boost.Asio.model.yml",
                              "index" : 0,
                              "firstRowId" : 0,
                              "rowCount" : 6,
                              "predicateHasOrigin" : true,
                              "locations" : {
                                "lineNumbers" : "A=7+1*5",
                                "columnNumbers" : "A=9*6"
                              }
                            },
                            {
                              "predicate" : "sinkModel",
                              "file" : "/home/haojie/test/codeql/qlpacks/codeql/cpp-all/1.4.2/ext/Boost.Asio.model.yml",
                              "index" : 1,
                              "firstRowId" : 6,
                              "rowCount" : 4,
                              "predicateHasOrigin" : true,
                              "locations" : {
                                "lineNumbers" : "A=17+1*3",
                                "columnNumbers" : "A=9*4"
                              }
                            },
                            {
                              "predicate" : "summaryModel",
                              "file" : "/home/haojie/test/codeql/qlpacks/codeql/cpp-all/1.4.2/ext/Boost.Asio.model.yml",
                              "index" : 2,
                              "firstRowId" : 10,
                              "rowCount" : 1,
                              "predicateHasOrigin" : true,
                              "locations" : {
                                "lineNumbers" : "A=25",
                                "columnNumbers" : "A=9"
                              }
                            },
                            {
                              "predicate" : "allocationFunctionModel",
                              "file" : "/home/haojie/test/codeql/qlpacks/codeql/cpp-all/1.4.2/ext/allocation/Bsd.allocation.model.yml",
                              "index" : 0,
                              "firstRowId" : 11,
                              "rowCount" : 2,
                              "predicateHasOrigin" : false,
                              "locations" : {
                                "lineNumbers" : "A=6+1",
                                "columnNumbers" : "A=9*2"
                              }
                            },
                            {
                              "predicate" : "allocationFunctionModel",
                              "file" : "/home/haojie/test/codeql/qlpacks/codeql/cpp-all/1.4.2/ext/allocation/Glibc.allocation.model.yml",
                              "index" : 0,
                              "firstRowId" : 13,
                              "rowCount" : 2,
                              "predicateHasOrigin" : false,
                              "locations" : {
                                "lineNumbers" : "A=6+1",
                                "columnNumbers" : "A=9*2"
                              }
                            },
                            {
                              "predicate" : "allocationFunctionModel",
                              "file" : "/home/haojie/test/codeql/qlpacks/codeql/cpp-all/1.4.2/ext/allocation/OpenSSL.allocation.model.yml",
                              "index" : 0,
                              "firstRowId" : 15,
                              "rowCount" : 4,
                              "predicateHasOrigin" : false,
                              "locations" : {
                                "lineNumbers" : "A=6+1*3",
                                "columnNumbers" : "A=9*4"
                              }
                            },
                            {
                              "predicate" : "allocationFunctionModel",
                              "file" : "/home/haojie/test/codeql/qlpacks/codeql/cpp-all/1.4.2/ext/allocation/Std.allocation.model.yml",
                              "index" : 0,
                              "firstRowId" : 19,
                              "rowCount" : 10,
                              "predicateHasOrigin" : false,
                              "locations" : {
                                "lineNumbers" : "A=6+1*9",
                                "columnNumbers" : "A=9*10"
                              }
                            },
                            {
                              "predicate" : "allocationFunctionModel",
                              "file" : "/home/haojie/test/codeql/qlpacks/codeql/cpp-all/1.4.2/ext/allocation/Windows.allocation.model.yml",
                              "index" : 0,
                              "firstRowId" : 29,
                              "rowCount" : 24,
                              "predicateHasOrigin" : false,
                              "locations" : {
                                "lineNumbers" : "A=6+1*23",
                                "columnNumbers" : "A=9*24"
                              }
                            },
                            {
                              "predicate" : "allocationFunctionModel",
                              "file" : "/home/haojie/test/codeql/qlpacks/codeql/cpp-all/1.4.2/ext/allocation/empty.allocation.model.yml",
                              "index" : 0,
                              "firstRowId" : 53,
                              "rowCount" : 0,
                              "predicateHasOrigin" : false,
                              "locations" : {
                                "lineNumbers" : "A",
                                "columnNumbers" : "A"
                              }
                            },
                            {
                              "predicate" : "summaryModel",
                              "file" : "/home/haojie/test/codeql/qlpacks/codeql/cpp-all/1.4.2/ext/bsl.array.model.yml",
                              "index" : 0,
                              "firstRowId" : 53,
                              "rowCount" : 9,
                              "predicateHasOrigin" : true,
                              "locations" : {
                                "lineNumbers" : "A=6+1*8",
                                "columnNumbers" : "A=9*9"
                              }
                            },
                            {
                              "predicate" : "summaryModel",
                              "file" : "/home/haojie/test/codeql/qlpacks/codeql/cpp-all/1.4.2/ext/bsl.deque.model.yml",
                              "index" : 0,
                              "firstRowId" : 62,
                              "rowCount" : 68,
                              "predicateHasOrigin" : true,
                              "locations" : {
                                "lineNumbers" : "A=6+1*67",
                                "columnNumbers" : "A=9*68"
                              }
                            },
                            {
                              "predicate" : "summaryModel",
                              "file" : "/home/haojie/test/codeql/qlpacks/codeql/cpp-all/1.4.2/ext/bsl.forward_list.model.yml",
                              "index" : 0,
                              "firstRowId" : 130,
                              "rowCount" : 51,
                              "predicateHasOrigin" : true,
                              "locations" : {
                                "lineNumbers" : "A=6+1*50",
                                "columnNumbers" : "A=9*51"
                              }
                            },
                            {
                              "predicate" : "summaryModel",
                              "file" : "/home/haojie/test/codeql/qlpacks/codeql/cpp-all/1.4.2/ext/bsl.list.model.yml",
                              "index" : 0,
                              "firstRowId" : 181,
                              "rowCount" : 66,
                              "predicateHasOrigin" : true,
                              "locations" : {
                                "lineNumbers" : "A=6+1*65",
                                "columnNumbers" : "A=9*66"
                              }
                            },
                            {
                              "predicate" : "summaryModel",
                              "file" : "/home/haojie/test/codeql/qlpacks/codeql/cpp-all/1.4.2/ext/bsl.vector.model.yml",
                              "index" : 0,
                              "firstRowId" : 247,
                              "rowCount" : 55,
                              "predicateHasOrigin" : true,
                              "locations" : {
                                "lineNumbers" : "A=6+1*54",
                                "columnNumbers" : "A=9*55"
                              }
                            },
                            {
                              "predicate" : "deallocationFunctionModel",
                              "file" : "/home/haojie/test/codeql/qlpacks/codeql/cpp-all/1.4.2/ext/deallocation/Bsd.deallocation.model.yml",
                              "index" : 0,
                              "firstRowId" : 302,
                              "rowCount" : 3,
                              "predicateHasOrigin" : false,
                              "locations" : {
                                "lineNumbers" : "A=6+1*2",
                                "columnNumbers" : "A=9*3"
                              }
                            },
                            {
                              "predicate" : "deallocationFunctionModel",
                              "file" : "/home/haojie/test/codeql/qlpacks/codeql/cpp-all/1.4.2/ext/deallocation/Std.deallocation.model.yml",
                              "index" : 0,
                              "firstRowId" : 305,
                              "rowCount" : 37,
                              "predicateHasOrigin" : false,
                              "locations" : {
                                "lineNumbers" : "A=6+1*36",
                                "columnNumbers" : "A=9*37"
                              }
                            },
                            {
                              "predicate" : "deallocationFunctionModel",
                              "file" : "/home/haojie/test/codeql/qlpacks/codeql/cpp-all/1.4.2/ext/deallocation/Windows.deallocation.model.yml",
                              "index" : 0,
                              "firstRowId" : 342,
                              "rowCount" : 36,
                              "predicateHasOrigin" : false,
                              "locations" : {
                                "lineNumbers" : "A=6+1*35",
                                "columnNumbers" : "A=9*36"
                              }
                            },
                            {
                              "predicate" : "deallocationFunctionModel",
                              "file" : "/home/haojie/test/codeql/qlpacks/codeql/cpp-all/1.4.2/ext/deallocation/empty.deallocation.model.yml",
                              "index" : 0,
                              "firstRowId" : 378,
                              "rowCount" : 0,
                              "predicateHasOrigin" : false,
                              "locations" : {
                                "lineNumbers" : "A",
                                "columnNumbers" : "A"
                              }
                            },
                            {
                              "predicate" : "sourceModel",
                              "file" : "/home/haojie/test/codeql/qlpacks/codeql/cpp-all/1.4.2/ext/empty.model.yml",
                              "index" : 0,
                              "firstRowId" : 378,
                              "rowCount" : 0,
                              "predicateHasOrigin" : true,
                              "locations" : {
                                "lineNumbers" : "A",
                                "columnNumbers" : "A"
                              }
                            },
                            {
                              "predicate" : "sinkModel",
                              "file" : "/home/haojie/test/codeql/qlpacks/codeql/cpp-all/1.4.2/ext/empty.model.yml",
                              "index" : 1,
                              "firstRowId" : 378,
                              "rowCount" : 0,
                              "predicateHasOrigin" : true,
                              "locations" : {
                                "lineNumbers" : "A",
                                "columnNumbers" : "A"
                              }
                            },
                            {
                              "predicate" : "summaryModel",
                              "file" : "/home/haojie/test/codeql/qlpacks/codeql/cpp-all/1.4.2/ext/empty.model.yml",
                              "index" : 2,
                              "firstRowId" : 378,
                              "rowCount" : 0,
                              "predicateHasOrigin" : true,
                              "locations" : {
                                "lineNumbers" : "A",
                                "columnNumbers" : "A"
                              }
                            },
                            {
                              "predicate" : "summaryModel",
                              "file" : "/home/haojie/test/codeql/qlpacks/codeql/cpp-all/1.4.2/ext/std.array.model.yml",
                              "index" : 0,
                              "firstRowId" : 378,
                              "rowCount" : 9,
                              "predicateHasOrigin" : true,
                              "locations" : {
                                "lineNumbers" : "A=6+1*8",
                                "columnNumbers" : "A=9*9"
                              }
                            },
                            {
                              "predicate" : "summaryModel",
                              "file" : "/home/haojie/test/codeql/qlpacks/codeql/cpp-all/1.4.2/ext/std.deque.model.yml",
                              "index" : 0,
                              "firstRowId" : 387,
                              "rowCount" : 68,
                              "predicateHasOrigin" : true,
                              "locations" : {
                                "lineNumbers" : "A=6+1*67",
                                "columnNumbers" : "A=9*68"
                              }
                            },
                            {
                              "predicate" : "summaryModel",
                              "file" : "/home/haojie/test/codeql/qlpacks/codeql/cpp-all/1.4.2/ext/std.format.model.yml",
                              "index" : 0,
                              "firstRowId" : 455,
                              "rowCount" : 9,
                              "predicateHasOrigin" : true,
                              "locations" : {
                                "lineNumbers" : "A=6+1*8",
                                "columnNumbers" : "A=9*9"
                              }
                            },
                            {
                              "predicate" : "summaryModel",
                              "file" : "/home/haojie/test/codeql/qlpacks/codeql/cpp-all/1.4.2/ext/std.forward_list.model.yml",
                              "index" : 0,
                              "firstRowId" : 464,
                              "rowCount" : 51,
                              "predicateHasOrigin" : true,
                              "locations" : {
                                "lineNumbers" : "A=6+1*50",
                                "columnNumbers" : "A=9*51"
                              }
                            },
                            {
                              "predicate" : "summaryModel",
                              "file" : "/home/haojie/test/codeql/qlpacks/codeql/cpp-all/1.4.2/ext/std.iterator.model.yml",
                              "index" : 0,
                              "firstRowId" : 515,
                              "rowCount" : 6,
                              "predicateHasOrigin" : true,
                              "locations" : {
                                "lineNumbers" : "A=6+1*5",
                                "columnNumbers" : "A=9*6"
                              }
                            },
                            {
                              "predicate" : "summaryModel",
                              "file" : "/home/haojie/test/codeql/qlpacks/codeql/cpp-all/1.4.2/ext/std.list.model.yml",
                              "index" : 0,
                              "firstRowId" : 521,
                              "rowCount" : 66,
                              "predicateHasOrigin" : true,
                              "locations" : {
                                "lineNumbers" : "A=6+1*65",
                                "columnNumbers" : "A=9*66"
                              }
                            },
                            {
                              "predicate" : "summaryModel",
                              "file" : "/home/haojie/test/codeql/qlpacks/codeql/cpp-all/1.4.2/ext/std.vector.model.yml",
                              "index" : 0,
                              "firstRowId" : 587,
                              "rowCount" : 55,
                              "predicateHasOrigin" : true,
                              "locations" : {
                                "lineNumbers" : "A=6+1*54",
                                "columnNumbers" : "A=9*55"
                              }
                            }
                          ]
                        },
                        "threatModels" : { },
                        "extensionPacks" : [ ]
                      }
[2025-10-02 17:27:56] Plumbing command codeql resolve extensions completed:
                      {
                        "models" : [ ],
                        "data" : {
                          "/home/haojie/workspace/lcmhalmcp/queries" : [
                            {
                              "predicate" : "sourceModel",
                              "file" : "/home/haojie/test/codeql/qlpacks/codeql/cpp-all/1.4.2/ext/Boost.Asio.model.yml",
                              "index" : 0,
                              "firstRowId" : 0,
                              "rowCount" : 6,
                              "predicateHasOrigin" : true,
                              "locations" : {
                                "lineNumbers" : "A=7+1*5",
                                "columnNumbers" : "A=9*6"
                              }
                            },
                            {
                              "predicate" : "sinkModel",
                              "file" : "/home/haojie/test/codeql/qlpacks/codeql/cpp-all/1.4.2/ext/Boost.Asio.model.yml",
                              "index" : 1,
                              "firstRowId" : 6,
                              "rowCount" : 4,
                              "predicateHasOrigin" : true,
                              "locations" : {
                                "lineNumbers" : "A=17+1*3",
                                "columnNumbers" : "A=9*4"
                              }
                            },
                            {
                              "predicate" : "summaryModel",
                              "file" : "/home/haojie/test/codeql/qlpacks/codeql/cpp-all/1.4.2/ext/Boost.Asio.model.yml",
                              "index" : 2,
                              "firstRowId" : 10,
                              "rowCount" : 1,
                              "predicateHasOrigin" : true,
                              "locations" : {
                                "lineNumbers" : "A=25",
                                "columnNumbers" : "A=9"
                              }
                            },
                            {
                              "predicate" : "allocationFunctionModel",
                              "file" : "/home/haojie/test/codeql/qlpacks/codeql/cpp-all/1.4.2/ext/allocation/Bsd.allocation.model.yml",
                              "index" : 0,
                              "firstRowId" : 11,
                              "rowCount" : 2,
                              "predicateHasOrigin" : false,
                              "locations" : {
                                "lineNumbers" : "A=6+1",
                                "columnNumbers" : "A=9*2"
                              }
                            },
                            {
                              "predicate" : "allocationFunctionModel",
                              "file" : "/home/haojie/test/codeql/qlpacks/codeql/cpp-all/1.4.2/ext/allocation/Glibc.allocation.model.yml",
                              "index" : 0,
                              "firstRowId" : 13,
                              "rowCount" : 2,
                              "predicateHasOrigin" : false,
                              "locations" : {
                                "lineNumbers" : "A=6+1",
                                "columnNumbers" : "A=9*2"
                              }
                            },
                            {
                              "predicate" : "allocationFunctionModel",
                              "file" : "/home/haojie/test/codeql/qlpacks/codeql/cpp-all/1.4.2/ext/allocation/OpenSSL.allocation.model.yml",
                              "index" : 0,
                              "firstRowId" : 15,
                              "rowCount" : 4,
                              "predicateHasOrigin" : false,
                              "locations" : {
                                "lineNumbers" : "A=6+1*3",
                                "columnNumbers" : "A=9*4"
                              }
                            },
                            {
                              "predicate" : "allocationFunctionModel",
                              "file" : "/home/haojie/test/codeql/qlpacks/codeql/cpp-all/1.4.2/ext/allocation/Std.allocation.model.yml",
                              "index" : 0,
                              "firstRowId" : 19,
                              "rowCount" : 10,
                              "predicateHasOrigin" : false,
                              "locations" : {
                                "lineNumbers" : "A=6+1*9",
                                "columnNumbers" : "A=9*10"
                              }
                            },
                            {
                              "predicate" : "allocationFunctionModel",
                              "file" : "/home/haojie/test/codeql/qlpacks/codeql/cpp-all/1.4.2/ext/allocation/Windows.allocation.model.yml",
                              "index" : 0,
                              "firstRowId" : 29,
                              "rowCount" : 24,
                              "predicateHasOrigin" : false,
                              "locations" : {
                                "lineNumbers" : "A=6+1*23",
                                "columnNumbers" : "A=9*24"
                              }
                            },
                            {
                              "predicate" : "allocationFunctionModel",
                              "file" : "/home/haojie/test/codeql/qlpacks/codeql/cpp-all/1.4.2/ext/allocation/empty.allocation.model.yml",
                              "index" : 0,
                              "firstRowId" : 53,
                              "rowCount" : 0,
                              "predicateHasOrigin" : false,
                              "locations" : {
                                "lineNumbers" : "A",
                                "columnNumbers" : "A"
                              }
                            },
                            {
                              "predicate" : "summaryModel",
                              "file" : "/home/haojie/test/codeql/qlpacks/codeql/cpp-all/1.4.2/ext/bsl.array.model.yml",
                              "index" : 0,
                              "firstRowId" : 53,
                              "rowCount" : 9,
                              "predicateHasOrigin" : true,
                              "locations" : {
                                "lineNumbers" : "A=6+1*8",
                                "columnNumbers" : "A=9*9"
                              }
                            },
                            {
                              "predicate" : "summaryModel",
                              "file" : "/home/haojie/test/codeql/qlpacks/codeql/cpp-all/1.4.2/ext/bsl.deque.model.yml",
                              "index" : 0,
                              "firstRowId" : 62,
                              "rowCount" : 68,
                              "predicateHasOrigin" : true,
                              "locations" : {
                                "lineNumbers" : "A=6+1*67",
                                "columnNumbers" : "A=9*68"
                              }
                            },
                            {
                              "predicate" : "summaryModel",
                              "file" : "/home/haojie/test/codeql/qlpacks/codeql/cpp-all/1.4.2/ext/bsl.forward_list.model.yml",
                              "index" : 0,
                              "firstRowId" : 130,
                              "rowCount" : 51,
                              "predicateHasOrigin" : true,
                              "locations" : {
                                "lineNumbers" : "A=6+1*50",
                                "columnNumbers" : "A=9*51"
                              }
                            },
                            {
                              "predicate" : "summaryModel",
                              "file" : "/home/haojie/test/codeql/qlpacks/codeql/cpp-all/1.4.2/ext/bsl.list.model.yml",
                              "index" : 0,
                              "firstRowId" : 181,
                              "rowCount" : 66,
                              "predicateHasOrigin" : true,
                              "locations" : {
                                "lineNumbers" : "A=6+1*65",
                                "columnNumbers" : "A=9*66"
                              }
                            },
                            {
                              "predicate" : "summaryModel",
                              "file" : "/home/haojie/test/codeql/qlpacks/codeql/cpp-all/1.4.2/ext/bsl.vector.model.yml",
                              "index" : 0,
                              "firstRowId" : 247,
                              "rowCount" : 55,
                              "predicateHasOrigin" : true,
                              "locations" : {
                                "lineNumbers" : "A=6+1*54",
                                "columnNumbers" : "A=9*55"
                              }
                            },
                            {
                              "predicate" : "deallocationFunctionModel",
                              "file" : "/home/haojie/test/codeql/qlpacks/codeql/cpp-all/1.4.2/ext/deallocation/Bsd.deallocation.model.yml",
                              "index" : 0,
                              "firstRowId" : 302,
                              "rowCount" : 3,
                              "predicateHasOrigin" : false,
                              "locations" : {
                                "lineNumbers" : "A=6+1*2",
                                "columnNumbers" : "A=9*3"
                              }
                            },
                            {
                              "predicate" : "deallocationFunctionModel",
                              "file" : "/home/haojie/test/codeql/qlpacks/codeql/cpp-all/1.4.2/ext/deallocation/Std.deallocation.model.yml",
                              "index" : 0,
                              "firstRowId" : 305,
                              "rowCount" : 37,
                              "predicateHasOrigin" : false,
                              "locations" : {
                                "lineNumbers" : "A=6+1*36",
                                "columnNumbers" : "A=9*37"
                              }
                            },
                            {
                              "predicate" : "deallocationFunctionModel",
                              "file" : "/home/haojie/test/codeql/qlpacks/codeql/cpp-all/1.4.2/ext/deallocation/Windows.deallocation.model.yml",
                              "index" : 0,
                              "firstRowId" : 342,
                              "rowCount" : 36,
                              "predicateHasOrigin" : false,
                              "locations" : {
                                "lineNumbers" : "A=6+1*35",
                                "columnNumbers" : "A=9*36"
                              }
                            },
                            {
                              "predicate" : "deallocationFunctionModel",
                              "file" : "/home/haojie/test/codeql/qlpacks/codeql/cpp-all/1.4.2/ext/deallocation/empty.deallocation.model.yml",
                              "index" : 0,
                              "firstRowId" : 378,
                              "rowCount" : 0,
                              "predicateHasOrigin" : false,
                              "locations" : {
                                "lineNumbers" : "A",
                                "columnNumbers" : "A"
                              }
                            },
                            {
                              "predicate" : "sourceModel",
                              "file" : "/home/haojie/test/codeql/qlpacks/codeql/cpp-all/1.4.2/ext/empty.model.yml",
                              "index" : 0,
                              "firstRowId" : 378,
                              "rowCount" : 0,
                              "predicateHasOrigin" : true,
                              "locations" : {
                                "lineNumbers" : "A",
                                "columnNumbers" : "A"
                              }
                            },
                            {
                              "predicate" : "sinkModel",
                              "file" : "/home/haojie/test/codeql/qlpacks/codeql/cpp-all/1.4.2/ext/empty.model.yml",
                              "index" : 1,
                              "firstRowId" : 378,
                              "rowCount" : 0,
                              "predicateHasOrigin" : true,
                              "locations" : {
                                "lineNumbers" : "A",
                                "columnNumbers" : "A"
                              }
                            },
                            {
                              "predicate" : "summaryModel",
                              "file" : "/home/haojie/test/codeql/qlpacks/codeql/cpp-all/1.4.2/ext/empty.model.yml",
                              "index" : 2,
                              "firstRowId" : 378,
                              "rowCount" : 0,
                              "predicateHasOrigin" : true,
                              "locations" : {
                                "lineNumbers" : "A",
                                "columnNumbers" : "A"
                              }
                            },
                            {
                              "predicate" : "summaryModel",
                              "file" : "/home/haojie/test/codeql/qlpacks/codeql/cpp-all/1.4.2/ext/std.array.model.yml",
                              "index" : 0,
                              "firstRowId" : 378,
                              "rowCount" : 9,
                              "predicateHasOrigin" : true,
                              "locations" : {
                                "lineNumbers" : "A=6+1*8",
                                "columnNumbers" : "A=9*9"
                              }
                            },
                            {
                              "predicate" : "summaryModel",
                              "file" : "/home/haojie/test/codeql/qlpacks/codeql/cpp-all/1.4.2/ext/std.deque.model.yml",
                              "index" : 0,
                              "firstRowId" : 387,
                              "rowCount" : 68,
                              "predicateHasOrigin" : true,
                              "locations" : {
                                "lineNumbers" : "A=6+1*67",
                                "columnNumbers" : "A=9*68"
                              }
                            },
                            {
                              "predicate" : "summaryModel",
                              "file" : "/home/haojie/test/codeql/qlpacks/codeql/cpp-all/1.4.2/ext/std.format.model.yml",
                              "index" : 0,
                              "firstRowId" : 455,
                              "rowCount" : 9,
                              "predicateHasOrigin" : true,
                              "locations" : {
                                "lineNumbers" : "A=6+1*8",
                                "columnNumbers" : "A=9*9"
                              }
                            },
                            {
                              "predicate" : "summaryModel",
                              "file" : "/home/haojie/test/codeql/qlpacks/codeql/cpp-all/1.4.2/ext/std.forward_list.model.yml",
                              "index" : 0,
                              "firstRowId" : 464,
                              "rowCount" : 51,
                              "predicateHasOrigin" : true,
                              "locations" : {
                                "lineNumbers" : "A=6+1*50",
                                "columnNumbers" : "A=9*51"
                              }
                            },
                            {
                              "predicate" : "summaryModel",
                              "file" : "/home/haojie/test/codeql/qlpacks/codeql/cpp-all/1.4.2/ext/std.iterator.model.yml",
                              "index" : 0,
                              "firstRowId" : 515,
                              "rowCount" : 6,
                              "predicateHasOrigin" : true,
                              "locations" : {
                                "lineNumbers" : "A=6+1*5",
                                "columnNumbers" : "A=9*6"
                              }
                            },
                            {
                              "predicate" : "summaryModel",
                              "file" : "/home/haojie/test/codeql/qlpacks/codeql/cpp-all/1.4.2/ext/std.list.model.yml",
                              "index" : 0,
                              "firstRowId" : 521,
                              "rowCount" : 66,
                              "predicateHasOrigin" : true,
                              "locations" : {
                                "lineNumbers" : "A=6+1*65",
                                "columnNumbers" : "A=9*66"
                              }
                            },
                            {
                              "predicate" : "summaryModel",
                              "file" : "/home/haojie/test/codeql/qlpacks/codeql/cpp-all/1.4.2/ext/std.vector.model.yml",
                              "index" : 0,
                              "firstRowId" : 587,
                              "rowCount" : 55,
                              "predicateHasOrigin" : true,
                              "locations" : {
                                "lineNumbers" : "A=6+1*54",
                                "columnNumbers" : "A=9*55"
                              }
                            }
                          ]
                        },
                        "threatModels" : { },
                        "extensionPacks" : [ ]
                      }
[2025-10-02 17:27:56] Calling plumbing command: codeql resolve library-path --qlconfig-file=/home/haojie/workspace/lcmhalmcp/qlconfig.yml --query=/home/haojie/workspace/lcmhalmcp/queries/collectors/common/info_function_collector.ql --format=json
[2025-10-02 17:27:56] [DETAILS] resolve library-path> Resolving query at normalized path /home/haojie/workspace/lcmhalmcp/queries/collectors/common/info_function_collector.ql.
[2025-10-02 17:27:56] [DETAILS] resolve library-path> Found enclosing pack 'getting-started/codeql-extra-queries-cpp' at /home/haojie/workspace/lcmhalmcp/queries.
[2025-10-02 17:27:56] [DETAILS] resolve library-path> Adding compilation cache at /home/haojie/.codeql/compile-cache.
[2025-10-02 17:27:56] [DETAILS] resolve library-path> Resolving library dependencies from /home/haojie/workspace/lcmhalmcp/queries/codeql-pack.yml.
[2025-10-02 17:27:56] [SPAMMY] resolve library-path> [INCOMPATIBILITY] getting-started/codeql-extra-queries-cpp: not 1.0.0 {root: getting-started/codeql-extra-queries-cpp@1.0.0}
[2025-10-02 17:27:56] [SPAMMY] resolve library-path> [DERIVATION] getting-started/codeql-extra-queries-cpp: 1.0.0 {getting-started/codeql-extra-queries-cpp: not 1.0.0 {root: getting-started/codeql-extra-queries-cpp@1.0.0}}
[2025-10-02 17:27:56] [SPAMMY] resolve library-path> [INCOMPATIBILITY] getting-started/codeql-extra-queries-cpp: * [*], codeql/cpp-all: not * [*] {dependency: getting-started/codeql-extra-queries-cpp@* [*] requires codeql/cpp-all@^1.4.1}
[2025-10-02 17:27:56] [SPAMMY] resolve library-path> [DECISION 1] getting-started/codeql-extra-queries-cpp: 1.0.0
[2025-10-02 17:27:56] [SPAMMY] resolve library-path> [DERIVATION] codeql/cpp-all: * [*] {getting-started/codeql-extra-queries-cpp: * [*], codeql/cpp-all: not * [*] {dependency: getting-started/codeql-extra-queries-cpp@* [*] requires codeql/cpp-all@^1.4.1}}
[2025-10-02 17:27:56] [SPAMMY] resolve library-path> [INCOMPATIBILITY] codeql/cpp-all: * [*], codeql/dataflow: not * [*] {dependency: codeql/cpp-all@* [*] requires codeql/dataflow@1.1.1}
[2025-10-02 17:27:56] [SPAMMY] resolve library-path> [INCOMPATIBILITY] codeql/cpp-all: * [*], codeql/mad: not * [*] {dependency: codeql/cpp-all@* [*] requires codeql/mad@1.0.7}
[2025-10-02 17:27:56] [SPAMMY] resolve library-path> [INCOMPATIBILITY] codeql/cpp-all: * [*], codeql/rangeanalysis: not * [*] {dependency: codeql/cpp-all@* [*] requires codeql/rangeanalysis@1.0.7}
[2025-10-02 17:27:56] [SPAMMY] resolve library-path> [INCOMPATIBILITY] codeql/cpp-all: * [*], codeql/ssa: not * [*] {dependency: codeql/cpp-all@* [*] requires codeql/ssa@1.0.7}
[2025-10-02 17:27:56] [SPAMMY] resolve library-path> [INCOMPATIBILITY] codeql/cpp-all: * [*], codeql/tutorial: not * [*] {dependency: codeql/cpp-all@* [*] requires codeql/tutorial@1.0.7}
[2025-10-02 17:27:56] [SPAMMY] resolve library-path> [INCOMPATIBILITY] codeql/cpp-all: * [*], codeql/typeflow: not * [*] {dependency: codeql/cpp-all@* [*] requires codeql/typeflow@1.0.7}
[2025-10-02 17:27:56] [SPAMMY] resolve library-path> [INCOMPATIBILITY] codeql/cpp-all: * [*], codeql/util: not * [*] {dependency: codeql/cpp-all@* [*] requires codeql/util@1.0.7}
[2025-10-02 17:27:56] [SPAMMY] resolve library-path> [INCOMPATIBILITY] codeql/cpp-all: * [*], codeql/xml: not * [*] {dependency: codeql/cpp-all@* [*] requires codeql/xml@1.0.7}
[2025-10-02 17:27:56] [SPAMMY] resolve library-path> [DECISION 2] codeql/cpp-all: 1.4.2
[2025-10-02 17:27:56] [SPAMMY] resolve library-path> [DERIVATION] codeql/xml: * [*] {codeql/cpp-all: * [*], codeql/xml: not * [*] {dependency: codeql/cpp-all@* [*] requires codeql/xml@1.0.7}}
[2025-10-02 17:27:56] [SPAMMY] resolve library-path> [DERIVATION] codeql/util: * [*] {codeql/cpp-all: * [*], codeql/util: not * [*] {dependency: codeql/cpp-all@* [*] requires codeql/util@1.0.7}}
[2025-10-02 17:27:56] [SPAMMY] resolve library-path> [DERIVATION] codeql/typeflow: * [*] {codeql/cpp-all: * [*], codeql/typeflow: not * [*] {dependency: codeql/cpp-all@* [*] requires codeql/typeflow@1.0.7}}
[2025-10-02 17:27:56] [SPAMMY] resolve library-path> [DERIVATION] codeql/tutorial: * [*] {codeql/cpp-all: * [*], codeql/tutorial: not * [*] {dependency: codeql/cpp-all@* [*] requires codeql/tutorial@1.0.7}}
[2025-10-02 17:27:56] [SPAMMY] resolve library-path> [DERIVATION] codeql/ssa: * [*] {codeql/cpp-all: * [*], codeql/ssa: not * [*] {dependency: codeql/cpp-all@* [*] requires codeql/ssa@1.0.7}}
[2025-10-02 17:27:56] [SPAMMY] resolve library-path> [DERIVATION] codeql/rangeanalysis: * [*] {codeql/cpp-all: * [*], codeql/rangeanalysis: not * [*] {dependency: codeql/cpp-all@* [*] requires codeql/rangeanalysis@1.0.7}}
[2025-10-02 17:27:56] [SPAMMY] resolve library-path> [DERIVATION] codeql/mad: * [*] {codeql/cpp-all: * [*], codeql/mad: not * [*] {dependency: codeql/cpp-all@* [*] requires codeql/mad@1.0.7}}
[2025-10-02 17:27:56] [SPAMMY] resolve library-path> [DERIVATION] codeql/dataflow: * [*] {codeql/cpp-all: * [*], codeql/dataflow: not * [*] {dependency: codeql/cpp-all@* [*] requires codeql/dataflow@1.1.1}}
[2025-10-02 17:27:56] [SPAMMY] resolve library-path> [INCOMPATIBILITY] codeql/dataflow: * [*], codeql/ssa: not * [*] {dependency: codeql/dataflow@* [*] requires codeql/ssa@1.0.7}
[2025-10-02 17:27:56] [SPAMMY] resolve library-path> [INCOMPATIBILITY] codeql/dataflow: * [*], codeql/typetracking: not * [*] {dependency: codeql/dataflow@* [*] requires codeql/typetracking@1.0.7}
[2025-10-02 17:27:56] [SPAMMY] resolve library-path> [INCOMPATIBILITY] codeql/dataflow: * [*], codeql/util: not * [*] {dependency: codeql/dataflow@* [*] requires codeql/util@1.0.7}
[2025-10-02 17:27:56] [SPAMMY] resolve library-path> [DECISION 3] codeql/dataflow: 1.1.1
[2025-10-02 17:27:56] [SPAMMY] resolve library-path> [DERIVATION] codeql/typetracking: * [*] {codeql/dataflow: * [*], codeql/typetracking: not * [*] {dependency: codeql/dataflow@* [*] requires codeql/typetracking@1.0.7}}
[2025-10-02 17:27:56] [SPAMMY] resolve library-path> [INCOMPATIBILITY] codeql/mad: * [*], codeql/util: not * [*] {dependency: codeql/mad@* [*] requires codeql/util@1.0.7}
[2025-10-02 17:27:56] [SPAMMY] resolve library-path> [DECISION 4] codeql/mad: 1.0.7
[2025-10-02 17:27:56] [SPAMMY] resolve library-path> [INCOMPATIBILITY] codeql/rangeanalysis: * [*], codeql/util: not * [*] {dependency: codeql/rangeanalysis@* [*] requires codeql/util@1.0.7}
[2025-10-02 17:27:56] [SPAMMY] resolve library-path> [DECISION 5] codeql/rangeanalysis: 1.0.7
[2025-10-02 17:27:56] [SPAMMY] resolve library-path> [INCOMPATIBILITY] codeql/ssa: * [*], codeql/util: not * [*] {dependency: codeql/ssa@* [*] requires codeql/util@1.0.7}
[2025-10-02 17:27:56] [SPAMMY] resolve library-path> [DECISION 6] codeql/ssa: 1.0.7
[2025-10-02 17:27:56] [SPAMMY] resolve library-path> [DECISION 7] codeql/tutorial: 1.0.7
[2025-10-02 17:27:56] [SPAMMY] resolve library-path> [INCOMPATIBILITY] codeql/typeflow: * [*], codeql/util: not * [*] {dependency: codeql/typeflow@* [*] requires codeql/util@1.0.7}
[2025-10-02 17:27:56] [SPAMMY] resolve library-path> [DECISION 8] codeql/typeflow: 1.0.7
[2025-10-02 17:27:56] [SPAMMY] resolve library-path> [INCOMPATIBILITY] codeql/typetracking: * [*], codeql/util: not * [*] {dependency: codeql/typetracking@* [*] requires codeql/util@1.0.7}
[2025-10-02 17:27:56] [SPAMMY] resolve library-path> [DECISION 9] codeql/typetracking: 1.0.7
[2025-10-02 17:27:56] [SPAMMY] resolve library-path> [DECISION 10] codeql/util: 1.0.7
[2025-10-02 17:27:56] [SPAMMY] resolve library-path> [INCOMPATIBILITY] codeql/xml: * [*], codeql/util: not * [*] {dependency: codeql/xml@* [*] requires codeql/util@1.0.7}
[2025-10-02 17:27:56] [SPAMMY] resolve library-path> [DECISION 11] codeql/xml: 1.0.7
[2025-10-02 17:27:56] [DETAILS] resolve library-path> QL pack dependencies for /home/haojie/workspace/lcmhalmcp/queries resolved OK.
[2025-10-02 17:27:56] [DETAILS] resolve library-path> Found dbscheme through QL packs: /home/haojie/test/codeql/qlpacks/codeql/cpp-all/1.4.2/semmlecode.cpp.dbscheme.
[2025-10-02 17:27:56] Plumbing command codeql resolve library-path completed:
                      {
                        "libraryPath" : [
                          "/home/haojie/workspace/lcmhalmcp/queries",
                          "/home/haojie/test/codeql/qlpacks/codeql/cpp-all/1.4.2",
                          "/home/haojie/test/codeql/qlpacks/codeql/dataflow/1.1.1",
                          "/home/haojie/test/codeql/qlpacks/codeql/mad/1.0.7",
                          "/home/haojie/test/codeql/qlpacks/codeql/rangeanalysis/1.0.7",
                          "/home/haojie/test/codeql/qlpacks/codeql/ssa/1.0.7",
                          "/home/haojie/test/codeql/qlpacks/codeql/tutorial/1.0.7",
                          "/home/haojie/test/codeql/qlpacks/codeql/typeflow/1.0.7",
                          "/home/haojie/test/codeql/qlpacks/codeql/typetracking/1.0.7",
                          "/home/haojie/test/codeql/qlpacks/codeql/util/1.0.7",
                          "/home/haojie/test/codeql/qlpacks/codeql/xml/1.0.7"
                        ],
                        "dbscheme" : "/home/haojie/test/codeql/qlpacks/codeql/cpp-all/1.4.2/semmlecode.cpp.dbscheme",
                        "compilationCache" : [
                          "/home/haojie/.codeql/compile-cache"
                        ],
                        "relativeName" : "getting-started/codeql-extra-queries-cpp/collectors/common/info_function_collector.ql",
                        "qlPackName" : "getting-started/codeql-extra-queries-cpp"
                      }
[2025-10-02 17:27:56] [PROGRESS] execute queries> Compiling query plan for /home/haojie/workspace/lcmhalmcp/queries/collectors/common/info_function_collector.ql.
[2025-10-02 17:27:56] [DETAILS] execute queries> Resolving imports for /home/haojie/workspace/lcmhalmcp/queries/collectors/common/info_function_collector.ql.
[2025-10-02 17:27:57] Resolved file set for /home/haojie/workspace/lcmhalmcp/queries/collectors/common/info_function_collector.ql hashes to 29082aae946aa6c89397e0fc4b16a505c876ef28.
[2025-10-02 17:27:57] [DETAILS] execute queries> Compilation cache hit for /home/haojie/workspace/lcmhalmcp/queries/collectors/common/info_function_collector.ql.
[2025-10-02 17:27:57] [WARN] execute queries> WARNING: A table query must define the @id property. (/home/haojie/workspace/lcmhalmcp/queries/collectors/common/info_function_collector.ql:2,1-6,4)
[2025-10-02 17:27:57] [WARN] execute queries> WARNING: QLDoc comment is not attached to any QL element (/home/haojie/workspace/lcmhalmcp/queries/libraries/DriverLocator.qll:436,1-446,3)
[2025-10-02 17:27:57] [WARN] execute queries> WARNING: QLDoc comment is not attached to any QL element (/home/haojie/workspace/lcmhalmcp/queries/libraries/MMIOAnalyzer.qll:792,1-796,4)
[2025-10-02 17:27:57] [WARN] execute queries> WARNING: QLDoc comment is not attached to any QL element (/home/haojie/workspace/lcmhalmcp/queries/libraries/MMIOAnalyzer.qll:817,1-820,4)
[2025-10-02 17:27:57] [WARN] execute queries> WARNING: QLDoc comment is not attached to any QL element (/home/haojie/workspace/lcmhalmcp/queries/libraries/MMIOAnalyzer.qll:831,1-834,4)
[2025-10-02 17:27:57] [WARN] execute queries> WARNING: QLDoc comment is not attached to any QL element (/home/haojie/workspace/lcmhalmcp/queries/libraries/MMIOAnalyzer.qll:845,1-850,4)
[2025-10-02 17:27:57] [WARN] execute queries> WARNING: QLDoc comment is not attached to any QL element (/home/haojie/workspace/lcmhalmcp/queries/libraries/MMIOAnalyzer.qll:864,1-867,4)
[2025-10-02 17:27:57] [WARN] execute queries> WARNING: QLDoc comment is not attached to any QL element (/home/haojie/workspace/lcmhalmcp/queries/libraries/MMIOAnalyzer.qll:871,1-878,4)
[2025-10-02 17:27:57] [WARN] execute queries> WARNING: QLDoc comment is not attached to any QL element (/home/haojie/workspace/lcmhalmcp/queries/libraries/MMIOAnalyzer.qll:881,1-886,4)
[2025-10-02 17:27:57] [WARN] execute queries> WARNING: test is always true, as Parameter is a supertype of the expression type Parameter::Parameter (/home/haojie/workspace/lcmhalmcp/queries/libraries/MMIOAnalyzer.qll:259,37-46)
[2025-10-02 17:27:57] [WARN] execute queries> WARNING: test is always true, as the expression already has type Parameter::Parameter (/home/haojie/workspace/lcmhalmcp/queries/libraries/MMIOAnalyzer.qll:259,37-46)
[2025-10-02 17:27:57] [WARN] execute queries> WARNING: test is always true, as Expr is a supertype of the expression type Expr::Expr (/home/haojie/workspace/lcmhalmcp/queries/libraries/MMIOAnalyzer.qll:300,34-38)
[2025-10-02 17:27:57] [WARN] execute queries> WARNING: test is always true, as the expression already has type Expr::Expr (/home/haojie/workspace/lcmhalmcp/queries/libraries/MMIOAnalyzer.qll:300,34-38)
[2025-10-02 17:27:57] [WARN] execute queries> WARNING: test is always true, as Parameter is a supertype of the expression type Parameter::Parameter (/home/haojie/workspace/lcmhalmcp/queries/libraries/MMIOAnalyzer.qll:301,39-48)
[2025-10-02 17:27:57] [WARN] execute queries> WARNING: test is always true, as the expression already has type Parameter::Parameter (/home/haojie/workspace/lcmhalmcp/queries/libraries/MMIOAnalyzer.qll:301,39-48)
[2025-10-02 17:27:57] [WARN] execute queries> WARNING: test is always true, as Expr is a supertype of the expression type Expr::Expr (/home/haojie/workspace/lcmhalmcp/queries/libraries/MMIOAnalyzer.qll:306,32-36)
[2025-10-02 17:27:57] [WARN] execute queries> WARNING: test is always true, as the expression already has type Expr::Expr (/home/haojie/workspace/lcmhalmcp/queries/libraries/MMIOAnalyzer.qll:306,32-36)
[2025-10-02 17:27:57] [WARN] execute queries> WARNING: test is always true, as Parameter is a supertype of the expression type Parameter::Parameter (/home/haojie/workspace/lcmhalmcp/queries/libraries/MMIOAnalyzer.qll:307,37-46)
[2025-10-02 17:27:57] [WARN] execute queries> WARNING: test is always true, as the expression already has type Parameter::Parameter (/home/haojie/workspace/lcmhalmcp/queries/libraries/MMIOAnalyzer.qll:307,37-46)
[2025-10-02 17:27:57] [SPAMMY] execute queries> No database upgrade/downgrade needed for /home/haojie/workspace/lcmhalmcp/queries/collectors/common/info_function_collector.ql
[2025-10-02 17:27:57] [PROGRESS] execute queries> [1/1] Found in cache: /home/haojie/workspace/lcmhalmcp/queries/collectors/common/info_function_collector.ql.
[2025-10-02 17:27:57] [PROGRESS] execute queries> Starting evaluation of getting-started/codeql-extra-queries-cpp/collectors/common/info_function_collector.ql.
[2025-10-02 17:27:57] Starting evaluation of /home/haojie/workspace/lcmhalmcp/queries/collectors/common/info_function_collector.ql
[2025-10-02 17:27:57] (0s) Start query execution
[2025-10-02 17:27:57] (0s) Beginning execution of info_function_collector.ql
[2025-10-02 17:27:57] (0s)  >>> Created relation locations_default/6@541b30r8 with 129506 rows and digest eb19608jkr4o1835a4qg5ritnta.
[2025-10-02 17:27:57] (0s)  >>> Created relation functions/3@176659cl with 2516 rows and digest b7e613flpdua1oj206g9oktfhs1.
[2025-10-02 17:27:57] (0s)  >>> Created relation files/2@1ebcd3es with 237 rows and digest fc6c5e52pmsajpmpn3n6n3enhqd.
[2025-10-02 17:27:57] (0s)  >>> Created relation folders/2@6d7e6b0i with 70 rows and digest 1e4f731nuc2gfuuoao2t6ecp460.
[2025-10-02 17:27:57] (0s) Starting to evaluate predicate File::Impl::Container.getAbsolutePath/0#dispred#c9ca212d/2@db2709ka
[2025-10-02 17:27:57] (0s)  >>> Created relation File::Impl::Container.getAbsolutePath/0#dispred#c9ca212d/2@db2709ka with 307 rows and digest 86f62ccreo0o8l2g742bd9vu47b.
[2025-10-02 17:27:57] (0s)  >>> Created relation fun_decls/5@52a883hl with 3603 rows and digest 6703b69prhgmvd47go2idip7h3f.
[2025-10-02 17:27:57] (0s) Starting to evaluate predicate fun_decls_10#join_rhs/2@fb517a5h
[2025-10-02 17:27:57] (0s)  >>> Created relation fun_decls_10#join_rhs/2@fb517a5h with 3603 rows and digest edd42beq2jp5qld33nggmog52e8.
[2025-10-02 17:27:57] (0s)  >>> Created relation function_instantiation/2@4edba28i with 0 rows and digest THIS-RELATION-HAS-NO-TUPLES.
[2025-10-02 17:27:57] (0s) Inferred that Function::Function.isConstructedFrom/1#dispred#2edd856f/2@e46668o3 is empty, due to function_instantiation/2@4edba28i.
[2025-10-02 17:27:57] (0s) Inferred that function_instantiation_10#join_rhs/2@65afeav9 is empty, due to function_instantiation/2@4edba28i.
[2025-10-02 17:27:57] (0s) Inferred that project#Function::Function.isConstructedFrom/1#dispred#2edd856f/1@c9ffc3mv is empty, due to Function::Function.isConstructedFrom/1#dispred#2edd856f/2@e46668o3.
[2025-10-02 17:27:57] (0s) Inferred that Function::Function.isConstructedFrom/1#dispred#2edd856f_10#join_rhs/2@23f5faqm is empty, due to Function::Function.isConstructedFrom/1#dispred#2edd856f/2@e46668o3.
[2025-10-02 17:27:57] (0s) Inferred that QualifiedName::TemplateFunction.getAnInstantiation/0#dispred#1cbe8684/2@4d00c7ce is empty, due to function_instantiation_10#join_rhs/2@65afeav9.
[2025-10-02 17:27:57] (0s) Inferred that Parameter::Parameter.getFunction/0#dispred#803faca2#fb/2@e32ba6ni is empty, due to project#Function::Function.isConstructedFrom/1#dispred#2edd856f/1@c9ffc3mv.
[2025-10-02 17:27:57] (0s) Inferred that Parameter::Parameter.getFunction/0#dispred#803faca2#fb/2@5b5871pm is empty, due to project#Function::Function.isConstructedFrom/1#dispred#2edd856f/1@c9ffc3mv.
[2025-10-02 17:27:57] (0s) Inferred that _Function::Function.isConstructedFrom/1#dispred#2edd856f_10#join_rhs_ResolveFunction::isFunction/1#9__#antijoin_rhs/2@f35edde3 is empty, due to Function::Function.isConstructedFrom/1#dispred#2edd856f_10#join_rhs/2@23f5faqm.
[2025-10-02 17:27:57] (0s) Inferred that Function::TemplateFunction.getAnInstantiation/0#dispred#578175e9/2@633a45ae is empty, due to Function::Function.isConstructedFrom/1#dispred#2edd856f_10#join_rhs/2@23f5faqm.
[2025-10-02 17:27:57] (0s) Inferred that Function::TemplateFunction.getAnInstantiation/0#dispred#578175e9#fb/2@42a33fi4 is empty, due to Function::Function.isConstructedFrom/1#dispred#2edd856f_10#join_rhs/2@23f5faqm.
[2025-10-02 17:27:57] (0s) Inferred that _Parameter::Parameter#623bc78d_Parameter::Parameter.getFunction/0#dispred#803faca2#fb_project#Functi__#antijoin_rhs/1@e46d4aci is empty, due to Parameter::Parameter.getFunction/0#dispred#803faca2#fb/2@e32ba6ni.
[2025-10-02 17:27:57] (0s) Inferred that _Parameter::Parameter#623bc78d_Parameter::Parameter.getFunction/0#dispred#803faca2#fb_project#Functi__#antijoin_rhs/1@7f1c09f6 is empty, due to Parameter::Parameter.getFunction/0#dispred#803faca2#fb/2@5b5871pm.
[2025-10-02 17:27:57] (0s) Starting to evaluate predicate ResolveFunction::resolveFunction/1#576ba5ee_10#join_rhs/2@10a0f9sn
[2025-10-02 17:27:57] (0s)  >>> Created relation ResolveFunction::resolveFunction/1#576ba5ee_10#join_rhs/2@10a0f9sn with 2516 rows and digest ed7d6afk8ov2ok8pbfv48dt25n9.
[2025-10-02 17:27:57] (0s)  >>> Created relation fun_specialized/1@c66438j5 with 0 rows and digest THIS-RELATION-HAS-NO-TUPLES.
[2025-10-02 17:27:57] (0s) Inferred that __is_function_template_project#function_template_argument#shared_fun_decls_10#join_rhs_fun_specializ__#antijoin_rhs/1@9fd3f48p is empty, due to fun_specialized/1@c66438j5.
[2025-10-02 17:27:57] (0s) Inferred that Function::Function.isSpecialization/0#dispred#e3ca2d98/1@70061bid is empty, due to fun_specialized/1@c66438j5.
[2025-10-02 17:27:57] (0s) Starting to evaluate predicate Function::Function.declEntry/1#dispred#ac5fff8a/2@0751a7ek
[2025-10-02 17:27:57] (0s)  >>> Created relation Function::Function.declEntry/1#dispred#ac5fff8a/2@0751a7ek with 3603 rows and digest edd42beq2jp5qld33nggmog52e8.
[2025-10-02 17:27:57] (0s) Starting to evaluate predicate fun_decls_1#antijoin_rhs/1@835865u1
[2025-10-02 17:27:57] (0s)  >>> Created relation fun_decls_1#antijoin_rhs/1@835865u1 with 2513 rows and digest 22219fk3o0cpcgk66su22u6prh8.
[2025-10-02 17:27:57] (0s) Starting to evaluate predicate Function::Function.getADeclarationEntry/0#dispred#c4df8642/2@2af3aab6
[2025-10-02 17:27:57] (0s)  >>> Created relation Function::Function.getADeclarationEntry/0#dispred#c4df8642/2@2af3aab6 with 3603 rows and digest edd42beq2jp5qld33nggmog52e8.
[2025-10-02 17:27:57] (0s) Starting to evaluate predicate functions_02#join_rhs/2@292d18l8
[2025-10-02 17:27:57] (0s)  >>> Created relation functions_02#join_rhs/2@292d18l8 with 2516 rows and digest fb5ad0r7lfgk4c8huqscqcjiaae.
[2025-10-02 17:27:57] (0s) Starting to evaluate predicate Location::Location.getContainer/0#9edabfb6/2@ef1f58sd
[2025-10-02 17:27:57] (0s)  >>> Created relation Location::Location.getContainer/0#9edabfb6/2@ef1f58sd with 129506 rows and digest f6110bppsgr6lf0i6ve51j3v6na.
[2025-10-02 17:27:57] (0s) Starting to evaluate predicate Location::Location.getContainer/0#9edabfb6_10#join_rhs/2@23a46cqm
[2025-10-02 17:27:57] (0s)  >>> Created relation Location::Location.getContainer/0#9edabfb6_10#join_rhs/2@23a46cqm with 129506 rows and digest 9a49c3fq3idbum650ua6rj470vc.
[2025-10-02 17:27:57] (0s) Starting to evaluate predicate Location::Location.getFile/0#dispred#d1f8b5d1/2@60a1cc58
[2025-10-02 17:27:57] (0s)  >>> Created relation Location::Location.getFile/0#dispred#d1f8b5d1/2@60a1cc58 with 129506 rows and digest f6110bppsgr6lf0i6ve51j3v6na.
[2025-10-02 17:27:57] (0s) Starting to evaluate predicate locations_default_23450#join_rhs/5@24c5f5e8
[2025-10-02 17:27:57] (0s)  >>> Created relation locations_default_23450#join_rhs/5@24c5f5e8 with 129506 rows and digest 89605dihil484ncfo9k8kkfvmbe.
[2025-10-02 17:27:57] (0s) Starting to evaluate predicate Function::Function.getADeclarationEntry/0#dispred#c4df8642_10#join_rhs/2@09d097vj
[2025-10-02 17:27:57] (0s)  >>> Created relation Function::Function.getADeclarationEntry/0#dispred#c4df8642_10#join_rhs/2@09d097vj with 3603 rows and digest 2301b5kaeqsd91no4m2mch670gc.
[2025-10-02 17:27:57] (0s)  >>> Created relation fun_def/1@d08df0dl with 1224 rows and digest 05869dd8en0ttuj2bn97dofvck7.
[2025-10-02 17:27:57] (0s) Starting to evaluate predicate Function::Function.getDefinition/0#dispred#858b1c2d/2@80aac9f3
[2025-10-02 17:27:57] (0s)  >>> Created relation Function::Function.getDefinition/0#dispred#858b1c2d/2@80aac9f3 with 1224 rows and digest 06cc9ai86ek3r2r1sncs8rugndf.
[2025-10-02 17:27:57] (0s) Starting to evaluate predicate project#Function::Function.getDefinition/0#dispred#858b1c2d/1@b97694uv
[2025-10-02 17:27:57] (0s)  >>> Created relation project#Function::Function.getDefinition/0#dispred#858b1c2d/1@b97694uv with 1214 rows and digest 120a97be1han4pig3ucp5h87ji6.
[2025-10-02 17:27:57] (0s) Starting to evaluate predicate Function::Function.getDefinition/0#dispred#858b1c2d_10#join_rhs/2@09c310rd
[2025-10-02 17:27:57] (0s)  >>> Created relation Function::Function.getDefinition/0#dispred#858b1c2d_10#join_rhs/2@09c310rd with 1224 rows and digest d733a7noicot73c5clkvbldm822.
[2025-10-02 17:27:57] (0s) Starting to evaluate predicate Function::Function.getDefinitionLocation/0#dispred#affff69b/2@2301dced
[2025-10-02 17:27:57] (0s)  >>> Created relation Function::Function.getDefinitionLocation/0#dispred#affff69b/2@2301dced with 1224 rows and digest 6ce7417uukvik8tb2nnunohc3o4.
[2025-10-02 17:27:57] (0s) Starting to evaluate predicate Function::BuiltInFunction#61550849/1@098add52
[2025-10-02 17:27:57] (0s)  >>> Created relation Function::BuiltInFunction#61550849/1@098add52 with 5 rows and digest b785f3vpdb698huq07ikaobuc2b.
[2025-10-02 17:27:57] (0s) Starting to evaluate predicate Function::Function.getLocation/0#dispred#1a6e8626/2@b65d007p
[2025-10-02 17:27:57] (0s)  >>> Created relation Function::Function.getLocation/0#dispred#1a6e8626/2@b65d007p with 2529 rows and digest a065c4loglsjg0qttmamjhr9aa4.
[2025-10-02 17:27:57] (0s) Starting to evaluate predicate Element::Element.getFile/0#dispred#536cb5f3/2@51d3d984
[2025-10-02 17:27:57] (0s)  >>> Created relation Element::Element.getFile/0#dispred#536cb5f3/2@51d3d984 with 2529 rows and digest aae1f743bd55c43rukph4tf8832.
[2025-10-02 17:27:57] (0s) Starting to evaluate predicate Function::Function.getName/0#dispred#b6c7beb4/2@0a21e19r
[2025-10-02 17:27:57] (0s)  >>> Created relation Function::Function.getName/0#dispred#b6c7beb4/2@0a21e19r with 2516 rows and digest 33f5645v0jcanopdf8506lujj8f.
[2025-10-02 17:27:57] (0s)  >>> Created relation attributes/5@b08c8cnt with 355 rows and digest 5f890fooobr05uq8o6s3f3biqlb.
[2025-10-02 17:27:57] (0s) Starting to evaluate predicate attributes_20#join_rhs/2@1b8949km
[2025-10-02 17:27:57] (0s)  >>> Created relation attributes_20#join_rhs/2@1b8949km with 355 rows and digest fa3c3dqh9iuij66rqegb5nu7440.
[2025-10-02 17:27:57] (0s)  >>> Created relation funcattributes/2@7fe903tg with 334 rows and digest 749a4f4vr77ged0dv99cuui3217.
[2025-10-02 17:27:57] (0s) Starting to evaluate predicate funcattributes_10#join_rhs/2@487d44ru
[2025-10-02 17:27:57] (0s)  >>> Created relation funcattributes_10#join_rhs/2@487d44ru with 334 rows and digest dd2bd7ojo7l9uii4hjo0uhjnug0.
[2025-10-02 17:27:57] (0s) Starting to evaluate predicate info_function_collector::FunctionInfo.isWeak/0#dispred#63f04490/1@8b5ae6iq
[2025-10-02 17:27:57] (0s)  >>> Created relation info_function_collector::FunctionInfo.isWeak/0#dispred#63f04490/1@8b5ae6iq with 107 rows and digest aa4a05g9c78554h4ncmggf8n3fd.
[2025-10-02 17:27:57] (0s) Starting to evaluate predicate info_function_collector::FunctionInfo.getWeakFlag/0#dispred#ca677ed6/2@878e07mb
[2025-10-02 17:27:57] (0s)  >>> Created relation info_function_collector::FunctionInfo.getWeakFlag/0#dispred#ca677ed6/2@878e07mb with 2516 rows and digest cd0973o7qpqfflpkpieq7bdhiv1.
[2025-10-02 17:27:57] (0s) Starting to evaluate predicate _Element::ElementBase.toString/0#dispred#6e016f86_files#shared/2@6bd6862s
[2025-10-02 17:27:57] (0s)  >>> Created relation _Element::ElementBase.toString/0#dispred#6e016f86_files#shared/2@6bd6862s with 237 rows and digest fc6c5e52pmsajpmpn3n6n3enhqd.
[2025-10-02 17:27:57] (0s) Starting to evaluate predicate _File::Impl::Container.getAbsolutePath/0#dispred#c9ca212d_files#shared/2@a5e2cc6a
[2025-10-02 17:27:57] (0s)  >>> Created relation _File::Impl::Container.getAbsolutePath/0#dispred#c9ca212d_files#shared/2@a5e2cc6a with 237 rows and digest fc6c5e52pmsajpmpn3n6n3enhqd.
[2025-10-02 17:27:57] (0s) Starting to evaluate predicate __Element::ElementBase.toString/0#dispred#6e016f86_files#shared__File::Impl::Container.getAbsolutePa__#antijoin_rhs/1@186782j7
[2025-10-02 17:27:57] (0s)  >>> Created relation __Element::ElementBase.toString/0#dispred#6e016f86_files#shared__File::Impl::Container.getAbsolutePa__#antijoin_rhs/1@186782j7 with 0 rows and digest THIS-RELATION-HAS-NO-TUPLES.
[2025-10-02 17:27:57] (0s) Starting to evaluate predicate DriverLocator::DriverFile#99d465ee/1@00d64du1
[2025-10-02 17:27:57] (0s)  >>> Created relation DriverLocator::DriverFile#99d465ee/1@00d64du1 with 93 rows and digest 3b6650ujf0s4ahr1qnmbbnpiq87.
[2025-10-02 17:27:57] (0s) Starting to evaluate predicate DriverLocator::DriverFunction#54df7cc1/1@ae5778av
[2025-10-02 17:27:57] (0s)  >>> Created relation DriverLocator::DriverFunction#54df7cc1/1@ae5778av with 1340 rows and digest 77e909htiqt2cjribqss5l1itva.
[2025-10-02 17:27:57] (0s) Starting to evaluate predicate info_function_collector::FunctionInfo.getDriverFlag/0#dispred#5cc3deff/2@173c37j7
[2025-10-02 17:27:57] (0s)  >>> Created relation info_function_collector::FunctionInfo.getDriverFlag/0#dispred#5cc3deff/2@173c37j7 with 2516 rows and digest 27c5e7ere0jdoagk3ias2j9cuq2.
[2025-10-02 17:27:57] (0s) Starting to evaluate predicate Location::Location.getStartLine/0#d54f9e6c/2@4b88b03s
[2025-10-02 17:27:57] (0s)  >>> Created relation Location::Location.getStartLine/0#d54f9e6c/2@4b88b03s with 129506 rows and digest db8d8duge9bsor8ssv258njqf64.
[2025-10-02 17:27:57] (0s)  >>> Created relation member/3@70d8ac5v with 2595 rows and digest 3cb800hv5d4vmt9ak269bal0326.
[2025-10-02 17:27:57] (0s) Starting to evaluate predicate Class::Class.getCanonicalMember/1#dispred#e1747079/3@f7502fcc
[2025-10-02 17:27:57] (0s)  >>> Created relation Class::Class.getCanonicalMember/1#dispred#e1747079/3@f7502fcc with 0 rows and digest THIS-RELATION-HAS-NO-TUPLES.
[2025-10-02 17:27:57] (0s) Inferred that project#Class::Class.getCanonicalMember/1#dispred#e1747079/1@8f278cq5 is empty, due to Class::Class.getCanonicalMember/1#dispred#e1747079/3@f7502fcc.
[2025-10-02 17:27:57] (0s) Inferred that Declaration::Declaration.isMember/0#dispred#de845e36/1@30a50bfa is empty, due to project#Class::Class.getCanonicalMember/1#dispred#e1747079/1@8f278cq5.
[2025-10-02 17:27:57] (0s) Inferred that MemberFunction::MemberFunction#8965af43/1@ebe3fc6b is empty, due to Declaration::Declaration.isMember/0#dispred#de845e36/1@30a50bfa.
[2025-10-02 17:27:57] (0s) Inferred that MemberFunction::Destructor#3b34c0ea/1@a096a6e5 is empty, due to MemberFunction::MemberFunction#8965af43/1@ebe3fc6b.
[2025-10-02 17:27:57] (0s) Inferred that MemberFunction::VirtualFunction#d624c075/1@c973c55c is empty, due to MemberFunction::MemberFunction#8965af43/1@ebe3fc6b.
[2025-10-02 17:27:57] (0s) Starting to evaluate predicate _Function::Function.getName/0#dispred#b6c7beb4#antijoin_rhs/1@42caaedi
[2025-10-02 17:27:57] (0s)  >>> Created relation _Function::Function.getName/0#dispred#b6c7beb4#antijoin_rhs/1@42caaedi with 0 rows and digest THIS-RELATION-HAS-NO-TUPLES.
[2025-10-02 17:27:57] (0s) Starting to evaluate predicate #select#query/5@02f152ue
[2025-10-02 17:27:57] (0s)  >>> Created relation #select#query/5@02f152ue with 2555 rows and digest d12fc9v2sv4hi96jv3nmil1gpa0.
[2025-10-02 17:27:57] (0s) Query done
[2025-10-02 17:27:57] (0s) Sequence stamp origin is -5997332233523199789
[2025-10-02 17:27:57] (0s) Pausing evaluation to sync to disk at sequence stamp o+0
[2025-10-02 17:27:57] (0s) Unpausing evaluation
[2025-10-02 17:27:57] Evaluation of /home/haojie/workspace/lcmhalmcp/queries/collectors/common/info_function_collector.ql produced BQRS results.
[2025-10-02 17:27:57] [PROGRESS] execute queries> [1/1 eval 392ms] Evaluation done; writing results to /home/haojie/workspace/lcmhalmcp/tmp/common_info.bqrs.
[2025-10-02 17:27:57] [PROGRESS] execute queries> Shutting down query evaluator.
[2025-10-02 17:27:57] Pausing evaluation to close the cache at sequence stamp o+1
[2025-10-02 17:27:57] The disk cache is freshly trimmed; leave it be.
[2025-10-02 17:27:57] Unpausing evaluation
[2025-10-02 17:27:57] This NaiveBuddyAllocator requested 0 eviction rounds.
[2025-10-02 17:27:57] Exiting with code 0
