[2025-10-02 18:06:55] This is codeql execute queries -J-Xmx12982M --off-heap-ram=16156 --verbosity=progress --logdir=/home/haojie/workspace/DBS/DATABASE_FreeRTOSLwIP_StreamingServer/log --evaluator-log-level=5 --warnings=show --qlconfig-file=/home/haojie/workspace/lcmhalmcp/qlconfig.yml --output=/home/haojie/workspace/lcmhalmcp/tmp/common_info.bqrs -- /home/haojie/workspace/DBS/DATABASE_FreeRTOSLwIP_StreamingServer/db-cpp path:/home/haojie/workspace/lcmhalmcp/queries/collectors/common/info_struct_collector.ql
[2025-10-02 18:06:55] Calling plumbing command: codeql resolve queries --qlconfig-file=/home/haojie/workspace/lcmhalmcp/qlconfig.yml --format=json -- path:/home/haojie/workspace/lcmhalmcp/queries/collectors/common/info_struct_collector.ql
[2025-10-02 18:06:56] [PROGRESS] resolve queries> Recording pack reference getting-started/codeql-extra-queries-cpp at /home/haojie/workspace/lcmhalmcp/queries.
[2025-10-02 18:06:56] Plumbing command codeql resolve queries completed:
                      [
                        "/home/haojie/workspace/lcmhalmcp/queries/collectors/common/info_struct_collector.ql"
                      ]
[2025-10-02 18:06:56] Refusing fancy output: $CODEQL_ISATTY terminal indication is missing
[2025-10-02 18:06:56] Creating executor with 1 threads.
[2025-10-02 18:06:56] Calling plumbing command: codeql resolve extensions --qlconfig-file=/home/haojie/workspace/lcmhalmcp/qlconfig.yml --include-extension-row-locations path:/home/haojie/workspace/lcmhalmcp/queries/collectors/common/info_struct_collector.ql
[2025-10-02 18:06:56] Calling plumbing command: codeql resolve queries --qlconfig-file=/home/haojie/workspace/lcmhalmcp/qlconfig.yml --allow-library-packs --format startingpacks -- path:/home/haojie/workspace/lcmhalmcp/queries/collectors/common/info_struct_collector.ql
[2025-10-02 18:06:56] [PROGRESS] resolve queries> Recording pack reference getting-started/codeql-extra-queries-cpp at /home/haojie/workspace/lcmhalmcp/queries.
[2025-10-02 18:06:56] Plumbing command codeql resolve queries completed:
                      [
                        "/home/haojie/workspace/lcmhalmcp/queries"
                      ]
[2025-10-02 18:06:56] Calling plumbing command: codeql resolve extensions-by-pack --qlconfig-file=/home/haojie/workspace/lcmhalmcp/qlconfig.yml --include-extension-row-locations -- /home/haojie/workspace/lcmhalmcp/queries
[2025-10-02 18:06:56] [SPAMMY] resolve extensions-by-pack> [INCOMPATIBILITY] getting-started/codeql-extra-queries-cpp: not 1.0.0 {root: getting-started/codeql-extra-queries-cpp@1.0.0}
[2025-10-02 18:06:56] [SPAMMY] resolve extensions-by-pack> [DERIVATION] getting-started/codeql-extra-queries-cpp: 1.0.0 {getting-started/codeql-extra-queries-cpp: not 1.0.0 {root: getting-started/codeql-extra-queries-cpp@1.0.0}}
[2025-10-02 18:06:56] [SPAMMY] resolve extensions-by-pack> [INCOMPATIBILITY] getting-started/codeql-extra-queries-cpp: * [*], codeql/cpp-all: not * [*] {dependency: getting-started/codeql-extra-queries-cpp@* [*] requires codeql/cpp-all@^1.4.1}
[2025-10-02 18:06:56] [SPAMMY] resolve extensions-by-pack> [DECISION 1] getting-started/codeql-extra-queries-cpp: 1.0.0
[2025-10-02 18:06:56] [SPAMMY] resolve extensions-by-pack> [DERIVATION] codeql/cpp-all: * [*] {getting-started/codeql-extra-queries-cpp: * [*], codeql/cpp-all: not * [*] {dependency: getting-started/codeql-extra-queries-cpp@* [*] requires codeql/cpp-all@^1.4.1}}
[2025-10-02 18:06:56] [SPAMMY] resolve extensions-by-pack> [INCOMPATIBILITY] codeql/cpp-all: * [*], codeql/dataflow: not * [*] {dependency: codeql/cpp-all@* [*] requires codeql/dataflow@1.1.1}
[2025-10-02 18:06:56] [SPAMMY] resolve extensions-by-pack> [INCOMPATIBILITY] codeql/cpp-all: * [*], codeql/mad: not * [*] {dependency: codeql/cpp-all@* [*] requires codeql/mad@1.0.7}
[2025-10-02 18:06:56] [SPAMMY] resolve extensions-by-pack> [INCOMPATIBILITY] codeql/cpp-all: * [*], codeql/rangeanalysis: not * [*] {dependency: codeql/cpp-all@* [*] requires codeql/rangeanalysis@1.0.7}
[2025-10-02 18:06:56] [SPAMMY] resolve extensions-by-pack> [INCOMPATIBILITY] codeql/cpp-all: * [*], codeql/ssa: not * [*] {dependency: codeql/cpp-all@* [*] requires codeql/ssa@1.0.7}
[2025-10-02 18:06:56] [SPAMMY] resolve extensions-by-pack> [INCOMPATIBILITY] codeql/cpp-all: * [*], codeql/tutorial: not * [*] {dependency: codeql/cpp-all@* [*] requires codeql/tutorial@1.0.7}
[2025-10-02 18:06:56] [SPAMMY] resolve extensions-by-pack> [INCOMPATIBILITY] codeql/cpp-all: * [*], codeql/typeflow: not * [*] {dependency: codeql/cpp-all@* [*] requires codeql/typeflow@1.0.7}
[2025-10-02 18:06:56] [SPAMMY] resolve extensions-by-pack> [INCOMPATIBILITY] codeql/cpp-all: * [*], codeql/util: not * [*] {dependency: codeql/cpp-all@* [*] requires codeql/util@1.0.7}
[2025-10-02 18:06:56] [SPAMMY] resolve extensions-by-pack> [INCOMPATIBILITY] codeql/cpp-all: * [*], codeql/xml: not * [*] {dependency: codeql/cpp-all@* [*] requires codeql/xml@1.0.7}
[2025-10-02 18:06:56] [SPAMMY] resolve extensions-by-pack> [DECISION 2] codeql/cpp-all: 1.4.2
[2025-10-02 18:06:56] [SPAMMY] resolve extensions-by-pack> [DERIVATION] codeql/xml: * [*] {codeql/cpp-all: * [*], codeql/xml: not * [*] {dependency: codeql/cpp-all@* [*] requires codeql/xml@1.0.7}}
[2025-10-02 18:06:56] [SPAMMY] resolve extensions-by-pack> [DERIVATION] codeql/util: * [*] {codeql/cpp-all: * [*], codeql/util: not * [*] {dependency: codeql/cpp-all@* [*] requires codeql/util@1.0.7}}
[2025-10-02 18:06:56] [SPAMMY] resolve extensions-by-pack> [DERIVATION] codeql/typeflow: * [*] {codeql/cpp-all: * [*], codeql/typeflow: not * [*] {dependency: codeql/cpp-all@* [*] requires codeql/typeflow@1.0.7}}
[2025-10-02 18:06:56] [SPAMMY] resolve extensions-by-pack> [DERIVATION] codeql/tutorial: * [*] {codeql/cpp-all: * [*], codeql/tutorial: not * [*] {dependency: codeql/cpp-all@* [*] requires codeql/tutorial@1.0.7}}
[2025-10-02 18:06:56] [SPAMMY] resolve extensions-by-pack> [DERIVATION] codeql/ssa: * [*] {codeql/cpp-all: * [*], codeql/ssa: not * [*] {dependency: codeql/cpp-all@* [*] requires codeql/ssa@1.0.7}}
[2025-10-02 18:06:56] [SPAMMY] resolve extensions-by-pack> [DERIVATION] codeql/rangeanalysis: * [*] {codeql/cpp-all: * [*], codeql/rangeanalysis: not * [*] {dependency: codeql/cpp-all@* [*] requires codeql/rangeanalysis@1.0.7}}
[2025-10-02 18:06:56] [SPAMMY] resolve extensions-by-pack> [DERIVATION] codeql/mad: * [*] {codeql/cpp-all: * [*], codeql/mad: not * [*] {dependency: codeql/cpp-all@* [*] requires codeql/mad@1.0.7}}
[2025-10-02 18:06:56] [SPAMMY] resolve extensions-by-pack> [DERIVATION] codeql/dataflow: * [*] {codeql/cpp-all: * [*], codeql/dataflow: not * [*] {dependency: codeql/cpp-all@* [*] requires codeql/dataflow@1.1.1}}
[2025-10-02 18:06:56] [SPAMMY] resolve extensions-by-pack> [INCOMPATIBILITY] codeql/dataflow: * [*], codeql/ssa: not * [*] {dependency: codeql/dataflow@* [*] requires codeql/ssa@1.0.7}
[2025-10-02 18:06:56] [SPAMMY] resolve extensions-by-pack> [INCOMPATIBILITY] codeql/dataflow: * [*], codeql/typetracking: not * [*] {dependency: codeql/dataflow@* [*] requires codeql/typetracking@1.0.7}
[2025-10-02 18:06:56] [SPAMMY] resolve extensions-by-pack> [INCOMPATIBILITY] codeql/dataflow: * [*], codeql/util: not * [*] {dependency: codeql/dataflow@* [*] requires codeql/util@1.0.7}
[2025-10-02 18:06:56] [SPAMMY] resolve extensions-by-pack> [DECISION 3] codeql/dataflow: 1.1.1
[2025-10-02 18:06:56] [SPAMMY] resolve extensions-by-pack> [DERIVATION] codeql/typetracking: * [*] {codeql/dataflow: * [*], codeql/typetracking: not * [*] {dependency: codeql/dataflow@* [*] requires codeql/typetracking@1.0.7}}
[2025-10-02 18:06:56] [SPAMMY] resolve extensions-by-pack> [INCOMPATIBILITY] codeql/mad: * [*], codeql/util: not * [*] {dependency: codeql/mad@* [*] requires codeql/util@1.0.7}
[2025-10-02 18:06:56] [SPAMMY] resolve extensions-by-pack> [DECISION 4] codeql/mad: 1.0.7
[2025-10-02 18:06:56] [SPAMMY] resolve extensions-by-pack> [INCOMPATIBILITY] codeql/rangeanalysis: * [*], codeql/util: not * [*] {dependency: codeql/rangeanalysis@* [*] requires codeql/util@1.0.7}
[2025-10-02 18:06:56] [SPAMMY] resolve extensions-by-pack> [DECISION 5] codeql/rangeanalysis: 1.0.7
[2025-10-02 18:06:56] [SPAMMY] resolve extensions-by-pack> [INCOMPATIBILITY] codeql/ssa: * [*], codeql/util: not * [*] {dependency: codeql/ssa@* [*] requires codeql/util@1.0.7}
[2025-10-02 18:06:56] [SPAMMY] resolve extensions-by-pack> [DECISION 6] codeql/ssa: 1.0.7
[2025-10-02 18:06:56] [SPAMMY] resolve extensions-by-pack> [DECISION 7] codeql/tutorial: 1.0.7
[2025-10-02 18:06:56] [SPAMMY] resolve extensions-by-pack> [INCOMPATIBILITY] codeql/typeflow: * [*], codeql/util: not * [*] {dependency: codeql/typeflow@* [*] requires codeql/util@1.0.7}
[2025-10-02 18:06:56] [SPAMMY] resolve extensions-by-pack> [DECISION 8] codeql/typeflow: 1.0.7
[2025-10-02 18:06:56] [SPAMMY] resolve extensions-by-pack> [INCOMPATIBILITY] codeql/typetracking: * [*], codeql/util: not * [*] {dependency: codeql/typetracking@* [*] requires codeql/util@1.0.7}
[2025-10-02 18:06:56] [SPAMMY] resolve extensions-by-pack> [DECISION 9] codeql/typetracking: 1.0.7
[2025-10-02 18:06:56] [SPAMMY] resolve extensions-by-pack> [DECISION 10] codeql/util: 1.0.7
[2025-10-02 18:06:56] [SPAMMY] resolve extensions-by-pack> [INCOMPATIBILITY] codeql/xml: * [*], codeql/util: not * [*] {dependency: codeql/xml@* [*] requires codeql/util@1.0.7}
[2025-10-02 18:06:56] [SPAMMY] resolve extensions-by-pack> [DECISION 11] codeql/xml: 1.0.7
[2025-10-02 18:06:56] [PROGRESS] resolve extensions-by-pack> Loading data extensions in /home/haojie/test/codeql/qlpacks/codeql/cpp-all/1.4.2/ext/Boost.Asio.model.yml.
[2025-10-02 18:06:56] [DETAILS] resolve extensions-by-pack>   Found extension targeting codeql/cpp-all:sourceModel: 6 tuples.
[2025-10-02 18:06:56] [DETAILS] resolve extensions-by-pack>   Found extension targeting codeql/cpp-all:sinkModel: 4 tuples.
[2025-10-02 18:06:56] [DETAILS] resolve extensions-by-pack>   Found extension targeting codeql/cpp-all:summaryModel: 1 tuples.
[2025-10-02 18:06:56] [PROGRESS] resolve extensions-by-pack> Loading data extensions in /home/haojie/test/codeql/qlpacks/codeql/cpp-all/1.4.2/ext/allocation/Bsd.allocation.model.yml.
[2025-10-02 18:06:56] [DETAILS] resolve extensions-by-pack>   Found extension targeting codeql/cpp-all:allocationFunctionModel: 2 tuples.
[2025-10-02 18:06:56] [PROGRESS] resolve extensions-by-pack> Loading data extensions in /home/haojie/test/codeql/qlpacks/codeql/cpp-all/1.4.2/ext/allocation/Glibc.allocation.model.yml.
[2025-10-02 18:06:56] [DETAILS] resolve extensions-by-pack>   Found extension targeting codeql/cpp-all:allocationFunctionModel: 2 tuples.
[2025-10-02 18:06:56] [PROGRESS] resolve extensions-by-pack> Loading data extensions in /home/haojie/test/codeql/qlpacks/codeql/cpp-all/1.4.2/ext/allocation/OpenSSL.allocation.model.yml.
[2025-10-02 18:06:56] [DETAILS] resolve extensions-by-pack>   Found extension targeting codeql/cpp-all:allocationFunctionModel: 4 tuples.
[2025-10-02 18:06:56] [PROGRESS] resolve extensions-by-pack> Loading data extensions in /home/haojie/test/codeql/qlpacks/codeql/cpp-all/1.4.2/ext/allocation/Std.allocation.model.yml.
[2025-10-02 18:06:56] [DETAILS] resolve extensions-by-pack>   Found extension targeting codeql/cpp-all:allocationFunctionModel: 10 tuples.
[2025-10-02 18:06:56] [PROGRESS] resolve extensions-by-pack> Loading data extensions in /home/haojie/test/codeql/qlpacks/codeql/cpp-all/1.4.2/ext/allocation/Windows.allocation.model.yml.
[2025-10-02 18:06:56] [DETAILS] resolve extensions-by-pack>   Found extension targeting codeql/cpp-all:allocationFunctionModel: 24 tuples.
[2025-10-02 18:06:56] [PROGRESS] resolve extensions-by-pack> Loading data extensions in /home/haojie/test/codeql/qlpacks/codeql/cpp-all/1.4.2/ext/allocation/empty.allocation.model.yml.
[2025-10-02 18:06:56] [DETAILS] resolve extensions-by-pack>   Found extension targeting codeql/cpp-all:allocationFunctionModel: 0 tuples.
[2025-10-02 18:06:56] [PROGRESS] resolve extensions-by-pack> Loading data extensions in /home/haojie/test/codeql/qlpacks/codeql/cpp-all/1.4.2/ext/bsl.array.model.yml.
[2025-10-02 18:06:56] [DETAILS] resolve extensions-by-pack>   Found extension targeting codeql/cpp-all:summaryModel: 9 tuples.
[2025-10-02 18:06:56] [PROGRESS] resolve extensions-by-pack> Loading data extensions in /home/haojie/test/codeql/qlpacks/codeql/cpp-all/1.4.2/ext/bsl.deque.model.yml.
[2025-10-02 18:06:56] [DETAILS] resolve extensions-by-pack>   Found extension targeting codeql/cpp-all:summaryModel: 68 tuples.
[2025-10-02 18:06:56] [PROGRESS] resolve extensions-by-pack> Loading data extensions in /home/haojie/test/codeql/qlpacks/codeql/cpp-all/1.4.2/ext/bsl.forward_list.model.yml.
[2025-10-02 18:06:56] [DETAILS] resolve extensions-by-pack>   Found extension targeting codeql/cpp-all:summaryModel: 51 tuples.
[2025-10-02 18:06:56] [PROGRESS] resolve extensions-by-pack> Loading data extensions in /home/haojie/test/codeql/qlpacks/codeql/cpp-all/1.4.2/ext/bsl.list.model.yml.
[2025-10-02 18:06:56] [DETAILS] resolve extensions-by-pack>   Found extension targeting codeql/cpp-all:summaryModel: 66 tuples.
[2025-10-02 18:06:56] [PROGRESS] resolve extensions-by-pack> Loading data extensions in /home/haojie/test/codeql/qlpacks/codeql/cpp-all/1.4.2/ext/bsl.vector.model.yml.
[2025-10-02 18:06:56] [DETAILS] resolve extensions-by-pack>   Found extension targeting codeql/cpp-all:summaryModel: 55 tuples.
[2025-10-02 18:06:56] [PROGRESS] resolve extensions-by-pack> Loading data extensions in /home/haojie/test/codeql/qlpacks/codeql/cpp-all/1.4.2/ext/deallocation/Bsd.deallocation.model.yml.
[2025-10-02 18:06:56] [DETAILS] resolve extensions-by-pack>   Found extension targeting codeql/cpp-all:deallocationFunctionModel: 3 tuples.
[2025-10-02 18:06:56] [PROGRESS] resolve extensions-by-pack> Loading data extensions in /home/haojie/test/codeql/qlpacks/codeql/cpp-all/1.4.2/ext/deallocation/Std.deallocation.model.yml.
[2025-10-02 18:06:56] [DETAILS] resolve extensions-by-pack>   Found extension targeting codeql/cpp-all:deallocationFunctionModel: 37 tuples.
[2025-10-02 18:06:56] [PROGRESS] resolve extensions-by-pack> Loading data extensions in /home/haojie/test/codeql/qlpacks/codeql/cpp-all/1.4.2/ext/deallocation/Windows.deallocation.model.yml.
[2025-10-02 18:06:56] [DETAILS] resolve extensions-by-pack>   Found extension targeting codeql/cpp-all:deallocationFunctionModel: 36 tuples.
[2025-10-02 18:06:56] [PROGRESS] resolve extensions-by-pack> Loading data extensions in /home/haojie/test/codeql/qlpacks/codeql/cpp-all/1.4.2/ext/deallocation/empty.deallocation.model.yml.
[2025-10-02 18:06:56] [DETAILS] resolve extensions-by-pack>   Found extension targeting codeql/cpp-all:deallocationFunctionModel: 0 tuples.
[2025-10-02 18:06:56] [PROGRESS] resolve extensions-by-pack> Loading data extensions in /home/haojie/test/codeql/qlpacks/codeql/cpp-all/1.4.2/ext/empty.model.yml.
[2025-10-02 18:06:56] [DETAILS] resolve extensions-by-pack>   Found extension targeting codeql/cpp-all:sourceModel: 0 tuples.
[2025-10-02 18:06:56] [DETAILS] resolve extensions-by-pack>   Found extension targeting codeql/cpp-all:sinkModel: 0 tuples.
[2025-10-02 18:06:56] [DETAILS] resolve extensions-by-pack>   Found extension targeting codeql/cpp-all:summaryModel: 0 tuples.
[2025-10-02 18:06:56] [PROGRESS] resolve extensions-by-pack> Loading data extensions in /home/haojie/test/codeql/qlpacks/codeql/cpp-all/1.4.2/ext/std.array.model.yml.
[2025-10-02 18:06:56] [DETAILS] resolve extensions-by-pack>   Found extension targeting codeql/cpp-all:summaryModel: 9 tuples.
[2025-10-02 18:06:56] [PROGRESS] resolve extensions-by-pack> Loading data extensions in /home/haojie/test/codeql/qlpacks/codeql/cpp-all/1.4.2/ext/std.deque.model.yml.
[2025-10-02 18:06:56] [DETAILS] resolve extensions-by-pack>   Found extension targeting codeql/cpp-all:summaryModel: 68 tuples.
[2025-10-02 18:06:56] [PROGRESS] resolve extensions-by-pack> Loading data extensions in /home/haojie/test/codeql/qlpacks/codeql/cpp-all/1.4.2/ext/std.format.model.yml.
[2025-10-02 18:06:56] [DETAILS] resolve extensions-by-pack>   Found extension targeting codeql/cpp-all:summaryModel: 9 tuples.
[2025-10-02 18:06:56] [PROGRESS] resolve extensions-by-pack> Loading data extensions in /home/haojie/test/codeql/qlpacks/codeql/cpp-all/1.4.2/ext/std.forward_list.model.yml.
[2025-10-02 18:06:56] [DETAILS] resolve extensions-by-pack>   Found extension targeting codeql/cpp-all:summaryModel: 51 tuples.
[2025-10-02 18:06:56] [PROGRESS] resolve extensions-by-pack> Loading data extensions in /home/haojie/test/codeql/qlpacks/codeql/cpp-all/1.4.2/ext/std.iterator.model.yml.
[2025-10-02 18:06:56] [DETAILS] resolve extensions-by-pack>   Found extension targeting codeql/cpp-all:summaryModel: 6 tuples.
[2025-10-02 18:06:56] [PROGRESS] resolve extensions-by-pack> Loading data extensions in /home/haojie/test/codeql/qlpacks/codeql/cpp-all/1.4.2/ext/std.list.model.yml.
[2025-10-02 18:06:56] [DETAILS] resolve extensions-by-pack>   Found extension targeting codeql/cpp-all:summaryModel: 66 tuples.
[2025-10-02 18:06:56] [PROGRESS] resolve extensions-by-pack> Loading data extensions in /home/haojie/test/codeql/qlpacks/codeql/cpp-all/1.4.2/ext/std.vector.model.yml.
[2025-10-02 18:06:56] [DETAILS] resolve extensions-by-pack>   Found extension targeting codeql/cpp-all:summaryModel: 55 tuples.
[2025-10-02 18:06:56] Plumbing command codeql resolve extensions-by-pack completed:
                      {
                        "models" : [ ],
                        "data" : {
                          "/home/haojie/workspace/lcmhalmcp/queries" : [
                            {
                              "predicate" : "sourceModel",
                              "file" : "/home/haojie/test/codeql/qlpacks/codeql/cpp-all/1.4.2/ext/Boost.Asio.model.yml",
                              "index" : 0,
                              "firstRowId" : 0,
                              "rowCount" : 6,
                              "predicateHasOrigin" : true,
                              "locations" : {
                                "lineNumbers" : "A=7+1*5",
                                "columnNumbers" : "A=9*6"
                              }
                            },
                            {
                              "predicate" : "sinkModel",
                              "file" : "/home/haojie/test/codeql/qlpacks/codeql/cpp-all/1.4.2/ext/Boost.Asio.model.yml",
                              "index" : 1,
                              "firstRowId" : 6,
                              "rowCount" : 4,
                              "predicateHasOrigin" : true,
                              "locations" : {
                                "lineNumbers" : "A=17+1*3",
                                "columnNumbers" : "A=9*4"
                              }
                            },
                            {
                              "predicate" : "summaryModel",
                              "file" : "/home/haojie/test/codeql/qlpacks/codeql/cpp-all/1.4.2/ext/Boost.Asio.model.yml",
                              "index" : 2,
                              "firstRowId" : 10,
                              "rowCount" : 1,
                              "predicateHasOrigin" : true,
                              "locations" : {
                                "lineNumbers" : "A=25",
                                "columnNumbers" : "A=9"
                              }
                            },
                            {
                              "predicate" : "allocationFunctionModel",
                              "file" : "/home/haojie/test/codeql/qlpacks/codeql/cpp-all/1.4.2/ext/allocation/Bsd.allocation.model.yml",
                              "index" : 0,
                              "firstRowId" : 11,
                              "rowCount" : 2,
                              "predicateHasOrigin" : false,
                              "locations" : {
                                "lineNumbers" : "A=6+1",
                                "columnNumbers" : "A=9*2"
                              }
                            },
                            {
                              "predicate" : "allocationFunctionModel",
                              "file" : "/home/haojie/test/codeql/qlpacks/codeql/cpp-all/1.4.2/ext/allocation/Glibc.allocation.model.yml",
                              "index" : 0,
                              "firstRowId" : 13,
                              "rowCount" : 2,
                              "predicateHasOrigin" : false,
                              "locations" : {
                                "lineNumbers" : "A=6+1",
                                "columnNumbers" : "A=9*2"
                              }
                            },
                            {
                              "predicate" : "allocationFunctionModel",
                              "file" : "/home/haojie/test/codeql/qlpacks/codeql/cpp-all/1.4.2/ext/allocation/OpenSSL.allocation.model.yml",
                              "index" : 0,
                              "firstRowId" : 15,
                              "rowCount" : 4,
                              "predicateHasOrigin" : false,
                              "locations" : {
                                "lineNumbers" : "A=6+1*3",
                                "columnNumbers" : "A=9*4"
                              }
                            },
                            {
                              "predicate" : "allocationFunctionModel",
                              "file" : "/home/haojie/test/codeql/qlpacks/codeql/cpp-all/1.4.2/ext/allocation/Std.allocation.model.yml",
                              "index" : 0,
                              "firstRowId" : 19,
                              "rowCount" : 10,
                              "predicateHasOrigin" : false,
                              "locations" : {
                                "lineNumbers" : "A=6+1*9",
                                "columnNumbers" : "A=9*10"
                              }
                            },
                            {
                              "predicate" : "allocationFunctionModel",
                              "file" : "/home/haojie/test/codeql/qlpacks/codeql/cpp-all/1.4.2/ext/allocation/Windows.allocation.model.yml",
                              "index" : 0,
                              "firstRowId" : 29,
                              "rowCount" : 24,
                              "predicateHasOrigin" : false,
                              "locations" : {
                                "lineNumbers" : "A=6+1*23",
                                "columnNumbers" : "A=9*24"
                              }
                            },
                            {
                              "predicate" : "allocationFunctionModel",
                              "file" : "/home/haojie/test/codeql/qlpacks/codeql/cpp-all/1.4.2/ext/allocation/empty.allocation.model.yml",
                              "index" : 0,
                              "firstRowId" : 53,
                              "rowCount" : 0,
                              "predicateHasOrigin" : false,
                              "locations" : {
                                "lineNumbers" : "A",
                                "columnNumbers" : "A"
                              }
                            },
                            {
                              "predicate" : "summaryModel",
                              "file" : "/home/haojie/test/codeql/qlpacks/codeql/cpp-all/1.4.2/ext/bsl.array.model.yml",
                              "index" : 0,
                              "firstRowId" : 53,
                              "rowCount" : 9,
                              "predicateHasOrigin" : true,
                              "locations" : {
                                "lineNumbers" : "A=6+1*8",
                                "columnNumbers" : "A=9*9"
                              }
                            },
                            {
                              "predicate" : "summaryModel",
                              "file" : "/home/haojie/test/codeql/qlpacks/codeql/cpp-all/1.4.2/ext/bsl.deque.model.yml",
                              "index" : 0,
                              "firstRowId" : 62,
                              "rowCount" : 68,
                              "predicateHasOrigin" : true,
                              "locations" : {
                                "lineNumbers" : "A=6+1*67",
                                "columnNumbers" : "A=9*68"
                              }
                            },
                            {
                              "predicate" : "summaryModel",
                              "file" : "/home/haojie/test/codeql/qlpacks/codeql/cpp-all/1.4.2/ext/bsl.forward_list.model.yml",
                              "index" : 0,
                              "firstRowId" : 130,
                              "rowCount" : 51,
                              "predicateHasOrigin" : true,
                              "locations" : {
                                "lineNumbers" : "A=6+1*50",
                                "columnNumbers" : "A=9*51"
                              }
                            },
                            {
                              "predicate" : "summaryModel",
                              "file" : "/home/haojie/test/codeql/qlpacks/codeql/cpp-all/1.4.2/ext/bsl.list.model.yml",
                              "index" : 0,
                              "firstRowId" : 181,
                              "rowCount" : 66,
                              "predicateHasOrigin" : true,
                              "locations" : {
                                "lineNumbers" : "A=6+1*65",
                                "columnNumbers" : "A=9*66"
                              }
                            },
                            {
                              "predicate" : "summaryModel",
                              "file" : "/home/haojie/test/codeql/qlpacks/codeql/cpp-all/1.4.2/ext/bsl.vector.model.yml",
                              "index" : 0,
                              "firstRowId" : 247,
                              "rowCount" : 55,
                              "predicateHasOrigin" : true,
                              "locations" : {
                                "lineNumbers" : "A=6+1*54",
                                "columnNumbers" : "A=9*55"
                              }
                            },
                            {
                              "predicate" : "deallocationFunctionModel",
                              "file" : "/home/haojie/test/codeql/qlpacks/codeql/cpp-all/1.4.2/ext/deallocation/Bsd.deallocation.model.yml",
                              "index" : 0,
                              "firstRowId" : 302,
                              "rowCount" : 3,
                              "predicateHasOrigin" : false,
                              "locations" : {
                                "lineNumbers" : "A=6+1*2",
                                "columnNumbers" : "A=9*3"
                              }
                            },
                            {
                              "predicate" : "deallocationFunctionModel",
                              "file" : "/home/haojie/test/codeql/qlpacks/codeql/cpp-all/1.4.2/ext/deallocation/Std.deallocation.model.yml",
                              "index" : 0,
                              "firstRowId" : 305,
                              "rowCount" : 37,
                              "predicateHasOrigin" : false,
                              "locations" : {
                                "lineNumbers" : "A=6+1*36",
                                "columnNumbers" : "A=9*37"
                              }
                            },
                            {
                              "predicate" : "deallocationFunctionModel",
                              "file" : "/home/haojie/test/codeql/qlpacks/codeql/cpp-all/1.4.2/ext/deallocation/Windows.deallocation.model.yml",
                              "index" : 0,
                              "firstRowId" : 342,
                              "rowCount" : 36,
                              "predicateHasOrigin" : false,
                              "locations" : {
                                "lineNumbers" : "A=6+1*35",
                                "columnNumbers" : "A=9*36"
                              }
                            },
                            {
                              "predicate" : "deallocationFunctionModel",
                              "file" : "/home/haojie/test/codeql/qlpacks/codeql/cpp-all/1.4.2/ext/deallocation/empty.deallocation.model.yml",
                              "index" : 0,
                              "firstRowId" : 378,
                              "rowCount" : 0,
                              "predicateHasOrigin" : false,
                              "locations" : {
                                "lineNumbers" : "A",
                                "columnNumbers" : "A"
                              }
                            },
                            {
                              "predicate" : "sourceModel",
                              "file" : "/home/haojie/test/codeql/qlpacks/codeql/cpp-all/1.4.2/ext/empty.model.yml",
                              "index" : 0,
                              "firstRowId" : 378,
                              "rowCount" : 0,
                              "predicateHasOrigin" : true,
                              "locations" : {
                                "lineNumbers" : "A",
                                "columnNumbers" : "A"
                              }
                            },
                            {
                              "predicate" : "sinkModel",
                              "file" : "/home/haojie/test/codeql/qlpacks/codeql/cpp-all/1.4.2/ext/empty.model.yml",
                              "index" : 1,
                              "firstRowId" : 378,
                              "rowCount" : 0,
                              "predicateHasOrigin" : true,
                              "locations" : {
                                "lineNumbers" : "A",
                                "columnNumbers" : "A"
                              }
                            },
                            {
                              "predicate" : "summaryModel",
                              "file" : "/home/haojie/test/codeql/qlpacks/codeql/cpp-all/1.4.2/ext/empty.model.yml",
                              "index" : 2,
                              "firstRowId" : 378,
                              "rowCount" : 0,
                              "predicateHasOrigin" : true,
                              "locations" : {
                                "lineNumbers" : "A",
                                "columnNumbers" : "A"
                              }
                            },
                            {
                              "predicate" : "summaryModel",
                              "file" : "/home/haojie/test/codeql/qlpacks/codeql/cpp-all/1.4.2/ext/std.array.model.yml",
                              "index" : 0,
                              "firstRowId" : 378,
                              "rowCount" : 9,
                              "predicateHasOrigin" : true,
                              "locations" : {
                                "lineNumbers" : "A=6+1*8",
                                "columnNumbers" : "A=9*9"
                              }
                            },
                            {
                              "predicate" : "summaryModel",
                              "file" : "/home/haojie/test/codeql/qlpacks/codeql/cpp-all/1.4.2/ext/std.deque.model.yml",
                              "index" : 0,
                              "firstRowId" : 387,
                              "rowCount" : 68,
                              "predicateHasOrigin" : true,
                              "locations" : {
                                "lineNumbers" : "A=6+1*67",
                                "columnNumbers" : "A=9*68"
                              }
                            },
                            {
                              "predicate" : "summaryModel",
                              "file" : "/home/haojie/test/codeql/qlpacks/codeql/cpp-all/1.4.2/ext/std.format.model.yml",
                              "index" : 0,
                              "firstRowId" : 455,
                              "rowCount" : 9,
                              "predicateHasOrigin" : true,
                              "locations" : {
                                "lineNumbers" : "A=6+1*8",
                                "columnNumbers" : "A=9*9"
                              }
                            },
                            {
                              "predicate" : "summaryModel",
                              "file" : "/home/haojie/test/codeql/qlpacks/codeql/cpp-all/1.4.2/ext/std.forward_list.model.yml",
                              "index" : 0,
                              "firstRowId" : 464,
                              "rowCount" : 51,
                              "predicateHasOrigin" : true,
                              "locations" : {
                                "lineNumbers" : "A=6+1*50",
                                "columnNumbers" : "A=9*51"
                              }
                            },
                            {
                              "predicate" : "summaryModel",
                              "file" : "/home/haojie/test/codeql/qlpacks/codeql/cpp-all/1.4.2/ext/std.iterator.model.yml",
                              "index" : 0,
                              "firstRowId" : 515,
                              "rowCount" : 6,
                              "predicateHasOrigin" : true,
                              "locations" : {
                                "lineNumbers" : "A=6+1*5",
                                "columnNumbers" : "A=9*6"
                              }
                            },
                            {
                              "predicate" : "summaryModel",
                              "file" : "/home/haojie/test/codeql/qlpacks/codeql/cpp-all/1.4.2/ext/std.list.model.yml",
                              "index" : 0,
                              "firstRowId" : 521,
                              "rowCount" : 66,
                              "predicateHasOrigin" : true,
                              "locations" : {
                                "lineNumbers" : "A=6+1*65",
                                "columnNumbers" : "A=9*66"
                              }
                            },
                            {
                              "predicate" : "summaryModel",
                              "file" : "/home/haojie/test/codeql/qlpacks/codeql/cpp-all/1.4.2/ext/std.vector.model.yml",
                              "index" : 0,
                              "firstRowId" : 587,
                              "rowCount" : 55,
                              "predicateHasOrigin" : true,
                              "locations" : {
                                "lineNumbers" : "A=6+1*54",
                                "columnNumbers" : "A=9*55"
                              }
                            }
                          ]
                        },
                        "threatModels" : { },
                        "extensionPacks" : [ ]
                      }
[2025-10-02 18:06:56] Plumbing command codeql resolve extensions completed:
                      {
                        "models" : [ ],
                        "data" : {
                          "/home/haojie/workspace/lcmhalmcp/queries" : [
                            {
                              "predicate" : "sourceModel",
                              "file" : "/home/haojie/test/codeql/qlpacks/codeql/cpp-all/1.4.2/ext/Boost.Asio.model.yml",
                              "index" : 0,
                              "firstRowId" : 0,
                              "rowCount" : 6,
                              "predicateHasOrigin" : true,
                              "locations" : {
                                "lineNumbers" : "A=7+1*5",
                                "columnNumbers" : "A=9*6"
                              }
                            },
                            {
                              "predicate" : "sinkModel",
                              "file" : "/home/haojie/test/codeql/qlpacks/codeql/cpp-all/1.4.2/ext/Boost.Asio.model.yml",
                              "index" : 1,
                              "firstRowId" : 6,
                              "rowCount" : 4,
                              "predicateHasOrigin" : true,
                              "locations" : {
                                "lineNumbers" : "A=17+1*3",
                                "columnNumbers" : "A=9*4"
                              }
                            },
                            {
                              "predicate" : "summaryModel",
                              "file" : "/home/haojie/test/codeql/qlpacks/codeql/cpp-all/1.4.2/ext/Boost.Asio.model.yml",
                              "index" : 2,
                              "firstRowId" : 10,
                              "rowCount" : 1,
                              "predicateHasOrigin" : true,
                              "locations" : {
                                "lineNumbers" : "A=25",
                                "columnNumbers" : "A=9"
                              }
                            },
                            {
                              "predicate" : "allocationFunctionModel",
                              "file" : "/home/haojie/test/codeql/qlpacks/codeql/cpp-all/1.4.2/ext/allocation/Bsd.allocation.model.yml",
                              "index" : 0,
                              "firstRowId" : 11,
                              "rowCount" : 2,
                              "predicateHasOrigin" : false,
                              "locations" : {
                                "lineNumbers" : "A=6+1",
                                "columnNumbers" : "A=9*2"
                              }
                            },
                            {
                              "predicate" : "allocationFunctionModel",
                              "file" : "/home/haojie/test/codeql/qlpacks/codeql/cpp-all/1.4.2/ext/allocation/Glibc.allocation.model.yml",
                              "index" : 0,
                              "firstRowId" : 13,
                              "rowCount" : 2,
                              "predicateHasOrigin" : false,
                              "locations" : {
                                "lineNumbers" : "A=6+1",
                                "columnNumbers" : "A=9*2"
                              }
                            },
                            {
                              "predicate" : "allocationFunctionModel",
                              "file" : "/home/haojie/test/codeql/qlpacks/codeql/cpp-all/1.4.2/ext/allocation/OpenSSL.allocation.model.yml",
                              "index" : 0,
                              "firstRowId" : 15,
                              "rowCount" : 4,
                              "predicateHasOrigin" : false,
                              "locations" : {
                                "lineNumbers" : "A=6+1*3",
                                "columnNumbers" : "A=9*4"
                              }
                            },
                            {
                              "predicate" : "allocationFunctionModel",
                              "file" : "/home/haojie/test/codeql/qlpacks/codeql/cpp-all/1.4.2/ext/allocation/Std.allocation.model.yml",
                              "index" : 0,
                              "firstRowId" : 19,
                              "rowCount" : 10,
                              "predicateHasOrigin" : false,
                              "locations" : {
                                "lineNumbers" : "A=6+1*9",
                                "columnNumbers" : "A=9*10"
                              }
                            },
                            {
                              "predicate" : "allocationFunctionModel",
                              "file" : "/home/haojie/test/codeql/qlpacks/codeql/cpp-all/1.4.2/ext/allocation/Windows.allocation.model.yml",
                              "index" : 0,
                              "firstRowId" : 29,
                              "rowCount" : 24,
                              "predicateHasOrigin" : false,
                              "locations" : {
                                "lineNumbers" : "A=6+1*23",
                                "columnNumbers" : "A=9*24"
                              }
                            },
                            {
                              "predicate" : "allocationFunctionModel",
                              "file" : "/home/haojie/test/codeql/qlpacks/codeql/cpp-all/1.4.2/ext/allocation/empty.allocation.model.yml",
                              "index" : 0,
                              "firstRowId" : 53,
                              "rowCount" : 0,
                              "predicateHasOrigin" : false,
                              "locations" : {
                                "lineNumbers" : "A",
                                "columnNumbers" : "A"
                              }
                            },
                            {
                              "predicate" : "summaryModel",
                              "file" : "/home/haojie/test/codeql/qlpacks/codeql/cpp-all/1.4.2/ext/bsl.array.model.yml",
                              "index" : 0,
                              "firstRowId" : 53,
                              "rowCount" : 9,
                              "predicateHasOrigin" : true,
                              "locations" : {
                                "lineNumbers" : "A=6+1*8",
                                "columnNumbers" : "A=9*9"
                              }
                            },
                            {
                              "predicate" : "summaryModel",
                              "file" : "/home/haojie/test/codeql/qlpacks/codeql/cpp-all/1.4.2/ext/bsl.deque.model.yml",
                              "index" : 0,
                              "firstRowId" : 62,
                              "rowCount" : 68,
                              "predicateHasOrigin" : true,
                              "locations" : {
                                "lineNumbers" : "A=6+1*67",
                                "columnNumbers" : "A=9*68"
                              }
                            },
                            {
                              "predicate" : "summaryModel",
                              "file" : "/home/haojie/test/codeql/qlpacks/codeql/cpp-all/1.4.2/ext/bsl.forward_list.model.yml",
                              "index" : 0,
                              "firstRowId" : 130,
                              "rowCount" : 51,
                              "predicateHasOrigin" : true,
                              "locations" : {
                                "lineNumbers" : "A=6+1*50",
                                "columnNumbers" : "A=9*51"
                              }
                            },
                            {
                              "predicate" : "summaryModel",
                              "file" : "/home/haojie/test/codeql/qlpacks/codeql/cpp-all/1.4.2/ext/bsl.list.model.yml",
                              "index" : 0,
                              "firstRowId" : 181,
                              "rowCount" : 66,
                              "predicateHasOrigin" : true,
                              "locations" : {
                                "lineNumbers" : "A=6+1*65",
                                "columnNumbers" : "A=9*66"
                              }
                            },
                            {
                              "predicate" : "summaryModel",
                              "file" : "/home/haojie/test/codeql/qlpacks/codeql/cpp-all/1.4.2/ext/bsl.vector.model.yml",
                              "index" : 0,
                              "firstRowId" : 247,
                              "rowCount" : 55,
                              "predicateHasOrigin" : true,
                              "locations" : {
                                "lineNumbers" : "A=6+1*54",
                                "columnNumbers" : "A=9*55"
                              }
                            },
                            {
                              "predicate" : "deallocationFunctionModel",
                              "file" : "/home/haojie/test/codeql/qlpacks/codeql/cpp-all/1.4.2/ext/deallocation/Bsd.deallocation.model.yml",
                              "index" : 0,
                              "firstRowId" : 302,
                              "rowCount" : 3,
                              "predicateHasOrigin" : false,
                              "locations" : {
                                "lineNumbers" : "A=6+1*2",
                                "columnNumbers" : "A=9*3"
                              }
                            },
                            {
                              "predicate" : "deallocationFunctionModel",
                              "file" : "/home/haojie/test/codeql/qlpacks/codeql/cpp-all/1.4.2/ext/deallocation/Std.deallocation.model.yml",
                              "index" : 0,
                              "firstRowId" : 305,
                              "rowCount" : 37,
                              "predicateHasOrigin" : false,
                              "locations" : {
                                "lineNumbers" : "A=6+1*36",
                                "columnNumbers" : "A=9*37"
                              }
                            },
                            {
                              "predicate" : "deallocationFunctionModel",
                              "file" : "/home/haojie/test/codeql/qlpacks/codeql/cpp-all/1.4.2/ext/deallocation/Windows.deallocation.model.yml",
                              "index" : 0,
                              "firstRowId" : 342,
                              "rowCount" : 36,
                              "predicateHasOrigin" : false,
                              "locations" : {
                                "lineNumbers" : "A=6+1*35",
                                "columnNumbers" : "A=9*36"
                              }
                            },
                            {
                              "predicate" : "deallocationFunctionModel",
                              "file" : "/home/haojie/test/codeql/qlpacks/codeql/cpp-all/1.4.2/ext/deallocation/empty.deallocation.model.yml",
                              "index" : 0,
                              "firstRowId" : 378,
                              "rowCount" : 0,
                              "predicateHasOrigin" : false,
                              "locations" : {
                                "lineNumbers" : "A",
                                "columnNumbers" : "A"
                              }
                            },
                            {
                              "predicate" : "sourceModel",
                              "file" : "/home/haojie/test/codeql/qlpacks/codeql/cpp-all/1.4.2/ext/empty.model.yml",
                              "index" : 0,
                              "firstRowId" : 378,
                              "rowCount" : 0,
                              "predicateHasOrigin" : true,
                              "locations" : {
                                "lineNumbers" : "A",
                                "columnNumbers" : "A"
                              }
                            },
                            {
                              "predicate" : "sinkModel",
                              "file" : "/home/haojie/test/codeql/qlpacks/codeql/cpp-all/1.4.2/ext/empty.model.yml",
                              "index" : 1,
                              "firstRowId" : 378,
                              "rowCount" : 0,
                              "predicateHasOrigin" : true,
                              "locations" : {
                                "lineNumbers" : "A",
                                "columnNumbers" : "A"
                              }
                            },
                            {
                              "predicate" : "summaryModel",
                              "file" : "/home/haojie/test/codeql/qlpacks/codeql/cpp-all/1.4.2/ext/empty.model.yml",
                              "index" : 2,
                              "firstRowId" : 378,
                              "rowCount" : 0,
                              "predicateHasOrigin" : true,
                              "locations" : {
                                "lineNumbers" : "A",
                                "columnNumbers" : "A"
                              }
                            },
                            {
                              "predicate" : "summaryModel",
                              "file" : "/home/haojie/test/codeql/qlpacks/codeql/cpp-all/1.4.2/ext/std.array.model.yml",
                              "index" : 0,
                              "firstRowId" : 378,
                              "rowCount" : 9,
                              "predicateHasOrigin" : true,
                              "locations" : {
                                "lineNumbers" : "A=6+1*8",
                                "columnNumbers" : "A=9*9"
                              }
                            },
                            {
                              "predicate" : "summaryModel",
                              "file" : "/home/haojie/test/codeql/qlpacks/codeql/cpp-all/1.4.2/ext/std.deque.model.yml",
                              "index" : 0,
                              "firstRowId" : 387,
                              "rowCount" : 68,
                              "predicateHasOrigin" : true,
                              "locations" : {
                                "lineNumbers" : "A=6+1*67",
                                "columnNumbers" : "A=9*68"
                              }
                            },
                            {
                              "predicate" : "summaryModel",
                              "file" : "/home/haojie/test/codeql/qlpacks/codeql/cpp-all/1.4.2/ext/std.format.model.yml",
                              "index" : 0,
                              "firstRowId" : 455,
                              "rowCount" : 9,
                              "predicateHasOrigin" : true,
                              "locations" : {
                                "lineNumbers" : "A=6+1*8",
                                "columnNumbers" : "A=9*9"
                              }
                            },
                            {
                              "predicate" : "summaryModel",
                              "file" : "/home/haojie/test/codeql/qlpacks/codeql/cpp-all/1.4.2/ext/std.forward_list.model.yml",
                              "index" : 0,
                              "firstRowId" : 464,
                              "rowCount" : 51,
                              "predicateHasOrigin" : true,
                              "locations" : {
                                "lineNumbers" : "A=6+1*50",
                                "columnNumbers" : "A=9*51"
                              }
                            },
                            {
                              "predicate" : "summaryModel",
                              "file" : "/home/haojie/test/codeql/qlpacks/codeql/cpp-all/1.4.2/ext/std.iterator.model.yml",
                              "index" : 0,
                              "firstRowId" : 515,
                              "rowCount" : 6,
                              "predicateHasOrigin" : true,
                              "locations" : {
                                "lineNumbers" : "A=6+1*5",
                                "columnNumbers" : "A=9*6"
                              }
                            },
                            {
                              "predicate" : "summaryModel",
                              "file" : "/home/haojie/test/codeql/qlpacks/codeql/cpp-all/1.4.2/ext/std.list.model.yml",
                              "index" : 0,
                              "firstRowId" : 521,
                              "rowCount" : 66,
                              "predicateHasOrigin" : true,
                              "locations" : {
                                "lineNumbers" : "A=6+1*65",
                                "columnNumbers" : "A=9*66"
                              }
                            },
                            {
                              "predicate" : "summaryModel",
                              "file" : "/home/haojie/test/codeql/qlpacks/codeql/cpp-all/1.4.2/ext/std.vector.model.yml",
                              "index" : 0,
                              "firstRowId" : 587,
                              "rowCount" : 55,
                              "predicateHasOrigin" : true,
                              "locations" : {
                                "lineNumbers" : "A=6+1*54",
                                "columnNumbers" : "A=9*55"
                              }
                            }
                          ]
                        },
                        "threatModels" : { },
                        "extensionPacks" : [ ]
                      }
[2025-10-02 18:06:56] Calling plumbing command: codeql resolve library-path --qlconfig-file=/home/haojie/workspace/lcmhalmcp/qlconfig.yml --query=/home/haojie/workspace/lcmhalmcp/queries/collectors/common/info_struct_collector.ql --format=json
[2025-10-02 18:06:56] [DETAILS] resolve library-path> Resolving query at normalized path /home/haojie/workspace/lcmhalmcp/queries/collectors/common/info_struct_collector.ql.
[2025-10-02 18:06:56] [DETAILS] resolve library-path> Found enclosing pack 'getting-started/codeql-extra-queries-cpp' at /home/haojie/workspace/lcmhalmcp/queries.
[2025-10-02 18:06:56] [DETAILS] resolve library-path> Adding compilation cache at /home/haojie/.codeql/compile-cache.
[2025-10-02 18:06:56] [DETAILS] resolve library-path> Resolving library dependencies from /home/haojie/workspace/lcmhalmcp/queries/codeql-pack.yml.
[2025-10-02 18:06:56] [SPAMMY] resolve library-path> [INCOMPATIBILITY] getting-started/codeql-extra-queries-cpp: not 1.0.0 {root: getting-started/codeql-extra-queries-cpp@1.0.0}
[2025-10-02 18:06:56] [SPAMMY] resolve library-path> [DERIVATION] getting-started/codeql-extra-queries-cpp: 1.0.0 {getting-started/codeql-extra-queries-cpp: not 1.0.0 {root: getting-started/codeql-extra-queries-cpp@1.0.0}}
[2025-10-02 18:06:56] [SPAMMY] resolve library-path> [INCOMPATIBILITY] getting-started/codeql-extra-queries-cpp: * [*], codeql/cpp-all: not * [*] {dependency: getting-started/codeql-extra-queries-cpp@* [*] requires codeql/cpp-all@^1.4.1}
[2025-10-02 18:06:56] [SPAMMY] resolve library-path> [DECISION 1] getting-started/codeql-extra-queries-cpp: 1.0.0
[2025-10-02 18:06:56] [SPAMMY] resolve library-path> [DERIVATION] codeql/cpp-all: * [*] {getting-started/codeql-extra-queries-cpp: * [*], codeql/cpp-all: not * [*] {dependency: getting-started/codeql-extra-queries-cpp@* [*] requires codeql/cpp-all@^1.4.1}}
[2025-10-02 18:06:56] [SPAMMY] resolve library-path> [INCOMPATIBILITY] codeql/cpp-all: * [*], codeql/dataflow: not * [*] {dependency: codeql/cpp-all@* [*] requires codeql/dataflow@1.1.1}
[2025-10-02 18:06:56] [SPAMMY] resolve library-path> [INCOMPATIBILITY] codeql/cpp-all: * [*], codeql/mad: not * [*] {dependency: codeql/cpp-all@* [*] requires codeql/mad@1.0.7}
[2025-10-02 18:06:56] [SPAMMY] resolve library-path> [INCOMPATIBILITY] codeql/cpp-all: * [*], codeql/rangeanalysis: not * [*] {dependency: codeql/cpp-all@* [*] requires codeql/rangeanalysis@1.0.7}
[2025-10-02 18:06:56] [SPAMMY] resolve library-path> [INCOMPATIBILITY] codeql/cpp-all: * [*], codeql/ssa: not * [*] {dependency: codeql/cpp-all@* [*] requires codeql/ssa@1.0.7}
[2025-10-02 18:06:56] [SPAMMY] resolve library-path> [INCOMPATIBILITY] codeql/cpp-all: * [*], codeql/tutorial: not * [*] {dependency: codeql/cpp-all@* [*] requires codeql/tutorial@1.0.7}
[2025-10-02 18:06:56] [SPAMMY] resolve library-path> [INCOMPATIBILITY] codeql/cpp-all: * [*], codeql/typeflow: not * [*] {dependency: codeql/cpp-all@* [*] requires codeql/typeflow@1.0.7}
[2025-10-02 18:06:56] [SPAMMY] resolve library-path> [INCOMPATIBILITY] codeql/cpp-all: * [*], codeql/util: not * [*] {dependency: codeql/cpp-all@* [*] requires codeql/util@1.0.7}
[2025-10-02 18:06:56] [SPAMMY] resolve library-path> [INCOMPATIBILITY] codeql/cpp-all: * [*], codeql/xml: not * [*] {dependency: codeql/cpp-all@* [*] requires codeql/xml@1.0.7}
[2025-10-02 18:06:56] [SPAMMY] resolve library-path> [DECISION 2] codeql/cpp-all: 1.4.2
[2025-10-02 18:06:56] [SPAMMY] resolve library-path> [DERIVATION] codeql/xml: * [*] {codeql/cpp-all: * [*], codeql/xml: not * [*] {dependency: codeql/cpp-all@* [*] requires codeql/xml@1.0.7}}
[2025-10-02 18:06:56] [SPAMMY] resolve library-path> [DERIVATION] codeql/util: * [*] {codeql/cpp-all: * [*], codeql/util: not * [*] {dependency: codeql/cpp-all@* [*] requires codeql/util@1.0.7}}
[2025-10-02 18:06:56] [SPAMMY] resolve library-path> [DERIVATION] codeql/typeflow: * [*] {codeql/cpp-all: * [*], codeql/typeflow: not * [*] {dependency: codeql/cpp-all@* [*] requires codeql/typeflow@1.0.7}}
[2025-10-02 18:06:56] [SPAMMY] resolve library-path> [DERIVATION] codeql/tutorial: * [*] {codeql/cpp-all: * [*], codeql/tutorial: not * [*] {dependency: codeql/cpp-all@* [*] requires codeql/tutorial@1.0.7}}
[2025-10-02 18:06:56] [SPAMMY] resolve library-path> [DERIVATION] codeql/ssa: * [*] {codeql/cpp-all: * [*], codeql/ssa: not * [*] {dependency: codeql/cpp-all@* [*] requires codeql/ssa@1.0.7}}
[2025-10-02 18:06:56] [SPAMMY] resolve library-path> [DERIVATION] codeql/rangeanalysis: * [*] {codeql/cpp-all: * [*], codeql/rangeanalysis: not * [*] {dependency: codeql/cpp-all@* [*] requires codeql/rangeanalysis@1.0.7}}
[2025-10-02 18:06:56] [SPAMMY] resolve library-path> [DERIVATION] codeql/mad: * [*] {codeql/cpp-all: * [*], codeql/mad: not * [*] {dependency: codeql/cpp-all@* [*] requires codeql/mad@1.0.7}}
[2025-10-02 18:06:56] [SPAMMY] resolve library-path> [DERIVATION] codeql/dataflow: * [*] {codeql/cpp-all: * [*], codeql/dataflow: not * [*] {dependency: codeql/cpp-all@* [*] requires codeql/dataflow@1.1.1}}
[2025-10-02 18:06:56] [SPAMMY] resolve library-path> [INCOMPATIBILITY] codeql/dataflow: * [*], codeql/ssa: not * [*] {dependency: codeql/dataflow@* [*] requires codeql/ssa@1.0.7}
[2025-10-02 18:06:56] [SPAMMY] resolve library-path> [INCOMPATIBILITY] codeql/dataflow: * [*], codeql/typetracking: not * [*] {dependency: codeql/dataflow@* [*] requires codeql/typetracking@1.0.7}
[2025-10-02 18:06:56] [SPAMMY] resolve library-path> [INCOMPATIBILITY] codeql/dataflow: * [*], codeql/util: not * [*] {dependency: codeql/dataflow@* [*] requires codeql/util@1.0.7}
[2025-10-02 18:06:56] [SPAMMY] resolve library-path> [DECISION 3] codeql/dataflow: 1.1.1
[2025-10-02 18:06:56] [SPAMMY] resolve library-path> [DERIVATION] codeql/typetracking: * [*] {codeql/dataflow: * [*], codeql/typetracking: not * [*] {dependency: codeql/dataflow@* [*] requires codeql/typetracking@1.0.7}}
[2025-10-02 18:06:56] [SPAMMY] resolve library-path> [INCOMPATIBILITY] codeql/mad: * [*], codeql/util: not * [*] {dependency: codeql/mad@* [*] requires codeql/util@1.0.7}
[2025-10-02 18:06:56] [SPAMMY] resolve library-path> [DECISION 4] codeql/mad: 1.0.7
[2025-10-02 18:06:56] [SPAMMY] resolve library-path> [INCOMPATIBILITY] codeql/rangeanalysis: * [*], codeql/util: not * [*] {dependency: codeql/rangeanalysis@* [*] requires codeql/util@1.0.7}
[2025-10-02 18:06:56] [SPAMMY] resolve library-path> [DECISION 5] codeql/rangeanalysis: 1.0.7
[2025-10-02 18:06:56] [SPAMMY] resolve library-path> [INCOMPATIBILITY] codeql/ssa: * [*], codeql/util: not * [*] {dependency: codeql/ssa@* [*] requires codeql/util@1.0.7}
[2025-10-02 18:06:56] [SPAMMY] resolve library-path> [DECISION 6] codeql/ssa: 1.0.7
[2025-10-02 18:06:56] [SPAMMY] resolve library-path> [DECISION 7] codeql/tutorial: 1.0.7
[2025-10-02 18:06:56] [SPAMMY] resolve library-path> [INCOMPATIBILITY] codeql/typeflow: * [*], codeql/util: not * [*] {dependency: codeql/typeflow@* [*] requires codeql/util@1.0.7}
[2025-10-02 18:06:56] [SPAMMY] resolve library-path> [DECISION 8] codeql/typeflow: 1.0.7
[2025-10-02 18:06:56] [SPAMMY] resolve library-path> [INCOMPATIBILITY] codeql/typetracking: * [*], codeql/util: not * [*] {dependency: codeql/typetracking@* [*] requires codeql/util@1.0.7}
[2025-10-02 18:06:56] [SPAMMY] resolve library-path> [DECISION 9] codeql/typetracking: 1.0.7
[2025-10-02 18:06:56] [SPAMMY] resolve library-path> [DECISION 10] codeql/util: 1.0.7
[2025-10-02 18:06:56] [SPAMMY] resolve library-path> [INCOMPATIBILITY] codeql/xml: * [*], codeql/util: not * [*] {dependency: codeql/xml@* [*] requires codeql/util@1.0.7}
[2025-10-02 18:06:56] [SPAMMY] resolve library-path> [DECISION 11] codeql/xml: 1.0.7
[2025-10-02 18:06:56] [DETAILS] resolve library-path> QL pack dependencies for /home/haojie/workspace/lcmhalmcp/queries resolved OK.
[2025-10-02 18:06:56] [DETAILS] resolve library-path> Found dbscheme through QL packs: /home/haojie/test/codeql/qlpacks/codeql/cpp-all/1.4.2/semmlecode.cpp.dbscheme.
[2025-10-02 18:06:56] Plumbing command codeql resolve library-path completed:
                      {
                        "libraryPath" : [
                          "/home/haojie/workspace/lcmhalmcp/queries",
                          "/home/haojie/test/codeql/qlpacks/codeql/cpp-all/1.4.2",
                          "/home/haojie/test/codeql/qlpacks/codeql/dataflow/1.1.1",
                          "/home/haojie/test/codeql/qlpacks/codeql/mad/1.0.7",
                          "/home/haojie/test/codeql/qlpacks/codeql/rangeanalysis/1.0.7",
                          "/home/haojie/test/codeql/qlpacks/codeql/ssa/1.0.7",
                          "/home/haojie/test/codeql/qlpacks/codeql/tutorial/1.0.7",
                          "/home/haojie/test/codeql/qlpacks/codeql/typeflow/1.0.7",
                          "/home/haojie/test/codeql/qlpacks/codeql/typetracking/1.0.7",
                          "/home/haojie/test/codeql/qlpacks/codeql/util/1.0.7",
                          "/home/haojie/test/codeql/qlpacks/codeql/xml/1.0.7"
                        ],
                        "dbscheme" : "/home/haojie/test/codeql/qlpacks/codeql/cpp-all/1.4.2/semmlecode.cpp.dbscheme",
                        "compilationCache" : [
                          "/home/haojie/.codeql/compile-cache"
                        ],
                        "relativeName" : "getting-started/codeql-extra-queries-cpp/collectors/common/info_struct_collector.ql",
                        "qlPackName" : "getting-started/codeql-extra-queries-cpp"
                      }
[2025-10-02 18:06:56] [PROGRESS] execute queries> Compiling query plan for /home/haojie/workspace/lcmhalmcp/queries/collectors/common/info_struct_collector.ql.
[2025-10-02 18:06:56] [DETAILS] execute queries> Resolving imports for /home/haojie/workspace/lcmhalmcp/queries/collectors/common/info_struct_collector.ql.
[2025-10-02 18:06:57] Resolved file set for /home/haojie/workspace/lcmhalmcp/queries/collectors/common/info_struct_collector.ql hashes to a1aa17aa30db40ad528dab4aa24d1ba1d6181374.
[2025-10-02 18:06:57] [DETAILS] execute queries> Compilation cache hit for /home/haojie/workspace/lcmhalmcp/queries/collectors/common/info_struct_collector.ql.
[2025-10-02 18:06:57] [WARN] execute queries> WARNING: A table query must define the @id property. (/home/haojie/workspace/lcmhalmcp/queries/collectors/common/info_struct_collector.ql:2,1-6,4)
[2025-10-02 18:06:57] [SPAMMY] execute queries> No database upgrade/downgrade needed for /home/haojie/workspace/lcmhalmcp/queries/collectors/common/info_struct_collector.ql
[2025-10-02 18:06:57] [PROGRESS] execute queries> [1/1] Found in cache: /home/haojie/workspace/lcmhalmcp/queries/collectors/common/info_struct_collector.ql.
[2025-10-02 18:06:57] [PROGRESS] execute queries> Starting evaluation of getting-started/codeql-extra-queries-cpp/collectors/common/info_struct_collector.ql.
[2025-10-02 18:06:57] Starting evaluation of /home/haojie/workspace/lcmhalmcp/queries/collectors/common/info_struct_collector.ql
[2025-10-02 18:06:57] (0s) Start query execution
[2025-10-02 18:06:57] (0s) Beginning execution of info_struct_collector.ql
[2025-10-02 18:06:57] (0s)  >>> Created relation usertypes/3@0e966f4c with 934 rows and digest ffbbccq703aqua0sqd3bi9pvjc1.
[2025-10-02 18:06:57] (0s) Starting to evaluate predicate usertypes_0#antijoin_rhs/1@e4754bn3
[2025-10-02 18:06:57] (0s)  >>> Created relation usertypes_0#antijoin_rhs/1@e4754bn3 with 934 rows and digest 71cb8fuo2sikolac9ugnuclj77d.
[2025-10-02 18:06:57] (0s) Starting to evaluate predicate UserType::UserType#21e9e463/1@ea2864de
[2025-10-02 18:06:57] (0s)  >>> Created relation UserType::UserType#21e9e463/1@ea2864de with 934 rows and digest 71cb8fuo2sikolac9ugnuclj77d.
[2025-10-02 18:06:57] (0s) Starting to evaluate predicate usertypes_02#join_rhs/2@3ddf5c3g
[2025-10-02 18:06:57] (0s)  >>> Created relation usertypes_02#join_rhs/2@3ddf5c3g with 934 rows and digest 1ed91dqjma7g19fd1r4d7ha7oh5.
[2025-10-02 18:06:57] (0s) Starting to evaluate predicate TypedefType::TypedefType#64088755/1@e44345s8
[2025-10-02 18:06:57] (0s)  >>> Created relation TypedefType::TypedefType#64088755/1@e44345s8 with 527 rows and digest 4c6462s3vv06avd5cha115rf5sf.
[2025-10-02 18:06:57] (0s)  >>> Created relation unspecifiedtype/2@97f8c6ad with 2508 rows and digest 9b8731j0r9a1oclkeksf41iaeo3.
[2025-10-02 18:06:57] (0s) Starting to evaluate predicate Type::Type.getUnspecifiedType/0#09579faa/2@8e318dub
[2025-10-02 18:06:57] (0s)  >>> Created relation Type::Type.getUnspecifiedType/0#09579faa/2@8e318dub with 2508 rows and digest 9b8731j0r9a1oclkeksf41iaeo3.
[2025-10-02 18:06:57] (0s) Starting to evaluate predicate Type::Type.getUnspecifiedType/0#09579faa_10#join_rhs/2@2048349v
[2025-10-02 18:06:57] (0s)  >>> Created relation Type::Type.getUnspecifiedType/0#09579faa_10#join_rhs/2@2048349v with 2508 rows and digest aed32039bdg1ij4qjl8b73aod0d.
[2025-10-02 18:06:57] (0s)  >>> Created relation membervariables/3@23983e89 with 2595 rows and digest 3a451dsvqiienh597p85bpoco52.
[2025-10-02 18:06:57] (0s)  >>> Created relation member/3@70d8ac5v with 2595 rows and digest 3cb800hv5d4vmt9ak269bal0326.
[2025-10-02 18:06:57] (0s) Starting to evaluate predicate Class::Class#9afdbffd/1@2b40742v
[2025-10-02 18:06:57] (0s)  >>> Created relation Class::Class#9afdbffd/1@2b40742v with 339 rows and digest 6f731dsl1evqjdf3e9ctff8vbk1.
[2025-10-02 18:06:57] (0s) Starting to evaluate predicate Class::Class.getCanonicalMember/1#dispred#e1747079/3@5d156bri
[2025-10-02 18:06:57] (0s)  >>> Created relation Class::Class.getCanonicalMember/1#dispred#e1747079/3@5d156bri with 2595 rows and digest 3cb800hv5d4vmt9ak269bal0326.
[2025-10-02 18:06:57] (0s) Starting to evaluate predicate project#Class::Class.getCanonicalMember/1#dispred#e1747079/2@2f3192p9
[2025-10-02 18:06:57] (0s)  >>> Created relation project#Class::Class.getCanonicalMember/1#dispred#e1747079/2@2f3192p9 with 2595 rows and digest 48e332gahbks1f6a4fflglfidaf.
[2025-10-02 18:06:57] (0s)  >>> Created relation variable_instantiation/2@9b432a6o with 0 rows and digest THIS-RELATION-HAS-NO-TUPLES.
[2025-10-02 18:06:57] (0s) Inferred that Variable::Variable.isConstructedFrom/1#dispred#fbdd4275/2@408239lt is empty, due to variable_instantiation/2@9b432a6o.
[2025-10-02 18:06:57] (0s) Inferred that variable_instantiation_10#join_rhs/2@5d959293 is empty, due to variable_instantiation/2@9b432a6o.
[2025-10-02 18:06:57] (0s) Inferred that Variable::TemplateVariable.getAnInstantiation/0#dispred#f6b531ee/2@de696eu5 is empty, due to Variable::Variable.isConstructedFrom/1#dispred#fbdd4275/2@408239lt.
[2025-10-02 18:06:57] (0s) Inferred that Variable::Variable.isConstructedFrom/1#dispred#fbdd4275_10#join_rhs/2@7ec8a9lv is empty, due to Variable::Variable.isConstructedFrom/1#dispred#fbdd4275/2@408239lt.
[2025-10-02 18:06:57] (0s)  >>> Created relation is_variable_template/1@c03b2f84 with 0 rows and digest THIS-RELATION-HAS-NO-TUPLES.
[2025-10-02 18:06:57] (0s) Starting to evaluate predicate Declaration::Declaration.getDeclaringType/0#dispred#6d415a62/2@fbdd84mp
[2025-10-02 18:06:57] (0s)  >>> Created relation Declaration::Declaration.getDeclaringType/0#dispred#6d415a62/2@fbdd84mp with 2595 rows and digest b95313e6k55vhon665ejd9hfb70.
[2025-10-02 18:06:57] (0s) Starting to evaluate predicate project#Declaration::Declaration.getDeclaringType/0#dispred#6d415a62#2/1@d6901bho
[2025-10-02 18:06:57] (0s)  >>> Created relation project#Declaration::Declaration.getDeclaringType/0#dispred#6d415a62#2/1@d6901bho with 2595 rows and digest be262855ia8ulbvhfsvsqiplna4.
[2025-10-02 18:06:57] (0s) Starting to evaluate predicate Variable::MemberVariable.getAType/0#dispred#fb613268/2@53b3f260
[2025-10-02 18:06:57] (0s)  >>> Created relation Variable::MemberVariable.getAType/0#dispred#fb613268/2@53b3f260 with 2595 rows and digest 1e8adc8lb8nk5gba1c5t8di8gf3.
[2025-10-02 18:06:57] (0s) Starting to evaluate predicate _Variable::MemberVariable.getAType/0#dispred#fb613268#shared/2@c28d7cge
[2025-10-02 18:06:57] (0s)  >>> Created relation _Variable::MemberVariable.getAType/0#dispred#fb613268#shared/2@c28d7cge with 2595 rows and digest b237e75rgu79h44p7bhcadcr2l0.
[2025-10-02 18:06:57] (0s) Starting to evaluate predicate __Variable::MemberVariable.getAType/0#dispred#fb613268#shared#antijoin_rhs/1@422083dm
[2025-10-02 18:06:57] (0s)  >>> Created relation __Variable::MemberVariable.getAType/0#dispred#fb613268#shared#antijoin_rhs/1@422083dm with 2595 rows and digest be262855ia8ulbvhfsvsqiplna4.
[2025-10-02 18:06:57] (0s) Starting to evaluate predicate __Variable::MemberVariable.getAType/0#dispred#fb613268#shared#join_rhs/2@888fd9c7
[2025-10-02 18:06:57] (0s)  >>> Created relation __Variable::MemberVariable.getAType/0#dispred#fb613268#shared#join_rhs/2@888fd9c7 with 2595 rows and digest c87524lh628b8gsj6msedieaaqd.
[2025-10-02 18:06:57] (0s) Starting to evaluate predicate Variable::Variable.getType/0#dispred#c9fd4803/2@5508750r
[2025-10-02 18:06:57] (0s)  >>> Created relation Variable::Variable.getType/0#dispred#c9fd4803/2@5508750r with 2595 rows and digest 1e8adc8lb8nk5gba1c5t8di8gf3.
[2025-10-02 18:06:57] (0s)  >>> Created relation decltypes/4@29ee003l with 0 rows and digest THIS-RELATION-HAS-NO-TUPLES.
[2025-10-02 18:06:57] (0s) Inferred that project#decltypes/1@0377526n is empty, due to decltypes/4@29ee003l.
[2025-10-02 18:06:57] (0s) Inferred that project#decltypes#2/2@bbf7d5vu is empty, due to decltypes/4@29ee003l.
[2025-10-02 18:06:57] (0s) Inferred that Type::Decltype#2a58cb8b/1@83e7076m is empty, due to project#decltypes/1@0377526n.
[2025-10-02 18:06:57] (0s) Inferred that Type::Decltype.getBaseType/0#dispred#f3b613af/2@1296e2ue is empty, due to project#decltypes#2/2@bbf7d5vu.
[2025-10-02 18:06:57] (0s) Inferred that Type::Decltype.getBaseType/0#dispred#f3b613af_10#join_rhs/2@fe1371s4 is empty, due to Type::Decltype.getBaseType/0#dispred#f3b613af/2@1296e2ue.
[2025-10-02 18:06:57] (0s) Starting to evaluate predicate Type::Type.getUnderlyingType/0#fb0826e6/2@411784sq
[2025-10-02 18:06:57] (0s)  >>> Created relation Type::Type.getUnderlyingType/0#fb0826e6/2@411784sq with 1981 rows and digest 8ed500149j3rd5rsskbr6bptpo9.
[2025-10-02 18:06:57] (0s)  >>> Created relation typedefbase/2@3eb519r5 with 527 rows and digest 202bcdg4ae1bd0arjr2qh97nk01.
[2025-10-02 18:06:57] (0s) Starting to evaluate predicate TypedefType::TypedefType.getBaseType/0#dispred#671605ef/2@715e90n0
[2025-10-02 18:06:57] (0s)  >>> Created relation TypedefType::TypedefType.getBaseType/0#dispred#671605ef/2@715e90n0 with 527 rows and digest 202bcdg4ae1bd0arjr2qh97nk01.
[2025-10-02 18:06:57] (0s) Starting to evaluate predicate TypedefType::TypedefType.getBaseType/0#dispred#671605ef_10#join_rhs/2@a81930mc
[2025-10-02 18:06:57] (0s)  >>> Created relation TypedefType::TypedefType.getBaseType/0#dispred#671605ef_10#join_rhs/2@a81930mc with 527 rows and digest 317037qfh3gjo2nfq9qa379v03a.
[2025-10-02 18:06:57] (0s) Starting to evaluate predicate Type::Type.getUnderlyingType/0#dispred#bd141f6a/2@i1#3061fat4 (iteration 1)
[2025-10-02 18:06:57] (0s) 			 - Type::Type.getUnderlyingType/0#dispred#bd141f6a_delta has 1981 rows (order for disjuncts: delta=<standard>).
[2025-10-02 18:06:57] (0s) Starting to evaluate predicate Type::Type.getUnderlyingType/0#dispred#bd141f6a/2@i2#3061fat4 (iteration 2)
[2025-10-02 18:06:57] (0s) 			 - Type::Type.getUnderlyingType/0#dispred#bd141f6a_delta has 422 rows (order for disjuncts: delta=<standard>).
[2025-10-02 18:06:57] (0s) Starting to evaluate predicate Type::Type.getUnderlyingType/0#dispred#bd141f6a/2@i3#3061fat4 (iteration 3)
[2025-10-02 18:06:57] (0s) 			 - Type::Type.getUnderlyingType/0#dispred#bd141f6a_delta has 71 rows (order for disjuncts: delta=<standard>).
[2025-10-02 18:06:57] (0s) Starting to evaluate predicate Type::Type.getUnderlyingType/0#dispred#bd141f6a/2@i4#3061fat4 (iteration 4)
[2025-10-02 18:06:57] (0s) 			 - Type::Type.getUnderlyingType/0#dispred#bd141f6a_delta has 25 rows (order for disjuncts: delta=<standard>).
[2025-10-02 18:06:57] (0s) Starting to evaluate predicate Type::Type.getUnderlyingType/0#dispred#bd141f6a/2@i5#3061fat4 (iteration 5)
[2025-10-02 18:06:57] (0s) 			 - Type::Type.getUnderlyingType/0#dispred#bd141f6a_delta has 9 rows (order for disjuncts: delta=<standard>).
[2025-10-02 18:06:57] (0s) Starting to evaluate predicate Type::Type.getUnderlyingType/0#dispred#bd141f6a/2@i6#3061fat4 (iteration 6)
[2025-10-02 18:06:57] (0s) Empty delta for Type::Type.getUnderlyingType/0#dispred#bd141f6a_delta (order for disjuncts: delta=<standard>).
[2025-10-02 18:06:57] (0s) Accumulating deltas
[2025-10-02 18:06:57] (0s)  >>> Created relation Type::Type.getUnderlyingType/0#dispred#bd141f6a/2@3061fat4 with 2508 rows and digest 6f797fi1unbvtften97u68njnr1.
[2025-10-02 18:06:57] (0s) Starting to evaluate predicate Variable::Variable.getUnderlyingType/0#dispred#481200d5/2@2d42d41t
[2025-10-02 18:06:57] (0s)  >>> Created relation Variable::Variable.getUnderlyingType/0#dispred#481200d5/2@2d42d41t with 2595 rows and digest 781f0djqro5catr4gscbguamfn5.
[2025-10-02 18:06:57] (0s) Starting to evaluate predicate Variable::Variable.getUnderlyingType/0#dispred#481200d5_10#join_rhs/2@7aaeb5kj
[2025-10-02 18:06:57] (0s)  >>> Created relation Variable::Variable.getUnderlyingType/0#dispred#481200d5_10#join_rhs/2@7aaeb5kj with 2595 rows and digest e35d05pulsq2hgicqrj3e2vekca.
[2025-10-02 18:06:57] (0s) Starting to evaluate predicate Struct::Struct#f7ddf469/1@17fa48oq
[2025-10-02 18:06:57] (0s)  >>> Created relation Struct::Struct#f7ddf469/1@17fa48oq with 339 rows and digest 6f731dsl1evqjdf3e9ctff8vbk1.
[2025-10-02 18:06:57] (0s)  >>> Created relation var_decls/5@dfcf95g2 with 10455 rows and digest 66ca16kggj90iikvo4v4058pdl0.
[2025-10-02 18:06:57] (0s) Starting to evaluate predicate Variable::Variable.getADeclarationEntry/0#dispred#659e0e9d/2@c9c48dad
[2025-10-02 18:06:57] (0s)  >>> Created relation Variable::Variable.getADeclarationEntry/0#dispred#659e0e9d/2@c9c48dad with 10455 rows and digest c2260eqcn2o4nhj45scs2itoko7.
[2025-10-02 18:06:57] (0s) Starting to evaluate predicate Variable::Variable.getADeclarationEntry/0#dispred#659e0e9d_10#join_rhs/2@b7971d7l
[2025-10-02 18:06:57] (0s)  >>> Created relation Variable::Variable.getADeclarationEntry/0#dispred#659e0e9d_10#join_rhs/2@b7971d7l with 10455 rows and digest b6481e8e2mp36mdpmvm7lhlpu14.
[2025-10-02 18:06:57] (0s)  >>> Created relation var_def/1@1fa39695 with 6049 rows and digest c140ac2dkv4pao01g8q4baq64da.
[2025-10-02 18:06:57] (0s) Starting to evaluate predicate Variable::Variable.getDefinition/0#dispred#f5e767f5/2@e502c911
[2025-10-02 18:06:57] (0s)  >>> Created relation Variable::Variable.getDefinition/0#dispred#f5e767f5/2@e502c911 with 6049 rows and digest 28f6c0f76jficdjmt49ko8tm4t2.
[2025-10-02 18:06:57] (0s) Starting to evaluate predicate Variable::Variable.getDefinition/0#dispred#f5e767f5_0#antijoin_rhs/1@e1751emn
[2025-10-02 18:06:57] (0s)  >>> Created relation Variable::Variable.getDefinition/0#dispred#f5e767f5_0#antijoin_rhs/1@e1751emn with 6036 rows and digest cc2f3cl07tbrqpglnlq05knt3id.
[2025-10-02 18:06:57] (0s) Starting to evaluate predicate _Variable::Variable.getADeclarationEntry/0#dispred#659e0e9d_10#join_rhs_Variable::Variable.getDefini__#shared/2@729979c6
[2025-10-02 18:06:57] (0s)  >>> Created relation _Variable::Variable.getADeclarationEntry/0#dispred#659e0e9d_10#join_rhs_Variable::Variable.getDefini__#shared/2@729979c6 with 8590 rows and digest 73dd09h9k1q2i481qb7hlhbdhg5.
[2025-10-02 18:06:57] (0s)  >>> Created relation params/4@db7c62k0 with 4544 rows and digest ae8dc40jtm3gr8qc11ia02m4vqd.
[2025-10-02 18:06:57] (0s) Starting to evaluate predicate _ResolveGlobalVariable::isVariable/1#6e051315__Variable::Variable.getADeclarationEntry/0#dispred#659__#antijoin_rhs/2@4f7f9fju
[2025-10-02 18:06:57] (0s)  >>> Created relation _ResolveGlobalVariable::isVariable/1#6e051315__Variable::Variable.getADeclarationEntry/0#dispred#659__#antijoin_rhs/2@4f7f9fju with 4561 rows and digest c1bd4bt8f6ec2n8gi0iaqvrsire.
[2025-10-02 18:06:57] (0s) Starting to evaluate predicate Variable::Variable.getLocation/0#dispred#ffcb49bd/2@199265bp
[2025-10-02 18:06:57] (0s)  >>> Created relation Variable::Variable.getLocation/0#dispred#ffcb49bd/2@199265bp with 4029 rows and digest 1091895m3g3f968tmuocf45cf0b.
[2025-10-02 18:06:57] (0s)  >>> Created relation locations_default/6@541b30r8 with 129506 rows and digest eb19608jkr4o1835a4qg5ritnta.
[2025-10-02 18:06:57] (0s) Starting to evaluate predicate Location::Location.getStartLine/0#d54f9e6c/2@4b88b03s
[2025-10-02 18:06:57] (0s)  >>> Created relation Location::Location.getStartLine/0#d54f9e6c/2@4b88b03s with 129506 rows and digest db8d8duge9bsor8ssv258njqf64.
[2025-10-02 18:06:57] (0s) Starting to evaluate predicate project#Declaration::Declaration.getDeclaringType/0#dispred#6d415a62/1@19ed95hb
[2025-10-02 18:06:57] (0s)  >>> Created relation project#Declaration::Declaration.getDeclaringType/0#dispred#6d415a62/1@19ed95hb with 307 rows and digest c53006qgd8dm49699fuip3c18p6.
[2025-10-02 18:06:57] (0s)  >>> Created relation type_decls/3@1ef7681r with 957 rows and digest 050f0dobt6d821hkccpjt7vg6b2.
[2025-10-02 18:06:57] (0s) Starting to evaluate predicate Class::ProxyClass#4049630c#b/1@7f8659gu
[2025-10-02 18:06:57] (0s)  >>> Created relation Class::ProxyClass#4049630c#b/1@7f8659gu with 0 rows and digest THIS-RELATION-HAS-NO-TUPLES.
[2025-10-02 18:06:57] (0s) Inferred that _Class::ProxyClass#4049630c#b_is_proxy_class_for#shared/2@00a03bhq is empty, due to Class::ProxyClass#4049630c#b/1@7f8659gu.
[2025-10-02 18:06:57] (0s) Inferred that Class::ProxyClass.getTemplateParameter/0#dispred#cbd49674#bf/2@de2490fr is empty, due to _Class::ProxyClass#4049630c#b_is_proxy_class_for#shared/2@00a03bhq.
[2025-10-02 18:06:57] (0s) Starting to evaluate predicate type_decls_1#join_rhs/1@db8923nn
[2025-10-02 18:06:57] (0s)  >>> Created relation type_decls_1#join_rhs/1@db8923nn with 933 rows and digest f12682ht3qg79t5b6l0imsi40sa.
[2025-10-02 18:06:57] (0s) Starting to evaluate predicate ResolveClass::resolveClass/1#ea47deee_10#join_rhs/2@74e000p5
[2025-10-02 18:06:57] (0s)  >>> Created relation ResolveClass::resolveClass/1#ea47deee_10#join_rhs/2@74e000p5 with 934 rows and digest 6e389cs9udpbiocrggn4ntertm4.
[2025-10-02 18:06:57] (0s) Starting to evaluate predicate type_decls_10#join_rhs/2@d915f3nk
[2025-10-02 18:06:57] (0s)  >>> Created relation type_decls_10#join_rhs/2@d915f3nk with 957 rows and digest 7bf2fb79cocjo48ipkqvnou7t4e.
[2025-10-02 18:06:57] (0s)  >>> Created relation class_instantiation/2@87ed70tu with 0 rows and digest THIS-RELATION-HAS-NO-TUPLES.
[2025-10-02 18:06:57] (0s) Inferred that class_instantiation_0#antijoin_rhs/1@0f71accm is empty, due to class_instantiation/2@87ed70tu.
[2025-10-02 18:06:57] (0s) Inferred that class_instantiation_10#join_rhs/2@5e0cd1e9 is empty, due to class_instantiation/2@87ed70tu.
[2025-10-02 18:06:57] (0s) Inferred that Class::Class.isConstructedFrom/1#dispred#390e01c8/2@e3dfe5k6 is empty, due to class_instantiation/2@87ed70tu.
[2025-10-02 18:06:57] (0s) Inferred that Class::Class.isConstructedFrom/1#dispred#390e01c8_10#join_rhs/2@86545c6o is empty, due to Class::Class.isConstructedFrom/1#dispred#390e01c8/2@e3dfe5k6.
[2025-10-02 18:06:57] (0s) Starting to evaluate predicate UserType::UserType.getADeclarationEntry/0#cea44e2f/2@i1#58d7feho (iteration 1)
[2025-10-02 18:06:57] (0s) 			 - UserType::UserType.getADeclarationEntry/0#cea44e2f_delta has 957 rows (order for disjuncts: delta=<standard>).
[2025-10-02 18:06:57] (0s) Starting to evaluate predicate _Class::Class.isConstructedFrom/1#dispred#390e01c8_10#join_rhs_ResolveClass::resolveClass/1#ea47deee__#antijoin_rhs/2@i2#L0#58d7feho (iteration 2)
[2025-10-02 18:06:57] (0s) Starting to evaluate predicate UserType::UserType.getADeclarationEntry/0#cea44e2f/2@i2#58d7feho (iteration 2)
[2025-10-02 18:06:57] (0s) Empty delta for UserType::UserType.getADeclarationEntry/0#cea44e2f_delta (order for disjuncts: delta=<standard>).
[2025-10-02 18:06:57] (0s) Accumulating deltas
[2025-10-02 18:06:57] (0s)  >>> Created relation UserType::UserType.getADeclarationEntry/0#cea44e2f/2@58d7feho with 957 rows and digest 7bf2fb79cocjo48ipkqvnou7t4e.
[2025-10-02 18:06:57] (0s)  >>> Created relation type_def/1@18202e6m with 374 rows and digest 533341l520h3e7e7cknf7v96uk9.
[2025-10-02 18:06:57] (0s) Starting to evaluate predicate UserType::UserType.getDefinition/0#dispred#37e32cce/2@e0da74gv
[2025-10-02 18:06:57] (0s)  >>> Created relation UserType::UserType.getDefinition/0#dispred#37e32cce/2@e0da74gv with 374 rows and digest d43f94lj6o0a240p04r0d3r8717.
[2025-10-02 18:06:57] (0s) Starting to evaluate predicate project#UserType::UserType.getDefinition/0#dispred#37e32cce/1@0c053c19
[2025-10-02 18:06:57] (0s)  >>> Created relation project#UserType::UserType.getDefinition/0#dispred#37e32cce/1@0c053c19 with 374 rows and digest ef9fe534f876dkg5srfjfau8hg9.
[2025-10-02 18:06:57] (0s) Starting to evaluate predicate Declaration::Declaration.hasDefinition/0#dispred#b576e37a#b/1@1c29f16g
[2025-10-02 18:06:57] (0s)  >>> Created relation Declaration::Declaration.hasDefinition/0#dispred#b576e37a#b/1@1c29f16g with 307 rows and digest c53006qgd8dm49699fuip3c18p6.
[2025-10-02 18:06:57] (0s) Starting to evaluate predicate m#UserType::UserType.getDefinitionLocation/0#dispred#ecc1d8ec#bf/1@8d2887i8
[2025-10-02 18:06:57] (0s)  >>> Created relation m#UserType::UserType.getDefinitionLocation/0#dispred#ecc1d8ec#bf/1@8d2887i8 with 307 rows and digest c53006qgd8dm49699fuip3c18p6.
[2025-10-02 18:06:57] (0s) Starting to evaluate predicate UserType::UserType.getDefinitionLocation/0#dispred#ecc1d8ec#bf/2@00979a7m
[2025-10-02 18:06:57] (0s)  >>> Created relation UserType::UserType.getDefinitionLocation/0#dispred#ecc1d8ec#bf/2@00979a7m with 307 rows and digest c20dbbskmbp0buj0nr9c2ugoc1b.
[2025-10-02 18:06:57] (0s) Starting to evaluate predicate locations_default_23450#join_rhs/5@24c5f5e8
[2025-10-02 18:06:57] (0s)  >>> Created relation locations_default_23450#join_rhs/5@24c5f5e8 with 129506 rows and digest 89605dihil484ncfo9k8kkfvmbe.
[2025-10-02 18:06:57] (0s)  >>> Created relation files/2@1ebcd3es with 237 rows and digest fc6c5e52pmsajpmpn3n6n3enhqd.
[2025-10-02 18:06:57] (0s) Starting to evaluate predicate Location::Location.getContainer/0#9edabfb6/2@ef1f58sd
[2025-10-02 18:06:57] (0s)  >>> Created relation Location::Location.getContainer/0#9edabfb6/2@ef1f58sd with 129506 rows and digest f6110bppsgr6lf0i6ve51j3v6na.
[2025-10-02 18:06:57] (0s) Starting to evaluate predicate Location::Location.getContainer/0#9edabfb6_10#join_rhs/2@23a46cqm
[2025-10-02 18:06:57] (0s)  >>> Created relation Location::Location.getContainer/0#9edabfb6_10#join_rhs/2@23a46cqm with 129506 rows and digest 9a49c3fq3idbum650ua6rj470vc.
[2025-10-02 18:06:57] (0s) Starting to evaluate predicate Location::Location.getFile/0#dispred#d1f8b5d1/2@60a1cc58
[2025-10-02 18:06:57] (0s)  >>> Created relation Location::Location.getFile/0#dispred#d1f8b5d1/2@60a1cc58 with 129506 rows and digest f6110bppsgr6lf0i6ve51j3v6na.
[2025-10-02 18:06:57] (0s) Starting to evaluate predicate Location::UnknownDefaultLocation#05e653e4/1@d02531k5
[2025-10-02 18:06:57] (0s)  >>> Created relation Location::UnknownDefaultLocation#05e653e4/1@d02531k5 with 1 rows and digest 585ded7naffeaeb6608v9ael822.
[2025-10-02 18:06:57] (0s) Starting to evaluate predicate usertypes_120#join_rhs/3@29d221dm
[2025-10-02 18:06:57] (0s)  >>> Created relation usertypes_120#join_rhs/3@29d221dm with 934 rows and digest b93942opjitk24d7t6uu5dhsqhb.
[2025-10-02 18:06:57] (0s) Starting to evaluate predicate usertypes_10#join_rhs/2@1947ccpr
[2025-10-02 18:06:57] (0s)  >>> Created relation usertypes_10#join_rhs/2@1947ccpr with 934 rows and digest fbd84f4k81eudb2phtggevlmlv0.
[2025-10-02 18:06:57] (0s) Starting to evaluate predicate m#Type::TemplateParameter#d8984f1e#b/1@55363fa9
[2025-10-02 18:06:57] (0s)  >>> Created relation m#Type::TemplateParameter#d8984f1e#b/1@55363fa9 with 1 rows and digest a8469bl3aoiaro2nkrbs0rje2sd.
[2025-10-02 18:06:57] (0s) Starting to evaluate predicate Type::TemplateParameter#d8984f1e#b/1@6bb78d2s
[2025-10-02 18:06:57] (0s)  >>> Created relation Type::TemplateParameter#d8984f1e#b/1@6bb78d2s with 1 rows and digest a8469bl3aoiaro2nkrbs0rje2sd.
[2025-10-02 18:06:57] (0s) Starting to evaluate predicate Type::AutoType#6a611250/1@7c576chq
[2025-10-02 18:06:57] (0s)  >>> Created relation Type::AutoType#6a611250/1@7c576chq with 1 rows and digest a8469bl3aoiaro2nkrbs0rje2sd.
[2025-10-02 18:06:57] (0s) Starting to evaluate predicate UserType::UserType.getLocation/0#dispred#031012ab#bf/2@d9012enm
[2025-10-02 18:06:57] (0s)  >>> Created relation UserType::UserType.getLocation/0#dispred#031012ab#bf/2@d9012enm with 307 rows and digest c20dbbskmbp0buj0nr9c2ugoc1b.
[2025-10-02 18:06:57] (0s) Starting to evaluate predicate UserType::UserType.getName/0#dispred#68e0aaf0/2@8f86a88s
[2025-10-02 18:06:57] (0s)  >>> Created relation UserType::UserType.getName/0#dispred#68e0aaf0/2@8f86a88s with 934 rows and digest 21f6acfqn3fdt1f9bvdv82uqfof.
[2025-10-02 18:06:57] (0s)  >>> Created relation builtintypes/6@43b1f2l8 with 56 rows and digest 8f2695cb9gnoqbgk84flkpdd0k1.
[2025-10-02 18:06:57] (0s)  >>> Created relation derivedtypes/4@476b87qa with 1220 rows and digest 5ba754g1e98d5rj3vh0d4eva2f0.
[2025-10-02 18:06:57] (0s)  >>> Created relation ptrtomembers/3@7100e4hb with 0 rows and digest THIS-RELATION-HAS-NO-TUPLES.
[2025-10-02 18:06:57] (0s) Inferred that Type::PointerToMemberType#032948a0/1@bec647ch is empty, due to ptrtomembers/3@7100e4hb.
[2025-10-02 18:06:57] (0s)  >>> Created relation routinetypes/2@18ab31uh with 298 rows and digest 677542o93dosjseggepo3b70k7c.
[2025-10-02 18:06:57] (0s) Starting to evaluate predicate Type::Type.getName/0#dispred#77a04a0a/2@6784ddk9
[2025-10-02 18:06:57] (0s)  >>> Created relation Type::Type.getName/0#dispred#77a04a0a/2@6784ddk9 with 2508 rows and digest 14d32a8u8k08alj1obth4a75ht3.
[2025-10-02 18:06:57] (0s) Starting to evaluate predicate #select#query/6@d87afdld
[2025-10-02 18:06:58] (1s)  >>> Created relation #select#query/6@d87afdld with 26130 rows and digest 0bcb917l2d9q0q0cges181b9qu1.
[2025-10-02 18:06:59] (1s) Query done
[2025-10-02 18:06:59] (1s) Sequence stamp origin is -5997322181958639913
[2025-10-02 18:06:59] (1s) Pausing evaluation to sync to disk at sequence stamp o+0
[2025-10-02 18:06:59] (1s) Unpausing evaluation
[2025-10-02 18:06:59] Evaluation of /home/haojie/workspace/lcmhalmcp/queries/collectors/common/info_struct_collector.ql produced BQRS results.
[2025-10-02 18:06:59] [PROGRESS] execute queries> [1/1 eval 1.7s] Evaluation done; writing results to /home/haojie/workspace/lcmhalmcp/tmp/common_info.bqrs.
[2025-10-02 18:06:59] [PROGRESS] execute queries> Shutting down query evaluator.
[2025-10-02 18:06:59] Pausing evaluation to close the cache at sequence stamp o+1
[2025-10-02 18:06:59] The disk cache is freshly trimmed; leave it be.
[2025-10-02 18:06:59] Unpausing evaluation
[2025-10-02 18:06:59] This NaiveBuddyAllocator requested 0 eviction rounds.
[2025-10-02 18:06:59] Exiting with code 0
