[2025-10-02 15:25:28] This is codeql execute queries -J-Xmx12982M --off-heap-ram=16156 --verbosity=progress --logdir=/home/haojie/workspace/DBS/DATABASE_FreeRTOSLwIP_StreamingServer/log --evaluator-log-level=5 --warnings=show --qlconfig-file=/home/haojie/workspace/lcmhalmcp/qlconfig.yml --output=/home/haojie/workspace/lcmhalmcp/_output_infos/output.bqrs -- /home/haojie/workspace/DBS/DATABASE_FreeRTOSLwIP_StreamingServer/db-cpp path:/home/haojie/workspace/lcmhalmcp/queries/collectors/common/info_struct_collector.ql
[2025-10-02 15:25:28] Calling plumbing command: codeql resolve queries --qlconfig-file=/home/haojie/workspace/lcmhalmcp/qlconfig.yml --format=json -- path:/home/haojie/workspace/lcmhalmcp/queries/collectors/common/info_struct_collector.ql
[2025-10-02 15:25:29] [PROGRESS] resolve queries> Recording pack reference getting-started/codeql-extra-queries-cpp at /home/haojie/workspace/lcmhalmcp/queries.
[2025-10-02 15:25:29] Plumbing command codeql resolve queries completed:
                      [
                        "/home/haojie/workspace/lcmhalmcp/queries/collectors/common/info_struct_collector.ql"
                      ]
[2025-10-02 15:25:29] Refusing fancy output: $CODEQL_ISATTY terminal indication is missing
[2025-10-02 15:25:29] Creating executor with 1 threads.
[2025-10-02 15:25:29] Exception caught at top level: Error initializing the IMB disk cache: the cache directory is already locked by another running process. Only one instance of the IMB can access a cache directory at a time. The lock file is located at /home/haojie/workspace/DBS/DATABASE_FreeRTOSLwIP_StreamingServer/db-cpp/default/cache/.lock
                      (eventual cause: OverlappingFileLockException)
                      com.semmle.inmemory.caching.RelationCacheImpl.takeFilesystemLock(RelationCacheImpl.java:362)
                      com.semmle.inmemory.caching.RelationCacheImpl.create(RelationCacheImpl.java:114)
                      com.semmle.inmemory.scheduler.EvaluationSchedule.<init>(EvaluationSchedule.java:91)
                      com.semmle.inmemory.caching.RelationManager.<init>(RelationManager.java:64)
                      com.semmle.inmemory.MemoryBackend.<init>(MemoryBackend.java:129)
                      com.semmle.cli2.ql.EvaluationCommon.<init>(EvaluationCommon.java:101)
                      com.semmle.cli2.ql.EvaluationCommon.<init>(EvaluationCommon.java:71)
                      com.semmle.cli2.execute.ExecuteQueriesCommand.executeSubcommand(ExecuteQueriesCommand.java:472)
                      com.semmle.cli2.picocli.SubcommandCommon.lambda$executeSubcommandWithMessages$5(SubcommandCommon.java:863)
                      com.semmle.cli2.picocli.SubcommandCommon.withCompilationMessages(SubcommandCommon.java:442)
                      com.semmle.cli2.picocli.SubcommandCommon.executeSubcommandWithMessages(SubcommandCommon.java:861)
                      com.semmle.cli2.picocli.SubcommandCommon.toplevelMain(SubcommandCommon.java:745)
                      com.semmle.cli2.picocli.SubcommandCommon.call(SubcommandCommon.java:726)
                      com.semmle.cli2.picocli.SubcommandMaker.runMain(SubcommandMaker.java:237)
                      com.semmle.cli2.picocli.SubcommandMaker.runMain(SubcommandMaker.java:257)
                      com.semmle.cli2.CodeQL.main(CodeQL.java:115)
                      
                       ... caused by:
                      
                      java.nio.channels.OverlappingFileLockException
                      com.semmle.util.files.FileSystemLock.<init>(FileSystemLock.java:74)
                      com.semmle.inmemory.caching.RelationCacheImpl.takeFilesystemLock(RelationCacheImpl.java:358)
                      com.semmle.inmemory.caching.RelationCacheImpl.create(RelationCacheImpl.java:114)
                      com.semmle.inmemory.scheduler.EvaluationSchedule.<init>(EvaluationSchedule.java:91)
                      com.semmle.inmemory.caching.RelationManager.<init>(RelationManager.java:64)
                      com.semmle.inmemory.MemoryBackend.<init>(MemoryBackend.java:129)
                      com.semmle.cli2.ql.EvaluationCommon.<init>(EvaluationCommon.java:101)
                      com.semmle.cli2.ql.EvaluationCommon.<init>(EvaluationCommon.java:71)
                      com.semmle.cli2.execute.ExecuteQueriesCommand.executeSubcommand(ExecuteQueriesCommand.java:472)
                      com.semmle.cli2.picocli.SubcommandCommon.lambda$executeSubcommandWithMessages$5(SubcommandCommon.java:863)
                      com.semmle.cli2.picocli.SubcommandCommon.withCompilationMessages(SubcommandCommon.java:442)
                      com.semmle.cli2.picocli.SubcommandCommon.executeSubcommandWithMessages(SubcommandCommon.java:861)
                      com.semmle.cli2.picocli.SubcommandCommon.toplevelMain(SubcommandCommon.java:745)
                      com.semmle.cli2.picocli.SubcommandCommon.call(SubcommandCommon.java:726)
                      com.semmle.cli2.picocli.SubcommandMaker.runMain(SubcommandMaker.java:237)
                      com.semmle.cli2.picocli.SubcommandMaker.runMain(SubcommandMaker.java:257)
                      com.semmle.cli2.CodeQL.main(CodeQL.java:115)
